Using backend: pytorch
main start at this time 1648281773.6111698
#nodes: 2449029
#edges: 123718024
#classes: 47
success----------------------------------------
196571
39255
2164782
# Nodes: 2400608
# Edges: 123718024
# Train: 196571
# Val: 39255
# Test: 2164782
# Classes: 47

in feats:  100
----------------------------------------before generate_dataloader_block 
 Nvidia-smi: 2.0242919921875 GB
    Memory Allocated: 0.0006527900695800781  GigaBytes
Max Memory Allocated: 0.0006527900695800781  GigaBytes

The real block id is  2
get_global_graph_edges_ids_block function  spend 0.6395318508148193
range selection method range initialization spend 0.028277158737182617
time for parepare:  0.370011568069458
local_output_nid generation:  0.02595973014831543
local_in_edges_tensor generation:  0.13904237747192383
mini_batch_src_global generation:  0.218674898147583
r_  generation:  3.1519813537597656
local_output_nid generation:  0.026278972625732422
local_in_edges_tensor generation:  0.11244750022888184
mini_batch_src_global generation:  0.2724111080169678
r_  generation:  3.3000128269195557
----------------------check_connections_block total spend ----------------------------- 8.608674049377441
generate_one_block  9.08625864982605
generate_one_block  4.038177967071533
The real block id is  1
get_global_graph_edges_ids_block function  spend 3.545095205307007
gen group dst list time:  0.07518792152404785
time for parepare:  0.4495823383331299
local_output_nid generation:  0.19747638702392578
local_in_edges_tensor generation:  1.1990509033203125
mini_batch_src_global generation:  1.869279384613037
r_  generation:  23.507192134857178
local_output_nid generation:  0.41170382499694824
local_in_edges_tensor generation:  1.4336931705474854
mini_batch_src_global generation:  2.491833448410034
r_  generation:  24.450590133666992
----------------------check_connections_block total spend ----------------------------- 64.63232707977295
generate_one_block  33.009084939956665
generate_one_block  32.987887144088745
The real block id is  0
get_global_graph_edges_ids_block function  spend 2.384669542312622
gen group dst list time:  0.17164158821105957
time for parepare:  0.5013394355773926
local_output_nid generation:  0.4118154048919678
local_in_edges_tensor generation:  1.0843467712402344
mini_batch_src_global generation:  1.2643203735351562
r_  generation:  18.17890238761902
local_output_nid generation:  0.7143890857696533
local_in_edges_tensor generation:  1.4305472373962402
mini_batch_src_global generation:  1.8701729774475098
r_  generation:  18.70441722869873
----------------------check_connections_block total spend ----------------------------- 50.93443989753723
generate_one_block  24.112967252731323
generate_one_block  23.581126928329468
-----------------------------------------after block dataloader generation 
 Nvidia-smi: 2.0242919921875 GB
    Memory Allocated: 0.0006527900695800781  GigaBytes
Max Memory Allocated: 0.0006527900695800781  GigaBytes

connection checking time:  115.56676697731018
block generation total time  113.6910662651062
average batch blocks generation time:  56.8455331325531
----------------------------------------before batch_pred = model(blocks, batch_inputs) 
 Nvidia-smi: 3.7606201171875 GB
    Memory Allocated: 1.6714320182800293  GigaBytes
Max Memory Allocated: 1.6714320182800293  GigaBytes

Traceback (most recent call last):
  File "pseudo_mini_batch_range_products_sage.py", line 455, in <module>
    main()
  File "pseudo_mini_batch_range_products_sage.py", line 451, in main
    best_test = run(args, device, data)
  File "pseudo_mini_batch_range_products_sage.py", line 276, in run
    batch_pred = model(blocks, batch_inputs)#------------*
  File "/home/cc/.local/lib/python3.6/site-packages/torch/nn/modules/module.py", line 727, in _call_impl
    result = self.forward(*input, **kwargs)
  File "/home/cc/graph_partition_multi_layers/pseudo_mini_batch_full_batch/SAGE/graphsage_model_products.py", line 48, in forward
    x = layer(block, x)
  File "/home/cc/.local/lib/python3.6/site-packages/torch/nn/modules/module.py", line 727, in _call_impl
    result = self.forward(*input, **kwargs)
  File "/home/cc/.local/lib/python3.6/site-packages/dgl/nn/pytorch/conv/sageconv.py", line 258, in forward
    graph.update_all(msg_fn, self._lstm_reducer)
  File "/home/cc/.local/lib/python3.6/site-packages/dgl/heterograph.py", line 4849, in update_all
    ndata = core.message_passing(g, message_func, reduce_func, apply_node_func)
  File "/home/cc/.local/lib/python3.6/site-packages/dgl/core.py", line 337, in message_passing
    ndata = invoke_udf_reduce(g, rfunc, msgdata, orig_nid=orig_nid)
  File "/home/cc/.local/lib/python3.6/site-packages/dgl/core.py", line 143, in invoke_udf_reduce
    bkt_rsts.append(func(nbatch))
  File "/home/cc/.local/lib/python3.6/site-packages/dgl/nn/pytorch/conv/sageconv.py", line 173, in _lstm_reducer
    _, (rst, _) = self.lstm(m, h)
  File "/home/cc/.local/lib/python3.6/site-packages/torch/nn/modules/module.py", line 727, in _call_impl
    result = self.forward(*input, **kwargs)
  File "/home/cc/.local/lib/python3.6/site-packages/torch/nn/modules/rnn.py", line 582, in forward
    self.dropout, self.training, self.bidirectional, self.batch_first)
RuntimeError: CUDA out of memory. Tried to allocate 90.00 MiB (GPU 0; 23.62 GiB total capacity; 20.74 GiB already allocated; 15.44 MiB free; 20.96 GiB reserved in total by PyTorch)
