main start at this time 1647759032.861303
#nodes: 2449029
#edges: 123718024
#classes: 47
success----------------------------------------
196571
39255
2164782
# Nodes: 2400608
# Edges: 123718024
# Train: 196571
# Val: 39255
# Test: 2164782
# Classes: 47

in feats:  100
----------------------------------------before generate_dataloader_block 
 Nvidia-smi: 3.0311279296875 GB
    Memory Allocated: 0.0006527900695800781  GigaBytes
Max Memory Allocated: 0.0006527900695800781  GigaBytes

The real block id is  2
get_global_graph_edges_ids_block function  spend 0.20965242385864258
range selection method range initialization spend 0.03454017639160156
time for parepare:  0.20784759521484375
local_output_nid generation:  0.003173828125
local_in_edges_tensor generation:  0.014622926712036133
mini_batch_src_global generation:  0.005983591079711914
r_  generation:  0.06637859344482422
local_output_nid generation:  0.0037059783935546875
local_in_edges_tensor generation:  0.0020418167114257812
mini_batch_src_global generation:  0.006899833679199219
r_  generation:  0.07114648818969727
local_output_nid generation:  0.0037221908569335938
local_in_edges_tensor generation:  0.002062559127807617
mini_batch_src_global generation:  0.0044596195220947266
r_  generation:  0.07438349723815918
local_output_nid generation:  0.003715038299560547
local_in_edges_tensor generation:  0.002051830291748047
mini_batch_src_global generation:  0.0047991275787353516
r_  generation:  0.0771639347076416
local_output_nid generation:  0.0038042068481445312
local_in_edges_tensor generation:  0.0020737648010253906
mini_batch_src_global generation:  0.0046215057373046875
r_  generation:  0.0787203311920166
local_output_nid generation:  0.003728628158569336
local_in_edges_tensor generation:  0.002028226852416992
mini_batch_src_global generation:  0.005131959915161133
r_  generation:  0.08429861068725586
local_output_nid generation:  0.004113435745239258
local_in_edges_tensor generation:  0.0021212100982666016
mini_batch_src_global generation:  0.005371809005737305
r_  generation:  0.08807945251464844
local_output_nid generation:  0.003683328628540039
local_in_edges_tensor generation:  0.0020716190338134766
mini_batch_src_global generation:  0.005574941635131836
r_  generation:  0.08583259582519531
local_output_nid generation:  0.003723621368408203
local_in_edges_tensor generation:  0.0020585060119628906
mini_batch_src_global generation:  0.005999088287353516
r_  generation:  0.0863485336303711
local_output_nid generation:  0.003693103790283203
local_in_edges_tensor generation:  0.002040863037109375
mini_batch_src_global generation:  0.00656890869140625
r_  generation:  0.09072279930114746
local_output_nid generation:  0.004111766815185547
local_in_edges_tensor generation:  0.002037525177001953
mini_batch_src_global generation:  0.0067441463470458984
r_  generation:  0.08757829666137695
local_output_nid generation:  0.0037572383880615234
local_in_edges_tensor generation:  0.0020492076873779297
mini_batch_src_global generation:  0.006609439849853516
r_  generation:  0.09143328666687012
local_output_nid generation:  0.0037670135498046875
local_in_edges_tensor generation:  0.0020411014556884766
mini_batch_src_global generation:  0.006776571273803711
r_  generation:  0.09097075462341309
local_output_nid generation:  0.0036630630493164062
local_in_edges_tensor generation:  0.002039670944213867
mini_batch_src_global generation:  0.007163286209106445
r_  generation:  0.09002995491027832
local_output_nid generation:  0.003772258758544922
local_in_edges_tensor generation:  0.002055644989013672
mini_batch_src_global generation:  0.00677800178527832
r_  generation:  0.09112429618835449
local_output_nid generation:  0.003648519515991211
local_in_edges_tensor generation:  0.001992940902709961
mini_batch_src_global generation:  0.006924152374267578
r_  generation:  0.08994436264038086
----------------------check_connections_block total spend ----------------------------- 2.024285316467285
generate_one_block  5.359725475311279
generate_one_block  0.10869479179382324
generate_one_block  0.11804819107055664
generate_one_block  0.13335418701171875
generate_one_block  0.12338089942932129
generate_one_block  0.11773562431335449
generate_one_block  0.1163337230682373
generate_one_block  0.11388325691223145
generate_one_block  0.1140599250793457
generate_one_block  0.11316108703613281
generate_one_block  0.1155080795288086
generate_one_block  0.11449265480041504
generate_one_block  0.11255621910095215
generate_one_block  0.1171562671661377
generate_one_block  0.14174532890319824
generate_one_block  0.12223291397094727
The real block id is  1
get_global_graph_edges_ids_block function  spend 1.3121700286865234
gen group dst list time:  0.0740201473236084
time for parepare:  0.4230818748474121
local_output_nid generation:  0.03477764129638672
local_in_edges_tensor generation:  0.19939112663269043
mini_batch_src_global generation:  0.12195467948913574
r_  generation:  1.7624244689941406
local_output_nid generation:  0.03998231887817383
local_in_edges_tensor generation:  0.10834050178527832
mini_batch_src_global generation:  0.1807701587677002
r_  generation:  1.8993000984191895
local_output_nid generation:  0.04573988914489746
local_in_edges_tensor generation:  0.09677958488464355
mini_batch_src_global generation:  0.1297132968902588
r_  generation:  1.9062855243682861
local_output_nid generation:  0.04361748695373535
local_in_edges_tensor generation:  0.11061596870422363
mini_batch_src_global generation:  0.14287233352661133
r_  generation:  2.0139338970184326
local_output_nid generation:  0.04517197608947754
local_in_edges_tensor generation:  0.06962227821350098
mini_batch_src_global generation:  0.15900611877441406
r_  generation:  2.0581302642822266
local_output_nid generation:  0.046095848083496094
local_in_edges_tensor generation:  0.08578801155090332
mini_batch_src_global generation:  0.16727614402770996
r_  generation:  2.115161180496216
local_output_nid generation:  0.0470423698425293
local_in_edges_tensor generation:  0.07903885841369629
mini_batch_src_global generation:  0.19017243385314941
r_  generation:  2.085329294204712
local_output_nid generation:  0.05937075614929199
local_in_edges_tensor generation:  0.09935641288757324
mini_batch_src_global generation:  0.17113709449768066
r_  generation:  2.0954012870788574
local_output_nid generation:  0.05010724067687988
local_in_edges_tensor generation:  0.06333494186401367
mini_batch_src_global generation:  0.17324519157409668
r_  generation:  2.183774709701538
local_output_nid generation:  0.05147743225097656
local_in_edges_tensor generation:  0.09485626220703125
mini_batch_src_global generation:  0.17584538459777832
r_  generation:  2.155792713165283
local_output_nid generation:  0.05274033546447754
local_in_edges_tensor generation:  0.11138367652893066
mini_batch_src_global generation:  0.17638540267944336
r_  generation:  2.136852502822876
local_output_nid generation:  0.05264401435852051
local_in_edges_tensor generation:  0.10876154899597168
mini_batch_src_global generation:  0.18168282508850098
r_  generation:  2.1606736183166504
local_output_nid generation:  0.05238604545593262
local_in_edges_tensor generation:  0.08529520034790039
mini_batch_src_global generation:  0.18022394180297852
r_  generation:  2.131194829940796
local_output_nid generation:  0.05335402488708496
local_in_edges_tensor generation:  0.07912135124206543
mini_batch_src_global generation:  0.1783745288848877
r_  generation:  2.142246723175049
local_output_nid generation:  0.05350899696350098
local_in_edges_tensor generation:  0.0709831714630127
mini_batch_src_global generation:  0.17928099632263184
r_  generation:  2.134425163269043
local_output_nid generation:  0.05372929573059082
local_in_edges_tensor generation:  0.1632695198059082
mini_batch_src_global generation:  0.1803903579711914
r_  generation:  2.155731201171875
----------------------check_connections_block total spend ----------------------------- 44.354071617126465
generate_one_block  2.9839284420013428
generate_one_block  2.594599485397339
generate_one_block  2.419182538986206
generate_one_block  2.4400298595428467
generate_one_block  2.4166910648345947
generate_one_block  2.4249444007873535
generate_one_block  2.438483953475952
generate_one_block  2.577035903930664
generate_one_block  3.009730339050293
generate_one_block  2.9089128971099854
generate_one_block  2.707526683807373
generate_one_block  2.659428834915161
generate_one_block  2.7432913780212402
generate_one_block  2.5851664543151855
generate_one_block  2.5088016986846924
generate_one_block  2.7883570194244385
The real block id is  0
get_global_graph_edges_ids_block function  spend 1.0215873718261719
gen group dst list time:  0.555079460144043
time for parepare:  0.4354734420776367
local_output_nid generation:  0.32696008682250977
local_in_edges_tensor generation:  0.6145734786987305
mini_batch_src_global generation:  0.3415515422821045
r_  generation:  5.572058439254761
local_output_nid generation:  0.3574244976043701
local_in_edges_tensor generation:  0.6101560592651367
mini_batch_src_global generation:  0.43419551849365234
r_  generation:  5.712221622467041
local_output_nid generation:  0.3748817443847656
local_in_edges_tensor generation:  0.5342767238616943
mini_batch_src_global generation:  0.49807190895080566
r_  generation:  5.905929803848267
local_output_nid generation:  0.39510154724121094
local_in_edges_tensor generation:  0.5670521259307861
mini_batch_src_global generation:  0.44579648971557617
r_  generation:  5.8912193775177
local_output_nid generation:  0.3776979446411133
local_in_edges_tensor generation:  0.5328028202056885
mini_batch_src_global generation:  0.5133421421051025
r_  generation:  5.954435586929321
local_output_nid generation:  0.3982813358306885
local_in_edges_tensor generation:  1.255124568939209
mini_batch_src_global generation:  0.4574778079986572
r_  generation:  5.826197385787964
local_output_nid generation:  0.36239051818847656
local_in_edges_tensor generation:  0.5399165153503418
mini_batch_src_global generation:  0.4611091613769531
r_  generation:  5.91421914100647
local_output_nid generation:  0.3644905090332031
local_in_edges_tensor generation:  0.5470879077911377
mini_batch_src_global generation:  0.4903419017791748
r_  generation:  5.90601921081543
local_output_nid generation:  0.385087251663208
local_in_edges_tensor generation:  0.6079485416412354
mini_batch_src_global generation:  0.45844173431396484
r_  generation:  5.873122453689575
local_output_nid generation:  0.3890964984893799
local_in_edges_tensor generation:  0.5525574684143066
mini_batch_src_global generation:  0.46371889114379883
r_  generation:  5.832968473434448
local_output_nid generation:  0.3767223358154297
local_in_edges_tensor generation:  0.5598869323730469
mini_batch_src_global generation:  0.46063780784606934
r_  generation:  5.990159034729004
local_output_nid generation:  0.3765838146209717
local_in_edges_tensor generation:  0.5946681499481201
mini_batch_src_global generation:  0.4742264747619629
r_  generation:  5.89442777633667
local_output_nid generation:  0.41236209869384766
local_in_edges_tensor generation:  0.5754468441009521
mini_batch_src_global generation:  0.45696330070495605
r_  generation:  5.846677303314209
local_output_nid generation:  0.37442541122436523
local_in_edges_tensor generation:  0.5644316673278809
mini_batch_src_global generation:  0.4638247489929199
r_  generation:  5.941324949264526
local_output_nid generation:  0.38115668296813965
local_in_edges_tensor generation:  0.5629746913909912
mini_batch_src_global generation:  0.5115180015563965
r_  generation:  5.9332945346832275
local_output_nid generation:  0.3946239948272705
local_in_edges_tensor generation:  0.6251323223114014
mini_batch_src_global generation:  0.45728373527526855
r_  generation:  5.885913372039795
----------------------check_connections_block total spend ----------------------------- 135.72385454177856
generate_one_block  7.379899978637695
generate_one_block  7.0106141567230225
generate_one_block  7.339641571044922
generate_one_block  7.308651924133301
generate_one_block  7.025310754776001
generate_one_block  7.1614696979522705
generate_one_block  7.721094131469727
generate_one_block  7.4334588050842285
generate_one_block  6.974354982376099
generate_one_block  6.983400821685791
generate_one_block  6.984564304351807
generate_one_block  7.363475561141968
generate_one_block  6.931230306625366
generate_one_block  7.051764488220215
generate_one_block  7.07520055770874
generate_one_block  7.315555572509766
-----------------------------------------after block dataloader generation 
 Nvidia-smi: 10.4725341796875 GB
    Memory Allocated: 0.0006527900695800781  GigaBytes
Max Memory Allocated: 0.0006527900695800781  GigaBytes

connection checking time:  180.07792615890503
block generation total time  157.2657985687256
average batch blocks generation time:  9.82911241054535
----------------------------------------before batch_pred = model(blocks, batch_inputs) 
 Nvidia-smi: 11.3162841796875 GB
    Memory Allocated: 0.7756180763244629  GigaBytes
Max Memory Allocated: 0.7756180763244629  GigaBytes

