main start at this time 1647780238.5131755
#nodes: 2449029
#edges: 123718024
#classes: 47
success----------------------------------------
196571
39255
2164782
# Nodes: 2400608
# Edges: 123718024
# Train: 196571
# Val: 39255
# Test: 2164782
# Classes: 47

in feats:  100
----------------------------------------before generate_dataloader_block 
 Nvidia-smi: 3.0311279296875 GB
    Memory Allocated: 0.0006527900695800781  GigaBytes
Max Memory Allocated: 0.0006527900695800781  GigaBytes

The real block id is  2
get_global_graph_edges_ids_block function  spend 0.32099056243896484
range selection method range initialization spend 0.028751850128173828
time for parepare:  0.2725207805633545
local_output_nid generation:  0.0031151771545410156
local_in_edges_tensor generation:  0.024972200393676758
mini_batch_src_global generation:  0.014209508895874023
r_  generation:  0.18572068214416504
local_output_nid generation:  0.003751993179321289
local_in_edges_tensor generation:  0.003487825393676758
mini_batch_src_global generation:  0.018461227416992188
r_  generation:  0.2098374366760254
local_output_nid generation:  0.0037186145782470703
local_in_edges_tensor generation:  0.004121065139770508
mini_batch_src_global generation:  0.012293577194213867
r_  generation:  0.21963715553283691
local_output_nid generation:  0.0037555694580078125
local_in_edges_tensor generation:  0.00432586669921875
mini_batch_src_global generation:  0.013215065002441406
r_  generation:  0.2259995937347412
local_output_nid generation:  0.00374603271484375
local_in_edges_tensor generation:  0.003570079803466797
mini_batch_src_global generation:  0.013217449188232422
r_  generation:  0.24588608741760254
local_output_nid generation:  0.003731966018676758
local_in_edges_tensor generation:  0.003509521484375
mini_batch_src_global generation:  0.01583576202392578
r_  generation:  0.24326729774475098
local_output_nid generation:  0.003664731979370117
local_in_edges_tensor generation:  0.003547191619873047
mini_batch_src_global generation:  0.016699552536010742
r_  generation:  0.25562095642089844
local_output_nid generation:  0.0036661624908447266
local_in_edges_tensor generation:  0.003606081008911133
mini_batch_src_global generation:  0.021271705627441406
r_  generation:  0.2630476951599121
local_output_nid generation:  0.003675699234008789
local_in_edges_tensor generation:  0.005166292190551758
mini_batch_src_global generation:  0.019399166107177734
r_  generation:  0.2587463855743408
local_output_nid generation:  0.0036606788635253906
local_in_edges_tensor generation:  0.0040934085845947266
mini_batch_src_global generation:  0.018464326858520508
r_  generation:  0.2611076831817627
local_output_nid generation:  0.0037384033203125
local_in_edges_tensor generation:  0.004207611083984375
mini_batch_src_global generation:  0.01981663703918457
r_  generation:  0.2723510265350342
local_output_nid generation:  0.0036611557006835938
local_in_edges_tensor generation:  0.003440380096435547
mini_batch_src_global generation:  0.020214557647705078
r_  generation:  0.2730083465576172
local_output_nid generation:  0.0036644935607910156
local_in_edges_tensor generation:  0.0035614967346191406
mini_batch_src_global generation:  0.020291566848754883
r_  generation:  0.2698535919189453
local_output_nid generation:  0.0036983489990234375
local_in_edges_tensor generation:  0.003459930419921875
mini_batch_src_global generation:  0.02084636688232422
r_  generation:  0.2779386043548584
local_output_nid generation:  0.003692626953125
local_in_edges_tensor generation:  0.00341796875
mini_batch_src_global generation:  0.021505117416381836
r_  generation:  0.26974987983703613
local_output_nid generation:  0.0036356449127197266
local_in_edges_tensor generation:  0.0033473968505859375
mini_batch_src_global generation:  0.02165389060974121
r_  generation:  0.2741658687591553
----------------------check_connections_block total spend ----------------------------- 5.451224327087402
generate_one_block  5.409613132476807
generate_one_block  0.2744324207305908
generate_one_block  0.34154725074768066
generate_one_block  0.2781949043273926
generate_one_block  0.27815723419189453
generate_one_block  0.277080774307251
generate_one_block  0.2800774574279785
generate_one_block  0.30832409858703613
generate_one_block  0.3335292339324951
generate_one_block  0.32729029655456543
generate_one_block  0.29662513732910156
generate_one_block  0.28075361251831055
generate_one_block  0.27943849563598633
generate_one_block  0.2779085636138916
generate_one_block  0.2765779495239258
generate_one_block  0.2750051021575928
The real block id is  1
get_global_graph_edges_ids_block function  spend 2.105649709701538
gen group dst list time:  0.15128302574157715
time for parepare:  0.44495153427124023
local_output_nid generation:  0.06955265998840332
local_in_edges_tensor generation:  0.3312869071960449
mini_batch_src_global generation:  0.3339552879333496
r_  generation:  4.53546667098999
local_output_nid generation:  0.0932464599609375
local_in_edges_tensor generation:  0.24635744094848633
mini_batch_src_global generation:  0.42981672286987305
r_  generation:  4.636094570159912
local_output_nid generation:  0.09706664085388184
local_in_edges_tensor generation:  0.2846074104309082
mini_batch_src_global generation:  0.4171619415283203
r_  generation:  4.793280363082886
local_output_nid generation:  0.10148811340332031
local_in_edges_tensor generation:  0.2731635570526123
mini_batch_src_global generation:  0.44449925422668457
r_  generation:  4.906726837158203
local_output_nid generation:  0.10490798950195312
local_in_edges_tensor generation:  0.2765476703643799
mini_batch_src_global generation:  0.45084524154663086
r_  generation:  4.909763813018799
local_output_nid generation:  0.10681819915771484
local_in_edges_tensor generation:  0.3894660472869873
mini_batch_src_global generation:  0.45824193954467773
r_  generation:  4.944910287857056
local_output_nid generation:  0.1088407039642334
local_in_edges_tensor generation:  0.29095029830932617
mini_batch_src_global generation:  0.46723246574401855
r_  generation:  5.0439629554748535
local_output_nid generation:  0.1173398494720459
local_in_edges_tensor generation:  0.40444254875183105
mini_batch_src_global generation:  0.4864194393157959
r_  generation:  4.969677448272705
local_output_nid generation:  0.11916470527648926
local_in_edges_tensor generation:  0.28598666191101074
mini_batch_src_global generation:  0.47141337394714355
r_  generation:  5.009077072143555
local_output_nid generation:  0.11495637893676758
local_in_edges_tensor generation:  0.2855401039123535
mini_batch_src_global generation:  0.46816086769104004
r_  generation:  5.053898572921753
local_output_nid generation:  0.12047290802001953
local_in_edges_tensor generation:  0.4023869037628174
mini_batch_src_global generation:  0.47586488723754883
r_  generation:  5.122779607772827
local_output_nid generation:  0.12972140312194824
local_in_edges_tensor generation:  0.29065418243408203
mini_batch_src_global generation:  0.48087382316589355
r_  generation:  5.060312032699585
local_output_nid generation:  0.1149141788482666
local_in_edges_tensor generation:  0.296475887298584
mini_batch_src_global generation:  0.4901704788208008
r_  generation:  5.055887460708618
local_output_nid generation:  0.11496114730834961
local_in_edges_tensor generation:  0.3907744884490967
mini_batch_src_global generation:  0.4772813320159912
r_  generation:  5.150010108947754
local_output_nid generation:  0.1407010555267334
local_in_edges_tensor generation:  0.31624412536621094
mini_batch_src_global generation:  0.488680362701416
r_  generation:  5.062063217163086
local_output_nid generation:  0.11586427688598633
local_in_edges_tensor generation:  0.29962944984436035
mini_batch_src_global generation:  0.4952821731567383
r_  generation:  5.092848777770996
----------------------check_connections_block total spend ----------------------------- 107.19864344596863
generate_one_block  6.922168254852295
generate_one_block  6.190932512283325
generate_one_block  6.126438856124878
generate_one_block  6.546413898468018
generate_one_block  6.149689435958862
generate_one_block  6.161026954650879
generate_one_block  6.1053571701049805
generate_one_block  6.515077114105225
generate_one_block  6.301217555999756
generate_one_block  6.105377674102783
generate_one_block  6.144887208938599
generate_one_block  6.333888292312622
generate_one_block  6.30045223236084
generate_one_block  6.180979013442993
generate_one_block  6.139549016952515
generate_one_block  6.444536447525024
The real block id is  0
get_global_graph_edges_ids_block function  spend 2.077556848526001
gen group dst list time:  0.8716552257537842
time for parepare:  0.4902193546295166
local_output_nid generation:  0.4670135974884033
local_in_edges_tensor generation:  1.07625150680542
mini_batch_src_global generation:  1.008819580078125
r_  generation:  14.217815637588501
local_output_nid generation:  0.5312883853912354
local_in_edges_tensor generation:  1.0982849597930908
mini_batch_src_global generation:  1.4338014125823975
r_  generation:  14.199610948562622
local_output_nid generation:  0.545107364654541
local_in_edges_tensor generation:  1.2232410907745361
mini_batch_src_global generation:  1.3505661487579346
r_  generation:  14.442480325698853
local_output_nid generation:  0.552854061126709
local_in_edges_tensor generation:  1.119889736175537
mini_batch_src_global generation:  1.3690834045410156
r_  generation:  14.603964805603027
local_output_nid generation:  0.5486993789672852
local_in_edges_tensor generation:  1.1092026233673096
mini_batch_src_global generation:  1.3479790687561035
r_  generation:  14.445273399353027
local_output_nid generation:  0.5189921855926514
local_in_edges_tensor generation:  2.16501784324646
mini_batch_src_global generation:  1.3311223983764648
r_  generation:  14.231796264648438
local_output_nid generation:  0.5632555484771729
local_in_edges_tensor generation:  1.0536785125732422
mini_batch_src_global generation:  1.449347734451294
r_  generation:  14.466634750366211
local_output_nid generation:  0.5574955940246582
local_in_edges_tensor generation:  1.128486156463623
mini_batch_src_global generation:  1.3146717548370361
r_  generation:  14.544511318206787
local_output_nid generation:  0.5401923656463623
local_in_edges_tensor generation:  1.1479711532592773
mini_batch_src_global generation:  1.3302371501922607
r_  generation:  14.340496063232422
local_output_nid generation:  0.5471680164337158
local_in_edges_tensor generation:  1.0717554092407227
mini_batch_src_global generation:  1.3915338516235352
r_  generation:  14.172253131866455
local_output_nid generation:  0.5683112144470215
local_in_edges_tensor generation:  1.0652451515197754
mini_batch_src_global generation:  1.4808647632598877
r_  generation:  14.487555980682373
local_output_nid generation:  0.569875955581665
local_in_edges_tensor generation:  1.1396081447601318
mini_batch_src_global generation:  1.32045316696167
r_  generation:  14.402026653289795
local_output_nid generation:  0.5407569408416748
local_in_edges_tensor generation:  1.1482348442077637
mini_batch_src_global generation:  1.3621275424957275
r_  generation:  14.233062028884888
local_output_nid generation:  0.5547394752502441
local_in_edges_tensor generation:  1.0114338397979736
mini_batch_src_global generation:  1.35964035987854
r_  generation:  14.30519723892212
local_output_nid generation:  0.5695617198944092
local_in_edges_tensor generation:  1.1441318988800049
mini_batch_src_global generation:  1.3830151557922363
r_  generation:  14.531891107559204
local_output_nid generation:  0.5365312099456787
local_in_edges_tensor generation:  1.1658828258514404
mini_batch_src_global generation:  1.3517851829528809
r_  generation:  15.253789901733398
----------------------check_connections_block total spend ----------------------------- 321.5245268344879
generate_one_block  19.827468633651733
generate_one_block  19.625870943069458
generate_one_block  19.417093992233276
generate_one_block  19.330377101898193
generate_one_block  19.295203924179077
generate_one_block  19.33388328552246
generate_one_block  19.799112558364868
generate_one_block  18.937707662582397
generate_one_block  19.026537656784058
generate_one_block  19.05507230758667
generate_one_block  19.105196237564087
generate_one_block  18.975046157836914
generate_one_block  19.033567428588867
generate_one_block  19.261993646621704
generate_one_block  19.144735097885132
generate_one_block  19.421003103256226
-----------------------------------------after block dataloader generation 
 Nvidia-smi: 8.9256591796875 GB
    Memory Allocated: 0.0006527900695800781  GigaBytes
Max Memory Allocated: 0.0006527900695800781  GigaBytes

connection checking time:  428.72317028045654
block generation total time  409.2578613758087
average batch blocks generation time:  25.578616335988045
----------------------------------------before batch_pred = model(blocks, batch_inputs) 
 Nvidia-smi: 10.1346435546875 GB
    Memory Allocated: 1.1258840560913086  GigaBytes
Max Memory Allocated: 1.1258840560913086  GigaBytes

