Using backend: pytorch
main start at this time 1648267109.941738
#nodes: 2449029
#edges: 123718024
#classes: 47
success----------------------------------------
196571
39255
2164782
# Nodes: 2400608
# Edges: 123718024
# Train: 196571
# Val: 39255
# Test: 2164782
# Classes: 47

in feats:  100
----------------------------------------before generate_dataloader_block 
 Nvidia-smi: 2.0242919921875 GB
    Memory Allocated: 0.0006527900695800781  GigaBytes
Max Memory Allocated: 0.0006527900695800781  GigaBytes

The real block id is  2
get_global_graph_edges_ids_block function  spend 0.6457054615020752
range selection method range initialization spend 0.028450965881347656
time for parepare:  0.3645806312561035
local_output_nid generation:  0.006582498550415039
local_in_edges_tensor generation:  0.04311966896057129
mini_batch_src_global generation:  0.048510074615478516
r_  generation:  0.8225009441375732
local_output_nid generation:  0.007474660873413086
local_in_edges_tensor generation:  0.023192882537841797
mini_batch_src_global generation:  0.07211446762084961
r_  generation:  0.8653478622436523
local_output_nid generation:  0.007054328918457031
local_in_edges_tensor generation:  0.019356489181518555
mini_batch_src_global generation:  0.0485231876373291
r_  generation:  0.9046478271484375
local_output_nid generation:  0.007233858108520508
local_in_edges_tensor generation:  0.025614261627197266
mini_batch_src_global generation:  0.05756211280822754
r_  generation:  0.9933452606201172
local_output_nid generation:  0.007097959518432617
local_in_edges_tensor generation:  0.015898942947387695
mini_batch_src_global generation:  0.06345701217651367
r_  generation:  1.0262560844421387
local_output_nid generation:  0.007133007049560547
local_in_edges_tensor generation:  0.022627830505371094
mini_batch_src_global generation:  0.0701899528503418
r_  generation:  1.0675702095031738
local_output_nid generation:  0.006983041763305664
local_in_edges_tensor generation:  0.012784957885742188
mini_batch_src_global generation:  0.07179784774780273
r_  generation:  1.0657131671905518
local_output_nid generation:  0.007059335708618164
local_in_edges_tensor generation:  0.010462760925292969
mini_batch_src_global generation:  0.0731358528137207
r_  generation:  1.0761115550994873
----------------------check_connections_block total spend ----------------------------- 10.0941481590271
generate_one_block  6.209935665130615
generate_one_block  1.0202312469482422
generate_one_block  1.0145947933197021
generate_one_block  1.0168719291687012
generate_one_block  1.0178682804107666
generate_one_block  1.0214259624481201
generate_one_block  1.0149061679840088
generate_one_block  0.9979088306427002
The real block id is  1
get_global_graph_edges_ids_block function  spend 2.3689682483673096
gen group dst list time:  0.18166875839233398
time for parepare:  0.4706461429595947
local_output_nid generation:  0.1850581169128418
local_in_edges_tensor generation:  0.6517648696899414
mini_batch_src_global generation:  0.7789812088012695
r_  generation:  10.178122520446777
local_output_nid generation:  0.3661940097808838
local_in_edges_tensor generation:  0.7339417934417725
mini_batch_src_global generation:  0.9701566696166992
r_  generation:  9.922775268554688
local_output_nid generation:  0.344343900680542
local_in_edges_tensor generation:  0.8624143600463867
mini_batch_src_global generation:  0.968881368637085
r_  generation:  9.97348666191101
local_output_nid generation:  0.27589917182922363
local_in_edges_tensor generation:  0.7574772834777832
mini_batch_src_global generation:  0.9982478618621826
r_  generation:  9.987741231918335
local_output_nid generation:  0.3186931610107422
local_in_edges_tensor generation:  0.6429417133331299
mini_batch_src_global generation:  1.0292785167694092
r_  generation:  10.162646293640137
local_output_nid generation:  0.2768726348876953
local_in_edges_tensor generation:  0.7969129085540771
mini_batch_src_global generation:  1.0086538791656494
r_  generation:  10.148512840270996
local_output_nid generation:  0.305905818939209
local_in_edges_tensor generation:  0.6467957496643066
mini_batch_src_global generation:  1.0524146556854248
r_  generation:  10.240869522094727
local_output_nid generation:  0.30884623527526855
local_in_edges_tensor generation:  0.804889440536499
mini_batch_src_global generation:  1.1191163063049316
r_  generation:  11.159091234207153
----------------------check_connections_block total spend ----------------------------- 112.73937797546387
generate_one_block  13.701695203781128
generate_one_block  13.62752103805542
generate_one_block  14.092370510101318
generate_one_block  13.250077724456787
generate_one_block  13.62573790550232
generate_one_block  13.330899477005005
generate_one_block  13.670761346817017
generate_one_block  13.322302341461182
The real block id is  0
get_global_graph_edges_ids_block function  spend 2.1124720573425293
gen group dst list time:  0.5892400741577148
time for parepare:  0.48488807678222656
local_output_nid generation:  0.48061633110046387
local_in_edges_tensor generation:  1.2185781002044678
mini_batch_src_global generation:  1.192962646484375
r_  generation:  16.3021240234375
local_output_nid generation:  0.632659912109375
local_in_edges_tensor generation:  1.369629144668579
mini_batch_src_global generation:  1.601593017578125
r_  generation:  16.337897539138794
local_output_nid generation:  0.6381394863128662
local_in_edges_tensor generation:  1.2209911346435547
mini_batch_src_global generation:  1.5024356842041016
r_  generation:  16.326459884643555
local_output_nid generation:  0.6514780521392822
local_in_edges_tensor generation:  1.2079193592071533
mini_batch_src_global generation:  1.6550216674804688
r_  generation:  16.29631543159485
local_output_nid generation:  0.6718308925628662
local_in_edges_tensor generation:  1.281519889831543
mini_batch_src_global generation:  1.6382393836975098
r_  generation:  16.73050332069397
local_output_nid generation:  0.6822788715362549
local_in_edges_tensor generation:  1.2913198471069336
mini_batch_src_global generation:  1.5697917938232422
r_  generation:  16.727622747421265
local_output_nid generation:  0.6590030193328857
local_in_edges_tensor generation:  1.302079200744629
mini_batch_src_global generation:  1.5247211456298828
r_  generation:  16.634719610214233
local_output_nid generation:  0.6524219512939453
local_in_edges_tensor generation:  1.2381165027618408
mini_batch_src_global generation:  1.6536455154418945
r_  generation:  16.50815987586975
----------------------check_connections_block total spend ----------------------------- 183.4707531929016
generate_one_block  21.81968331336975
generate_one_block  22.811755418777466
generate_one_block  21.511799335479736
generate_one_block  21.597601413726807
generate_one_block  21.680969715118408
generate_one_block  22.6359441280365
generate_one_block  21.88307476043701
generate_one_block  22.36414337158203
-----------------------------------------after block dataloader generation 
 Nvidia-smi: 2.0242919921875 GB
    Memory Allocated: 0.0006527900695800781  GigaBytes
Max Memory Allocated: 0.0006527900695800781  GigaBytes

connection checking time:  296.2101311683655
block generation total time  284.9263370037079
average batch blocks generation time:  35.615792125463486
----------------------------------------before batch_pred = model(blocks, batch_inputs) 
 Nvidia-smi: 3.4031982421875 GB
    Memory Allocated: 1.3063783645629883  GigaBytes
Max Memory Allocated: 1.3063783645629883  GigaBytes

Traceback (most recent call last):
  File "pseudo_mini_batch_range_products_sage.py", line 455, in <module>
    main()
  File "pseudo_mini_batch_range_products_sage.py", line 451, in main
    best_test = run(args, device, data)
  File "pseudo_mini_batch_range_products_sage.py", line 276, in run
    batch_pred = model(blocks, batch_inputs)#------------*
  File "/home/cc/.local/lib/python3.6/site-packages/torch/nn/modules/module.py", line 727, in _call_impl
    result = self.forward(*input, **kwargs)
  File "/home/cc/graph_partition_multi_layers/pseudo_mini_batch_full_batch/SAGE/graphsage_model_products.py", line 48, in forward
    x = layer(block, x)
  File "/home/cc/.local/lib/python3.6/site-packages/torch/nn/modules/module.py", line 727, in _call_impl
    result = self.forward(*input, **kwargs)
  File "/home/cc/.local/lib/python3.6/site-packages/dgl/nn/pytorch/conv/sageconv.py", line 258, in forward
    graph.update_all(msg_fn, self._lstm_reducer)
  File "/home/cc/.local/lib/python3.6/site-packages/dgl/heterograph.py", line 4849, in update_all
    ndata = core.message_passing(g, message_func, reduce_func, apply_node_func)
  File "/home/cc/.local/lib/python3.6/site-packages/dgl/core.py", line 337, in message_passing
    ndata = invoke_udf_reduce(g, rfunc, msgdata, orig_nid=orig_nid)
  File "/home/cc/.local/lib/python3.6/site-packages/dgl/core.py", line 143, in invoke_udf_reduce
    bkt_rsts.append(func(nbatch))
  File "/home/cc/.local/lib/python3.6/site-packages/dgl/nn/pytorch/conv/sageconv.py", line 173, in _lstm_reducer
    _, (rst, _) = self.lstm(m, h)
  File "/home/cc/.local/lib/python3.6/site-packages/torch/nn/modules/module.py", line 727, in _call_impl
    result = self.forward(*input, **kwargs)
  File "/home/cc/.local/lib/python3.6/site-packages/torch/nn/modules/rnn.py", line 582, in forward
    self.dropout, self.training, self.bidirectional, self.batch_first)
RuntimeError: CUDA out of memory. Tried to allocate 60.00 MiB (GPU 0; 23.62 GiB total capacity; 20.77 GiB already allocated; 55.44 MiB free; 20.96 GiB reserved in total by PyTorch)
