main start at this time 1647934392.9009511
#nodes: 2449029
#edges: 123718024
#classes: 47
success----------------------------------------
196571
39255
2164782
# Nodes: 2400608
# Edges: 123718024
# Train: 196571
# Val: 39255
# Test: 2164782
# Classes: 47

in feats:  100
----------------------------------------before generate_dataloader_block 
 Nvidia-smi: 2.0242919921875 GB
    Memory Allocated: 0.00010251998901367188  GigaBytes
Max Memory Allocated: 0.00010251998901367188  GigaBytes

The real block id is  2
get_global_graph_edges_ids_block function  spend 0.6193206310272217
random selection method range initialization spend 0.01804947853088379
time for parepare:  0.3702657222747803
local_output_nid generation:  0.0010204315185546875
local_in_edges_tensor generation:  0.025992631912231445
mini_batch_src_global generation:  0.0034635066986083984
r_  generation:  0.039865732192993164
local_output_nid generation:  0.0010356903076171875
local_in_edges_tensor generation:  0.0012717247009277344
mini_batch_src_global generation:  0.0038657188415527344
r_  generation:  0.03992819786071777
local_output_nid generation:  0.0009691715240478516
local_in_edges_tensor generation:  0.0013079643249511719
mini_batch_src_global generation:  0.0023398399353027344
r_  generation:  0.03890633583068848
local_output_nid generation:  0.0009815692901611328
local_in_edges_tensor generation:  0.001354217529296875
mini_batch_src_global generation:  0.002428770065307617
r_  generation:  0.04017448425292969
local_output_nid generation:  0.0009856224060058594
local_in_edges_tensor generation:  0.0013458728790283203
mini_batch_src_global generation:  0.0023343563079833984
r_  generation:  0.06056809425354004
local_output_nid generation:  0.0014514923095703125
local_in_edges_tensor generation:  0.0016994476318359375
mini_batch_src_global generation:  0.0027396678924560547
r_  generation:  0.04467201232910156
local_output_nid generation:  0.0014786720275878906
local_in_edges_tensor generation:  0.0017249584197998047
mini_batch_src_global generation:  0.002612590789794922
r_  generation:  0.04665017127990723
local_output_nid generation:  0.0014722347259521484
local_in_edges_tensor generation:  0.0017046928405761719
mini_batch_src_global generation:  0.0026786327362060547
r_  generation:  0.045403480529785156
local_output_nid generation:  0.0014803409576416016
local_in_edges_tensor generation:  0.0016477108001708984
mini_batch_src_global generation:  0.0026929378509521484
r_  generation:  0.047766923904418945
local_output_nid generation:  0.0014421939849853516
local_in_edges_tensor generation:  0.001699209213256836
mini_batch_src_global generation:  0.002851247787475586
r_  generation:  0.04778480529785156
local_output_nid generation:  0.0014951229095458984
local_in_edges_tensor generation:  0.0017461776733398438
mini_batch_src_global generation:  0.002880573272705078
r_  generation:  0.05019950866699219
local_output_nid generation:  0.0014617443084716797
local_in_edges_tensor generation:  0.0016398429870605469
mini_batch_src_global generation:  0.0028076171875
r_  generation:  0.04975461959838867
local_output_nid generation:  0.0017232894897460938
local_in_edges_tensor generation:  0.002124309539794922
mini_batch_src_global generation:  0.005906105041503906
r_  generation:  0.04794001579284668
local_output_nid generation:  0.0011157989501953125
local_in_edges_tensor generation:  0.0014438629150390625
mini_batch_src_global generation:  0.003012418746948242
r_  generation:  0.043691396713256836
local_output_nid generation:  0.0010902881622314453
local_in_edges_tensor generation:  0.0014159679412841797
mini_batch_src_global generation:  0.0027129650115966797
r_  generation:  0.04324603080749512
local_output_nid generation:  0.0011053085327148438
local_in_edges_tensor generation:  0.001477956771850586
mini_batch_src_global generation:  0.002755880355834961
r_  generation:  0.044094085693359375
local_output_nid generation:  0.001071929931640625
local_in_edges_tensor generation:  0.0014314651489257812
mini_batch_src_global generation:  0.002886056900024414
r_  generation:  0.04412531852722168
local_output_nid generation:  0.0010759830474853516
local_in_edges_tensor generation:  0.0014081001281738281
mini_batch_src_global generation:  0.0028192996978759766
r_  generation:  0.044869422912597656
local_output_nid generation:  0.0010721683502197266
local_in_edges_tensor generation:  0.0014045238494873047
mini_batch_src_global generation:  0.0028514862060546875
r_  generation:  0.044137001037597656
local_output_nid generation:  0.0010759830474853516
local_in_edges_tensor generation:  0.0013637542724609375
mini_batch_src_global generation:  0.0029006004333496094
r_  generation:  0.045239925384521484
local_output_nid generation:  0.00106048583984375
local_in_edges_tensor generation:  0.001409769058227539
mini_batch_src_global generation:  0.0029447078704833984
r_  generation:  0.04569125175476074
local_output_nid generation:  0.0010673999786376953
local_in_edges_tensor generation:  0.0014202594757080078
mini_batch_src_global generation:  0.003047943115234375
r_  generation:  0.04617762565612793
local_output_nid generation:  0.0010426044464111328
local_in_edges_tensor generation:  0.0013873577117919922
mini_batch_src_global generation:  0.003049135208129883
r_  generation:  0.04585552215576172
local_output_nid generation:  0.0010461807250976562
local_in_edges_tensor generation:  0.0014357566833496094
mini_batch_src_global generation:  0.0030896663665771484
r_  generation:  0.04556083679199219
local_output_nid generation:  0.0010442733764648438
local_in_edges_tensor generation:  0.02185797691345215
mini_batch_src_global generation:  0.0029153823852539062
r_  generation:  0.046375274658203125
local_output_nid generation:  0.001016378402709961
local_in_edges_tensor generation:  0.0014009475708007812
mini_batch_src_global generation:  0.0030508041381835938
r_  generation:  0.0458836555480957
local_output_nid generation:  0.0022470951080322266
local_in_edges_tensor generation:  0.001420736312866211
mini_batch_src_global generation:  0.003233194351196289
r_  generation:  0.04684090614318848
local_output_nid generation:  0.0010249614715576172
local_in_edges_tensor generation:  0.0014007091522216797
mini_batch_src_global generation:  0.003166675567626953
r_  generation:  0.0498349666595459
local_output_nid generation:  0.0010254383087158203
local_in_edges_tensor generation:  0.0013630390167236328
mini_batch_src_global generation:  0.0031299591064453125
r_  generation:  0.04609966278076172
local_output_nid generation:  0.0010213851928710938
local_in_edges_tensor generation:  0.0013687610626220703
mini_batch_src_global generation:  0.0030319690704345703
r_  generation:  0.04842066764831543
local_output_nid generation:  0.0010073184967041016
local_in_edges_tensor generation:  0.003194093704223633
mini_batch_src_global generation:  0.003119230270385742
r_  generation:  0.045751094818115234
local_output_nid generation:  0.0010132789611816406
local_in_edges_tensor generation:  0.0032646656036376953
mini_batch_src_global generation:  0.003130197525024414
r_  generation:  0.05000448226928711
local_output_nid generation:  0.0010170936584472656
local_in_edges_tensor generation:  0.004273176193237305
mini_batch_src_global generation:  0.0032625198364257812
r_  generation:  0.05046987533569336
local_output_nid generation:  0.0010104179382324219
local_in_edges_tensor generation:  0.004033088684082031
mini_batch_src_global generation:  0.0032525062561035156
r_  generation:  0.0462343692779541
local_output_nid generation:  0.0010170936584472656
local_in_edges_tensor generation:  0.004029989242553711
mini_batch_src_global generation:  0.0033011436462402344
r_  generation:  0.05044984817504883
local_output_nid generation:  0.0010039806365966797
local_in_edges_tensor generation:  0.0035865306854248047
mini_batch_src_global generation:  0.0031795501708984375
r_  generation:  0.04691195487976074
local_output_nid generation:  0.001012563705444336
local_in_edges_tensor generation:  0.003667116165161133
mini_batch_src_global generation:  0.00323486328125
r_  generation:  0.04723167419433594
local_output_nid generation:  0.0010132789611816406
local_in_edges_tensor generation:  0.003632068634033203
mini_batch_src_global generation:  0.003252267837524414
r_  generation:  0.045648813247680664
local_output_nid generation:  0.001005411148071289
local_in_edges_tensor generation:  0.003496408462524414
mini_batch_src_global generation:  0.003372669219970703
r_  generation:  0.04686450958251953
local_output_nid generation:  0.0010197162628173828
local_in_edges_tensor generation:  0.0034248828887939453
mini_batch_src_global generation:  0.0032057762145996094
r_  generation:  0.04592633247375488
local_output_nid generation:  0.001005411148071289
local_in_edges_tensor generation:  0.0032510757446289062
mini_batch_src_global generation:  0.0033762454986572266
r_  generation:  0.04618263244628906
local_output_nid generation:  0.002293825149536133
local_in_edges_tensor generation:  0.003069162368774414
mini_batch_src_global generation:  0.0032358169555664062
r_  generation:  0.04606509208679199
local_output_nid generation:  0.0010037422180175781
local_in_edges_tensor generation:  0.0030279159545898438
mini_batch_src_global generation:  0.003256559371948242
r_  generation:  0.04720306396484375
local_output_nid generation:  0.0010025501251220703
local_in_edges_tensor generation:  0.0028748512268066406
mini_batch_src_global generation:  0.0032873153686523438
r_  generation:  0.04687929153442383
local_output_nid generation:  0.0009949207305908203
local_in_edges_tensor generation:  0.0027811527252197266
mini_batch_src_global generation:  0.0032355785369873047
r_  generation:  0.046402692794799805
local_output_nid generation:  0.0009992122650146484
local_in_edges_tensor generation:  0.0029354095458984375
mini_batch_src_global generation:  0.0032804012298583984
r_  generation:  0.04672813415527344
local_output_nid generation:  0.0009965896606445312
local_in_edges_tensor generation:  0.0026657581329345703
mini_batch_src_global generation:  0.0033066272735595703
r_  generation:  0.046712636947631836
local_output_nid generation:  0.0009937286376953125
local_in_edges_tensor generation:  0.0026285648345947266
mini_batch_src_global generation:  0.003304004669189453
r_  generation:  0.04700756072998047
local_output_nid generation:  0.000990152359008789
local_in_edges_tensor generation:  0.0026352405548095703
mini_batch_src_global generation:  0.0033822059631347656
r_  generation:  0.04613304138183594
local_output_nid generation:  0.0009872913360595703
local_in_edges_tensor generation:  0.0026171207427978516
mini_batch_src_global generation:  0.003206968307495117
r_  generation:  0.04836773872375488
local_output_nid generation:  0.0009932518005371094
local_in_edges_tensor generation:  0.002417325973510742
mini_batch_src_global generation:  0.003323078155517578
r_  generation:  0.0483860969543457
local_output_nid generation:  0.0009865760803222656
local_in_edges_tensor generation:  0.002268075942993164
mini_batch_src_global generation:  0.003235340118408203
r_  generation:  0.046553850173950195
local_output_nid generation:  0.0009984970092773438
local_in_edges_tensor generation:  0.0023970603942871094
mini_batch_src_global generation:  0.0033311843872070312
r_  generation:  0.04843497276306152
local_output_nid generation:  0.0009932518005371094
local_in_edges_tensor generation:  0.002145528793334961
mini_batch_src_global generation:  0.0032498836517333984
r_  generation:  0.04688453674316406
local_output_nid generation:  0.0010082721710205078
local_in_edges_tensor generation:  0.002195596694946289
mini_batch_src_global generation:  0.003321409225463867
r_  generation:  0.047502756118774414
local_output_nid generation:  0.0010063648223876953
local_in_edges_tensor generation:  0.002125263214111328
mini_batch_src_global generation:  0.003315448760986328
r_  generation:  0.04778933525085449
local_output_nid generation:  0.0009849071502685547
local_in_edges_tensor generation:  0.0021355152130126953
mini_batch_src_global generation:  0.003267526626586914
r_  generation:  0.04686784744262695
local_output_nid generation:  0.0009922981262207031
local_in_edges_tensor generation:  0.0020754337310791016
mini_batch_src_global generation:  0.003252744674682617
r_  generation:  0.049172163009643555
local_output_nid generation:  0.000993967056274414
local_in_edges_tensor generation:  0.002216815948486328
mini_batch_src_global generation:  0.0033020973205566406
r_  generation:  0.04613471031188965
local_output_nid generation:  0.0009922981262207031
local_in_edges_tensor generation:  0.002277851104736328
mini_batch_src_global generation:  0.0032761096954345703
r_  generation:  0.05045962333679199
local_output_nid generation:  0.001005411148071289
local_in_edges_tensor generation:  0.0046274662017822266
mini_batch_src_global generation:  0.003306150436401367
r_  generation:  0.04768109321594238
local_output_nid generation:  0.0009889602661132812
local_in_edges_tensor generation:  0.004443168640136719
mini_batch_src_global generation:  0.0033941268920898438
r_  generation:  0.046491146087646484
local_output_nid generation:  0.0018312931060791016
local_in_edges_tensor generation:  0.004500865936279297
mini_batch_src_global generation:  0.003351449966430664
r_  generation:  0.051143646240234375
local_output_nid generation:  0.0011837482452392578
local_in_edges_tensor generation:  0.0041162967681884766
mini_batch_src_global generation:  0.0034716129302978516
r_  generation:  0.048648834228515625
local_output_nid generation:  0.0010378360748291016
local_in_edges_tensor generation:  0.004098176956176758
mini_batch_src_global generation:  0.0033843517303466797
r_  generation:  0.04650712013244629
local_output_nid generation:  0.0010135173797607422
local_in_edges_tensor generation:  0.004001140594482422
mini_batch_src_global generation:  0.003330707550048828
r_  generation:  0.04685330390930176
local_output_nid generation:  0.001020193099975586
local_in_edges_tensor generation:  0.003744363784790039
mini_batch_src_global generation:  0.0034105777740478516
r_  generation:  0.047537803649902344
local_output_nid generation:  0.0010085105895996094
local_in_edges_tensor generation:  0.003754854202270508
mini_batch_src_global generation:  0.003358125686645508
r_  generation:  0.04621291160583496
local_output_nid generation:  0.0009884834289550781
local_in_edges_tensor generation:  0.0036003589630126953
mini_batch_src_global generation:  0.003400564193725586
r_  generation:  0.04669332504272461
local_output_nid generation:  0.0009810924530029297
local_in_edges_tensor generation:  0.003416299819946289
mini_batch_src_global generation:  0.003407716751098633
r_  generation:  0.048319339752197266
local_output_nid generation:  0.000993967056274414
local_in_edges_tensor generation:  0.0033354759216308594
mini_batch_src_global generation:  0.003369569778442383
r_  generation:  0.04701685905456543
local_output_nid generation:  0.0009930133819580078
local_in_edges_tensor generation:  0.0032243728637695312
mini_batch_src_global generation:  0.003312349319458008
r_  generation:  0.04656815528869629
local_output_nid generation:  0.0009837150573730469
local_in_edges_tensor generation:  0.0030295848846435547
mini_batch_src_global generation:  0.003321409225463867
r_  generation:  0.04810643196105957
local_output_nid generation:  0.0009827613830566406
local_in_edges_tensor generation:  0.0031003952026367188
mini_batch_src_global generation:  0.0033588409423828125
r_  generation:  0.05152559280395508
local_output_nid generation:  0.0009875297546386719
local_in_edges_tensor generation:  0.010727643966674805
mini_batch_src_global generation:  0.0032913684844970703
r_  generation:  0.04691123962402344
local_output_nid generation:  0.0009796619415283203
local_in_edges_tensor generation:  0.0027458667755126953
mini_batch_src_global generation:  0.0034186840057373047
r_  generation:  0.048361778259277344
local_output_nid generation:  0.0009868144989013672
local_in_edges_tensor generation:  0.002689361572265625
mini_batch_src_global generation:  0.0033316612243652344
r_  generation:  0.046709537506103516
local_output_nid generation:  0.0009856224060058594
local_in_edges_tensor generation:  0.002666950225830078
mini_batch_src_global generation:  0.0033266544342041016
r_  generation:  0.047751665115356445
local_output_nid generation:  0.0009818077087402344
local_in_edges_tensor generation:  0.002597332000732422
mini_batch_src_global generation:  0.0033483505249023438
r_  generation:  0.0468440055847168
local_output_nid generation:  0.0009868144989013672
local_in_edges_tensor generation:  0.0025873184204101562
mini_batch_src_global generation:  0.0033071041107177734
r_  generation:  0.04811406135559082
local_output_nid generation:  0.0009920597076416016
local_in_edges_tensor generation:  0.0024068355560302734
mini_batch_src_global generation:  0.0033142566680908203
r_  generation:  0.04867362976074219
local_output_nid generation:  0.0009799003601074219
local_in_edges_tensor generation:  0.002389669418334961
mini_batch_src_global generation:  0.0033621788024902344
r_  generation:  0.04657316207885742
local_output_nid generation:  0.0009946823120117188
local_in_edges_tensor generation:  0.002314329147338867
mini_batch_src_global generation:  0.0033257007598876953
r_  generation:  0.04675626754760742
local_output_nid generation:  0.00098419189453125
local_in_edges_tensor generation:  0.002254486083984375
mini_batch_src_global generation:  0.003314495086669922
r_  generation:  0.05055522918701172
local_output_nid generation:  0.0009860992431640625
local_in_edges_tensor generation:  0.0021538734436035156
mini_batch_src_global generation:  0.0033147335052490234
r_  generation:  0.04674983024597168
local_output_nid generation:  0.0009837150573730469
local_in_edges_tensor generation:  0.002239227294921875
mini_batch_src_global generation:  0.0033731460571289062
r_  generation:  0.048531532287597656
local_output_nid generation:  0.0009818077087402344
local_in_edges_tensor generation:  0.002079486846923828
mini_batch_src_global generation:  0.0033206939697265625
r_  generation:  0.04718971252441406
local_output_nid generation:  0.0009927749633789062
local_in_edges_tensor generation:  0.002091646194458008
mini_batch_src_global generation:  0.0033826828002929688
r_  generation:  0.04801177978515625
local_output_nid generation:  0.004217863082885742
local_in_edges_tensor generation:  0.0020759105682373047
mini_batch_src_global generation:  0.0055696964263916016
r_  generation:  0.048761844635009766
local_output_nid generation:  0.0014498233795166016
local_in_edges_tensor generation:  0.0019600391387939453
mini_batch_src_global generation:  0.003264188766479492
r_  generation:  0.04876089096069336
local_output_nid generation:  0.0016388893127441406
local_in_edges_tensor generation:  0.0019278526306152344
mini_batch_src_global generation:  0.003310680389404297
r_  generation:  0.0469202995300293
local_output_nid generation:  0.0012280941009521484
local_in_edges_tensor generation:  0.001897573471069336
mini_batch_src_global generation:  0.003415346145629883
r_  generation:  0.04874563217163086
local_output_nid generation:  0.0011005401611328125
local_in_edges_tensor generation:  0.002149343490600586
mini_batch_src_global generation:  0.0034046173095703125
r_  generation:  0.046210289001464844
local_output_nid generation:  0.0010347366333007812
local_in_edges_tensor generation:  0.0018398761749267578
mini_batch_src_global generation:  0.003310680389404297
r_  generation:  0.046784162521362305
local_output_nid generation:  0.0010139942169189453
local_in_edges_tensor generation:  0.0018529891967773438
mini_batch_src_global generation:  0.003264904022216797
r_  generation:  0.04812359809875488
local_output_nid generation:  0.001004934310913086
local_in_edges_tensor generation:  0.001779317855834961
mini_batch_src_global generation:  0.0032999515533447266
r_  generation:  0.0482029914855957
local_output_nid generation:  0.0010027885437011719
local_in_edges_tensor generation:  0.0018024444580078125
mini_batch_src_global generation:  0.003312349319458008
r_  generation:  0.0475614070892334
local_output_nid generation:  0.0010085105895996094
local_in_edges_tensor generation:  0.0017664432525634766
mini_batch_src_global generation:  0.003359079360961914
r_  generation:  0.047150611877441406
local_output_nid generation:  0.0009987354278564453
local_in_edges_tensor generation:  0.0017161369323730469
mini_batch_src_global generation:  0.0033283233642578125
r_  generation:  0.04673933982849121
local_output_nid generation:  0.0009961128234863281
local_in_edges_tensor generation:  0.0017213821411132812
mini_batch_src_global generation:  0.003371715545654297
r_  generation:  0.04795527458190918
local_output_nid generation:  0.0010023117065429688
local_in_edges_tensor generation:  0.0016405582427978516
mini_batch_src_global generation:  0.003162384033203125
r_  generation:  0.04614591598510742
local_output_nid generation:  0.0009980201721191406
local_in_edges_tensor generation:  0.0016739368438720703
mini_batch_src_global generation:  0.003376483917236328
r_  generation:  0.04668259620666504
local_output_nid generation:  0.0010039806365966797
local_in_edges_tensor generation:  0.0016834735870361328
mini_batch_src_global generation:  0.0032842159271240234
r_  generation:  0.047643423080444336
local_output_nid generation:  0.0010001659393310547
local_in_edges_tensor generation:  0.0016524791717529297
mini_batch_src_global generation:  0.0033397674560546875
r_  generation:  0.0467374324798584
local_output_nid generation:  0.001001119613647461
local_in_edges_tensor generation:  0.0016984939575195312
mini_batch_src_global generation:  0.0032835006713867188
r_  generation:  0.047913551330566406
local_output_nid generation:  0.0010044574737548828
local_in_edges_tensor generation:  0.001621246337890625
mini_batch_src_global generation:  0.0033762454986572266
r_  generation:  0.04820537567138672
local_output_nid generation:  0.0010178089141845703
local_in_edges_tensor generation:  0.0016160011291503906
mini_batch_src_global generation:  0.0033528804779052734
r_  generation:  0.045973777770996094
local_output_nid generation:  0.0010058879852294922
local_in_edges_tensor generation:  0.001581430435180664
mini_batch_src_global generation:  0.0033648014068603516
r_  generation:  0.04681587219238281
local_output_nid generation:  0.0009846687316894531
local_in_edges_tensor generation:  0.0015463829040527344
mini_batch_src_global generation:  0.0033369064331054688
r_  generation:  0.04775214195251465
local_output_nid generation:  0.001001596450805664
local_in_edges_tensor generation:  0.0015649795532226562
mini_batch_src_global generation:  0.003297090530395508
r_  generation:  0.04778695106506348
local_output_nid generation:  0.0009975433349609375
local_in_edges_tensor generation:  0.0014941692352294922
mini_batch_src_global generation:  0.003283977508544922
r_  generation:  0.04667472839355469
local_output_nid generation:  0.001007080078125
local_in_edges_tensor generation:  0.0015406608581542969
mini_batch_src_global generation:  0.0033266544342041016
r_  generation:  0.04719042778015137
local_output_nid generation:  0.0010018348693847656
local_in_edges_tensor generation:  0.0015292167663574219
mini_batch_src_global generation:  0.0033097267150878906
r_  generation:  0.04751086235046387
local_output_nid generation:  0.0010018348693847656
local_in_edges_tensor generation:  0.0016338825225830078
mini_batch_src_global generation:  0.0032765865325927734
r_  generation:  0.04900026321411133
local_output_nid generation:  0.0010056495666503906
local_in_edges_tensor generation:  0.001562356948852539
mini_batch_src_global generation:  0.003324747085571289
r_  generation:  0.04756021499633789
local_output_nid generation:  0.0010058879852294922
local_in_edges_tensor generation:  0.0015034675598144531
mini_batch_src_global generation:  0.003373861312866211
r_  generation:  0.04722237586975098
local_output_nid generation:  0.001003265380859375
local_in_edges_tensor generation:  0.0014963150024414062
mini_batch_src_global generation:  0.0034172534942626953
r_  generation:  0.04970145225524902
local_output_nid generation:  0.0010018348693847656
local_in_edges_tensor generation:  0.0015299320220947266
mini_batch_src_global generation:  0.0033855438232421875
r_  generation:  0.046816110610961914
local_output_nid generation:  0.0009937286376953125
local_in_edges_tensor generation:  0.0014927387237548828
mini_batch_src_global generation:  0.0032274723052978516
r_  generation:  0.04886269569396973
local_output_nid generation:  0.0009963512420654297
local_in_edges_tensor generation:  0.0014786720275878906
mini_batch_src_global generation:  0.003278493881225586
r_  generation:  0.04869222640991211
local_output_nid generation:  0.0010035037994384766
local_in_edges_tensor generation:  0.0014612674713134766
mini_batch_src_global generation:  0.0033555030822753906
r_  generation:  0.04727935791015625
local_output_nid generation:  0.0010006427764892578
local_in_edges_tensor generation:  0.0014984607696533203
mini_batch_src_global generation:  0.003221750259399414
r_  generation:  0.04792618751525879
local_output_nid generation:  0.0010118484497070312
local_in_edges_tensor generation:  0.0014812946319580078
mini_batch_src_global generation:  0.0033292770385742188
r_  generation:  0.04921913146972656
local_output_nid generation:  0.0009927749633789062
local_in_edges_tensor generation:  0.009282827377319336
mini_batch_src_global generation:  0.003318309783935547
r_  generation:  0.04677987098693848
local_output_nid generation:  0.0009999275207519531
local_in_edges_tensor generation:  0.0014488697052001953
mini_batch_src_global generation:  0.00331878662109375
r_  generation:  0.0467376708984375
local_output_nid generation:  0.0010018348693847656
local_in_edges_tensor generation:  0.0055997371673583984
mini_batch_src_global generation:  0.0033142566680908203
r_  generation:  0.047341346740722656
local_output_nid generation:  0.0009980201721191406
local_in_edges_tensor generation:  0.0014584064483642578
mini_batch_src_global generation:  0.0032465457916259766
r_  generation:  0.04618072509765625
local_output_nid generation:  0.0009002685546875
local_in_edges_tensor generation:  0.001224517822265625
mini_batch_src_global generation:  0.0030364990234375
r_  generation:  0.037963151931762695
----------------------check_connections_block total spend ----------------------------- 8.476388931274414
generate_one_block  6.1299965381622314
generate_one_block  0.06281328201293945
generate_one_block  0.06308102607727051
generate_one_block  0.06354403495788574
generate_one_block  0.06309080123901367
generate_one_block  0.06267356872558594
generate_one_block  0.06300210952758789
generate_one_block  0.06595540046691895
generate_one_block  0.06214499473571777
generate_one_block  0.06457376480102539
generate_one_block  0.06501412391662598
generate_one_block  0.07792258262634277
generate_one_block  0.07641220092773438
generate_one_block  0.07008194923400879
generate_one_block  0.06747293472290039
generate_one_block  0.06816887855529785
generate_one_block  0.0664513111114502
generate_one_block  0.06501054763793945
generate_one_block  0.06431794166564941
generate_one_block  0.08160686492919922
generate_one_block  0.07606887817382812
generate_one_block  0.07314562797546387
generate_one_block  0.0682985782623291
generate_one_block  0.06837105751037598
generate_one_block  0.06443977355957031
generate_one_block  0.06528973579406738
generate_one_block  0.06651592254638672
generate_one_block  0.0667409896850586
generate_one_block  0.06321334838867188
generate_one_block  0.06412553787231445
generate_one_block  0.0631260871887207
generate_one_block  0.08257079124450684
generate_one_block  0.07619142532348633
generate_one_block  0.07025933265686035
generate_one_block  0.06900286674499512
generate_one_block  0.06681561470031738
generate_one_block  0.08807778358459473
generate_one_block  0.0760190486907959
generate_one_block  0.0713202953338623
generate_one_block  0.06713414192199707
generate_one_block  0.06519389152526855
generate_one_block  0.06565546989440918
generate_one_block  0.06548595428466797
generate_one_block  0.06385421752929688
generate_one_block  0.06386470794677734
generate_one_block  0.08166122436523438
generate_one_block  0.07591795921325684
generate_one_block  0.07249307632446289
generate_one_block  0.06987547874450684
generate_one_block  0.06807208061218262
generate_one_block  0.06692314147949219
generate_one_block  0.06529498100280762
generate_one_block  0.06648707389831543
generate_one_block  0.0625925064086914
generate_one_block  0.06495499610900879
generate_one_block  0.06566572189331055
generate_one_block  0.06431722640991211
generate_one_block  0.06399965286254883
generate_one_block  0.0631868839263916
generate_one_block  0.06392407417297363
generate_one_block  0.07998418807983398
generate_one_block  0.07441258430480957
generate_one_block  0.0718228816986084
generate_one_block  0.06900143623352051
generate_one_block  0.06691884994506836
generate_one_block  0.06677722930908203
generate_one_block  0.063812255859375
generate_one_block  0.06317639350891113
generate_one_block  0.06554436683654785
generate_one_block  0.06444263458251953
generate_one_block  0.06389188766479492
generate_one_block  0.06313776969909668
generate_one_block  0.06440210342407227
generate_one_block  0.06392312049865723
generate_one_block  0.06450486183166504
generate_one_block  0.06597542762756348
generate_one_block  0.0648336410522461
generate_one_block  0.06850028038024902
generate_one_block  0.0678246021270752
generate_one_block  0.06620573997497559
generate_one_block  0.06593942642211914
generate_one_block  0.06499648094177246
generate_one_block  0.06887364387512207
generate_one_block  0.06356620788574219
generate_one_block  0.0638279914855957
generate_one_block  0.06484532356262207
generate_one_block  0.06474876403808594
generate_one_block  0.06458473205566406
generate_one_block  0.07268714904785156
generate_one_block  0.07122588157653809
generate_one_block  0.06467103958129883
generate_one_block  0.06418108940124512
generate_one_block  0.062164306640625
generate_one_block  0.062393903732299805
generate_one_block  0.06374955177307129
generate_one_block  0.07259178161621094
generate_one_block  0.06282854080200195
generate_one_block  0.06487083435058594
generate_one_block  0.06289124488830566
generate_one_block  0.062073469161987305
generate_one_block  0.06266021728515625
generate_one_block  0.06941866874694824
generate_one_block  0.06218838691711426
generate_one_block  0.06405973434448242
generate_one_block  0.0644681453704834
generate_one_block  0.06283998489379883
generate_one_block  0.06391072273254395
generate_one_block  0.06646466255187988
generate_one_block  0.0639960765838623
generate_one_block  0.06318521499633789
generate_one_block  0.06377506256103516
generate_one_block  0.06361532211303711
generate_one_block  0.06364917755126953
generate_one_block  0.06918931007385254
generate_one_block  0.06447768211364746
generate_one_block  0.0640099048614502
generate_one_block  0.0639028549194336
generate_one_block  0.06353878974914551
generate_one_block  0.0627284049987793
generate_one_block  0.062247514724731445
generate_one_block  0.06730246543884277
generate_one_block  0.06394553184509277
generate_one_block  0.06553006172180176
generate_one_block  0.06168198585510254
generate_one_block  0.06485795974731445
generate_one_block  0.0629732608795166
generate_one_block  0.06442618370056152
generate_one_block  0.057166099548339844
The real block id is  1
get_global_graph_edges_ids_block function  spend 3.3692896366119385
gen group dst list time:  0.39000749588012695
time for parepare:  0.4822108745574951
local_output_nid generation:  0.03386378288269043
local_in_edges_tensor generation:  0.25034499168395996
mini_batch_src_global generation:  0.18291163444519043
r_  generation:  2.0652308464050293
local_output_nid generation:  0.062225341796875
local_in_edges_tensor generation:  0.3253591060638428
mini_batch_src_global generation:  0.22656965255737305
r_  generation:  2.107940435409546
local_output_nid generation:  0.03681802749633789
local_in_edges_tensor generation:  0.18307781219482422
mini_batch_src_global generation:  0.25122928619384766
r_  generation:  2.1921002864837646
local_output_nid generation:  0.06059122085571289
local_in_edges_tensor generation:  0.24050474166870117
mini_batch_src_global generation:  0.22223520278930664
r_  generation:  2.18850040435791
local_output_nid generation:  0.03660082817077637
local_in_edges_tensor generation:  0.18215250968933105
mini_batch_src_global generation:  0.251096248626709
r_  generation:  2.3478503227233887
local_output_nid generation:  0.03500628471374512
local_in_edges_tensor generation:  0.19748854637145996
mini_batch_src_global generation:  0.23533940315246582
r_  generation:  2.3293421268463135
local_output_nid generation:  0.05994248390197754
local_in_edges_tensor generation:  0.21007680892944336
mini_batch_src_global generation:  0.24108004570007324
r_  generation:  2.2612454891204834
local_output_nid generation:  0.036646127700805664
local_in_edges_tensor generation:  0.17496180534362793
mini_batch_src_global generation:  0.24542021751403809
r_  generation:  2.3164961338043213
local_output_nid generation:  0.03488326072692871
local_in_edges_tensor generation:  0.1507875919342041
mini_batch_src_global generation:  0.24867677688598633
r_  generation:  2.307126522064209
local_output_nid generation:  0.03475809097290039
local_in_edges_tensor generation:  0.1465151309967041
mini_batch_src_global generation:  0.2509021759033203
r_  generation:  2.3635618686676025
local_output_nid generation:  0.03498339653015137
local_in_edges_tensor generation:  0.14116740226745605
mini_batch_src_global generation:  0.2660088539123535
r_  generation:  2.4026880264282227
local_output_nid generation:  0.034084320068359375
local_in_edges_tensor generation:  0.20532560348510742
mini_batch_src_global generation:  0.2500011920928955
r_  generation:  2.3208024501800537
local_output_nid generation:  0.06143617630004883
local_in_edges_tensor generation:  0.18030023574829102
mini_batch_src_global generation:  0.2689023017883301
r_  generation:  2.3742940425872803
local_output_nid generation:  0.03624773025512695
local_in_edges_tensor generation:  0.16015148162841797
mini_batch_src_global generation:  0.2549891471862793
r_  generation:  2.315058469772339
local_output_nid generation:  0.03483939170837402
local_in_edges_tensor generation:  0.14846134185791016
mini_batch_src_global generation:  0.2591745853424072
r_  generation:  2.3656609058380127
local_output_nid generation:  0.034798622131347656
local_in_edges_tensor generation:  0.14579486846923828
mini_batch_src_global generation:  0.2631251811981201
r_  generation:  2.363797426223755
local_output_nid generation:  0.03469419479370117
local_in_edges_tensor generation:  0.1375429630279541
mini_batch_src_global generation:  0.26921677589416504
r_  generation:  2.380361795425415
local_output_nid generation:  0.0342869758605957
local_in_edges_tensor generation:  0.2007122039794922
mini_batch_src_global generation:  0.25696516036987305
r_  generation:  2.335171937942505
local_output_nid generation:  0.060138702392578125
local_in_edges_tensor generation:  0.17264580726623535
mini_batch_src_global generation:  0.2565574645996094
r_  generation:  2.3547558784484863
local_output_nid generation:  0.0364077091217041
local_in_edges_tensor generation:  0.15401458740234375
mini_batch_src_global generation:  0.2595949172973633
r_  generation:  2.3369061946868896
local_output_nid generation:  0.03522348403930664
local_in_edges_tensor generation:  0.14588475227355957
mini_batch_src_global generation:  0.2627124786376953
r_  generation:  2.348371982574463
local_output_nid generation:  0.03491973876953125
local_in_edges_tensor generation:  0.14394712448120117
mini_batch_src_global generation:  0.26746177673339844
r_  generation:  2.4018521308898926
local_output_nid generation:  0.034067392349243164
local_in_edges_tensor generation:  0.13806390762329102
mini_batch_src_global generation:  0.2599303722381592
r_  generation:  2.344027280807495
local_output_nid generation:  0.03434491157531738
local_in_edges_tensor generation:  0.13817214965820312
mini_batch_src_global generation:  0.28489089012145996
r_  generation:  2.3574414253234863
local_output_nid generation:  0.033936500549316406
local_in_edges_tensor generation:  0.19983363151550293
mini_batch_src_global generation:  0.25822949409484863
r_  generation:  2.331134796142578
local_output_nid generation:  0.059946537017822266
local_in_edges_tensor generation:  0.16909170150756836
mini_batch_src_global generation:  0.25794148445129395
r_  generation:  2.3254995346069336
local_output_nid generation:  0.03674507141113281
local_in_edges_tensor generation:  0.15461063385009766
mini_batch_src_global generation:  0.2602102756500244
r_  generation:  2.352479934692383
local_output_nid generation:  0.03548407554626465
local_in_edges_tensor generation:  0.14509153366088867
mini_batch_src_global generation:  0.2670879364013672
r_  generation:  2.360891103744507
local_output_nid generation:  0.034859657287597656
local_in_edges_tensor generation:  0.14412736892700195
mini_batch_src_global generation:  0.2681770324707031
r_  generation:  2.3601300716400146
local_output_nid generation:  0.03432297706604004
local_in_edges_tensor generation:  0.13528823852539062
mini_batch_src_global generation:  0.26106858253479004
r_  generation:  2.3990790843963623
local_output_nid generation:  0.033774375915527344
local_in_edges_tensor generation:  0.13214373588562012
mini_batch_src_global generation:  0.2584240436553955
r_  generation:  2.345529079437256
local_output_nid generation:  0.03371477127075195
local_in_edges_tensor generation:  0.19753336906433105
mini_batch_src_global generation:  0.26039814949035645
r_  generation:  2.3160159587860107
local_output_nid generation:  0.06000876426696777
local_in_edges_tensor generation:  0.18511247634887695
mini_batch_src_global generation:  0.25936031341552734
r_  generation:  2.346531391143799
local_output_nid generation:  0.03601336479187012
local_in_edges_tensor generation:  0.1518568992614746
mini_batch_src_global generation:  0.2600746154785156
r_  generation:  2.3333468437194824
local_output_nid generation:  0.03513956069946289
local_in_edges_tensor generation:  0.14382362365722656
mini_batch_src_global generation:  0.26193857192993164
r_  generation:  2.3437588214874268
local_output_nid generation:  0.03460121154785156
local_in_edges_tensor generation:  0.1405932903289795
mini_batch_src_global generation:  0.27203893661499023
r_  generation:  2.36344051361084
local_output_nid generation:  0.034500837326049805
local_in_edges_tensor generation:  0.1402287483215332
mini_batch_src_global generation:  0.26074910163879395
r_  generation:  2.3679111003875732
local_output_nid generation:  0.03444671630859375
local_in_edges_tensor generation:  0.13350248336791992
mini_batch_src_global generation:  0.26145124435424805
r_  generation:  2.3959431648254395
local_output_nid generation:  0.0346982479095459
local_in_edges_tensor generation:  0.16970372200012207
mini_batch_src_global generation:  0.26460814476013184
r_  generation:  2.38147234916687
local_output_nid generation:  0.04259037971496582
local_in_edges_tensor generation:  0.19844341278076172
mini_batch_src_global generation:  0.2667262554168701
r_  generation:  2.3764472007751465
local_output_nid generation:  0.043756961822509766
local_in_edges_tensor generation:  0.15787959098815918
mini_batch_src_global generation:  0.25839924812316895
r_  generation:  2.3327245712280273
local_output_nid generation:  0.0355377197265625
local_in_edges_tensor generation:  0.14800190925598145
mini_batch_src_global generation:  0.2645528316497803
r_  generation:  2.361879587173462
local_output_nid generation:  0.035111427307128906
local_in_edges_tensor generation:  0.1433730125427246
mini_batch_src_global generation:  0.26023316383361816
r_  generation:  2.3955483436584473
local_output_nid generation:  0.034653425216674805
local_in_edges_tensor generation:  0.13533973693847656
mini_batch_src_global generation:  0.26602816581726074
r_  generation:  2.345693826675415
local_output_nid generation:  0.047689199447631836
local_in_edges_tensor generation:  0.1331627368927002
mini_batch_src_global generation:  0.2599191665649414
r_  generation:  2.3820176124572754
local_output_nid generation:  0.03438401222229004
local_in_edges_tensor generation:  0.16766929626464844
mini_batch_src_global generation:  0.26481056213378906
r_  generation:  2.365992784500122
local_output_nid generation:  0.042688608169555664
local_in_edges_tensor generation:  0.1987917423248291
mini_batch_src_global generation:  0.27743053436279297
r_  generation:  2.372032880783081
local_output_nid generation:  0.04430437088012695
local_in_edges_tensor generation:  0.16002941131591797
mini_batch_src_global generation:  0.26162219047546387
r_  generation:  2.368098020553589
local_output_nid generation:  0.0356447696685791
local_in_edges_tensor generation:  0.1472458839416504
mini_batch_src_global generation:  0.2642550468444824
r_  generation:  2.366360902786255
local_output_nid generation:  0.03476905822753906
local_in_edges_tensor generation:  0.14263606071472168
mini_batch_src_global generation:  0.2617990970611572
r_  generation:  2.4251391887664795
local_output_nid generation:  0.03472566604614258
local_in_edges_tensor generation:  0.13919281959533691
mini_batch_src_global generation:  0.26319432258605957
r_  generation:  2.3854503631591797
local_output_nid generation:  0.03465747833251953
local_in_edges_tensor generation:  0.13489484786987305
mini_batch_src_global generation:  0.26140308380126953
r_  generation:  2.3857998847961426
local_output_nid generation:  0.03512120246887207
local_in_edges_tensor generation:  0.17991876602172852
mini_batch_src_global generation:  0.2665548324584961
r_  generation:  2.4095633029937744
local_output_nid generation:  0.04621124267578125
local_in_edges_tensor generation:  0.18924713134765625
mini_batch_src_global generation:  0.2636446952819824
r_  generation:  2.338258743286133
local_output_nid generation:  0.04411053657531738
local_in_edges_tensor generation:  0.1572580337524414
mini_batch_src_global generation:  0.259768009185791
r_  generation:  2.342496156692505
local_output_nid generation:  0.03591442108154297
local_in_edges_tensor generation:  0.14739537239074707
mini_batch_src_global generation:  0.26656103134155273
r_  generation:  2.373692274093628
local_output_nid generation:  0.03509354591369629
local_in_edges_tensor generation:  0.14132928848266602
mini_batch_src_global generation:  0.26186609268188477
r_  generation:  2.4085419178009033
local_output_nid generation:  0.03449702262878418
local_in_edges_tensor generation:  0.1377246379852295
mini_batch_src_global generation:  0.2633056640625
r_  generation:  2.3571996688842773
local_output_nid generation:  0.03458285331726074
local_in_edges_tensor generation:  0.13383245468139648
mini_batch_src_global generation:  0.2610354423522949
r_  generation:  2.4018445014953613
local_output_nid generation:  0.03635454177856445
local_in_edges_tensor generation:  0.17408490180969238
mini_batch_src_global generation:  0.26189160346984863
r_  generation:  2.3558197021484375
local_output_nid generation:  0.04686141014099121
local_in_edges_tensor generation:  0.19154882431030273
mini_batch_src_global generation:  0.2615184783935547
r_  generation:  2.39036226272583
local_output_nid generation:  0.0437929630279541
local_in_edges_tensor generation:  0.15814828872680664
mini_batch_src_global generation:  0.2608959674835205
r_  generation:  2.3744585514068604
local_output_nid generation:  0.036736488342285156
local_in_edges_tensor generation:  0.14424848556518555
mini_batch_src_global generation:  0.262256383895874
r_  generation:  2.343376874923706
local_output_nid generation:  0.03473353385925293
local_in_edges_tensor generation:  0.14052963256835938
mini_batch_src_global generation:  0.26355433464050293
r_  generation:  2.4250357151031494
local_output_nid generation:  0.03474760055541992
local_in_edges_tensor generation:  0.13563799858093262
mini_batch_src_global generation:  0.2634596824645996
r_  generation:  2.3652455806732178
local_output_nid generation:  0.03471946716308594
local_in_edges_tensor generation:  0.13902020454406738
mini_batch_src_global generation:  0.294980525970459
r_  generation:  2.3849270343780518
local_output_nid generation:  0.03397369384765625
local_in_edges_tensor generation:  0.1981368064880371
mini_batch_src_global generation:  0.26357579231262207
r_  generation:  2.3648667335510254
local_output_nid generation:  0.059972286224365234
local_in_edges_tensor generation:  0.1705322265625
mini_batch_src_global generation:  0.25946044921875
r_  generation:  2.3346986770629883
local_output_nid generation:  0.04735207557678223
local_in_edges_tensor generation:  0.1544201374053955
mini_batch_src_global generation:  0.26346659660339355
r_  generation:  2.363917827606201
local_output_nid generation:  0.034816741943359375
local_in_edges_tensor generation:  0.14326047897338867
mini_batch_src_global generation:  0.2602872848510742
r_  generation:  2.3618128299713135
local_output_nid generation:  0.03499317169189453
local_in_edges_tensor generation:  0.1405012607574463
mini_batch_src_global generation:  0.26643943786621094
r_  generation:  2.415539264678955
local_output_nid generation:  0.034232139587402344
local_in_edges_tensor generation:  0.13524079322814941
mini_batch_src_global generation:  0.2582216262817383
r_  generation:  2.3747730255126953
local_output_nid generation:  0.03432416915893555
local_in_edges_tensor generation:  0.1332087516784668
mini_batch_src_global generation:  0.2851872444152832
r_  generation:  2.37099552154541
local_output_nid generation:  0.034545183181762695
local_in_edges_tensor generation:  0.20917892456054688
mini_batch_src_global generation:  0.2576158046722412
r_  generation:  2.390002489089966
local_output_nid generation:  0.06053042411804199
local_in_edges_tensor generation:  0.16948986053466797
mini_batch_src_global generation:  0.27091193199157715
r_  generation:  2.380718231201172
local_output_nid generation:  0.03649187088012695
local_in_edges_tensor generation:  0.15196013450622559
mini_batch_src_global generation:  0.26415419578552246
r_  generation:  2.3518636226654053
local_output_nid generation:  0.03540396690368652
local_in_edges_tensor generation:  0.14271783828735352
mini_batch_src_global generation:  0.26201510429382324
r_  generation:  2.3572580814361572
local_output_nid generation:  0.03422141075134277
local_in_edges_tensor generation:  0.13877034187316895
mini_batch_src_global generation:  0.2688875198364258
r_  generation:  2.375870704650879
local_output_nid generation:  0.03438925743103027
local_in_edges_tensor generation:  0.14012956619262695
mini_batch_src_global generation:  0.26190781593322754
r_  generation:  2.405292272567749
local_output_nid generation:  0.03421521186828613
local_in_edges_tensor generation:  0.1327378749847412
mini_batch_src_global generation:  0.2732210159301758
r_  generation:  2.38081955909729
local_output_nid generation:  0.03448843955993652
local_in_edges_tensor generation:  0.19914913177490234
mini_batch_src_global generation:  0.2610759735107422
r_  generation:  2.375340223312378
local_output_nid generation:  0.06031370162963867
local_in_edges_tensor generation:  0.17157506942749023
mini_batch_src_global generation:  0.2715933322906494
r_  generation:  2.368300676345825
local_output_nid generation:  0.036518096923828125
local_in_edges_tensor generation:  0.1546154022216797
mini_batch_src_global generation:  0.26047778129577637
r_  generation:  2.3609113693237305
local_output_nid generation:  0.03532743453979492
local_in_edges_tensor generation:  0.143021821975708
mini_batch_src_global generation:  0.26560020446777344
r_  generation:  2.347909927368164
local_output_nid generation:  0.03486490249633789
local_in_edges_tensor generation:  0.14288568496704102
mini_batch_src_global generation:  0.27750515937805176
r_  generation:  2.3833651542663574
local_output_nid generation:  0.034891366958618164
local_in_edges_tensor generation:  0.13842082023620605
mini_batch_src_global generation:  0.260514497756958
r_  generation:  2.3726491928100586
local_output_nid generation:  0.03460192680358887
local_in_edges_tensor generation:  0.13317656517028809
mini_batch_src_global generation:  0.29364848136901855
r_  generation:  2.4104232788085938
local_output_nid generation:  0.03473615646362305
local_in_edges_tensor generation:  0.20194149017333984
mini_batch_src_global generation:  0.26396989822387695
r_  generation:  2.396167039871216
local_output_nid generation:  0.060309410095214844
local_in_edges_tensor generation:  0.1712658405303955
mini_batch_src_global generation:  0.27233076095581055
r_  generation:  2.3826005458831787
local_output_nid generation:  0.03678393363952637
local_in_edges_tensor generation:  0.15422725677490234
mini_batch_src_global generation:  0.266538143157959
r_  generation:  2.3661062717437744
local_output_nid generation:  0.03550410270690918
local_in_edges_tensor generation:  0.14494752883911133
mini_batch_src_global generation:  0.26610326766967773
r_  generation:  2.3869776725769043
local_output_nid generation:  0.035448551177978516
local_in_edges_tensor generation:  0.14270281791687012
mini_batch_src_global generation:  0.282604455947876
r_  generation:  2.439704656600952
local_output_nid generation:  0.03417038917541504
local_in_edges_tensor generation:  0.13325881958007812
mini_batch_src_global generation:  0.2647523880004883
r_  generation:  2.3778088092803955
local_output_nid generation:  0.0342869758605957
local_in_edges_tensor generation:  0.13319993019104004
mini_batch_src_global generation:  0.2724945545196533
r_  generation:  2.3939950466156006
local_output_nid generation:  0.03435039520263672
local_in_edges_tensor generation:  0.19958806037902832
mini_batch_src_global generation:  0.2640862464904785
r_  generation:  2.390489101409912
local_output_nid generation:  0.06013178825378418
local_in_edges_tensor generation:  0.17080473899841309
mini_batch_src_global generation:  0.26929712295532227
r_  generation:  2.353910446166992
local_output_nid generation:  0.03646373748779297
local_in_edges_tensor generation:  0.15407180786132812
mini_batch_src_global generation:  0.26440000534057617
r_  generation:  2.368830680847168
local_output_nid generation:  0.034914255142211914
local_in_edges_tensor generation:  0.1431589126586914
mini_batch_src_global generation:  0.2635061740875244
r_  generation:  2.3689866065979004
local_output_nid generation:  0.03428506851196289
local_in_edges_tensor generation:  0.13838791847229004
mini_batch_src_global generation:  0.27600765228271484
r_  generation:  2.3708436489105225
local_output_nid generation:  0.034163475036621094
local_in_edges_tensor generation:  0.13488292694091797
mini_batch_src_global generation:  0.26572632789611816
r_  generation:  2.3973870277404785
local_output_nid generation:  0.03393244743347168
local_in_edges_tensor generation:  0.1311337947845459
mini_batch_src_global generation:  0.2774684429168701
r_  generation:  2.3536486625671387
local_output_nid generation:  0.0344843864440918
local_in_edges_tensor generation:  0.21422743797302246
mini_batch_src_global generation:  0.2578439712524414
r_  generation:  2.425053119659424
local_output_nid generation:  0.05965161323547363
local_in_edges_tensor generation:  0.16514968872070312
mini_batch_src_global generation:  0.25601863861083984
r_  generation:  2.389414072036743
local_output_nid generation:  0.03675436973571777
local_in_edges_tensor generation:  0.15047740936279297
mini_batch_src_global generation:  0.2593364715576172
r_  generation:  2.368691921234131
local_output_nid generation:  0.03707456588745117
local_in_edges_tensor generation:  0.14470863342285156
mini_batch_src_global generation:  0.25786542892456055
r_  generation:  2.3855419158935547
local_output_nid generation:  0.03452110290527344
local_in_edges_tensor generation:  0.13593578338623047
mini_batch_src_global generation:  0.2611558437347412
r_  generation:  2.3841004371643066
local_output_nid generation:  0.034395456314086914
local_in_edges_tensor generation:  0.13351821899414062
mini_batch_src_global generation:  0.2563588619232178
r_  generation:  2.423517942428589
local_output_nid generation:  0.03423309326171875
local_in_edges_tensor generation:  0.16872739791870117
mini_batch_src_global generation:  0.25838351249694824
r_  generation:  2.3866169452667236
local_output_nid generation:  0.046633005142211914
local_in_edges_tensor generation:  0.19291949272155762
mini_batch_src_global generation:  0.25758862495422363
r_  generation:  2.3749215602874756
local_output_nid generation:  0.04368758201599121
local_in_edges_tensor generation:  0.158156156539917
mini_batch_src_global generation:  0.25647854804992676
r_  generation:  2.3525800704956055
local_output_nid generation:  0.03562450408935547
local_in_edges_tensor generation:  0.14675045013427734
mini_batch_src_global generation:  0.2587294578552246
r_  generation:  2.37021541595459
local_output_nid generation:  0.03521299362182617
local_in_edges_tensor generation:  0.14436793327331543
mini_batch_src_global generation:  0.2597925662994385
r_  generation:  2.4100897312164307
local_output_nid generation:  0.034609079360961914
local_in_edges_tensor generation:  0.1365976333618164
mini_batch_src_global generation:  0.2585628032684326
r_  generation:  2.40445613861084
local_output_nid generation:  0.034339189529418945
local_in_edges_tensor generation:  0.13451290130615234
mini_batch_src_global generation:  0.2575089931488037
r_  generation:  2.3843295574188232
local_output_nid generation:  0.0343320369720459
local_in_edges_tensor generation:  0.1999666690826416
mini_batch_src_global generation:  0.2589881420135498
r_  generation:  2.3888707160949707
local_output_nid generation:  0.060465097427368164
local_in_edges_tensor generation:  0.18096041679382324
mini_batch_src_global generation:  0.2597637176513672
r_  generation:  2.3913543224334717
local_output_nid generation:  0.03649616241455078
local_in_edges_tensor generation:  0.15300798416137695
mini_batch_src_global generation:  0.25702810287475586
r_  generation:  2.363779067993164
local_output_nid generation:  0.03570413589477539
local_in_edges_tensor generation:  0.1490778923034668
mini_batch_src_global generation:  0.26404833793640137
r_  generation:  2.3939225673675537
local_output_nid generation:  0.03463459014892578
local_in_edges_tensor generation:  0.13847756385803223
mini_batch_src_global generation:  0.2789332866668701
r_  generation:  2.3648667335510254
local_output_nid generation:  0.035910844802856445
local_in_edges_tensor generation:  0.13321232795715332
mini_batch_src_global generation:  0.2547266483306885
r_  generation:  2.393486261367798
local_output_nid generation:  0.034543752670288086
local_in_edges_tensor generation:  0.16883444786071777
mini_batch_src_global generation:  0.2598729133605957
r_  generation:  2.3872780799865723
local_output_nid generation:  0.04672527313232422
local_in_edges_tensor generation:  0.1938800811767578
mini_batch_src_global generation:  0.2571549415588379
r_  generation:  2.38016939163208
local_output_nid generation:  0.04436945915222168
local_in_edges_tensor generation:  0.1615753173828125
mini_batch_src_global generation:  0.2583653926849365
r_  generation:  2.3907015323638916
local_output_nid generation:  0.03552699089050293
local_in_edges_tensor generation:  0.14416074752807617
mini_batch_src_global generation:  0.2594795227050781
r_  generation:  2.3304994106292725
local_output_nid generation:  0.0348508358001709
local_in_edges_tensor generation:  0.1426525115966797
mini_batch_src_global generation:  0.2591826915740967
r_  generation:  2.414316177368164
local_output_nid generation:  0.03426051139831543
local_in_edges_tensor generation:  0.13529086112976074
mini_batch_src_global generation:  0.25754737854003906
r_  generation:  2.3719308376312256
local_output_nid generation:  0.03427481651306152
local_in_edges_tensor generation:  0.13367104530334473
mini_batch_src_global generation:  0.269763708114624
r_  generation:  2.4405405521392822
local_output_nid generation:  0.03120255470275879
local_in_edges_tensor generation:  0.15629291534423828
mini_batch_src_global generation:  0.24248433113098145
r_  generation:  2.18070912361145
----------------------check_connections_block total spend ----------------------------- 419.0928647518158
generate_one_block  4.005643367767334
generate_one_block  3.1727561950683594
generate_one_block  3.5615615844726562
generate_one_block  3.207350254058838
generate_one_block  3.5834715366363525
generate_one_block  3.102461099624634
generate_one_block  3.1434853076934814
generate_one_block  3.144874095916748
generate_one_block  3.512183666229248
generate_one_block  3.0980496406555176
generate_one_block  3.132866621017456
generate_one_block  3.046066999435425
generate_one_block  3.1875076293945312
generate_one_block  3.243086099624634
generate_one_block  3.501675844192505
generate_one_block  3.2197766304016113
generate_one_block  3.5250754356384277
generate_one_block  3.1854312419891357
generate_one_block  3.155912399291992
generate_one_block  3.1599197387695312
generate_one_block  3.564082622528076
generate_one_block  3.24357271194458
generate_one_block  3.0768606662750244
generate_one_block  3.117902994155884
generate_one_block  3.097827672958374
generate_one_block  3.1110341548919678
generate_one_block  3.334183692932129
generate_one_block  3.431635618209839
generate_one_block  3.102410316467285
generate_one_block  3.1139745712280273
generate_one_block  3.081568479537964
generate_one_block  3.0766072273254395
generate_one_block  3.13924241065979
generate_one_block  3.38167405128479
generate_one_block  3.2854971885681152
generate_one_block  3.0938563346862793
generate_one_block  3.110633134841919
generate_one_block  3.109952211380005
generate_one_block  3.1782097816467285
generate_one_block  3.2204737663269043
generate_one_block  3.4580178260803223
generate_one_block  3.094561815261841
generate_one_block  3.1311042308807373
generate_one_block  3.07793927192688
generate_one_block  3.1131138801574707
generate_one_block  3.1456689834594727
generate_one_block  3.18723464012146
generate_one_block  3.502467155456543
generate_one_block  3.1201272010803223
generate_one_block  3.1267218589782715
generate_one_block  3.1013834476470947
generate_one_block  3.120109796524048
generate_one_block  3.236264228820801
generate_one_block  3.3021416664123535
generate_one_block  3.393688917160034
generate_one_block  3.195279359817505
generate_one_block  3.1992080211639404
generate_one_block  3.557286262512207
generate_one_block  3.1316170692443848
generate_one_block  3.12256121635437
generate_one_block  3.192247152328491
generate_one_block  3.4443185329437256
generate_one_block  3.2606077194213867
generate_one_block  3.129915714263916
generate_one_block  3.122190475463867
generate_one_block  3.1809470653533936
generate_one_block  3.123748540878296
generate_one_block  3.1244990825653076
generate_one_block  3.618356466293335
generate_one_block  3.132282257080078
generate_one_block  3.1271798610687256
generate_one_block  3.130152702331543
generate_one_block  3.1435108184814453
generate_one_block  3.1765801906585693
generate_one_block  3.26846981048584
generate_one_block  3.463024377822876
generate_one_block  3.119141101837158
generate_one_block  3.1165359020233154
generate_one_block  3.176117420196533
generate_one_block  3.2807397842407227
generate_one_block  3.501293182373047
generate_one_block  3.1823596954345703
generate_one_block  3.5853447914123535
generate_one_block  3.086613893508911
generate_one_block  3.0678253173828125
generate_one_block  3.109441041946411
generate_one_block  3.1630005836486816
generate_one_block  3.3548061847686768
generate_one_block  3.3305697441101074
generate_one_block  3.1067304611206055
generate_one_block  3.1255757808685303
generate_one_block  3.1958940029144287
generate_one_block  3.0769293308258057
generate_one_block  3.11555814743042
generate_one_block  3.5125083923339844
generate_one_block  3.1333658695220947
generate_one_block  3.1123545169830322
generate_one_block  3.0802156925201416
generate_one_block  3.0398848056793213
generate_one_block  3.1267971992492676
generate_one_block  3.069730043411255
generate_one_block  3.5744903087615967
generate_one_block  3.068021059036255
generate_one_block  3.0972509384155273
generate_one_block  3.638596296310425
generate_one_block  3.1017377376556396
generate_one_block  3.1368041038513184
generate_one_block  3.545353889465332
generate_one_block  3.118079662322998
generate_one_block  3.0668039321899414
generate_one_block  3.0966708660125732
generate_one_block  3.1384005546569824
generate_one_block  3.1141610145568848
generate_one_block  3.1244242191314697
generate_one_block  3.555121421813965
generate_one_block  3.1199376583099365
generate_one_block  3.099034070968628
generate_one_block  3.1925899982452393
generate_one_block  3.105064630508423
generate_one_block  3.1179885864257812
generate_one_block  3.448627233505249
generate_one_block  3.231288433074951
generate_one_block  3.1499814987182617
generate_one_block  3.059727907180786
generate_one_block  3.1456799507141113
generate_one_block  3.095050811767578
generate_one_block  3.1610171794891357
generate_one_block  3.2390544414520264
The real block id is  0
get_global_graph_edges_ids_block function  spend 3.3680403232574463
gen group dst list time:  4.630980014801025
time for parepare:  0.47051000595092773
local_output_nid generation:  0.385267972946167
local_in_edges_tensor generation:  1.2881505489349365
mini_batch_src_global generation:  1.3404300212860107
r_  generation:  15.459962368011475
local_output_nid generation:  0.4086740016937256
local_in_edges_tensor generation:  1.325692892074585
mini_batch_src_global generation:  1.7256438732147217
r_  generation:  15.61292576789856
local_output_nid generation:  0.38945913314819336
local_in_edges_tensor generation:  1.6042001247406006
mini_batch_src_global generation:  1.7343065738677979
r_  generation:  16.190398931503296
local_output_nid generation:  0.4179108142852783
local_in_edges_tensor generation:  1.2815535068511963
mini_batch_src_global generation:  1.7837438583374023
r_  generation:  15.865763187408447
local_output_nid generation:  0.4174153804779053
local_in_edges_tensor generation:  1.0809433460235596
mini_batch_src_global generation:  1.9240753650665283
r_  generation:  16.19554305076599
local_output_nid generation:  0.40958619117736816
local_in_edges_tensor generation:  1.272620677947998
mini_batch_src_global generation:  1.689573049545288
r_  generation:  16.255895614624023
local_output_nid generation:  0.3667910099029541
local_in_edges_tensor generation:  1.277451753616333
mini_batch_src_global generation:  1.716726303100586
r_  generation:  16.04084038734436
local_output_nid generation:  0.39325499534606934
local_in_edges_tensor generation:  1.279240369796753
mini_batch_src_global generation:  1.7802295684814453
r_  generation:  15.95853328704834
local_output_nid generation:  0.4081721305847168
local_in_edges_tensor generation:  1.0838961601257324
mini_batch_src_global generation:  1.893146276473999
r_  generation:  15.701601266860962
local_output_nid generation:  0.408858060836792
local_in_edges_tensor generation:  1.276768684387207
mini_batch_src_global generation:  1.7680094242095947
r_  generation:  16.299026250839233
local_output_nid generation:  0.396589994430542
local_in_edges_tensor generation:  1.3141422271728516
mini_batch_src_global generation:  1.743154764175415
r_  generation:  16.368042469024658
local_output_nid generation:  0.3808455467224121
local_in_edges_tensor generation:  1.2755119800567627
mini_batch_src_global generation:  1.771315097808838
r_  generation:  16.150134325027466
local_output_nid generation:  0.4178462028503418
local_in_edges_tensor generation:  1.2880947589874268
mini_batch_src_global generation:  1.8232324123382568
r_  generation:  16.079943895339966
local_output_nid generation:  0.41402626037597656
local_in_edges_tensor generation:  1.1159520149230957
mini_batch_src_global generation:  1.820136308670044
r_  generation:  15.96892762184143
local_output_nid generation:  0.4177663326263428
local_in_edges_tensor generation:  1.2928340435028076
mini_batch_src_global generation:  1.7131147384643555
r_  generation:  16.510154485702515
local_output_nid generation:  0.3731074333190918
local_in_edges_tensor generation:  1.2990539073944092
mini_batch_src_global generation:  1.7633981704711914
r_  generation:  16.257896184921265
local_output_nid generation:  0.39626526832580566
local_in_edges_tensor generation:  1.2982313632965088
mini_batch_src_global generation:  1.7754483222961426
r_  generation:  16.398113489151
local_output_nid generation:  0.41486668586730957
local_in_edges_tensor generation:  1.0818126201629639
mini_batch_src_global generation:  1.8348331451416016
r_  generation:  15.64319109916687
local_output_nid generation:  0.4167172908782959
local_in_edges_tensor generation:  1.3027024269104004
mini_batch_src_global generation:  1.797010898590088
r_  generation:  16.309494018554688
local_output_nid generation:  0.4130227565765381
local_in_edges_tensor generation:  1.2808468341827393
mini_batch_src_global generation:  1.7118847370147705
r_  generation:  16.407206773757935
local_output_nid generation:  0.3945651054382324
local_in_edges_tensor generation:  1.2858402729034424
mini_batch_src_global generation:  1.7368013858795166
r_  generation:  16.29799246788025
local_output_nid generation:  0.3986046314239502
local_in_edges_tensor generation:  1.2967581748962402
mini_batch_src_global generation:  1.8108031749725342
r_  generation:  16.37406611442566
local_output_nid generation:  0.41351962089538574
local_in_edges_tensor generation:  1.1023330688476562
mini_batch_src_global generation:  1.8580379486083984
r_  generation:  15.743601322174072
local_output_nid generation:  0.4173450469970703
local_in_edges_tensor generation:  1.3034393787384033
mini_batch_src_global generation:  1.7836809158325195
r_  generation:  16.1037118434906
local_output_nid generation:  0.4166111946105957
local_in_edges_tensor generation:  1.2843859195709229
mini_batch_src_global generation:  1.708496332168579
r_  generation:  16.47670578956604
local_output_nid generation:  0.3804657459259033
local_in_edges_tensor generation:  1.2889642715454102
mini_batch_src_global generation:  1.7652027606964111
r_  generation:  16.174198865890503
local_output_nid generation:  0.3962514400482178
local_in_edges_tensor generation:  1.2871215343475342
mini_batch_src_global generation:  1.7620201110839844
r_  generation:  16.172982931137085
local_output_nid generation:  0.41207194328308105
local_in_edges_tensor generation:  1.1223492622375488
mini_batch_src_global generation:  1.8379087448120117
r_  generation:  15.80111050605774
local_output_nid generation:  0.4218778610229492
local_in_edges_tensor generation:  1.278191328048706
mini_batch_src_global generation:  1.993990182876587
r_  generation:  16.10723114013672
local_output_nid generation:  0.4117281436920166
local_in_edges_tensor generation:  1.284287691116333
mini_batch_src_global generation:  1.7404518127441406
r_  generation:  16.354007959365845
local_output_nid generation:  0.3726215362548828
local_in_edges_tensor generation:  1.2963478565216064
mini_batch_src_global generation:  1.736227035522461
r_  generation:  16.179213523864746
local_output_nid generation:  0.3957993984222412
local_in_edges_tensor generation:  1.2663984298706055
mini_batch_src_global generation:  1.7503650188446045
r_  generation:  15.925050020217896
local_output_nid generation:  0.40773606300354004
local_in_edges_tensor generation:  1.0954461097717285
mini_batch_src_global generation:  1.8090777397155762
r_  generation:  15.706455945968628
local_output_nid generation:  0.40947985649108887
local_in_edges_tensor generation:  1.2938838005065918
mini_batch_src_global generation:  1.8091275691986084
r_  generation:  15.941844701766968
local_output_nid generation:  0.41383934020996094
local_in_edges_tensor generation:  1.285160779953003
mini_batch_src_global generation:  1.7090520858764648
r_  generation:  16.404459714889526
local_output_nid generation:  0.37632131576538086
local_in_edges_tensor generation:  1.3073034286499023
mini_batch_src_global generation:  1.7491657733917236
r_  generation:  16.23463463783264
local_output_nid generation:  0.3982105255126953
local_in_edges_tensor generation:  1.3065876960754395
mini_batch_src_global generation:  1.78615140914917
r_  generation:  16.383374452590942
local_output_nid generation:  0.4133620262145996
local_in_edges_tensor generation:  1.2881999015808105
mini_batch_src_global generation:  1.788219690322876
r_  generation:  16.062914848327637
local_output_nid generation:  0.41982078552246094
local_in_edges_tensor generation:  1.101243019104004
mini_batch_src_global generation:  2.027463912963867
r_  generation:  15.948833227157593
local_output_nid generation:  0.4139547348022461
local_in_edges_tensor generation:  1.3149986267089844
mini_batch_src_global generation:  1.8592469692230225
r_  generation:  16.154922246932983
local_output_nid generation:  0.41629910469055176
local_in_edges_tensor generation:  1.2858738899230957
mini_batch_src_global generation:  1.7143778800964355
r_  generation:  16.39488458633423
local_output_nid generation:  0.3797461986541748
local_in_edges_tensor generation:  1.3109056949615479
mini_batch_src_global generation:  1.7546148300170898
r_  generation:  16.35241985321045
local_output_nid generation:  0.3974614143371582
local_in_edges_tensor generation:  1.294189214706421
mini_batch_src_global generation:  1.8031001091003418
r_  generation:  16.4670467376709
local_output_nid generation:  0.41219282150268555
local_in_edges_tensor generation:  1.2780826091766357
mini_batch_src_global generation:  1.7834227085113525
r_  generation:  16.034247159957886
local_output_nid generation:  0.415860652923584
local_in_edges_tensor generation:  1.1009328365325928
mini_batch_src_global generation:  2.0140750408172607
r_  generation:  16.06310486793518
local_output_nid generation:  0.41368556022644043
local_in_edges_tensor generation:  1.2829220294952393
mini_batch_src_global generation:  1.771820068359375
r_  generation:  16.328616857528687
local_output_nid generation:  0.3649871349334717
local_in_edges_tensor generation:  1.271043062210083
mini_batch_src_global generation:  1.7173750400543213
r_  generation:  16.141468048095703
local_output_nid generation:  0.41742992401123047
local_in_edges_tensor generation:  1.1162214279174805
mini_batch_src_global generation:  1.8225903511047363
r_  generation:  15.961339235305786
local_output_nid generation:  0.415297269821167
local_in_edges_tensor generation:  1.2934989929199219
mini_batch_src_global generation:  1.8053221702575684
r_  generation:  16.33358144760132
local_output_nid generation:  0.4187355041503906
local_in_edges_tensor generation:  1.2996070384979248
mini_batch_src_global generation:  1.7181878089904785
r_  generation:  16.595418214797974
local_output_nid generation:  0.3789229393005371
local_in_edges_tensor generation:  1.300048589706421
mini_batch_src_global generation:  1.7777280807495117
r_  generation:  16.411207675933838
local_output_nid generation:  0.39485669136047363
local_in_edges_tensor generation:  1.303086280822754
mini_batch_src_global generation:  1.8082537651062012
r_  generation:  16.425256490707397
local_output_nid generation:  0.396665096282959
local_in_edges_tensor generation:  1.2832553386688232
mini_batch_src_global generation:  1.8059310913085938
r_  generation:  16.167527198791504
local_output_nid generation:  0.41405630111694336
local_in_edges_tensor generation:  1.0970098972320557
mini_batch_src_global generation:  1.913860559463501
r_  generation:  15.906685590744019
local_output_nid generation:  0.4309267997741699
local_in_edges_tensor generation:  1.3308086395263672
mini_batch_src_global generation:  2.1269371509552
r_  generation:  16.876209497451782
local_output_nid generation:  0.41475439071655273
local_in_edges_tensor generation:  1.2900738716125488
mini_batch_src_global generation:  1.8312678337097168
r_  generation:  16.456749200820923
local_output_nid generation:  0.42304468154907227
local_in_edges_tensor generation:  1.1152958869934082
mini_batch_src_global generation:  1.8326029777526855
r_  generation:  16.130131244659424
local_output_nid generation:  0.42414021492004395
local_in_edges_tensor generation:  1.2892842292785645
mini_batch_src_global generation:  1.999007225036621
r_  generation:  16.14145588874817
local_output_nid generation:  0.430788516998291
local_in_edges_tensor generation:  1.312976360321045
mini_batch_src_global generation:  1.8544023036956787
r_  generation:  16.287057161331177
local_output_nid generation:  0.41516995429992676
local_in_edges_tensor generation:  1.3030850887298584
mini_batch_src_global generation:  1.8513119220733643
r_  generation:  16.315959453582764
local_output_nid generation:  0.4135901927947998
local_in_edges_tensor generation:  1.2950530052185059
mini_batch_src_global generation:  1.7238149642944336
r_  generation:  16.5692355632782
local_output_nid generation:  0.36980557441711426
local_in_edges_tensor generation:  1.3022871017456055
mini_batch_src_global generation:  1.8127317428588867
r_  generation:  17.004013061523438
local_output_nid generation:  0.4122793674468994
local_in_edges_tensor generation:  1.2978646755218506
mini_batch_src_global generation:  1.8626160621643066
r_  generation:  16.062154054641724
local_output_nid generation:  0.4218277931213379
local_in_edges_tensor generation:  1.3475890159606934
mini_batch_src_global generation:  1.8134310245513916
r_  generation:  16.26236915588379
local_output_nid generation:  0.41536498069763184
local_in_edges_tensor generation:  1.3247852325439453
mini_batch_src_global generation:  1.834989070892334
r_  generation:  16.55412459373474
local_output_nid generation:  0.42188048362731934
local_in_edges_tensor generation:  1.293013095855713
mini_batch_src_global generation:  1.8191001415252686
r_  generation:  16.83038854598999
local_output_nid generation:  0.4262523651123047
local_in_edges_tensor generation:  1.2946057319641113
mini_batch_src_global generation:  2.002195119857788
r_  generation:  16.190560579299927
local_output_nid generation:  0.420651912689209
local_in_edges_tensor generation:  1.3090898990631104
mini_batch_src_global generation:  1.8805327415466309
r_  generation:  16.209216356277466
local_output_nid generation:  0.41490864753723145
local_in_edges_tensor generation:  1.3344042301177979
mini_batch_src_global generation:  1.842097282409668
r_  generation:  16.422346353530884
local_output_nid generation:  0.4134948253631592
local_in_edges_tensor generation:  1.2786719799041748
mini_batch_src_global generation:  1.794231653213501
r_  generation:  16.52061891555786
local_output_nid generation:  0.3873767852783203
local_in_edges_tensor generation:  1.314584493637085
mini_batch_src_global generation:  1.7495694160461426
r_  generation:  16.52764129638672
local_output_nid generation:  0.3920285701751709
local_in_edges_tensor generation:  1.3386921882629395
mini_batch_src_global generation:  1.7741234302520752
r_  generation:  16.42435073852539
local_output_nid generation:  0.3985629081726074
local_in_edges_tensor generation:  1.305023193359375
mini_batch_src_global generation:  1.8172082901000977
r_  generation:  16.608185052871704
local_output_nid generation:  0.4168055057525635
local_in_edges_tensor generation:  6.614006996154785
mini_batch_src_global generation:  1.708768367767334
r_  generation:  15.956959009170532
local_output_nid generation:  0.4248480796813965
local_in_edges_tensor generation:  1.1172847747802734
mini_batch_src_global generation:  2.01084566116333
r_  generation:  16.309114456176758
local_output_nid generation:  0.42916297912597656
local_in_edges_tensor generation:  1.3320872783660889
mini_batch_src_global generation:  1.8361587524414062
r_  generation:  16.282243013381958
local_output_nid generation:  0.412750244140625
local_in_edges_tensor generation:  1.2856173515319824
mini_batch_src_global generation:  1.8794670104980469
r_  generation:  16.362913131713867
local_output_nid generation:  0.4124600887298584
local_in_edges_tensor generation:  1.2910206317901611
mini_batch_src_global generation:  1.7240729331970215
r_  generation:  16.502873182296753
local_output_nid generation:  0.37380528450012207
local_in_edges_tensor generation:  1.2943482398986816
mini_batch_src_global generation:  1.7939324378967285
r_  generation:  16.387353897094727
local_output_nid generation:  0.4042356014251709
local_in_edges_tensor generation:  1.2916202545166016
mini_batch_src_global generation:  1.8067331314086914
r_  generation:  16.472854614257812
local_output_nid generation:  0.4184093475341797
local_in_edges_tensor generation:  1.2880189418792725
mini_batch_src_global generation:  1.8000895977020264
r_  generation:  16.152379035949707
local_output_nid generation:  0.4128909111022949
local_in_edges_tensor generation:  1.0903043746948242
mini_batch_src_global generation:  1.9322195053100586
r_  generation:  15.923661947250366
local_output_nid generation:  0.41831445693969727
local_in_edges_tensor generation:  1.3170952796936035
mini_batch_src_global generation:  1.8714404106140137
r_  generation:  16.295005559921265
local_output_nid generation:  0.4296414852142334
local_in_edges_tensor generation:  1.3309156894683838
mini_batch_src_global generation:  1.8468010425567627
r_  generation:  16.19199562072754
local_output_nid generation:  0.4142036437988281
local_in_edges_tensor generation:  1.2921690940856934
mini_batch_src_global generation:  1.8465642929077148
r_  generation:  16.357935905456543
local_output_nid generation:  0.40897274017333984
local_in_edges_tensor generation:  1.2793128490447998
mini_batch_src_global generation:  1.7034194469451904
r_  generation:  16.382728815078735
local_output_nid generation:  0.3794376850128174
local_in_edges_tensor generation:  1.2879016399383545
mini_batch_src_global generation:  1.775456428527832
r_  generation:  16.575754165649414
local_output_nid generation:  0.3922250270843506
local_in_edges_tensor generation:  1.2964248657226562
mini_batch_src_global generation:  1.7757556438446045
r_  generation:  16.31132483482361
local_output_nid generation:  0.3935418128967285
local_in_edges_tensor generation:  1.2832584381103516
mini_batch_src_global generation:  1.799924373626709
r_  generation:  16.22155737876892
local_output_nid generation:  0.41397786140441895
local_in_edges_tensor generation:  1.1022231578826904
mini_batch_src_global generation:  1.8856422901153564
r_  generation:  16.045310497283936
local_output_nid generation:  0.4151186943054199
local_in_edges_tensor generation:  1.33131742477417
mini_batch_src_global generation:  1.9996614456176758
r_  generation:  16.190534353256226
local_output_nid generation:  0.4263136386871338
local_in_edges_tensor generation:  1.3324811458587646
mini_batch_src_global generation:  1.8966591358184814
r_  generation:  16.307129621505737
local_output_nid generation:  0.41831326484680176
local_in_edges_tensor generation:  1.3082003593444824
mini_batch_src_global generation:  1.8544936180114746
r_  generation:  16.08480930328369
local_output_nid generation:  0.4121401309967041
local_in_edges_tensor generation:  1.2924306392669678
mini_batch_src_global generation:  1.8255341053009033
r_  generation:  16.398963689804077
local_output_nid generation:  0.42015576362609863
local_in_edges_tensor generation:  1.2785165309906006
mini_batch_src_global generation:  1.7216625213623047
r_  generation:  16.402904987335205
local_output_nid generation:  0.3660726547241211
local_in_edges_tensor generation:  1.2956342697143555
mini_batch_src_global generation:  1.7712810039520264
r_  generation:  16.312522411346436
local_output_nid generation:  0.3972930908203125
local_in_edges_tensor generation:  1.3084957599639893
mini_batch_src_global generation:  1.9231371879577637
r_  generation:  16.660784244537354
local_output_nid generation:  0.4030885696411133
local_in_edges_tensor generation:  1.2952461242675781
mini_batch_src_global generation:  1.8284556865692139
r_  generation:  16.565814971923828
local_output_nid generation:  0.41119837760925293
local_in_edges_tensor generation:  1.2693204879760742
mini_batch_src_global generation:  1.776350975036621
r_  generation:  16.002413034439087
local_output_nid generation:  0.4132983684539795
local_in_edges_tensor generation:  1.1046292781829834
mini_batch_src_global generation:  1.9278936386108398
r_  generation:  16.179485321044922
local_output_nid generation:  0.41089344024658203
local_in_edges_tensor generation:  1.3068711757659912
mini_batch_src_global generation:  1.9464125633239746
r_  generation:  16.032878160476685
local_output_nid generation:  0.42796921730041504
local_in_edges_tensor generation:  1.3328142166137695
mini_batch_src_global generation:  1.879382610321045
r_  generation:  16.284037351608276
local_output_nid generation:  0.4470400810241699
local_in_edges_tensor generation:  1.320131540298462
mini_batch_src_global generation:  1.891033411026001
r_  generation:  16.334344148635864
local_output_nid generation:  0.41964268684387207
local_in_edges_tensor generation:  1.3477075099945068
mini_batch_src_global generation:  1.853813648223877
r_  generation:  16.601912021636963
local_output_nid generation:  0.41768980026245117
local_in_edges_tensor generation:  1.2860803604125977
mini_batch_src_global generation:  1.8181140422821045
r_  generation:  16.809489965438843
local_output_nid generation:  0.4352753162384033
local_in_edges_tensor generation:  1.2860195636749268
mini_batch_src_global generation:  1.7431323528289795
r_  generation:  16.575923681259155
local_output_nid generation:  0.39331603050231934
local_in_edges_tensor generation:  1.3062574863433838
mini_batch_src_global generation:  1.7507133483886719
r_  generation:  16.411804914474487
local_output_nid generation:  0.39529848098754883
local_in_edges_tensor generation:  1.3006370067596436
mini_batch_src_global generation:  1.80336332321167
r_  generation:  16.681304216384888
local_output_nid generation:  0.41574621200561523
local_in_edges_tensor generation:  1.2859373092651367
mini_batch_src_global generation:  1.797516107559204
r_  generation:  16.34026837348938
local_output_nid generation:  0.415663480758667
local_in_edges_tensor generation:  1.0901243686676025
mini_batch_src_global generation:  1.8923630714416504
r_  generation:  16.124435424804688
local_output_nid generation:  0.4210684299468994
local_in_edges_tensor generation:  1.418999195098877
mini_batch_src_global generation:  1.8356044292449951
r_  generation:  16.38304591178894
local_output_nid generation:  0.42656397819519043
local_in_edges_tensor generation:  1.206010103225708
mini_batch_src_global generation:  1.975858211517334
r_  generation:  16.42671012878418
local_output_nid generation:  0.4197225570678711
local_in_edges_tensor generation:  1.2986161708831787
mini_batch_src_global generation:  1.9222431182861328
r_  generation:  16.200554370880127
local_output_nid generation:  0.4181375503540039
local_in_edges_tensor generation:  1.3079969882965088
mini_batch_src_global generation:  1.9570555686950684
r_  generation:  16.350710153579712
local_output_nid generation:  0.43569207191467285
local_in_edges_tensor generation:  1.3237013816833496
mini_batch_src_global generation:  1.8746485710144043
r_  generation:  16.344146251678467
local_output_nid generation:  0.4262690544128418
local_in_edges_tensor generation:  1.3232226371765137
mini_batch_src_global generation:  1.8782062530517578
r_  generation:  16.5998272895813
local_output_nid generation:  0.4335055351257324
local_in_edges_tensor generation:  1.340632677078247
mini_batch_src_global generation:  1.8666887283325195
r_  generation:  16.293492794036865
local_output_nid generation:  0.4150247573852539
local_in_edges_tensor generation:  1.305877685546875
mini_batch_src_global generation:  1.8601715564727783
r_  generation:  16.52988576889038
local_output_nid generation:  0.4139585494995117
local_in_edges_tensor generation:  1.2832293510437012
mini_batch_src_global generation:  1.732173204421997
r_  generation:  16.574043035507202
local_output_nid generation:  0.3742523193359375
local_in_edges_tensor generation:  1.2966411113739014
mini_batch_src_global generation:  1.8002853393554688
r_  generation:  16.59890103340149
local_output_nid generation:  0.4357168674468994
local_in_edges_tensor generation:  1.3646340370178223
mini_batch_src_global generation:  1.8620972633361816
r_  generation:  16.397634029388428
local_output_nid generation:  0.4110252857208252
local_in_edges_tensor generation:  1.2875971794128418
mini_batch_src_global generation:  1.892019271850586
r_  generation:  16.309731245040894
local_output_nid generation:  0.41982507705688477
local_in_edges_tensor generation:  1.2971293926239014
mini_batch_src_global generation:  1.741792917251587
r_  generation:  16.726736307144165
local_output_nid generation:  0.38777971267700195
local_in_edges_tensor generation:  1.2928268909454346
mini_batch_src_global generation:  1.7553889751434326
r_  generation:  16.368040561676025
local_output_nid generation:  0.40302205085754395
local_in_edges_tensor generation:  1.331362009048462
mini_batch_src_global generation:  1.785498857498169
r_  generation:  16.553954124450684
local_output_nid generation:  0.3943519592285156
local_in_edges_tensor generation:  1.2925381660461426
mini_batch_src_global generation:  1.8116118907928467
r_  generation:  16.549906730651855
local_output_nid generation:  0.4028608798980713
local_in_edges_tensor generation:  1.3008527755737305
mini_batch_src_global generation:  1.8113932609558105
r_  generation:  16.4376060962677
local_output_nid generation:  0.40671825408935547
local_in_edges_tensor generation:  1.0803463459014893
mini_batch_src_global generation:  1.8644585609436035
r_  generation:  15.726028680801392
----------------------check_connections_block total spend ----------------------------- 2897.547234773636
generate_one_block  23.24804162979126
generate_one_block  22.893834114074707
generate_one_block  23.40986680984497
generate_one_block  23.692686080932617
generate_one_block  23.271793365478516
generate_one_block  23.296681880950928
generate_one_block  22.995933294296265
generate_one_block  23.41282892227173
generate_one_block  25.400956869125366
generate_one_block  24.120476245880127
generate_one_block  24.786840677261353
generate_one_block  24.219003677368164
generate_one_block  24.823434829711914
generate_one_block  24.542126178741455
generate_one_block  24.93765616416931
generate_one_block  24.67720627784729
generate_one_block  24.803961277008057
generate_one_block  24.458060264587402
generate_one_block  25.039552927017212
generate_one_block  25.278828859329224
generate_one_block  24.905157566070557
generate_one_block  25.725900888442993
generate_one_block  25.008867740631104
generate_one_block  24.797147750854492
generate_one_block  25.168432235717773
generate_one_block  25.137200593948364
generate_one_block  24.879897356033325
generate_one_block  25.20522117614746
generate_one_block  25.152832508087158
generate_one_block  25.409568786621094
generate_one_block  25.226948499679565
generate_one_block  24.87599229812622
generate_one_block  25.195822954177856
generate_one_block  25.126071453094482
generate_one_block  26.356740951538086
generate_one_block  25.580440759658813
generate_one_block  25.358810901641846
generate_one_block  25.699278831481934
generate_one_block  25.688021898269653
generate_one_block  24.906780242919922
generate_one_block  27.152480363845825
generate_one_block  26.622064352035522
generate_one_block  27.425410270690918
generate_one_block  26.425950527191162
generate_one_block  27.362443447113037
generate_one_block  26.449686527252197
generate_one_block  27.056613206863403
generate_one_block  27.274719953536987
generate_one_block  27.120736122131348
generate_one_block  26.881653308868408
generate_one_block  27.29770016670227
generate_one_block  26.778069496154785
generate_one_block  27.71469235420227
generate_one_block  26.44060206413269
generate_one_block  27.94849133491516
generate_one_block  26.754710912704468
generate_one_block  27.46846032142639
generate_one_block  26.97614860534668
generate_one_block  27.516937494277954
generate_one_block  26.857717514038086
generate_one_block  28.165627241134644
generate_one_block  26.53046441078186
generate_one_block  27.284251928329468
generate_one_block  26.653058528900146
generate_one_block  27.546605825424194
generate_one_block  26.620349884033203
generate_one_block  27.096832990646362
generate_one_block  27.142337799072266
generate_one_block  27.392650842666626
generate_one_block  27.018689393997192
generate_one_block  27.270768880844116
generate_one_block  27.40599250793457
generate_one_block  27.421940326690674
generate_one_block  27.895397424697876
generate_one_block  27.55239748954773
generate_one_block  27.211462020874023
generate_one_block  27.22178864479065
generate_one_block  27.38127613067627
generate_one_block  25.548747062683105
generate_one_block  25.48790693283081
generate_one_block  23.678746700286865
generate_one_block  23.635396718978882
generate_one_block  23.924152612686157
generate_one_block  23.97889471054077
generate_one_block  23.668020486831665
generate_one_block  23.685303211212158
generate_one_block  24.146087408065796
generate_one_block  23.74007272720337
generate_one_block terminate called after throwing an instance of 'c10::Error'
  what():  [enforce fail at CPUAllocator.cpp:65] . DefaultCPUAllocator: can't allocate memory: you tried to allocate 344860512 bytes. Error code 12 (Cannot allocate memory)
frame #0: c10::ThrowEnforceNotMet(char const*, int, char const*, std::string const&, void const*) + 0x47 (0x7fc5e0bc66a7 in /home/cc/.local/lib/python3.6/site-packages/torch/lib/libc10.so)
frame #1: c10::alloc_cpu(unsigned long) + 0x1f1 (0x7fc5e0b97901 in /home/cc/.local/lib/python3.6/site-packages/torch/lib/libc10.so)
frame #2: <unknown function> + 0x247b6 (0x7fc5e0b997b6 in /home/cc/.local/lib/python3.6/site-packages/torch/lib/libc10.so)
frame #3: at::native::empty_cpu(c10::ArrayRef<long>, c10::TensorOptions const&, c10::optional<c10::MemoryFormat>) + 0x172 (0x7fc61afeded2 in /home/cc/.local/lib/python3.6/site-packages/torch/lib/libtorch_cpu.so)
frame #4: <unknown function> + 0x123fb03 (0x7fc61b2d8b03 in /home/cc/.local/lib/python3.6/site-packages/torch/lib/libtorch_cpu.so)
frame #5: <unknown function> + 0x1217137 (0x7fc61b2b0137 in /home/cc/.local/lib/python3.6/site-packages/torch/lib/libtorch_cpu.so)
frame #6: <unknown function> + 0x123220c (0x7fc61b2cb20c in /home/cc/.local/lib/python3.6/site-packages/torch/lib/libtorch_cpu.so)
frame #7: <unknown function> + 0x120e6ba (0x7fc61b2a76ba in /home/cc/.local/lib/python3.6/site-packages/torch/lib/libtorch_cpu.so)
frame #8: <unknown function> + 0x1217137 (0x7fc61b2b0137 in /home/cc/.local/lib/python3.6/site-packages/torch/lib/libtorch_cpu.so)
frame #9: <unknown function> + 0x123220c (0x7fc61b2cb20c in /home/cc/.local/lib/python3.6/site-packages/torch/lib/libtorch_cpu.so)
frame #10: at::empty(c10::ArrayRef<long>, c10::TensorOptions const&, c10::optional<c10::MemoryFormat>) + 0xbd (0x7fc61b39700d in /home/cc/.local/lib/python3.6/site-packages/torch/lib/libtorch_cpu.so)
frame #11: torch::empty(c10::ArrayRef<long>, c10::TensorOptions const&, c10::optional<c10::MemoryFormat>)::{lambda()#1}::operator()() const + 0xa8 (0x7fc420555cc0 in /home/cc/.local/lib/python3.6/site-packages/dgl/tensoradapter/pytorch/libtensoradapter_pytorch_1.7.1.so)
frame #12: torch::empty(c10::ArrayRef<long>, c10::TensorOptions const&, c10::optional<c10::MemoryFormat>) + 0x51 (0x7fc420555d44 in /home/cc/.local/lib/python3.6/site-packages/dgl/tensoradapter/pytorch/libtensoradapter_pytorch_1.7.1.so)
frame #13: TAempty + 0x129 (0x7fc4205522e6 in /home/cc/.local/lib/python3.6/site-packages/dgl/tensoradapter/pytorch/libtensoradapter_pytorch_1.7.1.so)
frame #14: dgl::runtime::NDArray::Empty(std::vector<long, std::allocator<long> >, DLDataType, DLContext) + 0xb6 (0x7fc432ab9586 in /home/cc/.local/lib/python3.6/site-packages/dgl/libdgl.so)
frame #15: dgl::aten::NewIdArray(long, DLContext, unsigned char) + 0x6d (0x7fc43228a14d in /home/cc/.local/lib/python3.6/site-packages/dgl/libdgl.so)
frame #16: <unknown function> + 0xee1a68 (0x7fc432be4a68 in /home/cc/.local/lib/python3.6/site-packages/dgl/libdgl.so)
frame #17: std::tuple<std::shared_ptr<dgl::BaseHeteroGraph>, std::vector<dgl::runtime::NDArray, std::allocator<dgl::runtime::NDArray> >, std::vector<dgl::runtime::NDArray, std::allocator<dgl::runtime::NDArray> > > dgl::transform::ToBlock<(DLDeviceType)1, long>(std::shared_ptr<dgl::BaseHeteroGraph>, std::vector<dgl::runtime::NDArray, std::allocator<dgl::runtime::NDArray> > const&, bool) + 0x3a (0x7fc432be5a5a in /home/cc/.local/lib/python3.6/site-packages/dgl/libdgl.so)
frame #18: <unknown function> + 0xee3321 (0x7fc432be6321 in /home/cc/.local/lib/python3.6/site-packages/dgl/libdgl.so)
frame #19: <unknown function> + 0xee3d84 (0x7fc432be6d84 in /home/cc/.local/lib/python3.6/site-packages/dgl/libdgl.so)
frame #20: DGLFuncCall + 0x48 (0x7fc432a9d6e8 in /home/cc/.local/lib/python3.6/site-packages/dgl/libdgl.so)
frame #21: <unknown function> + 0x167a3 (0x7fc41fb9d7a3 in /home/cc/.local/lib/python3.6/site-packages/dgl/_ffi/_cy3/core.cpython-36m-x86_64-linux-gnu.so)
frame #22: <unknown function> + 0x16acb (0x7fc41fb9dacb in /home/cc/.local/lib/python3.6/site-packages/dgl/_ffi/_cy3/core.cpython-36m-x86_64-linux-gnu.so)
<omitting python frames>
frame #24: python() [0x57e965]
frame #26: python() [0x576736]
frame #27: python() [0x57f96b]
frame #28: python() [0x57e8bc]
frame #30: python() [0x57f8ad]
frame #31: python() [0x57e8bc]
frame #33: python() [0x57f8ad]
frame #34: python() [0x57e8bc]
frame #36: python() [0x57f8ad]
frame #37: python() [0x57e8bc]
frame #39: python() [0x57f8ad]
frame #40: python() [0x57e8bc]
frame #42: python() [0x576736]
frame #43: python() [0x57f96b]
frame #44: python() [0x57e8bc]
frame #46: python() [0x57f8ad]
frame #47: python() [0x57e8bc]
frame #49: python() [0x57609f]
frame #51: python() [0x5eb302]
frame #56: __libc_start_main + 0xf0 (0x7fc62eac2840 in /lib/x86_64-linux-gnu/libc.so.6)

