main start at this time 1648188233.9175675
#nodes: 2449029
#edges: 123718024
#classes: 47
success----------------------------------------
196571
39255
2164782
# Nodes: 2400608
# Edges: 123718024
# Train: 196571
# Val: 39255
# Test: 2164782
# Classes: 47

in feats:  100
----------------------------------------before generate_dataloader_block 
 Nvidia-smi: 2.0242919921875 GB
    Memory Allocated: 0.0006527900695800781  GigaBytes
Max Memory Allocated: 0.0006527900695800781  GigaBytes

The real block id is  2
get_global_graph_edges_ids_block function  spend 0.43146276473999023
random selection method range initialization spend 0.01739978790283203
time for parepare:  0.27529263496398926
local_output_nid generation:  0.0008859634399414062
local_in_edges_tensor generation:  0.024580001831054688
mini_batch_src_global generation:  0.002292633056640625
r_  generation:  0.022998571395874023
local_output_nid generation:  0.0009698867797851562
local_in_edges_tensor generation:  0.0009434223175048828
mini_batch_src_global generation:  0.002498149871826172
r_  generation:  0.0222322940826416
local_output_nid generation:  0.0009562969207763672
local_in_edges_tensor generation:  0.0009496212005615234
mini_batch_src_global generation:  0.001592874526977539
r_  generation:  0.022359132766723633
local_output_nid generation:  0.0009589195251464844
local_in_edges_tensor generation:  0.0009305477142333984
mini_batch_src_global generation:  0.0015716552734375
r_  generation:  0.022118330001831055
local_output_nid generation:  0.000942230224609375
local_in_edges_tensor generation:  0.0009505748748779297
mini_batch_src_global generation:  0.0015687942504882812
r_  generation:  0.022515058517456055
local_output_nid generation:  0.0009558200836181641
local_in_edges_tensor generation:  0.0009272098541259766
mini_batch_src_global generation:  0.001567840576171875
r_  generation:  0.022405147552490234
local_output_nid generation:  0.0009360313415527344
local_in_edges_tensor generation:  0.0009367465972900391
mini_batch_src_global generation:  0.0015957355499267578
r_  generation:  0.020477771759033203
local_output_nid generation:  0.0009493827819824219
local_in_edges_tensor generation:  0.0008847713470458984
mini_batch_src_global generation:  0.001283884048461914
r_  generation:  0.02084660530090332
local_output_nid generation:  0.0009393692016601562
local_in_edges_tensor generation:  0.0009100437164306641
mini_batch_src_global generation:  0.0013065338134765625
r_  generation:  0.021674633026123047
local_output_nid generation:  0.0018031597137451172
local_in_edges_tensor generation:  0.0009014606475830078
mini_batch_src_global generation:  0.0013248920440673828
r_  generation:  0.020743370056152344
local_output_nid generation:  0.001155853271484375
local_in_edges_tensor generation:  0.0009105205535888672
mini_batch_src_global generation:  0.0013201236724853516
r_  generation:  0.020989179611206055
local_output_nid generation:  0.0010135173797607422
local_in_edges_tensor generation:  0.0009365081787109375
mini_batch_src_global generation:  0.0013208389282226562
r_  generation:  0.020542144775390625
local_output_nid generation:  0.0009601116180419922
local_in_edges_tensor generation:  0.0008800029754638672
mini_batch_src_global generation:  0.00131988525390625
r_  generation:  0.025501489639282227
local_output_nid generation:  0.001573801040649414
local_in_edges_tensor generation:  0.0012602806091308594
mini_batch_src_global generation:  0.0015697479248046875
r_  generation:  0.022232770919799805
local_output_nid generation:  0.0014133453369140625
local_in_edges_tensor generation:  0.0011241436004638672
mini_batch_src_global generation:  0.0014529228210449219
r_  generation:  0.021284818649291992
local_output_nid generation:  0.0014052391052246094
local_in_edges_tensor generation:  0.0011758804321289062
mini_batch_src_global generation:  0.001425027847290039
r_  generation:  0.022017717361450195
local_output_nid generation:  0.0014030933380126953
local_in_edges_tensor generation:  0.0011661052703857422
mini_batch_src_global generation:  0.001547098159790039
r_  generation:  0.022115707397460938
local_output_nid generation:  0.0014126300811767578
local_in_edges_tensor generation:  0.0011298656463623047
mini_batch_src_global generation:  0.0014684200286865234
r_  generation:  0.02193760871887207
local_output_nid generation:  0.0013959407806396484
local_in_edges_tensor generation:  0.001178741455078125
mini_batch_src_global generation:  0.0015194416046142578
r_  generation:  0.02199554443359375
local_output_nid generation:  0.0013990402221679688
local_in_edges_tensor generation:  0.0011794567108154297
mini_batch_src_global generation:  0.0014879703521728516
r_  generation:  0.022105932235717773
local_output_nid generation:  0.001434326171875
local_in_edges_tensor generation:  0.0012021064758300781
mini_batch_src_global generation:  0.0015056133270263672
r_  generation:  0.02161884307861328
local_output_nid generation:  0.0014598369598388672
local_in_edges_tensor generation:  0.0011529922485351562
mini_batch_src_global generation:  0.001535654067993164
r_  generation:  0.022991180419921875
local_output_nid generation:  0.0013942718505859375
local_in_edges_tensor generation:  0.0010814666748046875
mini_batch_src_global generation:  0.0014519691467285156
r_  generation:  0.022039413452148438
local_output_nid generation:  0.001421213150024414
local_in_edges_tensor generation:  0.0013728141784667969
mini_batch_src_global generation:  0.0034227371215820312
r_  generation:  0.02258586883544922
local_output_nid generation:  0.0011768341064453125
local_in_edges_tensor generation:  0.01654529571533203
mini_batch_src_global generation:  0.0014643669128417969
r_  generation:  0.022182226181030273
local_output_nid generation:  0.0026738643646240234
local_in_edges_tensor generation:  0.0009603500366210938
mini_batch_src_global generation:  0.0014951229095458984
r_  generation:  0.021734952926635742
local_output_nid generation:  0.001688241958618164
local_in_edges_tensor generation:  0.0009503364562988281
mini_batch_src_global generation:  0.0014526844024658203
r_  generation:  0.020971059799194336
local_output_nid generation:  0.0013036727905273438
local_in_edges_tensor generation:  0.0009436607360839844
mini_batch_src_global generation:  0.001434326171875
r_  generation:  0.02137923240661621
local_output_nid generation:  0.0011370182037353516
local_in_edges_tensor generation:  0.0009055137634277344
mini_batch_src_global generation:  0.0014576911926269531
r_  generation:  0.02137136459350586
local_output_nid generation:  0.0010640621185302734
local_in_edges_tensor generation:  0.0009291172027587891
mini_batch_src_global generation:  0.0014944076538085938
r_  generation:  0.021229267120361328
local_output_nid generation:  0.0010442733764648438
local_in_edges_tensor generation:  0.0009229183197021484
mini_batch_src_global generation:  0.0014297962188720703
r_  generation:  0.021250247955322266
local_output_nid generation:  0.0010526180267333984
local_in_edges_tensor generation:  0.0009226799011230469
mini_batch_src_global generation:  0.001443624496459961
r_  generation:  0.021220922470092773
local_output_nid generation:  0.0010268688201904297
local_in_edges_tensor generation:  0.0008931159973144531
mini_batch_src_global generation:  0.001474142074584961
r_  generation:  0.021086692810058594
local_output_nid generation:  0.0010187625885009766
local_in_edges_tensor generation:  0.0009119510650634766
mini_batch_src_global generation:  0.0015017986297607422
r_  generation:  0.021804332733154297
local_output_nid generation:  0.0010075569152832031
local_in_edges_tensor generation:  0.0009069442749023438
mini_batch_src_global generation:  0.0015099048614501953
r_  generation:  0.021454572677612305
local_output_nid generation:  0.001009225845336914
local_in_edges_tensor generation:  0.0009350776672363281
mini_batch_src_global generation:  0.0014495849609375
r_  generation:  0.021303653717041016
local_output_nid generation:  0.0009999275207519531
local_in_edges_tensor generation:  0.0009067058563232422
mini_batch_src_global generation:  0.0014505386352539062
r_  generation:  0.021502971649169922
local_output_nid generation:  0.0009989738464355469
local_in_edges_tensor generation:  0.0009136199951171875
mini_batch_src_global generation:  0.0014674663543701172
r_  generation:  0.021844863891601562
local_output_nid generation:  0.000985860824584961
local_in_edges_tensor generation:  0.0009179115295410156
mini_batch_src_global generation:  0.001483917236328125
r_  generation:  0.021476030349731445
local_output_nid generation:  0.0010025501251220703
local_in_edges_tensor generation:  0.0009002685546875
mini_batch_src_global generation:  0.0014736652374267578
r_  generation:  0.021654367446899414
local_output_nid generation:  0.0009846687316894531
local_in_edges_tensor generation:  0.0009069442749023438
mini_batch_src_global generation:  0.0015001296997070312
r_  generation:  0.021571874618530273
local_output_nid generation:  0.0010089874267578125
local_in_edges_tensor generation:  0.0008900165557861328
mini_batch_src_global generation:  0.001528024673461914
r_  generation:  0.021897077560424805
local_output_nid generation:  0.0010027885437011719
local_in_edges_tensor generation:  0.0008950233459472656
mini_batch_src_global generation:  0.0014982223510742188
r_  generation:  0.021679401397705078
local_output_nid generation:  0.001012563705444336
local_in_edges_tensor generation:  0.0009009838104248047
mini_batch_src_global generation:  0.004420280456542969
r_  generation:  0.02189016342163086
local_output_nid generation:  0.0009906291961669922
local_in_edges_tensor generation:  0.0011394023895263672
mini_batch_src_global generation:  0.0014901161193847656
r_  generation:  0.021838665008544922
local_output_nid generation:  0.0010089874267578125
local_in_edges_tensor generation:  0.0008828639984130859
mini_batch_src_global generation:  0.0014691352844238281
r_  generation:  0.0216519832611084
local_output_nid generation:  0.001004934310913086
local_in_edges_tensor generation:  0.0009212493896484375
mini_batch_src_global generation:  0.0015022754669189453
r_  generation:  0.022029876708984375
local_output_nid generation:  0.0009849071502685547
local_in_edges_tensor generation:  0.0009164810180664062
mini_batch_src_global generation:  0.0014650821685791016
r_  generation:  0.021628856658935547
local_output_nid generation:  0.0010051727294921875
local_in_edges_tensor generation:  0.0009198188781738281
mini_batch_src_global generation:  0.0014727115631103516
r_  generation:  0.021979331970214844
local_output_nid generation:  0.0009925365447998047
local_in_edges_tensor generation:  0.0008814334869384766
mini_batch_src_global generation:  0.001501321792602539
r_  generation:  0.021738529205322266
local_output_nid generation:  0.0009906291961669922
local_in_edges_tensor generation:  0.0009021759033203125
mini_batch_src_global generation:  0.0014729499816894531
r_  generation:  0.02153325080871582
local_output_nid generation:  0.0009975433349609375
local_in_edges_tensor generation:  0.0008800029754638672
mini_batch_src_global generation:  0.0014810562133789062
r_  generation:  0.029554128646850586
local_output_nid generation:  0.0015697479248046875
local_in_edges_tensor generation:  0.0017883777618408203
mini_batch_src_global generation:  0.0036211013793945312
r_  generation:  0.02495408058166504
local_output_nid generation:  0.0009913444519042969
local_in_edges_tensor generation:  0.0008859634399414062
mini_batch_src_global generation:  0.0014989376068115234
r_  generation:  0.022554874420166016
local_output_nid generation:  0.0009837150573730469
local_in_edges_tensor generation:  0.0008974075317382812
mini_batch_src_global generation:  0.0014734268188476562
r_  generation:  0.021697521209716797
local_output_nid generation:  0.0009791851043701172
local_in_edges_tensor generation:  0.0009081363677978516
mini_batch_src_global generation:  0.001535177230834961
r_  generation:  0.021739959716796875
local_output_nid generation:  0.000997304916381836
local_in_edges_tensor generation:  0.0008792877197265625
mini_batch_src_global generation:  0.0014989376068115234
r_  generation:  0.02680659294128418
local_output_nid generation:  0.0014753341674804688
local_in_edges_tensor generation:  0.0011017322540283203
mini_batch_src_global generation:  0.004700422286987305
r_  generation:  0.024155855178833008
local_output_nid generation:  0.0009629726409912109
local_in_edges_tensor generation:  0.0009200572967529297
mini_batch_src_global generation:  0.0015463829040527344
r_  generation:  0.02172398567199707
local_output_nid generation:  0.0009741783142089844
local_in_edges_tensor generation:  0.0008938312530517578
mini_batch_src_global generation:  0.0015149116516113281
r_  generation:  0.021671295166015625
local_output_nid generation:  0.0009887218475341797
local_in_edges_tensor generation:  0.0009009838104248047
mini_batch_src_global generation:  0.0015308856964111328
r_  generation:  0.021938323974609375
local_output_nid generation:  0.0009720325469970703
local_in_edges_tensor generation:  0.0008656978607177734
mini_batch_src_global generation:  0.0015070438385009766
r_  generation:  0.021826744079589844
local_output_nid generation:  0.0009658336639404297
local_in_edges_tensor generation:  0.0008895397186279297
mini_batch_src_global generation:  0.0015094280242919922
r_  generation:  0.02160048484802246
local_output_nid generation:  0.0009927749633789062
local_in_edges_tensor generation:  0.0008885860443115234
mini_batch_src_global generation:  0.0014972686767578125
r_  generation:  0.021532297134399414
local_output_nid generation:  0.0009753704071044922
local_in_edges_tensor generation:  0.00091552734375
mini_batch_src_global generation:  0.0014972686767578125
r_  generation:  0.021587371826171875
local_output_nid generation:  0.0009791851043701172
local_in_edges_tensor generation:  0.000919342041015625
mini_batch_src_global generation:  0.0015418529510498047
r_  generation:  0.021496295928955078
local_output_nid generation:  0.0009839534759521484
local_in_edges_tensor generation:  0.0009219646453857422
mini_batch_src_global generation:  0.0015251636505126953
r_  generation:  0.021586894989013672
local_output_nid generation:  0.0009717941284179688
local_in_edges_tensor generation:  0.0008947849273681641
mini_batch_src_global generation:  0.0014913082122802734
r_  generation:  0.0219728946685791
local_output_nid generation:  0.0009760856628417969
local_in_edges_tensor generation:  0.0009043216705322266
mini_batch_src_global generation:  0.0015125274658203125
r_  generation:  0.021585702896118164
local_output_nid generation:  0.0009884834289550781
local_in_edges_tensor generation:  0.0009093284606933594
mini_batch_src_global generation:  0.0015020370483398438
r_  generation:  0.02157878875732422
local_output_nid generation:  0.0009684562683105469
local_in_edges_tensor generation:  0.0008959770202636719
mini_batch_src_global generation:  0.0015075206756591797
r_  generation:  0.021612882614135742
local_output_nid generation:  0.0009770393371582031
local_in_edges_tensor generation:  0.0009305477142333984
mini_batch_src_global generation:  0.001504659652709961
r_  generation:  0.021429061889648438
local_output_nid generation:  0.0009713172912597656
local_in_edges_tensor generation:  0.0008933544158935547
mini_batch_src_global generation:  0.001508951187133789
r_  generation:  0.021708965301513672
local_output_nid generation:  0.0009760856628417969
local_in_edges_tensor generation:  0.0008907318115234375
mini_batch_src_global generation:  0.0014910697937011719
r_  generation:  0.02171492576599121
local_output_nid generation:  0.0009701251983642578
local_in_edges_tensor generation:  0.005213499069213867
mini_batch_src_global generation:  0.0015385150909423828
r_  generation:  0.021711349487304688
local_output_nid generation:  0.0009644031524658203
local_in_edges_tensor generation:  0.0009214878082275391
mini_batch_src_global generation:  0.0014984607696533203
r_  generation:  0.021258831024169922
local_output_nid generation:  0.0009636878967285156
local_in_edges_tensor generation:  0.0009045600891113281
mini_batch_src_global generation:  0.0015175342559814453
r_  generation:  0.021858930587768555
local_output_nid generation:  0.0009720325469970703
local_in_edges_tensor generation:  0.0008943080902099609
mini_batch_src_global generation:  0.0015285015106201172
r_  generation:  0.02165079116821289
local_output_nid generation:  0.0009710788726806641
local_in_edges_tensor generation:  0.0009014606475830078
mini_batch_src_global generation:  0.0015435218811035156
r_  generation:  0.021611452102661133
local_output_nid generation:  0.0009751319885253906
local_in_edges_tensor generation:  0.0009036064147949219
mini_batch_src_global generation:  0.0014870166778564453
r_  generation:  0.02181243896484375
local_output_nid generation:  0.0009715557098388672
local_in_edges_tensor generation:  0.0008924007415771484
mini_batch_src_global generation:  0.0015187263488769531
r_  generation:  0.021486520767211914
local_output_nid generation:  0.0009789466857910156
local_in_edges_tensor generation:  0.00092315673828125
mini_batch_src_global generation:  0.0015060901641845703
r_  generation:  0.02201557159423828
local_output_nid generation:  0.00096893310546875
local_in_edges_tensor generation:  0.0009131431579589844
mini_batch_src_global generation:  0.0015158653259277344
r_  generation:  0.021544456481933594
local_output_nid generation:  0.0009741783142089844
local_in_edges_tensor generation:  0.00091552734375
mini_batch_src_global generation:  0.0015232563018798828
r_  generation:  0.022045135498046875
local_output_nid generation:  0.0009922981262207031
local_in_edges_tensor generation:  0.0008878707885742188
mini_batch_src_global generation:  0.0015227794647216797
r_  generation:  0.02161383628845215
local_output_nid generation:  0.0009791851043701172
local_in_edges_tensor generation:  0.00093841552734375
mini_batch_src_global generation:  0.0015156269073486328
r_  generation:  0.021832942962646484
local_output_nid generation:  0.000972747802734375
local_in_edges_tensor generation:  0.0009045600891113281
mini_batch_src_global generation:  0.0015192031860351562
r_  generation:  0.021919727325439453
local_output_nid generation:  0.0009758472442626953
local_in_edges_tensor generation:  0.0008864402770996094
mini_batch_src_global generation:  0.0014846324920654297
r_  generation:  0.02185368537902832
local_output_nid generation:  0.0009741783142089844
local_in_edges_tensor generation:  0.0009028911590576172
mini_batch_src_global generation:  0.0015633106231689453
r_  generation:  0.022020578384399414
local_output_nid generation:  0.0010006427764892578
local_in_edges_tensor generation:  0.0009658336639404297
mini_batch_src_global generation:  0.0014767646789550781
r_  generation:  0.02171468734741211
local_output_nid generation:  0.0009710788726806641
local_in_edges_tensor generation:  0.0008804798126220703
mini_batch_src_global generation:  0.0015320777893066406
r_  generation:  0.021701335906982422
local_output_nid generation:  0.0009698867797851562
local_in_edges_tensor generation:  0.0009150505065917969
mini_batch_src_global generation:  0.0015070438385009766
r_  generation:  0.021709442138671875
local_output_nid generation:  0.0009632110595703125
local_in_edges_tensor generation:  0.0008983612060546875
mini_batch_src_global generation:  0.0015072822570800781
r_  generation:  0.021663665771484375
local_output_nid generation:  0.0009717941284179688
local_in_edges_tensor generation:  0.0008995532989501953
mini_batch_src_global generation:  0.0015358924865722656
r_  generation:  0.021681547164916992
local_output_nid generation:  0.0009677410125732422
local_in_edges_tensor generation:  0.0008809566497802734
mini_batch_src_global generation:  0.0014996528625488281
r_  generation:  0.028683185577392578
local_output_nid generation:  0.0019443035125732422
local_in_edges_tensor generation:  0.001377105712890625
mini_batch_src_global generation:  0.00558018684387207
r_  generation:  0.025987625122070312
local_output_nid generation:  0.0009472370147705078
local_in_edges_tensor generation:  0.0009300708770751953
mini_batch_src_global generation:  0.0015377998352050781
r_  generation:  0.02177286148071289
local_output_nid generation:  0.0009644031524658203
local_in_edges_tensor generation:  0.0008797645568847656
mini_batch_src_global generation:  0.0014994144439697266
r_  generation:  0.02181243896484375
local_output_nid generation:  0.0009624958038330078
local_in_edges_tensor generation:  0.0009114742279052734
mini_batch_src_global generation:  0.00154876708984375
r_  generation:  0.02173018455505371
local_output_nid generation:  0.0009541511535644531
local_in_edges_tensor generation:  0.0008840560913085938
mini_batch_src_global generation:  0.0015332698822021484
r_  generation:  0.02182459831237793
local_output_nid generation:  0.0009586811065673828
local_in_edges_tensor generation:  0.0008885860443115234
mini_batch_src_global generation:  0.001512289047241211
r_  generation:  0.021796226501464844
local_output_nid generation:  0.0009627342224121094
local_in_edges_tensor generation:  0.0008938312530517578
mini_batch_src_global generation:  0.0015592575073242188
r_  generation:  0.02188706398010254
local_output_nid generation:  0.0009768009185791016
local_in_edges_tensor generation:  0.0009202957153320312
mini_batch_src_global generation:  0.0015344619750976562
r_  generation:  0.023708343505859375
local_output_nid generation:  0.0009675025939941406
local_in_edges_tensor generation:  0.0009069442749023438
mini_batch_src_global generation:  0.0015065670013427734
r_  generation:  0.02188849449157715
local_output_nid generation:  0.0009622573852539062
local_in_edges_tensor generation:  0.0009264945983886719
mini_batch_src_global generation:  0.0015420913696289062
r_  generation:  0.021800994873046875
local_output_nid generation:  0.0009682178497314453
local_in_edges_tensor generation:  0.0008897781372070312
mini_batch_src_global generation:  0.0015461444854736328
r_  generation:  0.02185344696044922
local_output_nid generation:  0.013417959213256836
local_in_edges_tensor generation:  0.0009756088256835938
mini_batch_src_global generation:  0.0015578269958496094
r_  generation:  0.022251605987548828
local_output_nid generation:  0.0009586811065673828
local_in_edges_tensor generation:  0.0008985996246337891
mini_batch_src_global generation:  0.0015523433685302734
r_  generation:  0.022549152374267578
local_output_nid generation:  0.0009698867797851562
local_in_edges_tensor generation:  0.0008983612060546875
mini_batch_src_global generation:  0.0015218257904052734
r_  generation:  0.021869182586669922
local_output_nid generation:  0.0009555816650390625
local_in_edges_tensor generation:  0.0009145736694335938
mini_batch_src_global generation:  0.004719734191894531
r_  generation:  0.021949052810668945
local_output_nid generation:  0.000993490219116211
local_in_edges_tensor generation:  0.0012538433074951172
mini_batch_src_global generation:  0.0015289783477783203
r_  generation:  0.022599220275878906
local_output_nid generation:  0.0009641647338867188
local_in_edges_tensor generation:  0.0009169578552246094
mini_batch_src_global generation:  0.0015244483947753906
r_  generation:  0.021988391876220703
local_output_nid generation:  0.0009908676147460938
local_in_edges_tensor generation:  0.0009057521820068359
mini_batch_src_global generation:  0.0015513896942138672
r_  generation:  0.022415876388549805
local_output_nid generation:  0.0009670257568359375
local_in_edges_tensor generation:  0.0009300708770751953
mini_batch_src_global generation:  0.0015349388122558594
r_  generation:  0.02161121368408203
local_output_nid generation:  0.0009670257568359375
local_in_edges_tensor generation:  0.0009005069732666016
mini_batch_src_global generation:  0.0015454292297363281
r_  generation:  0.02202606201171875
local_output_nid generation:  0.0009706020355224609
local_in_edges_tensor generation:  0.0008821487426757812
mini_batch_src_global generation:  0.001516103744506836
r_  generation:  0.02259230613708496
local_output_nid generation:  0.000982522964477539
local_in_edges_tensor generation:  0.0009093284606933594
mini_batch_src_global generation:  0.0015037059783935547
r_  generation:  0.021487712860107422
local_output_nid generation:  0.0009663105010986328
local_in_edges_tensor generation:  0.0009007453918457031
mini_batch_src_global generation:  0.0015211105346679688
r_  generation:  0.021922826766967773
local_output_nid generation:  0.0009715557098388672
local_in_edges_tensor generation:  0.0008959770202636719
mini_batch_src_global generation:  0.0015301704406738281
r_  generation:  0.02249598503112793
local_output_nid generation:  0.0009732246398925781
local_in_edges_tensor generation:  0.0009477138519287109
mini_batch_src_global generation:  0.001508951187133789
r_  generation:  0.021994352340698242
local_output_nid generation:  0.0009665489196777344
local_in_edges_tensor generation:  0.0008914470672607422
mini_batch_src_global generation:  0.0015680789947509766
r_  generation:  0.022472620010375977
local_output_nid generation:  0.0009653568267822266
local_in_edges_tensor generation:  0.0009005069732666016
mini_batch_src_global generation:  0.0015180110931396484
r_  generation:  0.021744728088378906
local_output_nid generation:  0.0009663105010986328
local_in_edges_tensor generation:  0.0008962154388427734
mini_batch_src_global generation:  0.0015728473663330078
r_  generation:  0.021992921829223633
local_output_nid generation:  0.0009667873382568359
local_in_edges_tensor generation:  0.0052149295806884766
mini_batch_src_global generation:  0.0015294551849365234
r_  generation:  0.02530956268310547
local_output_nid generation:  0.0009980201721191406
local_in_edges_tensor generation:  0.0010459423065185547
mini_batch_src_global generation:  0.0024073123931884766
r_  generation:  0.022882461547851562
local_output_nid generation:  0.0009560585021972656
local_in_edges_tensor generation:  0.0010232925415039062
mini_batch_src_global generation:  0.0015556812286376953
r_  generation:  0.022466421127319336
local_output_nid generation:  0.0009617805480957031
local_in_edges_tensor generation:  0.0009014606475830078
mini_batch_src_global generation:  0.0015642642974853516
r_  generation:  0.022729873657226562
local_output_nid generation:  0.0008585453033447266
local_in_edges_tensor generation:  0.0012426376342773438
mini_batch_src_global generation:  0.0014777183532714844
r_  generation:  0.020231962203979492
----------------------check_connections_block total spend ----------------------------- 4.249547481536865
generate_one_block  6.392052173614502
generate_one_block  0.03639864921569824
generate_one_block  0.03511309623718262
generate_one_block  0.034424543380737305
generate_one_block  0.03450345993041992
generate_one_block  0.03450441360473633
generate_one_block  0.03425097465515137
generate_one_block  0.03593802452087402
generate_one_block  0.03409886360168457
generate_one_block  0.03423595428466797
generate_one_block  0.03454709053039551
generate_one_block  0.0336606502532959
generate_one_block  0.033428192138671875
generate_one_block  0.033997535705566406
generate_one_block  0.04383587837219238
generate_one_block  0.04264688491821289
generate_one_block  0.040766239166259766
generate_one_block  0.041007280349731445
generate_one_block  0.03945469856262207
generate_one_block  0.04992532730102539
generate_one_block  0.03861498832702637
generate_one_block  0.037741661071777344
generate_one_block  0.03680777549743652
generate_one_block  0.03605175018310547
generate_one_block  0.03594207763671875
generate_one_block  0.03551483154296875
generate_one_block  0.03490805625915527
generate_one_block  0.034961700439453125
generate_one_block  0.034820556640625
generate_one_block  0.03479814529418945
generate_one_block  0.03411531448364258
generate_one_block  0.03424525260925293
generate_one_block  0.03392505645751953
generate_one_block  0.0340876579284668
generate_one_block  0.03446531295776367
generate_one_block  0.03374910354614258
generate_one_block  0.03400731086730957
generate_one_block  0.03388524055480957
generate_one_block  0.033930063247680664
generate_one_block  0.034134864807128906
generate_one_block  0.033893585205078125
generate_one_block  0.03348493576049805
generate_one_block  0.03278183937072754
generate_one_block  0.033722877502441406
generate_one_block  0.03334617614746094
generate_one_block  0.033525943756103516
generate_one_block  0.03369712829589844
generate_one_block  0.03340601921081543
generate_one_block  0.033876895904541016
generate_one_block  0.0335392951965332
generate_one_block  0.033931732177734375
generate_one_block  0.03321981430053711
generate_one_block  0.033461809158325195
generate_one_block  0.0338134765625
generate_one_block  0.03368949890136719
generate_one_block  0.033393144607543945
generate_one_block  0.03366994857788086
generate_one_block  0.03317618370056152
generate_one_block  0.03362083435058594
generate_one_block  0.03382611274719238
generate_one_block  0.03343844413757324
generate_one_block  0.03364706039428711
generate_one_block  0.03388261795043945
generate_one_block  0.03370547294616699
generate_one_block  0.03359365463256836
generate_one_block  0.03381633758544922
generate_one_block  0.033428192138671875
generate_one_block  0.0336606502532959
generate_one_block  0.03369951248168945
generate_one_block  0.03340911865234375
generate_one_block  0.03371381759643555
generate_one_block  0.03323554992675781
generate_one_block  0.03748822212219238
generate_one_block  0.03993487358093262
generate_one_block  0.03529024124145508
generate_one_block  0.03523993492126465
generate_one_block  0.03610086441040039
generate_one_block  0.03383302688598633
generate_one_block  0.03362321853637695
generate_one_block  0.03414583206176758
generate_one_block  0.03380608558654785
generate_one_block  0.03371262550354004
generate_one_block  0.03697919845581055
generate_one_block  0.03429818153381348
generate_one_block  0.033165693283081055
generate_one_block  0.03366827964782715
generate_one_block  0.03370928764343262
generate_one_block  0.03330278396606445
generate_one_block  0.043648481369018555
generate_one_block  0.03502511978149414
generate_one_block  0.03331732749938965
generate_one_block  0.03374290466308594
generate_one_block  0.03330063819885254
generate_one_block  0.03343009948730469
generate_one_block  0.03326606750488281
generate_one_block  0.033962249755859375
generate_one_block  0.03829526901245117
generate_one_block  0.03380751609802246
generate_one_block  0.03330492973327637
generate_one_block  0.03375577926635742
generate_one_block  0.033547163009643555
generate_one_block  0.034216880798339844
generate_one_block  0.033403873443603516
generate_one_block  0.03348112106323242
generate_one_block  0.0333704948425293
generate_one_block  0.0336604118347168
generate_one_block  0.033601999282836914
generate_one_block  0.033890724182128906
generate_one_block  0.0337979793548584
generate_one_block  0.033624887466430664
generate_one_block  0.03309178352355957
generate_one_block  0.033948421478271484
generate_one_block  0.03367781639099121
generate_one_block  0.03349709510803223
generate_one_block  0.034218788146972656
generate_one_block  0.03335976600646973
generate_one_block  0.033194780349731445
generate_one_block  0.03316998481750488
generate_one_block  0.033484697341918945
generate_one_block  0.033194780349731445
generate_one_block  0.03315591812133789
generate_one_block  0.033661603927612305
generate_one_block  0.03367900848388672
generate_one_block  0.03362870216369629
generate_one_block  0.03354835510253906
generate_one_block  0.033193111419677734
generate_one_block  0.033966779708862305
generate_one_block  0.031902313232421875
The real block id is  1
get_global_graph_edges_ids_block function  spend 2.1446030139923096
gen group dst list time:  0.22679400444030762
time for parepare:  0.4666001796722412
local_output_nid generation:  0.019440412521362305
local_in_edges_tensor generation:  0.13579392433166504
mini_batch_src_global generation:  0.056937456130981445
r_  generation:  0.718050479888916
local_output_nid generation:  0.02445220947265625
local_in_edges_tensor generation:  0.0726311206817627
mini_batch_src_global generation:  0.07484650611877441
r_  generation:  0.8294963836669922
local_output_nid generation:  0.042784929275512695
local_in_edges_tensor generation:  0.04873037338256836
mini_batch_src_global generation:  0.05803513526916504
r_  generation:  0.784980058670044
local_output_nid generation:  0.022534847259521484
local_in_edges_tensor generation:  0.04413294792175293
mini_batch_src_global generation:  0.0644688606262207
r_  generation:  0.8352522850036621
local_output_nid generation:  0.02088761329650879
local_in_edges_tensor generation:  0.036325693130493164
mini_batch_src_global generation:  0.07011103630065918
r_  generation:  0.8755359649658203
local_output_nid generation:  0.020716428756713867
local_in_edges_tensor generation:  0.07253694534301758
mini_batch_src_global generation:  0.07923531532287598
r_  generation:  0.9392447471618652
local_output_nid generation:  0.020290374755859375
local_in_edges_tensor generation:  0.08886241912841797
mini_batch_src_global generation:  0.10081982612609863
r_  generation:  0.9272332191467285
local_output_nid generation:  0.03611350059509277
local_in_edges_tensor generation:  0.058548688888549805
mini_batch_src_global generation:  0.08553624153137207
r_  generation:  0.9050900936126709
local_output_nid generation:  0.021930217742919922
local_in_edges_tensor generation:  0.0542752742767334
mini_batch_src_global generation:  0.08459281921386719
r_  generation:  0.9046733379364014
local_output_nid generation:  0.02093362808227539
local_in_edges_tensor generation:  0.04439067840576172
mini_batch_src_global generation:  0.11224889755249023
r_  generation:  0.9173197746276855
local_output_nid generation:  0.02069687843322754
local_in_edges_tensor generation:  0.04706549644470215
mini_batch_src_global generation:  0.12663936614990234
r_  generation:  1.031212329864502
local_output_nid generation:  0.048400163650512695
local_in_edges_tensor generation:  0.11685848236083984
mini_batch_src_global generation:  0.10254240036010742
r_  generation:  0.924898624420166
local_output_nid generation:  0.023056745529174805
local_in_edges_tensor generation:  0.06739425659179688
mini_batch_src_global generation:  0.0915520191192627
r_  generation:  0.9560437202453613
local_output_nid generation:  0.021803855895996094
local_in_edges_tensor generation:  0.052222251892089844
mini_batch_src_global generation:  0.0946202278137207
r_  generation:  0.9689822196960449
local_output_nid generation:  0.020659446716308594
local_in_edges_tensor generation:  0.06867003440856934
mini_batch_src_global generation:  0.09338140487670898
r_  generation:  0.9847760200500488
local_output_nid generation:  0.042307138442993164
local_in_edges_tensor generation:  0.07985115051269531
mini_batch_src_global generation:  0.09375214576721191
r_  generation:  0.9276771545410156
local_output_nid generation:  0.02276134490966797
local_in_edges_tensor generation:  0.050882816314697266
mini_batch_src_global generation:  0.09529733657836914
r_  generation:  0.9416201114654541
local_output_nid generation:  0.021043777465820312
local_in_edges_tensor generation:  0.044448137283325195
mini_batch_src_global generation:  0.09130525588989258
r_  generation:  0.9436497688293457
local_output_nid generation:  0.022553205490112305
local_in_edges_tensor generation:  0.04072999954223633
mini_batch_src_global generation:  0.09781169891357422
r_  generation:  0.9492647647857666
local_output_nid generation:  0.02046060562133789
local_in_edges_tensor generation:  0.04823899269104004
mini_batch_src_global generation:  0.09034276008605957
r_  generation:  0.9582929611206055
local_output_nid generation:  0.020592689514160156
local_in_edges_tensor generation:  0.061693429946899414
mini_batch_src_global generation:  0.09076380729675293
r_  generation:  0.9546933174133301
local_output_nid generation:  0.020320653915405273
local_in_edges_tensor generation:  0.07746672630310059
mini_batch_src_global generation:  0.09260034561157227
r_  generation:  0.97049880027771
local_output_nid generation:  0.04632687568664551
local_in_edges_tensor generation:  0.04519772529602051
mini_batch_src_global generation:  0.09178996086120605
r_  generation:  0.964226245880127
local_output_nid generation:  0.02487802505493164
local_in_edges_tensor generation:  0.04081153869628906
mini_batch_src_global generation:  0.09030389785766602
r_  generation:  0.9480636119842529
local_output_nid generation:  0.02151632308959961
local_in_edges_tensor generation:  0.03522443771362305
mini_batch_src_global generation:  0.09270811080932617
r_  generation:  0.9450445175170898
local_output_nid generation:  0.020664215087890625
local_in_edges_tensor generation:  0.03699135780334473
mini_batch_src_global generation:  0.08974432945251465
r_  generation:  0.9597439765930176
local_output_nid generation:  0.020467281341552734
local_in_edges_tensor generation:  0.031237363815307617
mini_batch_src_global generation:  0.09331893920898438
r_  generation:  0.9364418983459473
local_output_nid generation:  0.020502090454101562
local_in_edges_tensor generation:  0.03374981880187988
mini_batch_src_global generation:  0.09539055824279785
r_  generation:  0.9506642818450928
local_output_nid generation:  0.020540714263916016
local_in_edges_tensor generation:  0.04132843017578125
mini_batch_src_global generation:  0.09142422676086426
r_  generation:  0.9393332004547119
local_output_nid generation:  0.02045893669128418
local_in_edges_tensor generation:  0.03910994529724121
mini_batch_src_global generation:  0.0923624038696289
r_  generation:  0.9664983749389648
local_output_nid generation:  0.02042078971862793
local_in_edges_tensor generation:  0.05430960655212402
mini_batch_src_global generation:  0.10006523132324219
r_  generation:  0.942103385925293
local_output_nid generation:  0.0203549861907959
local_in_edges_tensor generation:  0.045114994049072266
mini_batch_src_global generation:  0.09449338912963867
r_  generation:  0.955512523651123
local_output_nid generation:  0.020128965377807617
local_in_edges_tensor generation:  0.04525470733642578
mini_batch_src_global generation:  0.0903627872467041
r_  generation:  0.9651393890380859
local_output_nid generation:  0.020596742630004883
local_in_edges_tensor generation:  0.06061553955078125
mini_batch_src_global generation:  0.09128475189208984
r_  generation:  0.944648027420044
local_output_nid generation:  0.020294666290283203
local_in_edges_tensor generation:  0.05700039863586426
mini_batch_src_global generation:  0.0923621654510498
r_  generation:  0.9456887245178223
local_output_nid generation:  0.03281688690185547
local_in_edges_tensor generation:  0.03576469421386719
mini_batch_src_global generation:  0.0902247428894043
r_  generation:  0.9419193267822266
local_output_nid generation:  0.042432308197021484
local_in_edges_tensor generation:  0.043318986892700195
mini_batch_src_global generation:  0.09177875518798828
r_  generation:  0.9445431232452393
local_output_nid generation:  0.021587610244750977
local_in_edges_tensor generation:  0.03692913055419922
mini_batch_src_global generation:  0.09192824363708496
r_  generation:  0.941657543182373
local_output_nid generation:  0.02077460289001465
local_in_edges_tensor generation:  0.04079484939575195
mini_batch_src_global generation:  0.0949239730834961
r_  generation:  0.9330637454986572
local_output_nid generation:  0.02051830291748047
local_in_edges_tensor generation:  0.03422856330871582
mini_batch_src_global generation:  0.09007716178894043
r_  generation:  0.9440817832946777
local_output_nid generation:  0.020388364791870117
local_in_edges_tensor generation:  0.04417538642883301
mini_batch_src_global generation:  0.09180068969726562
r_  generation:  0.9512608051300049
local_output_nid generation:  0.020153284072875977
local_in_edges_tensor generation:  0.027691125869750977
mini_batch_src_global generation:  0.09417080879211426
r_  generation:  0.9437205791473389
local_output_nid generation:  0.02024674415588379
local_in_edges_tensor generation:  0.03774833679199219
mini_batch_src_global generation:  0.09340023994445801
r_  generation:  0.9504454135894775
local_output_nid generation:  0.020215988159179688
local_in_edges_tensor generation:  0.027478694915771484
mini_batch_src_global generation:  0.09013700485229492
r_  generation:  0.9529962539672852
local_output_nid generation:  0.02152562141418457
local_in_edges_tensor generation:  0.03424715995788574
mini_batch_src_global generation:  0.0974116325378418
r_  generation:  0.9496276378631592
local_output_nid generation:  0.020114421844482422
local_in_edges_tensor generation:  0.027637958526611328
mini_batch_src_global generation:  0.09007430076599121
r_  generation:  0.9386255741119385
local_output_nid generation:  0.020259380340576172
local_in_edges_tensor generation:  0.03317856788635254
mini_batch_src_global generation:  0.09212756156921387
r_  generation:  0.9527158737182617
local_output_nid generation:  0.020179271697998047
local_in_edges_tensor generation:  0.05957341194152832
mini_batch_src_global generation:  0.09035563468933105
r_  generation:  0.9545814990997314
local_output_nid generation:  0.020356416702270508
local_in_edges_tensor generation:  0.040665626525878906
mini_batch_src_global generation:  0.09600353240966797
r_  generation:  0.9473097324371338
local_output_nid generation:  0.020152568817138672
local_in_edges_tensor generation:  0.04409933090209961
mini_batch_src_global generation:  0.1056368350982666
r_  generation:  0.9490015506744385
local_output_nid generation:  0.020330190658569336
local_in_edges_tensor generation:  0.05972599983215332
mini_batch_src_global generation:  0.09263753890991211
r_  generation:  0.9449222087860107
local_output_nid generation:  0.020087003707885742
local_in_edges_tensor generation:  0.04541587829589844
mini_batch_src_global generation:  0.09169316291809082
r_  generation:  0.9648377895355225
local_output_nid generation:  0.03502154350280762
local_in_edges_tensor generation:  0.04016923904418945
mini_batch_src_global generation:  0.09084486961364746
r_  generation:  0.9511311054229736
local_output_nid generation:  0.029407262802124023
local_in_edges_tensor generation:  0.037851572036743164
mini_batch_src_global generation:  0.09313011169433594
r_  generation:  0.9634709358215332
local_output_nid generation:  0.02175617218017578
local_in_edges_tensor generation:  0.036502838134765625
mini_batch_src_global generation:  0.09085893630981445
r_  generation:  0.9479646682739258
local_output_nid generation:  0.021236419677734375
local_in_edges_tensor generation:  0.03061079978942871
mini_batch_src_global generation:  0.09702730178833008
r_  generation:  0.9461686611175537
local_output_nid generation:  0.02054595947265625
local_in_edges_tensor generation:  0.029600858688354492
mini_batch_src_global generation:  0.09242677688598633
r_  generation:  0.9460651874542236
local_output_nid generation:  0.02042841911315918
local_in_edges_tensor generation:  0.03405022621154785
mini_batch_src_global generation:  0.09280967712402344
r_  generation:  0.9607269763946533
local_output_nid generation:  0.020355701446533203
local_in_edges_tensor generation:  0.032755136489868164
mini_batch_src_global generation:  0.09174489974975586
r_  generation:  0.9427402019500732
local_output_nid generation:  0.020123720169067383
local_in_edges_tensor generation:  0.03799939155578613
mini_batch_src_global generation:  0.09242987632751465
r_  generation:  0.9535152912139893
local_output_nid generation:  0.020656824111938477
local_in_edges_tensor generation:  0.03794980049133301
mini_batch_src_global generation:  0.0943460464477539
r_  generation:  0.9489686489105225
local_output_nid generation:  0.020328044891357422
local_in_edges_tensor generation:  0.039740800857543945
mini_batch_src_global generation:  0.09174084663391113
r_  generation:  0.9521970748901367
local_output_nid generation:  0.020232200622558594
local_in_edges_tensor generation:  0.03280901908874512
mini_batch_src_global generation:  0.09098076820373535
r_  generation:  0.9510695934295654
local_output_nid generation:  0.020350217819213867
local_in_edges_tensor generation:  0.027202844619750977
mini_batch_src_global generation:  0.09234976768493652
r_  generation:  0.9526798725128174
local_output_nid generation:  0.02012491226196289
local_in_edges_tensor generation:  0.02646780014038086
mini_batch_src_global generation:  0.09160351753234863
r_  generation:  0.9568130970001221
local_output_nid generation:  0.020200252532958984
local_in_edges_tensor generation:  0.061991214752197266
mini_batch_src_global generation:  0.09624004364013672
r_  generation:  0.9591410160064697
local_output_nid generation:  0.020304441452026367
local_in_edges_tensor generation:  0.054624080657958984
mini_batch_src_global generation:  0.09485530853271484
r_  generation:  0.9451892375946045
local_output_nid generation:  0.0202634334564209
local_in_edges_tensor generation:  0.03448987007141113
mini_batch_src_global generation:  0.09278297424316406
r_  generation:  0.9517896175384521
local_output_nid generation:  0.02030205726623535
local_in_edges_tensor generation:  0.0323033332824707
mini_batch_src_global generation:  0.09085726737976074
r_  generation:  0.942249059677124
local_output_nid generation:  0.02022385597229004
local_in_edges_tensor generation:  0.0666496753692627
mini_batch_src_global generation:  0.09053707122802734
r_  generation:  0.9492368698120117
local_output_nid generation:  0.03647613525390625
local_in_edges_tensor generation:  0.05141639709472656
mini_batch_src_global generation:  0.11393070220947266
r_  generation:  0.9491176605224609
local_output_nid generation:  0.024254798889160156
local_in_edges_tensor generation:  0.03595733642578125
mini_batch_src_global generation:  0.0928335189819336
r_  generation:  0.9503648281097412
local_output_nid generation:  0.027800559997558594
local_in_edges_tensor generation:  0.03717637062072754
mini_batch_src_global generation:  0.09163427352905273
r_  generation:  0.970550537109375
local_output_nid generation:  0.021390914916992188
local_in_edges_tensor generation:  0.04082536697387695
mini_batch_src_global generation:  0.09022188186645508
r_  generation:  0.940833330154419
local_output_nid generation:  0.020473957061767578
local_in_edges_tensor generation:  0.03997325897216797
mini_batch_src_global generation:  0.09010577201843262
r_  generation:  0.93269944190979
local_output_nid generation:  0.020376920700073242
local_in_edges_tensor generation:  0.028710126876831055
mini_batch_src_global generation:  0.09221911430358887
r_  generation:  0.9392299652099609
local_output_nid generation:  0.020398616790771484
local_in_edges_tensor generation:  0.03932642936706543
mini_batch_src_global generation:  0.09061479568481445
r_  generation:  0.957618236541748
local_output_nid generation:  0.020159006118774414
local_in_edges_tensor generation:  0.038069963455200195
mini_batch_src_global generation:  0.0947878360748291
r_  generation:  0.9782071113586426
local_output_nid generation:  0.020402193069458008
local_in_edges_tensor generation:  0.03319835662841797
mini_batch_src_global generation:  0.09607315063476562
r_  generation:  0.943115234375
local_output_nid generation:  0.02024221420288086
local_in_edges_tensor generation:  0.0384213924407959
mini_batch_src_global generation:  0.092071533203125
r_  generation:  0.9473350048065186
local_output_nid generation:  0.020386934280395508
local_in_edges_tensor generation:  0.03505516052246094
mini_batch_src_global generation:  0.0931391716003418
r_  generation:  0.9546396732330322
local_output_nid generation:  0.020101547241210938
local_in_edges_tensor generation:  0.027630090713500977
mini_batch_src_global generation:  0.09174680709838867
r_  generation:  0.960092306137085
local_output_nid generation:  0.020090579986572266
local_in_edges_tensor generation:  0.03415727615356445
mini_batch_src_global generation:  0.0939795970916748
r_  generation:  0.9397106170654297
local_output_nid generation:  0.020430803298950195
local_in_edges_tensor generation:  0.03310513496398926
mini_batch_src_global generation:  0.09202432632446289
r_  generation:  0.9565532207489014
local_output_nid generation:  0.02014780044555664
local_in_edges_tensor generation:  0.02821207046508789
mini_batch_src_global generation:  0.10299181938171387
r_  generation:  0.9667403697967529
local_output_nid generation:  0.020205020904541016
local_in_edges_tensor generation:  0.05821490287780762
mini_batch_src_global generation:  0.09085249900817871
r_  generation:  0.9632527828216553
local_output_nid generation:  0.02036285400390625
local_in_edges_tensor generation:  0.04943704605102539
mini_batch_src_global generation:  0.09407472610473633
r_  generation:  0.9683256149291992
local_output_nid generation:  0.020017147064208984
local_in_edges_tensor generation:  0.043143510818481445
mini_batch_src_global generation:  0.09203934669494629
r_  generation:  0.963153600692749
local_output_nid generation:  0.020392894744873047
local_in_edges_tensor generation:  0.06426143646240234
mini_batch_src_global generation:  0.09603285789489746
r_  generation:  0.9746277332305908
local_output_nid generation:  0.03073263168334961
local_in_edges_tensor generation:  0.04077720642089844
mini_batch_src_global generation:  0.09074783325195312
r_  generation:  0.9564332962036133
local_output_nid generation:  0.026126861572265625
local_in_edges_tensor generation:  0.04090142250061035
mini_batch_src_global generation:  0.09029746055603027
r_  generation:  0.9599077701568604
local_output_nid generation:  0.028328657150268555
local_in_edges_tensor generation:  0.0434718132019043
mini_batch_src_global generation:  0.09221768379211426
r_  generation:  0.9627048969268799
local_output_nid generation:  0.021145343780517578
local_in_edges_tensor generation:  0.03623080253601074
mini_batch_src_global generation:  0.09085273742675781
r_  generation:  0.9447033405303955
local_output_nid generation:  0.020720720291137695
local_in_edges_tensor generation:  0.03556060791015625
mini_batch_src_global generation:  0.0916597843170166
r_  generation:  0.9629483222961426
local_output_nid generation:  0.02038288116455078
local_in_edges_tensor generation:  0.034726619720458984
mini_batch_src_global generation:  0.09044003486633301
r_  generation:  0.9366893768310547
local_output_nid generation:  0.02041912078857422
local_in_edges_tensor generation:  0.038912296295166016
mini_batch_src_global generation:  0.09105086326599121
r_  generation:  0.957996129989624
local_output_nid generation:  0.020341157913208008
local_in_edges_tensor generation:  0.038315773010253906
mini_batch_src_global generation:  0.0945589542388916
r_  generation:  0.9547410011291504
local_output_nid generation:  0.020278215408325195
local_in_edges_tensor generation:  0.042197465896606445
mini_batch_src_global generation:  0.0902552604675293
r_  generation:  0.9639863967895508
local_output_nid generation:  0.020312786102294922
local_in_edges_tensor generation:  0.032137393951416016
mini_batch_src_global generation:  0.09075927734375
r_  generation:  0.9635770320892334
local_output_nid generation:  0.020382165908813477
local_in_edges_tensor generation:  0.03806591033935547
mini_batch_src_global generation:  0.09189152717590332
r_  generation:  0.9566521644592285
local_output_nid generation:  0.020267009735107422
local_in_edges_tensor generation:  0.02710270881652832
mini_batch_src_global generation:  0.09146547317504883
r_  generation:  0.9604103565216064
local_output_nid generation:  0.020223617553710938
local_in_edges_tensor generation:  0.027191877365112305
mini_batch_src_global generation:  0.09271597862243652
r_  generation:  0.9491562843322754
local_output_nid generation:  0.020341157913208008
local_in_edges_tensor generation:  0.03452754020690918
mini_batch_src_global generation:  0.09149003028869629
r_  generation:  0.9565865993499756
local_output_nid generation:  0.019932031631469727
local_in_edges_tensor generation:  0.03429913520812988
mini_batch_src_global generation:  0.09337997436523438
r_  generation:  0.954648494720459
local_output_nid generation:  0.02025747299194336
local_in_edges_tensor generation:  0.05885577201843262
mini_batch_src_global generation:  0.09267735481262207
r_  generation:  0.9506051540374756
local_output_nid generation:  0.020233631134033203
local_in_edges_tensor generation:  0.0485687255859375
mini_batch_src_global generation:  0.09242820739746094
r_  generation:  0.9612991809844971
local_output_nid generation:  0.020452260971069336
local_in_edges_tensor generation:  0.043511390686035156
mini_batch_src_global generation:  0.09226012229919434
r_  generation:  0.9429094791412354
local_output_nid generation:  0.0203249454498291
local_in_edges_tensor generation:  0.058785200119018555
mini_batch_src_global generation:  0.0914602279663086
r_  generation:  0.9830749034881592
local_output_nid generation:  0.030818700790405273
local_in_edges_tensor generation:  0.05098843574523926
mini_batch_src_global generation:  0.09150576591491699
r_  generation:  0.9456539154052734
local_output_nid generation:  0.02644038200378418
local_in_edges_tensor generation:  0.04060220718383789
mini_batch_src_global generation:  0.09234237670898438
r_  generation:  0.9713394641876221
local_output_nid generation:  0.028187036514282227
local_in_edges_tensor generation:  0.03260302543640137
mini_batch_src_global generation:  0.09132671356201172
r_  generation:  0.9522562026977539
local_output_nid generation:  0.021328449249267578
local_in_edges_tensor generation:  0.03892636299133301
mini_batch_src_global generation:  0.09151935577392578
r_  generation:  0.9443521499633789
local_output_nid generation:  0.02071094512939453
local_in_edges_tensor generation:  0.03538918495178223
mini_batch_src_global generation:  0.09346485137939453
r_  generation:  0.9486889839172363
local_output_nid generation:  0.020330429077148438
local_in_edges_tensor generation:  0.039067745208740234
mini_batch_src_global generation:  0.09046387672424316
r_  generation:  0.9806828498840332
local_output_nid generation:  0.020589113235473633
local_in_edges_tensor generation:  0.034454345703125
mini_batch_src_global generation:  0.09127497673034668
r_  generation:  0.9502019882202148
local_output_nid generation:  0.020444631576538086
local_in_edges_tensor generation:  0.03445720672607422
mini_batch_src_global generation:  0.09593558311462402
r_  generation:  0.9865050315856934
local_output_nid generation:  0.020346403121948242
local_in_edges_tensor generation:  0.03045368194580078
mini_batch_src_global generation:  0.09269428253173828
r_  generation:  0.9742522239685059
local_output_nid generation:  0.020227432250976562
local_in_edges_tensor generation:  0.035199642181396484
mini_batch_src_global generation:  0.0921170711517334
r_  generation:  0.9790911674499512
local_output_nid generation:  0.020451068878173828
local_in_edges_tensor generation:  0.03312563896179199
mini_batch_src_global generation:  0.09360599517822266
r_  generation:  0.9758963584899902
local_output_nid generation:  0.0201113224029541
local_in_edges_tensor generation:  0.03209972381591797
mini_batch_src_global generation:  0.09064793586730957
r_  generation:  0.9544775485992432
local_output_nid generation:  0.020177602767944336
local_in_edges_tensor generation:  0.027637004852294922
mini_batch_src_global generation:  0.09307742118835449
r_  generation:  0.9632971286773682
local_output_nid generation:  0.0202023983001709
local_in_edges_tensor generation:  0.034623146057128906
mini_batch_src_global generation:  0.09701395034790039
r_  generation:  0.9707629680633545
local_output_nid generation:  0.020439624786376953
local_in_edges_tensor generation:  0.040564537048339844
mini_batch_src_global generation:  0.09554386138916016
r_  generation:  0.975595235824585
local_output_nid generation:  0.02039790153503418
local_in_edges_tensor generation:  0.04122161865234375
mini_batch_src_global generation:  0.0962057113647461
r_  generation:  0.9808721542358398
local_output_nid generation:  0.02030491828918457
local_in_edges_tensor generation:  0.05874466896057129
mini_batch_src_global generation:  0.09387516975402832
r_  generation:  0.9818158149719238
local_output_nid generation:  0.020300865173339844
local_in_edges_tensor generation:  0.0415346622467041
mini_batch_src_global generation:  0.09141707420349121
r_  generation:  0.984175443649292
local_output_nid generation:  0.020570993423461914
local_in_edges_tensor generation:  0.049870967864990234
mini_batch_src_global generation:  0.0959312915802002
r_  generation:  0.9661486148834229
local_output_nid generation:  0.01848745346069336
local_in_edges_tensor generation:  0.0505216121673584
mini_batch_src_global generation:  0.08910346031188965
r_  generation:  0.908130407333374
----------------------check_connections_block total spend ----------------------------- 166.49820685386658
generate_one_block  1.7044939994812012
generate_one_block  1.0691263675689697
generate_one_block  1.0371479988098145
generate_one_block  1.0313236713409424
generate_one_block  1.022688627243042
generate_one_block  1.047450304031372
generate_one_block  1.026935338973999
generate_one_block  1.044154167175293
generate_one_block  1.0308725833892822
generate_one_block  1.019355058670044
generate_one_block  1.0352227687835693
generate_one_block  1.0197079181671143
generate_one_block  1.0202202796936035
generate_one_block  1.0361416339874268
generate_one_block  1.025463581085205
generate_one_block  1.0233757495880127
generate_one_block  1.0357301235198975
generate_one_block  1.0332036018371582
generate_one_block  1.0410094261169434
generate_one_block  1.0346784591674805
generate_one_block  1.0353295803070068
generate_one_block  1.02474045753479
generate_one_block  1.0369412899017334
generate_one_block  1.041032314300537
generate_one_block  1.0630793571472168
generate_one_block  1.0794949531555176
generate_one_block  1.141136884689331
generate_one_block  1.1017155647277832
generate_one_block  1.0818631649017334
generate_one_block  1.0989747047424316
generate_one_block  1.0635182857513428
generate_one_block  1.0524144172668457
generate_one_block  1.0327515602111816
generate_one_block  1.0423274040222168
generate_one_block  1.0294368267059326
generate_one_block  1.0298292636871338
generate_one_block  1.0157241821289062
generate_one_block  1.043968677520752
generate_one_block  1.0147976875305176
generate_one_block  1.0462334156036377
generate_one_block  1.0369179248809814
generate_one_block  1.0281779766082764
generate_one_block  1.0293645858764648
generate_one_block  1.0329830646514893
generate_one_block  1.0326182842254639
generate_one_block  1.021080493927002
generate_one_block  1.0213816165924072
generate_one_block  1.0351474285125732
generate_one_block  1.0469372272491455
generate_one_block  1.0208191871643066
generate_one_block  1.0361554622650146
generate_one_block  1.0322251319885254
generate_one_block  1.0557847023010254
generate_one_block  1.0561015605926514
generate_one_block  1.1103589534759521
generate_one_block  1.4321362972259521
generate_one_block  1.0535788536071777
generate_one_block  1.0406606197357178
generate_one_block  1.0428180694580078
generate_one_block  1.0372552871704102
generate_one_block  1.030146598815918
generate_one_block  1.0521934032440186
generate_one_block  1.062347173690796
generate_one_block  1.4008150100708008
generate_one_block  1.1480414867401123
generate_one_block  1.0798017978668213
generate_one_block  1.0378780364990234
generate_one_block  1.0444798469543457
generate_one_block  1.045915126800537
generate_one_block  1.0687086582183838
generate_one_block  1.0562543869018555
generate_one_block  1.3037526607513428
generate_one_block  1.223769187927246
generate_one_block  1.0395898818969727
generate_one_block  1.0443320274353027
generate_one_block  1.0240161418914795
generate_one_block  1.0414364337921143
generate_one_block  1.0348460674285889
generate_one_block  1.057966709136963
generate_one_block  1.0348114967346191
generate_one_block  1.0382394790649414
generate_one_block  1.034679651260376
generate_one_block  1.0351147651672363
generate_one_block  1.0605757236480713
generate_one_block  1.0357885360717773
generate_one_block  1.045658826828003
generate_one_block  1.0512595176696777
generate_one_block  1.114509105682373
generate_one_block  1.2020249366760254
generate_one_block  1.2085497379302979
generate_one_block  1.0589344501495361
generate_one_block  1.070699691772461
generate_one_block  1.0290660858154297
generate_one_block  1.0411198139190674
generate_one_block  1.0432155132293701
generate_one_block  1.0502424240112305
generate_one_block  1.0435032844543457
generate_one_block  1.0387706756591797
generate_one_block  1.0353951454162598
generate_one_block  1.0431697368621826
generate_one_block  1.0404188632965088
generate_one_block  1.0390434265136719
generate_one_block  1.0375361442565918
generate_one_block  1.0176541805267334
generate_one_block  1.329101324081421
generate_one_block  1.0477356910705566
generate_one_block  1.034125804901123
generate_one_block  1.0461573600769043
generate_one_block  1.0421597957611084
generate_one_block  1.0456352233886719
generate_one_block  1.0409395694732666
generate_one_block  1.0388984680175781
generate_one_block  1.0373961925506592
generate_one_block  1.0423507690429688
generate_one_block  1.0488369464874268
generate_one_block  1.0744335651397705
generate_one_block  1.0320966243743896
generate_one_block  1.0847058296203613
generate_one_block  1.1470978260040283
generate_one_block  1.102208137512207
generate_one_block  1.1491823196411133
generate_one_block  1.1458964347839355
generate_one_block  1.065307378768921
generate_one_block  1.0559158325195312
generate_one_block  1.0711307525634766
generate_one_block  1.0396223068237305
generate_one_block  1.0519626140594482
generate_one_block  0.9537081718444824
The real block id is  0
get_global_graph_edges_ids_block function  spend 2.110089063644409
gen group dst list time:  2.807708740234375
time for parepare:  0.4743821620941162
local_output_nid generation:  0.2479703426361084
local_in_edges_tensor generation:  0.6103804111480713
mini_batch_src_global generation:  0.5034666061401367
r_  generation:  6.203547954559326
local_output_nid generation:  0.27367162704467773
local_in_edges_tensor generation:  0.48781466484069824
mini_batch_src_global generation:  0.719672679901123
r_  generation:  6.448559045791626
local_output_nid generation:  0.277362585067749
local_in_edges_tensor generation:  0.6154005527496338
mini_batch_src_global generation:  0.6127674579620361
r_  generation:  6.511590957641602
local_output_nid generation:  0.2364187240600586
local_in_edges_tensor generation:  0.4890005588531494
mini_batch_src_global generation:  0.7076547145843506
r_  generation:  7.154735803604126
local_output_nid generation:  0.27663612365722656
local_in_edges_tensor generation:  0.7213513851165771
mini_batch_src_global generation:  0.675832986831665
r_  generation:  7.10105037689209
local_output_nid generation:  0.2602224349975586
local_in_edges_tensor generation:  0.6048462390899658
mini_batch_src_global generation:  0.6619584560394287
r_  generation:  6.7102439403533936
local_output_nid generation:  0.251863956451416
local_in_edges_tensor generation:  0.4851565361022949
mini_batch_src_global generation:  0.6616799831390381
r_  generation:  6.957306861877441
local_output_nid generation:  0.25066208839416504
local_in_edges_tensor generation:  0.5946106910705566
mini_batch_src_global generation:  0.6651484966278076
r_  generation:  6.7514848709106445
local_output_nid generation:  0.23759818077087402
local_in_edges_tensor generation:  0.4805905818939209
mini_batch_src_global generation:  0.6707034111022949
r_  generation:  6.754063606262207
local_output_nid generation:  0.26599860191345215
local_in_edges_tensor generation:  0.4808964729309082
mini_batch_src_global generation:  0.659491777420044
r_  generation:  6.717779874801636
local_output_nid generation:  0.23772144317626953
local_in_edges_tensor generation:  0.4834015369415283
mini_batch_src_global generation:  0.6987757682800293
r_  generation:  6.95267653465271
local_output_nid generation:  0.24499893188476562
local_in_edges_tensor generation:  0.58701491355896
mini_batch_src_global generation:  0.6607096195220947
r_  generation:  6.639670372009277
local_output_nid generation:  0.23723101615905762
local_in_edges_tensor generation:  0.47896885871887207
mini_batch_src_global generation:  0.6772432327270508
r_  generation:  6.762537956237793
local_output_nid generation:  0.26607227325439453
local_in_edges_tensor generation:  0.48277783393859863
mini_batch_src_global generation:  0.6637008190155029
r_  generation:  6.73253059387207
local_output_nid generation:  0.23888850212097168
local_in_edges_tensor generation:  0.4769103527069092
mini_batch_src_global generation:  0.6850559711456299
r_  generation:  6.965505599975586
local_output_nid generation:  0.23897385597229004
local_in_edges_tensor generation:  0.5937776565551758
mini_batch_src_global generation:  0.6618139743804932
r_  generation:  6.7173004150390625
local_output_nid generation:  0.24674105644226074
local_in_edges_tensor generation:  0.4821288585662842
mini_batch_src_global generation:  0.6682236194610596
r_  generation:  6.882944345474243
local_output_nid generation:  0.2656121253967285
local_in_edges_tensor generation:  0.4824986457824707
mini_batch_src_global generation:  0.6742839813232422
r_  generation:  6.760188817977905
local_output_nid generation:  0.24133944511413574
local_in_edges_tensor generation:  0.4846506118774414
mini_batch_src_global generation:  0.6724944114685059
r_  generation:  7.104585409164429
local_output_nid generation:  0.23862957954406738
local_in_edges_tensor generation:  0.560136079788208
mini_batch_src_global generation:  0.6714272499084473
r_  generation:  6.806395530700684
local_output_nid generation:  0.24806737899780273
local_in_edges_tensor generation:  0.5192892551422119
mini_batch_src_global generation:  0.6607873439788818
r_  generation:  6.784212112426758
local_output_nid generation:  0.2648603916168213
local_in_edges_tensor generation:  0.48254847526550293
mini_batch_src_global generation:  0.6611888408660889
r_  generation:  6.7915918827056885
local_output_nid generation:  0.23811101913452148
local_in_edges_tensor generation:  0.47838306427001953
mini_batch_src_global generation:  0.6648910045623779
r_  generation:  6.882234811782837
local_output_nid generation:  0.23924756050109863
local_in_edges_tensor generation:  0.480694055557251
mini_batch_src_global generation:  0.7388424873352051
r_  generation:  6.8171069622039795
local_output_nid generation:  0.24686193466186523
local_in_edges_tensor generation:  0.5900540351867676
mini_batch_src_global generation:  0.662034273147583
r_  generation:  6.813007116317749
local_output_nid generation:  0.24474334716796875
local_in_edges_tensor generation:  0.49405503273010254
mini_batch_src_global generation:  0.6780891418457031
r_  generation:  6.764220476150513
local_output_nid generation:  0.25121021270751953
local_in_edges_tensor generation:  0.4817051887512207
mini_batch_src_global generation:  0.6613614559173584
r_  generation:  6.7438859939575195
local_output_nid generation:  0.2401573657989502
local_in_edges_tensor generation:  0.4821622371673584
mini_batch_src_global generation:  0.6785435676574707
r_  generation:  7.031747102737427
local_output_nid generation:  0.2513887882232666
local_in_edges_tensor generation:  0.5901997089385986
mini_batch_src_global generation:  0.6629898548126221
r_  generation:  6.744400262832642
local_output_nid generation:  0.23909473419189453
local_in_edges_tensor generation:  0.48953986167907715
mini_batch_src_global generation:  0.6623942852020264
r_  generation:  6.811442852020264
local_output_nid generation:  0.2500450611114502
local_in_edges_tensor generation:  0.47966647148132324
mini_batch_src_global generation:  0.6607420444488525
r_  generation:  6.725743055343628
local_output_nid generation:  0.23981451988220215
local_in_edges_tensor generation:  0.4873311519622803
mini_batch_src_global generation:  0.6770532131195068
r_  generation:  7.002612113952637
local_output_nid generation:  0.24719953536987305
local_in_edges_tensor generation:  0.5968413352966309
mini_batch_src_global generation:  0.6639785766601562
r_  generation:  6.682210206985474
local_output_nid generation:  0.2497255802154541
local_in_edges_tensor generation:  0.48693013191223145
mini_batch_src_global generation:  0.6646959781646729
r_  generation:  6.792033910751343
local_output_nid generation:  0.264162540435791
local_in_edges_tensor generation:  0.48068857192993164
mini_batch_src_global generation:  0.7664015293121338
r_  generation:  7.419198989868164
local_output_nid generation:  0.28229498863220215
local_in_edges_tensor generation:  0.5992202758789062
mini_batch_src_global generation:  0.699857234954834
r_  generation:  7.304348945617676
local_output_nid generation:  0.24964213371276855
local_in_edges_tensor generation:  0.5932056903839111
mini_batch_src_global generation:  0.6730799674987793
r_  generation:  6.810763597488403
local_output_nid generation:  0.26709961891174316
local_in_edges_tensor generation:  0.48624420166015625
mini_batch_src_global generation:  0.6614494323730469
r_  generation:  6.6939122676849365
local_output_nid generation:  0.2452247142791748
local_in_edges_tensor generation:  0.47586894035339355
mini_batch_src_global generation:  0.6902647018432617
r_  generation:  6.8821635246276855
local_output_nid generation:  0.2489464282989502
local_in_edges_tensor generation:  0.5903208255767822
mini_batch_src_global generation:  0.6581063270568848
r_  generation:  6.732226371765137
local_output_nid generation:  0.23867344856262207
local_in_edges_tensor generation:  0.4931066036224365
mini_batch_src_global generation:  0.6699163913726807
r_  generation:  6.772590160369873
local_output_nid generation:  0.25164175033569336
local_in_edges_tensor generation:  0.48092007637023926
mini_batch_src_global generation:  0.6603755950927734
r_  generation:  6.781213998794556
local_output_nid generation:  0.24172377586364746
local_in_edges_tensor generation:  0.4815554618835449
mini_batch_src_global generation:  0.6751482486724854
r_  generation:  6.899141550064087
local_output_nid generation:  0.2519714832305908
local_in_edges_tensor generation:  0.5976884365081787
mini_batch_src_global generation:  0.6709792613983154
r_  generation:  6.766517162322998
local_output_nid generation:  0.23992562294006348
local_in_edges_tensor generation:  0.49353575706481934
mini_batch_src_global generation:  0.6695444583892822
r_  generation:  6.783550500869751
local_output_nid generation:  0.2635462284088135
local_in_edges_tensor generation:  0.47844433784484863
mini_batch_src_global generation:  0.6581811904907227
r_  generation:  6.723000764846802
local_output_nid generation:  0.2451934814453125
local_in_edges_tensor generation:  0.4890267848968506
mini_batch_src_global generation:  0.6794414520263672
r_  generation:  6.955397367477417
local_output_nid generation:  0.2518322467803955
local_in_edges_tensor generation:  0.5953915119171143
mini_batch_src_global generation:  0.6735939979553223
r_  generation:  6.745767831802368
local_output_nid generation:  0.2534749507904053
local_in_edges_tensor generation:  0.49204397201538086
mini_batch_src_global generation:  0.6772751808166504
r_  generation:  6.814260005950928
local_output_nid generation:  0.25365567207336426
local_in_edges_tensor generation:  0.48281383514404297
mini_batch_src_global generation:  0.6662349700927734
r_  generation:  6.780888319015503
local_output_nid generation:  0.24220919609069824
local_in_edges_tensor generation:  0.48416733741760254
mini_batch_src_global generation:  0.6771163940429688
r_  generation:  6.932389497756958
local_output_nid generation:  0.2499692440032959
local_in_edges_tensor generation:  0.5982377529144287
mini_batch_src_global generation:  0.6656882762908936
r_  generation:  6.762281894683838
local_output_nid generation:  0.23807358741760254
local_in_edges_tensor generation:  0.4863393306732178
mini_batch_src_global generation:  0.667269229888916
r_  generation:  6.806593418121338
local_output_nid generation:  0.25268006324768066
local_in_edges_tensor generation:  0.4821350574493408
mini_batch_src_global generation:  0.7499380111694336
r_  generation:  7.364591836929321
local_output_nid generation:  0.28067731857299805
local_in_edges_tensor generation:  0.6148362159729004
mini_batch_src_global generation:  0.7028791904449463
r_  generation:  6.959635257720947
local_output_nid generation:  0.2414243221282959
local_in_edges_tensor generation:  0.4843120574951172
mini_batch_src_global generation:  0.7586252689361572
r_  generation:  6.862496614456177
local_output_nid generation:  0.2812018394470215
local_in_edges_tensor generation:  0.6088941097259521
mini_batch_src_global generation:  0.6637187004089355
r_  generation:  6.764094114303589
local_output_nid generation:  0.2392117977142334
local_in_edges_tensor generation:  0.47945523262023926
mini_batch_src_global generation:  0.695408821105957
r_  generation:  6.849850654602051
local_output_nid generation:  0.2417762279510498
local_in_edges_tensor generation:  0.4893503189086914
mini_batch_src_global generation:  0.7395968437194824
r_  generation:  6.872246742248535
local_output_nid generation:  0.2500498294830322
local_in_edges_tensor generation:  0.5925359725952148
mini_batch_src_global generation:  0.6601221561431885
r_  generation:  6.891162157058716
local_output_nid generation:  0.2671387195587158
local_in_edges_tensor generation:  0.4857192039489746
mini_batch_src_global generation:  0.7565412521362305
r_  generation:  7.41047477722168
local_output_nid generation:  0.2922182083129883
local_in_edges_tensor generation:  0.6008450984954834
mini_batch_src_global generation:  0.7163610458374023
r_  generation:  6.91887354850769
local_output_nid generation:  0.24497365951538086
local_in_edges_tensor generation:  0.4830055236816406
mini_batch_src_global generation:  0.7340118885040283
r_  generation:  6.960332870483398
local_output_nid generation:  0.2793464660644531
local_in_edges_tensor generation:  0.6004602909088135
mini_batch_src_global generation:  0.6638278961181641
r_  generation:  6.815107345581055
local_output_nid generation:  0.23881936073303223
local_in_edges_tensor generation:  0.4782419204711914
mini_batch_src_global generation:  0.6693389415740967
r_  generation:  6.961243391036987
local_output_nid generation:  0.23839640617370605
local_in_edges_tensor generation:  0.47737956047058105
mini_batch_src_global generation:  0.6722934246063232
r_  generation:  6.85851526260376
local_output_nid generation:  0.2489335536956787
local_in_edges_tensor generation:  0.5890984535217285
mini_batch_src_global generation:  0.6593406200408936
r_  generation:  6.81118106842041
local_output_nid generation:  0.2650489807128906
local_in_edges_tensor generation:  0.48273730278015137
mini_batch_src_global generation:  0.6592071056365967
r_  generation:  6.6998937129974365
local_output_nid generation:  0.2376554012298584
local_in_edges_tensor generation:  0.4776606559753418
mini_batch_src_global generation:  0.6642248630523682
r_  generation:  6.773685693740845
local_output_nid generation:  0.2452678680419922
local_in_edges_tensor generation:  0.48441100120544434
mini_batch_src_global generation:  0.6743054389953613
r_  generation:  6.950835943222046
local_output_nid generation:  0.25034117698669434
local_in_edges_tensor generation:  0.5931074619293213
mini_batch_src_global generation:  0.6669235229492188
r_  generation:  6.7823710441589355
local_output_nid generation:  0.26703691482543945
local_in_edges_tensor generation:  0.48821377754211426
mini_batch_src_global generation:  0.6731438636779785
r_  generation:  6.764788389205933
local_output_nid generation:  0.2384488582611084
local_in_edges_tensor generation:  0.47504472732543945
mini_batch_src_global generation:  0.6975021362304688
r_  generation:  6.814565181732178
local_output_nid generation:  0.2374112606048584
local_in_edges_tensor generation:  3.436108112335205
mini_batch_src_global generation:  0.7271006107330322
r_  generation:  6.696213722229004
local_output_nid generation:  0.2474203109741211
local_in_edges_tensor generation:  0.5869491100311279
mini_batch_src_global generation:  0.6599664688110352
r_  generation:  6.686017751693726
local_output_nid generation:  0.26891398429870605
local_in_edges_tensor generation:  0.48409152030944824
mini_batch_src_global generation:  0.6665449142456055
r_  generation:  6.74657940864563
local_output_nid generation:  0.24078059196472168
local_in_edges_tensor generation:  0.4800145626068115
mini_batch_src_global generation:  0.6951408386230469
r_  generation:  6.79543137550354
local_output_nid generation:  0.2369840145111084
local_in_edges_tensor generation:  0.4795801639556885
mini_batch_src_global generation:  0.7292838096618652
r_  generation:  6.789314031600952
local_output_nid generation:  0.24887824058532715
local_in_edges_tensor generation:  0.5897059440612793
mini_batch_src_global generation:  0.6621091365814209
r_  generation:  6.7637012004852295
local_output_nid generation:  0.26680803298950195
local_in_edges_tensor generation:  0.47953176498413086
mini_batch_src_global generation:  0.6608514785766602
r_  generation:  6.780147552490234
local_output_nid generation:  0.23866987228393555
local_in_edges_tensor generation:  0.4763178825378418
mini_batch_src_global generation:  0.6879026889801025
r_  generation:  6.8538243770599365
local_output_nid generation:  0.2388296127319336
local_in_edges_tensor generation:  0.4838705062866211
mini_batch_src_global generation:  0.7133727073669434
r_  generation:  6.750035762786865
local_output_nid generation:  0.24738740921020508
local_in_edges_tensor generation:  0.5796637535095215
mini_batch_src_global generation:  0.6580729484558105
r_  generation:  6.733600378036499
local_output_nid generation:  0.268383264541626
local_in_edges_tensor generation:  0.4827916622161865
mini_batch_src_global generation:  0.6628329753875732
r_  generation:  6.914605140686035
local_output_nid generation:  0.24062371253967285
local_in_edges_tensor generation:  0.4835224151611328
mini_batch_src_global generation:  0.6880393028259277
r_  generation:  6.950876712799072
local_output_nid generation:  0.23588943481445312
local_in_edges_tensor generation:  0.5912678241729736
mini_batch_src_global generation:  0.662846565246582
r_  generation:  6.736381769180298
local_output_nid generation:  0.2504150867462158
local_in_edges_tensor generation:  0.49468302726745605
mini_batch_src_global generation:  0.6630120277404785
r_  generation:  6.806922674179077
local_output_nid generation:  0.2644691467285156
local_in_edges_tensor generation:  0.47744131088256836
mini_batch_src_global generation:  0.654808521270752
r_  generation:  6.849570274353027
local_output_nid generation:  0.23904705047607422
local_in_edges_tensor generation:  0.48392415046691895
mini_batch_src_global generation:  0.6722173690795898
r_  generation:  6.950270414352417
local_output_nid generation:  0.24752163887023926
local_in_edges_tensor generation:  0.5870354175567627
mini_batch_src_global generation:  0.6593592166900635
r_  generation:  6.704083681106567
local_output_nid generation:  0.2359623908996582
local_in_edges_tensor generation:  0.48607969284057617
mini_batch_src_global generation:  0.668698787689209
r_  generation:  6.645876169204712
local_output_nid generation:  0.2538411617279053
local_in_edges_tensor generation:  0.48241353034973145
mini_batch_src_global generation:  0.6651368141174316
r_  generation:  6.842428207397461
local_output_nid generation:  0.23804283142089844
local_in_edges_tensor generation:  0.4764997959136963
mini_batch_src_global generation:  0.6696066856384277
r_  generation:  6.8964104652404785
local_output_nid generation:  0.25034022331237793
local_in_edges_tensor generation:  0.5943703651428223
mini_batch_src_global generation:  0.6740279197692871
r_  generation:  6.7550694942474365
local_output_nid generation:  0.23537182807922363
local_in_edges_tensor generation:  0.4785630702972412
mini_batch_src_global generation:  0.6922378540039062
r_  generation:  6.665613889694214
local_output_nid generation:  0.2526676654815674
local_in_edges_tensor generation:  0.4852023124694824
mini_batch_src_global generation:  0.6650969982147217
r_  generation:  6.880013704299927
local_output_nid generation:  0.24274444580078125
local_in_edges_tensor generation:  0.47591161727905273
mini_batch_src_global generation:  0.6707785129547119
r_  generation:  6.927686929702759
local_output_nid generation:  0.24890446662902832
local_in_edges_tensor generation:  0.596595048904419
mini_batch_src_global generation:  0.6635990142822266
r_  generation:  6.90967583656311
local_output_nid generation:  0.2657294273376465
local_in_edges_tensor generation:  0.4822523593902588
mini_batch_src_global generation:  0.6644845008850098
r_  generation:  6.696055889129639
local_output_nid generation:  0.23842382431030273
local_in_edges_tensor generation:  0.48368167877197266
mini_batch_src_global generation:  0.7506637573242188
r_  generation:  6.8100810050964355
local_output_nid generation:  0.2385411262512207
local_in_edges_tensor generation:  0.47879481315612793
mini_batch_src_global generation:  0.6717245578765869
r_  generation:  6.870835781097412
local_output_nid generation:  0.250011682510376
local_in_edges_tensor generation:  0.5909063816070557
mini_batch_src_global generation:  0.6611583232879639
r_  generation:  6.8306725025177
local_output_nid generation:  0.27599239349365234
local_in_edges_tensor generation:  0.48057126998901367
mini_batch_src_global generation:  0.6641557216644287
r_  generation:  6.748480796813965
local_output_nid generation:  0.2382488250732422
local_in_edges_tensor generation:  0.47468996047973633
mini_batch_src_global generation:  0.6891860961914062
r_  generation:  6.740506887435913
local_output_nid generation:  0.2352447509765625
local_in_edges_tensor generation:  0.4749584197998047
mini_batch_src_global generation:  0.7009570598602295
r_  generation:  6.738596677780151
local_output_nid generation:  0.2505347728729248
local_in_edges_tensor generation:  0.5959584712982178
mini_batch_src_global generation:  0.6690278053283691
r_  generation:  6.875013589859009
local_output_nid generation:  0.2671666145324707
local_in_edges_tensor generation:  0.48107409477233887
mini_batch_src_global generation:  0.6714205741882324
r_  generation:  6.793761730194092
local_output_nid generation:  0.24318456649780273
local_in_edges_tensor generation:  0.4859781265258789
mini_batch_src_global generation:  0.693953275680542
r_  generation:  6.985689401626587
local_output_nid generation:  0.2401883602142334
local_in_edges_tensor generation:  0.4762539863586426
mini_batch_src_global generation:  0.7341065406799316
r_  generation:  6.80565333366394
local_output_nid generation:  0.24782729148864746
local_in_edges_tensor generation:  0.5995957851409912
mini_batch_src_global generation:  0.6560475826263428
r_  generation:  6.7208945751190186
local_output_nid generation:  0.2684042453765869
local_in_edges_tensor generation:  0.484513521194458
mini_batch_src_global generation:  0.6723384857177734
r_  generation:  6.867465257644653
local_output_nid generation:  0.2401869297027588
local_in_edges_tensor generation:  0.48311328887939453
mini_batch_src_global generation:  0.6769723892211914
r_  generation:  6.915014266967773
local_output_nid generation:  0.2387096881866455
local_in_edges_tensor generation:  0.5889451503753662
mini_batch_src_global generation:  0.6699779033660889
r_  generation:  6.699537038803101
local_output_nid generation:  0.24985146522521973
local_in_edges_tensor generation:  0.4914586544036865
mini_batch_src_global generation:  0.6744499206542969
r_  generation:  6.736551761627197
local_output_nid generation:  0.25300145149230957
local_in_edges_tensor generation:  0.47940921783447266
mini_batch_src_global generation:  0.6700494289398193
r_  generation:  6.820596694946289
local_output_nid generation:  0.24123001098632812
local_in_edges_tensor generation:  0.4885671138763428
mini_batch_src_global generation:  0.6786942481994629
r_  generation:  7.022906064987183
local_output_nid generation:  0.24883222579956055
local_in_edges_tensor generation:  0.5913138389587402
mini_batch_src_global generation:  0.6701045036315918
r_  generation:  6.748392105102539
local_output_nid generation:  0.24374103546142578
local_in_edges_tensor generation:  0.48122525215148926
mini_batch_src_global generation:  0.6959686279296875
r_  generation:  6.797551870346069
local_output_nid generation:  0.2517282962799072
local_in_edges_tensor generation:  0.478147029876709
mini_batch_src_global generation:  0.6735398769378662
r_  generation:  6.799344301223755
local_output_nid generation:  0.24425625801086426
local_in_edges_tensor generation:  0.48073673248291016
mini_batch_src_global generation:  0.6702239513397217
r_  generation:  6.925554275512695
local_output_nid generation:  0.24772310256958008
local_in_edges_tensor generation:  0.586395263671875
mini_batch_src_global generation:  0.6701242923736572
r_  generation:  6.711116552352905
local_output_nid generation:  0.270230770111084
local_in_edges_tensor generation:  0.49628448486328125
mini_batch_src_global generation:  0.6713345050811768
r_  generation:  6.774608612060547
local_output_nid generation:  0.2532494068145752
local_in_edges_tensor generation:  0.48311376571655273
mini_batch_src_global generation:  0.7000372409820557
r_  generation:  6.826900005340576
local_output_nid generation:  0.23965048789978027
local_in_edges_tensor generation:  0.4789297580718994
mini_batch_src_global generation:  0.6673338413238525
r_  generation:  6.92113995552063
local_output_nid generation:  0.2514355182647705
local_in_edges_tensor generation:  0.5939838886260986
mini_batch_src_global generation:  0.6696224212646484
r_  generation:  6.881503105163574
local_output_nid generation:  0.265697717666626
local_in_edges_tensor generation:  0.49683713912963867
mini_batch_src_global generation:  0.6608357429504395
r_  generation:  6.774025201797485
local_output_nid generation:  0.2415752410888672
local_in_edges_tensor generation:  0.48471593856811523
mini_batch_src_global generation:  0.7064409255981445
r_  generation:  6.887273788452148
local_output_nid generation:  0.22455239295959473
local_in_edges_tensor generation:  0.45445752143859863
mini_batch_src_global generation:  0.6385185718536377
r_  generation:  6.518893480300903
----------------------check_connections_block total spend ----------------------------- 1216.1813011169434
generate_one_block  9.084855079650879
generate_one_block  9.027912855148315
generate_one_block  8.805217742919922
generate_one_block  8.750607013702393
generate_one_block  8.623759508132935
generate_one_block  9.11802887916565
generate_one_block  8.814204931259155
generate_one_block  8.834575891494751
generate_one_block  9.79127287864685
generate_one_block  9.100218534469604
generate_one_block  8.773993253707886
generate_one_block  8.625618934631348
generate_one_block  8.63274598121643
generate_one_block  9.114054441452026
generate_one_block  8.67561960220337
generate_one_block  8.738372564315796
generate_one_block  8.679569721221924
generate_one_block  8.979539394378662
generate_one_block  8.955090284347534
generate_one_block  8.723114728927612
generate_one_block  8.603554010391235
generate_one_block  9.04267692565918
generate_one_block  8.870443105697632
generate_one_block  8.7437105178833
generate_one_block  8.590873718261719
generate_one_block  8.846299886703491
generate_one_block  8.939584493637085
generate_one_block  8.7714262008667
generate_one_block  8.638204574584961
generate_one_block  9.100355386734009
generate_one_block  8.685193061828613
generate_one_block  8.735778331756592
generate_one_block  8.577486515045166
generate_one_block  9.106245040893555
generate_one_block  8.807038068771362
generate_one_block  8.730634689331055
generate_one_block  8.598459959030151
generate_one_block  9.062979698181152
generate_one_block  8.63112211227417
generate_one_block  8.721767902374268
generate_one_block  8.665471315383911
generate_one_block  9.071631908416748
generate_one_block  8.70867919921875
generate_one_block  8.878756046295166
generate_one_block  8.701273441314697
generate_one_block  9.016149997711182
generate_one_block  8.75046992301941
generate_one_block  8.933321952819824
generate_one_block  8.803545475006104
generate_one_block  9.055740118026733
generate_one_block  8.680139064788818
generate_one_block  8.750390529632568
generate_one_block  8.719898462295532
generate_one_block  9.09713101387024
generate_one_block  8.689205884933472
generate_one_block  8.734793424606323
generate_one_block  8.736294031143188
generate_one_block  9.094106435775757
generate_one_block  8.803911924362183
generate_one_block  8.629260778427124
generate_one_block  8.820883512496948
generate_one_block  9.179738998413086
generate_one_block  8.774721622467041
generate_one_block  8.725901126861572
generate_one_block  9.12224006652832
generate_one_block  8.661166667938232
generate_one_block  8.757102489471436
generate_one_block  8.619117736816406
generate_one_block  9.129520654678345
generate_one_block  8.797704935073853
generate_one_block  8.754542827606201
generate_one_block  8.820953607559204
generate_one_block  9.138564348220825
generate_one_block  8.823853731155396
generate_one_block  8.635073900222778
generate_one_block  8.756953954696655
generate_one_block  9.106311082839966
generate_one_block  8.692582368850708Using backend: pytorch

generate_one_block  8.690040826797485
generate_one_block  8.737367868423462
generate_one_block  9.14887809753418
generate_one_block  8.678478240966797
generate_one_block  8.636300325393677
generate_one_block  9.158792495727539
generate_one_block  8.737586975097656
generate_one_block  8.676881790161133
generate_one_block  8.880965948104858
generate_one_block  9.04792332649231
generate_one_block  8.746824502944946
generate_one_block  8.726865291595459
generate_one_block  8.612931966781616
generate_one_block  9.138001441955566
generate_one_block  8.638442516326904
generate_one_block  8.832141876220703
generate_one_block  8.638878583908081
generate_one_block  9.190968990325928
generate_one_block  8.735424518585205
generate_one_block  8.78826379776001
generate_one_block  8.72733187675476
generate_one_block  9.25667667388916
generate_one_block  8.719361305236816
generate_one_block  8.678870916366577
generate_one_block  9.110875129699707
generate_one_block  8.613701343536377
generate_one_block  8.722130537033081
generate_one_block  8.82308316230774
generate_one_block  9.04993486404419
generate_one_block  8.810630559921265
generate_one_block  8.748987674713135
generate_one_block  8.63581371307373
generate_one_block  9.15044093132019
generate_one_block  8.689219951629639
generate_one_block  8.784713506698608
generate_one_block  9.194767236709595
generate_one_block  8.697453737258911
generate_one_block  8.860796213150024
generate_one_block  8.748053073883057
generate_one_block  9.18370509147644
generate_one_block  8.676125526428223
generate_one_block  8.769783735275269
generate_one_block  8.672520399093628
generate_one_block  9.211055755615234
generate_one_block  8.732730627059937
generate_one_block  8.677881479263306
generate_one_block  9.247327089309692
generate_one_block  12.871586561203003
generate_one_block  9.236820220947266
generate_one_block  8.681493520736694
-----------------------------------------after block dataloader generation 
 Nvidia-smi: 2.0242919921875 GB
    Memory Allocated: 0.0006527900695800781  GigaBytes
Max Memory Allocated: 0.0006527900695800781  GigaBytes

connection checking time:  1382.67950797081
block generation total time  1272.504133939743
average batch blocks generation time:  9.941438546404243
----------------------------------------before batch_pred = model(blocks, batch_inputs) 
 Nvidia-smi: 2.8778076171875 GB
    Memory Allocated: 0.7803516387939453  GigaBytes
Max Memory Allocated: 0.7803516387939453  GigaBytes

Traceback (most recent call last):
  File "pseudo_mini_batch_range_products_sage.py", line 455, in <module>
    main()
  File "pseudo_mini_batch_range_products_sage.py", line 451, in main
    best_test = run(args, device, data)
  File "pseudo_mini_batch_range_products_sage.py", line 276, in run
    batch_pred = model(blocks, batch_inputs)#------------*
  File "/home/cc/.local/lib/python3.6/site-packages/torch/nn/modules/module.py", line 727, in _call_impl
    result = self.forward(*input, **kwargs)
  File "/home/cc/graph_partition_multi_layers/pseudo_mini_batch_full_batch/SAGE/graphsage_model_products.py", line 48, in forward
    x = layer(block, x)
  File "/home/cc/.local/lib/python3.6/site-packages/torch/nn/modules/module.py", line 727, in _call_impl
    result = self.forward(*input, **kwargs)
  File "/home/cc/.local/lib/python3.6/site-packages/dgl/nn/pytorch/conv/sageconv.py", line 258, in forward
    graph.update_all(msg_fn, self._lstm_reducer)
  File "/home/cc/.local/lib/python3.6/site-packages/dgl/heterograph.py", line 4849, in update_all
    ndata = core.message_passing(g, message_func, reduce_func, apply_node_func)
  File "/home/cc/.local/lib/python3.6/site-packages/dgl/core.py", line 337, in message_passing
    ndata = invoke_udf_reduce(g, rfunc, msgdata, orig_nid=orig_nid)
  File "/home/cc/.local/lib/python3.6/site-packages/dgl/core.py", line 138, in invoke_udf_reduce
    for k, msg in msgdata_bkt.items():
  File "/usr/lib/python3.6/_collections_abc.py", line 744, in __iter__
    yield (key, self._mapping[key])
  File "/home/cc/.local/lib/python3.6/site-packages/dgl/frame.py", line 393, in __getitem__
    return self._columns[name].data
  File "/home/cc/.local/lib/python3.6/site-packages/dgl/frame.py", line 122, in data
    self.storage = F.gather_row(self.storage, self.index)
  File "/home/cc/.local/lib/python3.6/site-packages/dgl/backend/pytorch/tensor.py", line 186, in gather_row
    return th.index_select(data, 0, row_index.long())
RuntimeError: CUDA out of memory. Tried to allocate 5.28 GiB (GPU 0; 23.62 GiB total capacity; 15.86 GiB already allocated; 4.76 GiB free; 16.50 GiB reserved in total by PyTorch)
