main start at this time 1648240472.6197677
#nodes: 2449029
#edges: 123718024
#classes: 47
success----------------------------------------
196571
39255
2164782
# Nodes: 2400608
# Edges: 123718024
# Train: 196571
# Val: 39255
# Test: 2164782
# Classes: 47

in feats:  100
----------------------------------------before generate_dataloader_block 
 Nvidia-smi: 2.0242919921875 GB
    Memory Allocated: 0.0006527900695800781  GigaBytes
Max Memory Allocated: 0.0006527900695800781  GigaBytes

The real block id is  2
get_global_graph_edges_ids_block function  spend 0.6756210327148438
random selection method range initialization spend 0.013850212097167969
time for parepare:  0.3714756965637207
local_output_nid generation:  0.0009624958038330078
local_in_edges_tensor generation:  0.030137062072753906
mini_batch_src_global generation:  0.0034139156341552734
r_  generation:  0.03894376754760742
local_output_nid generation:  0.0010175704956054688
local_in_edges_tensor generation:  0.0013022422790527344
mini_batch_src_global generation:  0.003984928131103516
r_  generation:  0.04039597511291504
local_output_nid generation:  0.0009722709655761719
local_in_edges_tensor generation:  0.001331329345703125
mini_batch_src_global generation:  0.002366781234741211
r_  generation:  0.04025769233703613
local_output_nid generation:  0.0009748935699462891
local_in_edges_tensor generation:  0.0013232231140136719
mini_batch_src_global generation:  0.002326488494873047
r_  generation:  0.040963172912597656
local_output_nid generation:  0.0009686946868896484
local_in_edges_tensor generation:  0.0013630390167236328
mini_batch_src_global generation:  0.0023200511932373047
r_  generation:  0.04100823402404785
local_output_nid generation:  0.0010004043579101562
local_in_edges_tensor generation:  0.0013592243194580078
mini_batch_src_global generation:  0.002360820770263672
r_  generation:  0.0433049201965332
local_output_nid generation:  0.0009663105010986328
local_in_edges_tensor generation:  0.0013239383697509766
mini_batch_src_global generation:  0.00238037109375
r_  generation:  0.040669918060302734
local_output_nid generation:  0.0009679794311523438
local_in_edges_tensor generation:  0.0013511180877685547
mini_batch_src_global generation:  0.002424955368041992
r_  generation:  0.04250979423522949
local_output_nid generation:  0.0009617805480957031
local_in_edges_tensor generation:  0.0013585090637207031
mini_batch_src_global generation:  0.0024671554565429688
r_  generation:  0.04265284538269043
local_output_nid generation:  0.000990152359008789
local_in_edges_tensor generation:  0.0013539791107177734
mini_batch_src_global generation:  0.002546548843383789
r_  generation:  0.04369640350341797
local_output_nid generation:  0.0009791851043701172
local_in_edges_tensor generation:  0.001306295394897461
mini_batch_src_global generation:  0.0026133060455322266
r_  generation:  0.04348301887512207
local_output_nid generation:  0.0009829998016357422
local_in_edges_tensor generation:  0.001374959945678711
mini_batch_src_global generation:  0.002545595169067383
r_  generation:  0.04514265060424805
local_output_nid generation:  0.0009632110595703125
local_in_edges_tensor generation:  0.0013158321380615234
mini_batch_src_global generation:  0.0026962757110595703
r_  generation:  0.04336094856262207
local_output_nid generation:  0.0009789466857910156
local_in_edges_tensor generation:  0.001294851303100586
mini_batch_src_global generation:  0.0026488304138183594
r_  generation:  0.04391050338745117
local_output_nid generation:  0.0009624958038330078
local_in_edges_tensor generation:  0.0013003349304199219
mini_batch_src_global generation:  0.002640962600708008
r_  generation:  0.043923377990722656
local_output_nid generation:  0.001010894775390625
local_in_edges_tensor generation:  0.0013353824615478516
mini_batch_src_global generation:  0.0026831626892089844
r_  generation:  0.06851005554199219
local_output_nid generation:  0.0014491081237792969
local_in_edges_tensor generation:  0.001653909683227539
mini_batch_src_global generation:  0.003152132034301758
r_  generation:  0.052376508712768555
local_output_nid generation:  0.00151824951171875
local_in_edges_tensor generation:  0.001664876937866211
mini_batch_src_global generation:  0.0034568309783935547
r_  generation:  0.06252193450927734
local_output_nid generation:  0.0010743141174316406
local_in_edges_tensor generation:  0.0016040802001953125
mini_batch_src_global generation:  0.002971172332763672
r_  generation:  0.04533982276916504
local_output_nid generation:  0.0010230541229248047
local_in_edges_tensor generation:  0.0013835430145263672
mini_batch_src_global generation:  0.0028846263885498047
r_  generation:  0.04476332664489746
local_output_nid generation:  0.0010347366333007812
local_in_edges_tensor generation:  0.0013659000396728516
mini_batch_src_global generation:  0.003032207489013672
r_  generation:  0.045830488204956055
local_output_nid generation:  0.0010488033294677734
local_in_edges_tensor generation:  0.0013206005096435547
mini_batch_src_global generation:  0.0030488967895507812
r_  generation:  0.04589080810546875
local_output_nid generation:  0.0010075569152832031
local_in_edges_tensor generation:  0.0013320446014404297
mini_batch_src_global generation:  0.0030689239501953125
r_  generation:  0.049007415771484375
local_output_nid generation:  0.0009827613830566406
local_in_edges_tensor generation:  0.0013823509216308594
mini_batch_src_global generation:  0.0030651092529296875
r_  generation:  0.04622507095336914
local_output_nid generation:  0.0010695457458496094
local_in_edges_tensor generation:  0.021445274353027344
mini_batch_src_global generation:  0.0029468536376953125
r_  generation:  0.04603314399719238
local_output_nid generation:  0.0009829998016357422
local_in_edges_tensor generation:  0.001331329345703125
mini_batch_src_global generation:  0.0031108856201171875
r_  generation:  0.049048423767089844
local_output_nid generation:  0.0009913444519042969
local_in_edges_tensor generation:  0.0013194084167480469
mini_batch_src_global generation:  0.0031616687774658203
r_  generation:  0.0459136962890625
local_output_nid generation:  0.0009865760803222656
local_in_edges_tensor generation:  0.0013349056243896484
mini_batch_src_global generation:  0.0031387805938720703
r_  generation:  0.04717373847961426
local_output_nid generation:  0.0009851455688476562
local_in_edges_tensor generation:  0.0013420581817626953
mini_batch_src_global generation:  0.003140687942504883
r_  generation:  0.045922279357910156
local_output_nid generation:  0.0009853839874267578
local_in_edges_tensor generation:  0.0013995170593261719
mini_batch_src_global generation:  0.003130197525024414
r_  generation:  0.04709291458129883
local_output_nid generation:  0.0009832382202148438
local_in_edges_tensor generation:  0.0013079643249511719
mini_batch_src_global generation:  0.0031888484954833984
r_  generation:  0.04659247398376465
local_output_nid generation:  0.0009784698486328125
local_in_edges_tensor generation:  0.0013434886932373047
mini_batch_src_global generation:  0.0031609535217285156
r_  generation:  0.04680943489074707
local_output_nid generation:  0.0009806156158447266
local_in_edges_tensor generation:  0.0013251304626464844
mini_batch_src_global generation:  0.0032334327697753906
r_  generation:  0.046541452407836914
local_output_nid generation:  0.0011441707611083984
local_in_edges_tensor generation:  0.002760171890258789
mini_batch_src_global generation:  0.003150463104248047
r_  generation:  0.04732108116149902
local_output_nid generation:  0.001707315444946289
local_in_edges_tensor generation:  0.0026993751525878906
mini_batch_src_global generation:  0.003136873245239258
r_  generation:  0.047223806381225586
local_output_nid generation:  0.0011675357818603516
local_in_edges_tensor generation:  0.002552032470703125
mini_batch_src_global generation:  0.003130674362182617
r_  generation:  0.05097460746765137
local_output_nid generation:  0.0010404586791992188
local_in_edges_tensor generation:  0.003919363021850586
mini_batch_src_global generation:  0.0032012462615966797
r_  generation:  0.046160221099853516
local_output_nid generation:  0.0010082721710205078
local_in_edges_tensor generation:  0.003724336624145508
mini_batch_src_global generation:  0.0031976699829101562
r_  generation:  0.04738974571228027
local_output_nid generation:  0.000986337661743164
local_in_edges_tensor generation:  0.0035858154296875
mini_batch_src_global generation:  0.003187417984008789
r_  generation:  0.04577898979187012
local_output_nid generation:  0.0009884834289550781
local_in_edges_tensor generation:  0.003452777862548828
mini_batch_src_global generation:  0.0032656192779541016
r_  generation:  0.04673957824707031
local_output_nid generation:  0.0009815692901611328
local_in_edges_tensor generation:  0.003370046615600586
mini_batch_src_global generation:  0.0032880306243896484
r_  generation:  0.04732322692871094
local_output_nid generation:  0.0009949207305908203
local_in_edges_tensor generation:  0.0031671524047851562
mini_batch_src_global generation:  0.00318145751953125
r_  generation:  0.04769635200500488
local_output_nid generation:  0.0009815692901611328
local_in_edges_tensor generation:  0.003045320510864258
mini_batch_src_global generation:  0.0031676292419433594
r_  generation:  0.04665660858154297
local_output_nid generation:  0.0009865760803222656
local_in_edges_tensor generation:  0.0030727386474609375
mini_batch_src_global generation:  0.0031881332397460938
r_  generation:  0.05270099639892578
local_output_nid generation:  0.0009694099426269531
local_in_edges_tensor generation:  0.0028219223022460938
mini_batch_src_global generation:  0.0031280517578125
r_  generation:  0.047348976135253906
local_output_nid generation:  0.0009670257568359375
local_in_edges_tensor generation:  0.0028679370880126953
mini_batch_src_global generation:  0.0031571388244628906
r_  generation:  0.04733610153198242
local_output_nid generation:  0.0009758472442626953
local_in_edges_tensor generation:  0.002727985382080078
mini_batch_src_global generation:  0.0031981468200683594
r_  generation:  0.05085420608520508
local_output_nid generation:  0.0009872913360595703
local_in_edges_tensor generation:  0.0026133060455322266
mini_batch_src_global generation:  0.003286123275756836
r_  generation:  0.04872632026672363
local_output_nid generation:  0.0009791851043701172
local_in_edges_tensor generation:  0.0025408267974853516
mini_batch_src_global generation:  0.0032606124877929688
r_  generation:  0.04965090751647949
local_output_nid generation:  0.0010175704956054688
local_in_edges_tensor generation:  0.00247955322265625
mini_batch_src_global generation:  0.0031883716583251953
r_  generation:  0.05151104927062988
local_output_nid generation:  0.0009706020355224609
local_in_edges_tensor generation:  0.0023789405822753906
mini_batch_src_global generation:  0.003312826156616211
r_  generation:  0.04688096046447754
local_output_nid generation:  0.0009753704071044922
local_in_edges_tensor generation:  0.0023713111877441406
mini_batch_src_global generation:  0.0031969547271728516
r_  generation:  0.061187744140625
local_output_nid generation:  0.000997304916381836
local_in_edges_tensor generation:  0.0023012161254882812
mini_batch_src_global generation:  0.0031931400299072266
r_  generation:  0.04748821258544922
local_output_nid generation:  0.0009763240814208984
local_in_edges_tensor generation:  0.0022025108337402344
mini_batch_src_global generation:  0.0032334327697753906
r_  generation:  0.0474090576171875
local_output_nid generation:  0.0013031959533691406
local_in_edges_tensor generation:  0.0022118091583251953
mini_batch_src_global generation:  0.0032224655151367188
r_  generation:  0.052246809005737305
local_output_nid generation:  0.0019228458404541016
local_in_edges_tensor generation:  0.0022363662719726562
mini_batch_src_global generation:  0.0033054351806640625
r_  generation:  0.04815340042114258
local_output_nid generation:  0.0013480186462402344
local_in_edges_tensor generation:  0.002012968063354492
mini_batch_src_global generation:  0.003222942352294922
r_  generation:  0.04864215850830078
local_output_nid generation:  0.0011289119720458984
local_in_edges_tensor generation:  0.002030611038208008
mini_batch_src_global generation:  0.0032417774200439453
r_  generation:  0.04766249656677246
local_output_nid generation:  0.0010333061218261719
local_in_edges_tensor generation:  0.001958131790161133
mini_batch_src_global generation:  0.0032684803009033203
r_  generation:  0.04801130294799805
local_output_nid generation:  0.0010061264038085938
local_in_edges_tensor generation:  0.0019326210021972656
mini_batch_src_global generation:  0.0032541751861572266
r_  generation:  0.04927778244018555
local_output_nid generation:  0.0010030269622802734
local_in_edges_tensor generation:  0.001957416534423828
mini_batch_src_global generation:  0.0034918785095214844
r_  generation:  0.04698371887207031
local_output_nid generation:  0.0010197162628173828
local_in_edges_tensor generation:  0.002103567123413086
mini_batch_src_global generation:  0.003178119659423828
r_  generation:  0.04708552360534668
local_output_nid generation:  0.001018524169921875
local_in_edges_tensor generation:  0.0017728805541992188
mini_batch_src_global generation:  0.0032367706298828125
r_  generation:  0.04618978500366211
local_output_nid generation:  0.0009906291961669922
local_in_edges_tensor generation:  0.0017957687377929688
mini_batch_src_global generation:  0.003220796585083008
r_  generation:  0.04766130447387695
local_output_nid generation:  0.0010020732879638672
local_in_edges_tensor generation:  0.0017590522766113281
mini_batch_src_global generation:  0.003210783004760742
r_  generation:  0.04855966567993164
local_output_nid generation:  0.000985860824584961
local_in_edges_tensor generation:  0.0017490386962890625
mini_batch_src_global generation:  0.0032842159271240234
r_  generation:  0.04732346534729004
local_output_nid generation:  0.0009853839874267578
local_in_edges_tensor generation:  0.0016741752624511719
mini_batch_src_global generation:  0.0032088756561279297
r_  generation:  0.046495676040649414
local_output_nid generation:  0.0009913444519042969
local_in_edges_tensor generation:  0.001735687255859375
mini_batch_src_global generation:  0.0032002925872802734
r_  generation:  0.0496366024017334
local_output_nid generation:  0.0009882450103759766
local_in_edges_tensor generation:  0.0016553401947021484
mini_batch_src_global generation:  0.0032536983489990234
r_  generation:  0.04900479316711426
local_output_nid generation:  0.0009975433349609375
local_in_edges_tensor generation:  0.001680612564086914
mini_batch_src_global generation:  0.003182649612426758
r_  generation:  0.04695391654968262
local_output_nid generation:  0.0009987354278564453
local_in_edges_tensor generation:  0.0016062259674072266
mini_batch_src_global generation:  0.003251791000366211
r_  generation:  0.0476841926574707
local_output_nid generation:  0.0009922981262207031
local_in_edges_tensor generation:  0.0016219615936279297
mini_batch_src_global generation:  0.0032339096069335938
r_  generation:  0.048288583755493164
local_output_nid generation:  0.0010268688201904297
local_in_edges_tensor generation:  0.0015671253204345703
mini_batch_src_global generation:  0.003214120864868164
r_  generation:  0.04683351516723633
local_output_nid generation:  0.0010030269622802734
local_in_edges_tensor generation:  0.0015707015991210938
mini_batch_src_global generation:  0.0032494068145751953
r_  generation:  0.048868417739868164
local_output_nid generation:  0.0009961128234863281
local_in_edges_tensor generation:  0.00922083854675293
mini_batch_src_global generation:  0.0031681060791015625
r_  generation:  0.04628324508666992
local_output_nid generation:  0.0009894371032714844
local_in_edges_tensor generation:  0.0014903545379638672
mini_batch_src_global generation:  0.0033028125762939453
r_  generation:  0.04867124557495117
local_output_nid generation:  0.0010008811950683594
local_in_edges_tensor generation:  0.0015246868133544922
mini_batch_src_global generation:  0.0033507347106933594
r_  generation:  0.049091339111328125
local_output_nid generation:  0.0009996891021728516
local_in_edges_tensor generation:  0.001489400863647461
mini_batch_src_global generation:  0.003220081329345703
r_  generation:  0.04779219627380371
local_output_nid generation:  0.0010018348693847656
local_in_edges_tensor generation:  0.0018203258514404297
mini_batch_src_global generation:  0.0032854080200195312
r_  generation:  0.046563148498535156
local_output_nid generation:  0.0010094642639160156
local_in_edges_tensor generation:  0.0015180110931396484
mini_batch_src_global generation:  0.003229379653930664
r_  generation:  0.048491716384887695
local_output_nid generation:  0.0009925365447998047
local_in_edges_tensor generation:  0.001497030258178711
mini_batch_src_global generation:  0.0032830238342285156
r_  generation:  0.04939126968383789
local_output_nid generation:  0.0009891986846923828
local_in_edges_tensor generation:  0.0014672279357910156
mini_batch_src_global generation:  0.0032396316528320312
r_  generation:  0.05065631866455078
local_output_nid generation:  0.0009999275207519531
local_in_edges_tensor generation:  0.001861572265625
mini_batch_src_global generation:  0.006512641906738281
r_  generation:  0.04806041717529297
local_output_nid generation:  0.0010080337524414062
local_in_edges_tensor generation:  0.0015363693237304688
mini_batch_src_global generation:  0.003488779067993164
r_  generation:  0.053211212158203125
local_output_nid generation:  0.0009963512420654297
local_in_edges_tensor generation:  0.0015099048614501953
mini_batch_src_global generation:  0.00334930419921875
r_  generation:  0.046485185623168945
local_output_nid generation:  0.0010051727294921875
local_in_edges_tensor generation:  0.0014693737030029297
mini_batch_src_global generation:  0.0032918453216552734
r_  generation:  0.04694318771362305
local_output_nid generation:  0.0010211467742919922
local_in_edges_tensor generation:  0.0014338493347167969
mini_batch_src_global generation:  0.0034685134887695312
r_  generation:  0.04887223243713379
local_output_nid generation:  0.0009911060333251953
local_in_edges_tensor generation:  0.0014450550079345703
mini_batch_src_global generation:  0.003241300582885742
r_  generation:  0.04738759994506836
local_output_nid generation:  0.0009920597076416016
local_in_edges_tensor generation:  0.0014128684997558594
mini_batch_src_global generation:  0.0031914710998535156
r_  generation:  0.04695534706115723
local_output_nid generation:  0.0009922981262207031
local_in_edges_tensor generation:  0.001401662826538086
mini_batch_src_global generation:  0.0033118724822998047
r_  generation:  0.04981422424316406
local_output_nid generation:  0.0010051727294921875
local_in_edges_tensor generation:  0.001430511474609375
mini_batch_src_global generation:  0.003253936767578125
r_  generation:  0.04684734344482422
local_output_nid generation:  0.0009906291961669922
local_in_edges_tensor generation:  0.0014171600341796875
mini_batch_src_global generation:  0.003335237503051758
r_  generation:  0.04830169677734375
local_output_nid generation:  0.001004934310913086
local_in_edges_tensor generation:  0.001375436782836914
mini_batch_src_global generation:  0.003256082534790039
r_  generation:  0.04877185821533203
local_output_nid generation:  0.0009846687316894531
local_in_edges_tensor generation:  0.0013988018035888672
mini_batch_src_global generation:  0.003326892852783203
r_  generation:  0.04740571975708008
local_output_nid generation:  0.000997781753540039
local_in_edges_tensor generation:  0.0014123916625976562
mini_batch_src_global generation:  0.003356456756591797
r_  generation:  0.052097320556640625
local_output_nid generation:  0.0009982585906982422
local_in_edges_tensor generation:  0.001650094985961914
mini_batch_src_global generation:  0.003968715667724609
r_  generation:  0.04945635795593262
local_output_nid generation:  0.0010180473327636719
local_in_edges_tensor generation:  0.001371622085571289
mini_batch_src_global generation:  0.0034928321838378906
r_  generation:  0.04861140251159668
local_output_nid generation:  0.0009992122650146484
local_in_edges_tensor generation:  0.0013735294342041016
mini_batch_src_global generation:  0.0032656192779541016
r_  generation:  0.04905343055725098
local_output_nid generation:  0.0010020732879638672
local_in_edges_tensor generation:  0.0013988018035888672
mini_batch_src_global generation:  0.003261566162109375
r_  generation:  0.04725360870361328
local_output_nid generation:  0.0010247230529785156
local_in_edges_tensor generation:  0.0014071464538574219
mini_batch_src_global generation:  0.0033669471740722656
r_  generation:  0.04846668243408203
local_output_nid generation:  0.0009889602661132812
local_in_edges_tensor generation:  0.001363515853881836
mini_batch_src_global generation:  0.0031843185424804688
r_  generation:  0.04985642433166504
local_output_nid generation:  0.0010042190551757812
local_in_edges_tensor generation:  0.0013849735260009766
mini_batch_src_global generation:  0.0032787322998046875
r_  generation:  0.04783201217651367
local_output_nid generation:  0.0010001659393310547
local_in_edges_tensor generation:  0.001336812973022461
mini_batch_src_global generation:  0.0033004283905029297
r_  generation:  0.04783368110656738
local_output_nid generation:  0.0009913444519042969
local_in_edges_tensor generation:  0.0013582706451416016
mini_batch_src_global generation:  0.0032503604888916016
r_  generation:  0.04810452461242676
local_output_nid generation:  0.000990152359008789
local_in_edges_tensor generation:  0.0013594627380371094
mini_batch_src_global generation:  0.003231048583984375
r_  generation:  0.04707217216491699
local_output_nid generation:  0.0009946823120117188
local_in_edges_tensor generation:  0.0013353824615478516
mini_batch_src_global generation:  0.0032401084899902344
r_  generation:  0.051344871520996094
local_output_nid generation:  0.0018529891967773438
local_in_edges_tensor generation:  0.0048563480377197266
mini_batch_src_global generation:  0.0035071372985839844
r_  generation:  0.0524442195892334
local_output_nid generation:  0.0011875629425048828
local_in_edges_tensor generation:  0.007579803466796875
mini_batch_src_global generation:  0.0035562515258789062
r_  generation:  0.04707527160644531
local_output_nid generation:  0.0010504722595214844
local_in_edges_tensor generation:  0.007138252258300781
mini_batch_src_global generation:  0.0035390853881835938
r_  generation:  0.04818391799926758
local_output_nid generation:  0.0010223388671875
local_in_edges_tensor generation:  0.007152080535888672
mini_batch_src_global generation:  0.0035638809204101562
r_  generation:  0.06490492820739746
local_output_nid generation:  0.000997304916381836
local_in_edges_tensor generation:  0.006701469421386719
mini_batch_src_global generation:  0.0034532546997070312
r_  generation:  0.047544240951538086
local_output_nid generation:  0.0009961128234863281
local_in_edges_tensor generation:  0.0061795711517333984
mini_batch_src_global generation:  0.003407716751098633
r_  generation:  0.04704642295837402
local_output_nid generation:  0.001004934310913086
local_in_edges_tensor generation:  0.006082296371459961
mini_batch_src_global generation:  0.0035102367401123047
r_  generation:  0.06406402587890625
local_output_nid generation:  0.002574920654296875
local_in_edges_tensor generation:  0.005646944046020508
mini_batch_src_global generation:  0.0034759044647216797
r_  generation:  0.04785895347595215
local_output_nid generation:  0.0016026496887207031
local_in_edges_tensor generation:  0.005561351776123047
mini_batch_src_global generation:  0.0035696029663085938
r_  generation:  0.0480799674987793
local_output_nid generation:  0.0012142658233642578
local_in_edges_tensor generation:  0.00547480583190918
mini_batch_src_global generation:  0.0034062862396240234
r_  generation:  0.04893755912780762
local_output_nid generation:  0.001119375228881836
local_in_edges_tensor generation:  0.00515437126159668
mini_batch_src_global generation:  0.003389596939086914
r_  generation:  0.04637956619262695
local_output_nid generation:  0.001012563705444336
local_in_edges_tensor generation:  0.0046672821044921875
mini_batch_src_global generation:  0.003442049026489258
r_  generation:  0.04652237892150879
local_output_nid generation:  0.000995635986328125
local_in_edges_tensor generation:  0.004477024078369141
mini_batch_src_global generation:  0.0034246444702148438
r_  generation:  0.04842519760131836
local_output_nid generation:  0.0009915828704833984
local_in_edges_tensor generation:  0.004617214202880859
mini_batch_src_global generation:  0.0034132003784179688
r_  generation:  0.04697823524475098
local_output_nid generation:  0.0010018348693847656
local_in_edges_tensor generation:  0.0043413639068603516
mini_batch_src_global generation:  0.003389120101928711
r_  generation:  0.04665732383728027
local_output_nid generation:  0.0010304450988769531
local_in_edges_tensor generation:  0.0040721893310546875
mini_batch_src_global generation:  0.00337982177734375
r_  generation:  0.04884505271911621
local_output_nid generation:  0.0009899139404296875
local_in_edges_tensor generation:  0.003920316696166992
mini_batch_src_global generation:  0.0035407543182373047
r_  generation:  0.047145843505859375
local_output_nid generation:  0.0009915828704833984
local_in_edges_tensor generation:  0.011415481567382812
mini_batch_src_global generation:  0.003188610076904297
r_  generation:  0.04799628257751465
local_output_nid generation:  0.001003265380859375
local_in_edges_tensor generation:  0.0036437511444091797
mini_batch_src_global generation:  0.003462076187133789
r_  generation:  0.04897475242614746
local_output_nid generation:  0.0009894371032714844
local_in_edges_tensor generation:  0.003520965576171875
mini_batch_src_global generation:  0.0034372806549072266
r_  generation:  0.04671168327331543
local_output_nid generation:  0.0010066032409667969
local_in_edges_tensor generation:  0.0034782886505126953
mini_batch_src_global generation:  0.0033416748046875
r_  generation:  0.04711031913757324
local_output_nid generation:  0.0008876323699951172
local_in_edges_tensor generation:  0.0030014514923095703
mini_batch_src_global generation:  0.003159761428833008
r_  generation:  0.038878440856933594
----------------------check_connections_block total spend ----------------------------- 8.690115690231323
generate_one_block  6.084055185317993
generate_one_block  0.06386518478393555
generate_one_block  0.06317925453186035
generate_one_block  0.06304359436035156
generate_one_block  0.06237149238586426
generate_one_block  0.0634918212890625
generate_one_block  0.06589770317077637
generate_one_block  0.06505823135375977
generate_one_block  0.06338763236999512
generate_one_block  0.0633859634399414
generate_one_block  0.06434988975524902
generate_one_block  0.06213855743408203
generate_one_block  0.06316328048706055
generate_one_block  0.06620001792907715
generate_one_block  0.0630037784576416
generate_one_block  0.06382083892822266
generate_one_block  0.06208300590515137
generate_one_block  0.06429457664489746
generate_one_block  0.06435298919677734
generate_one_block  0.06226611137390137
generate_one_block  0.06378936767578125
generate_one_block  0.06387543678283691
generate_one_block  0.06363558769226074
generate_one_block  0.06402230262756348
generate_one_block  0.06374430656433105
generate_one_block  0.06216740608215332
generate_one_block  0.06371259689331055
generate_one_block  0.06365108489990234
generate_one_block  0.0634772777557373
generate_one_block  0.06426191329956055
generate_one_block  0.06244778633117676
generate_one_block  0.06456661224365234
generate_one_block  0.06217837333679199
generate_one_block  0.06287169456481934
generate_one_block  0.06429648399353027
generate_one_block  0.06141829490661621
generate_one_block  0.06267452239990234
generate_one_block  0.0670769214630127
generate_one_block  0.062491416931152344
generate_one_block  0.0630333423614502
generate_one_block  0.06397032737731934
generate_one_block  0.06344127655029297
generate_one_block  0.06316781044006348
generate_one_block  0.06264519691467285
generate_one_block  0.0642402172088623
generate_one_block  0.061736345291137695
generate_one_block  0.06406450271606445
generate_one_block  0.06311440467834473
generate_one_block  0.06438636779785156
generate_one_block  0.0640106201171875
generate_one_block  0.0637810230255127
generate_one_block  0.06285429000854492
generate_one_block  0.06267166137695312
generate_one_block  0.06512117385864258
generate_one_block  0.06545400619506836
generate_one_block  0.06547760963439941
generate_one_block  0.06545233726501465
generate_one_block  0.06476736068725586
generate_one_block  0.06481480598449707
generate_one_block  0.06474828720092773
generate_one_block  0.0648658275604248
generate_one_block  0.06491827964782715
generate_one_block  0.06477785110473633
generate_one_block  0.07052040100097656
generate_one_block  0.06190943717956543
generate_one_block  0.062143802642822266
generate_one_block  0.06311440467834473
generate_one_block  0.06354999542236328
generate_one_block  0.0619351863861084
generate_one_block  0.06380844116210938
generate_one_block  0.06347775459289551
generate_one_block  0.06294870376586914
generate_one_block  0.06335282325744629
generate_one_block  0.0632483959197998
generate_one_block  0.06236100196838379
generate_one_block  0.06309366226196289
generate_one_block  0.06484055519104004
generate_one_block  0.06367135047912598
generate_one_block  0.06258964538574219
generate_one_block  0.06273198127746582
generate_one_block  0.06308364868164062
generate_one_block  0.06454253196716309
generate_one_block  0.07411718368530273
generate_one_block  0.07025003433227539
generate_one_block  0.08635711669921875
generate_one_block  0.07759976387023926
generate_one_block  0.0887458324432373
generate_one_block  0.0789480209350586
generate_one_block  0.08417534828186035
generate_one_block  0.07190608978271484
generate_one_block  0.0673215389251709
generate_one_block  0.06760072708129883
generate_one_block  0.06667065620422363
generate_one_block  0.06536602973937988
generate_one_block  0.06441044807434082
generate_one_block  0.0650629997253418
generate_one_block  0.06457304954528809
generate_one_block  0.06266999244689941
generate_one_block  0.0642538070678711
generate_one_block  0.06504321098327637
generate_one_block  0.06386232376098633
generate_one_block  0.0673987865447998
generate_one_block  0.07800889015197754
generate_one_block  0.07213068008422852
generate_one_block  0.06956696510314941
generate_one_block  0.06893324851989746
generate_one_block  0.06720232963562012
generate_one_block  0.0654149055480957
generate_one_block  0.06530332565307617
generate_one_block  0.09023332595825195
generate_one_block  0.09534120559692383
generate_one_block  0.08183598518371582
generate_one_block  0.07462716102600098
generate_one_block  0.07059478759765625
generate_one_block  0.07030463218688965
generate_one_block  0.06741189956665039
generate_one_block  0.06475973129272461
generate_one_block  0.06437873840332031
generate_one_block  0.08088493347167969
generate_one_block  0.07420873641967773
generate_one_block  0.08609461784362793
generate_one_block  0.07923221588134766
generate_one_block  0.07379412651062012
generate_one_block  0.07155394554138184
generate_one_block  0.06919670104980469
generate_one_block  0.06645750999450684
generate_one_block  0.06708765029907227
generate_one_block  0.06041097640991211
The real block id is  1
get_global_graph_edges_ids_block function  spend 3.512732744216919
gen group dst list time:  0.39743995666503906
time for parepare:  0.48470520973205566
local_output_nid generation:  0.037578582763671875
local_in_edges_tensor generation:  0.30129480361938477
mini_batch_src_global generation:  0.17722558975219727
r_  generation:  2.1138811111450195
local_output_nid generation:  0.059655189514160156
local_in_edges_tensor generation:  0.35437917709350586
mini_batch_src_global generation:  0.23709416389465332
r_  generation:  2.1715264320373535
local_output_nid generation:  0.038306474685668945
local_in_edges_tensor generation:  0.2203667163848877
mini_batch_src_global generation:  0.2666926383972168
r_  generation:  2.2441835403442383
local_output_nid generation:  0.06252622604370117
local_in_edges_tensor generation:  0.25795626640319824
mini_batch_src_global generation:  0.22488784790039062
r_  generation:  2.264768362045288
local_output_nid generation:  0.03702235221862793
local_in_edges_tensor generation:  0.18703818321228027
mini_batch_src_global generation:  0.23714065551757812
r_  generation:  2.3699753284454346
local_output_nid generation:  0.03570556640625
local_in_edges_tensor generation:  0.19864511489868164
mini_batch_src_global generation:  0.2404460906982422
r_  generation:  2.355109453201294
local_output_nid generation:  0.06109976768493652
local_in_edges_tensor generation:  0.20329809188842773
mini_batch_src_global generation:  0.24645447731018066
r_  generation:  2.311136245727539
local_output_nid generation:  0.036744117736816406
local_in_edges_tensor generation:  0.16979551315307617
mini_batch_src_global generation:  0.25202083587646484
r_  generation:  2.339873790740967
local_output_nid generation:  0.035579681396484375
local_in_edges_tensor generation:  0.15508556365966797
mini_batch_src_global generation:  0.25313448905944824
r_  generation:  2.3496689796447754
local_output_nid generation:  0.03501582145690918
local_in_edges_tensor generation:  0.15003132820129395
mini_batch_src_global generation:  0.2537498474121094
r_  generation:  2.3836259841918945
local_output_nid generation:  0.035146474838256836
local_in_edges_tensor generation:  0.14404845237731934
mini_batch_src_global generation:  0.2787284851074219
r_  generation:  2.4204459190368652
local_output_nid generation:  0.034281015396118164
local_in_edges_tensor generation:  0.17991113662719727
mini_batch_src_global generation:  0.26993250846862793
r_  generation:  2.3379950523376465
local_output_nid generation:  0.05996108055114746
local_in_edges_tensor generation:  0.19772100448608398
mini_batch_src_global generation:  0.2568166255950928
r_  generation:  2.3977835178375244
local_output_nid generation:  0.03774905204772949
local_in_edges_tensor generation:  0.16411137580871582
mini_batch_src_global generation:  0.25702714920043945
r_  generation:  2.3807334899902344
local_output_nid generation:  0.03523850440979004
local_in_edges_tensor generation:  0.15087652206420898
mini_batch_src_global generation:  0.25760316848754883
r_  generation:  2.3472485542297363
local_output_nid generation:  0.03429222106933594
local_in_edges_tensor generation:  0.14819741249084473
mini_batch_src_global generation:  0.2662665843963623
r_  generation:  2.3671913146972656
local_output_nid generation:  0.03413677215576172
local_in_edges_tensor generation:  0.13827061653137207
mini_batch_src_global generation:  0.2582416534423828
r_  generation:  2.414691925048828
local_output_nid generation:  0.03462409973144531
local_in_edges_tensor generation:  0.13662505149841309
mini_batch_src_global generation:  0.26013660430908203
r_  generation:  2.4057798385620117
local_output_nid generation:  0.034512996673583984
local_in_edges_tensor generation:  0.1977388858795166
mini_batch_src_global generation:  0.2617318630218506
r_  generation:  2.398146629333496
local_output_nid generation:  0.06100797653198242
local_in_edges_tensor generation:  0.18050765991210938
mini_batch_src_global generation:  0.27596402168273926
r_  generation:  2.3861751556396484
local_output_nid generation:  0.037032127380371094
local_in_edges_tensor generation:  0.16013383865356445
mini_batch_src_global generation:  0.26436734199523926
r_  generation:  2.4200820922851562
local_output_nid generation:  0.03563976287841797
local_in_edges_tensor generation:  0.14713740348815918
mini_batch_src_global generation:  0.2660789489746094
r_  generation:  2.4007010459899902
local_output_nid generation:  0.035060882568359375
local_in_edges_tensor generation:  0.14439630508422852
mini_batch_src_global generation:  0.27184486389160156
r_  generation:  2.409930467605591
local_output_nid generation:  0.03461098670959473
local_in_edges_tensor generation:  0.13742876052856445
mini_batch_src_global generation:  0.2746002674102783
r_  generation:  2.452995777130127
local_output_nid generation:  0.03469252586364746
local_in_edges_tensor generation:  0.16824102401733398
mini_batch_src_global generation:  0.26383328437805176
r_  generation:  2.4144463539123535
local_output_nid generation:  0.043015480041503906
local_in_edges_tensor generation:  0.19814276695251465
mini_batch_src_global generation:  0.2598235607147217
r_  generation:  2.395759105682373
local_output_nid generation:  0.04453730583190918
local_in_edges_tensor generation:  0.1635270118713379
mini_batch_src_global generation:  0.26325106620788574
r_  generation:  2.3769946098327637
local_output_nid generation:  0.03581571578979492
local_in_edges_tensor generation:  0.15170788764953613
mini_batch_src_global generation:  0.26689672470092773
r_  generation:  2.4052176475524902
local_output_nid generation:  0.0356597900390625
local_in_edges_tensor generation:  0.1460719108581543
mini_batch_src_global generation:  0.26616978645324707
r_  generation:  2.4085843563079834
local_output_nid generation:  0.03482699394226074
local_in_edges_tensor generation:  0.14020395278930664
mini_batch_src_global generation:  0.26578688621520996
r_  generation:  2.4108004570007324
local_output_nid generation:  0.03432297706604004
local_in_edges_tensor generation:  0.13545608520507812
mini_batch_src_global generation:  0.27707910537719727
r_  generation:  2.4296934604644775
local_output_nid generation:  0.036927223205566406
local_in_edges_tensor generation:  0.17958641052246094
mini_batch_src_global generation:  0.26138854026794434
r_  generation:  2.4328465461730957
local_output_nid generation:  0.05895233154296875
local_in_edges_tensor generation:  0.19160985946655273
mini_batch_src_global generation:  0.26025915145874023
r_  generation:  2.381953477859497
local_output_nid generation:  0.03824114799499512
local_in_edges_tensor generation:  0.16304779052734375
mini_batch_src_global generation:  0.2624657154083252
r_  generation:  2.4105453491210938
local_output_nid generation:  0.03506875038146973
local_in_edges_tensor generation:  0.14778852462768555
mini_batch_src_global generation:  0.26621127128601074
r_  generation:  2.3890295028686523
local_output_nid generation:  0.03438401222229004
local_in_edges_tensor generation:  0.14327096939086914
mini_batch_src_global generation:  0.26351046562194824
r_  generation:  2.381859302520752
local_output_nid generation:  0.03418159484863281
local_in_edges_tensor generation:  0.1367197036743164
mini_batch_src_global generation:  0.2606699466705322
r_  generation:  2.3665146827697754
local_output_nid generation:  0.03450727462768555
local_in_edges_tensor generation:  0.1350858211517334
mini_batch_src_global generation:  0.2613248825073242
r_  generation:  2.396657705307007
local_output_nid generation:  0.034212350845336914
local_in_edges_tensor generation:  0.19317913055419922
mini_batch_src_global generation:  0.2616918087005615
r_  generation:  2.3573317527770996
local_output_nid generation:  0.06086230278015137
local_in_edges_tensor generation:  0.1927657127380371
mini_batch_src_global generation:  0.261577844619751
r_  generation:  2.3982725143432617
local_output_nid generation:  0.03657841682434082
local_in_edges_tensor generation:  0.1571826934814453
mini_batch_src_global generation:  0.26300811767578125
r_  generation:  2.383427381515503
local_output_nid generation:  0.034740447998046875
local_in_edges_tensor generation:  0.14580321311950684
mini_batch_src_global generation:  0.2661929130554199
r_  generation:  2.3895134925842285
local_output_nid generation:  0.034596920013427734
local_in_edges_tensor generation:  0.1438615322113037
mini_batch_src_global generation:  0.2705662250518799
r_  generation:  2.3767263889312744
local_output_nid generation:  0.034399986267089844
local_in_edges_tensor generation:  0.1372544765472412
mini_batch_src_global generation:  0.2647523880004883
r_  generation:  2.4467666149139404
local_output_nid generation:  0.03417229652404785
local_in_edges_tensor generation:  0.16203713417053223
mini_batch_src_global generation:  0.2604658603668213
r_  generation:  2.3979439735412598
local_output_nid generation:  0.0338597297668457
local_in_edges_tensor generation:  0.1933603286743164
mini_batch_src_global generation:  0.26010775566101074
r_  generation:  2.377105712890625
local_output_nid generation:  0.060753583908081055
local_in_edges_tensor generation:  0.16324853897094727
mini_batch_src_global generation:  0.2593057155609131
r_  generation:  2.363624095916748
local_output_nid generation:  0.036595821380615234
local_in_edges_tensor generation:  0.15157389640808105
mini_batch_src_global generation:  0.2673213481903076
r_  generation:  2.3894875049591064
local_output_nid generation:  0.03576922416687012
local_in_edges_tensor generation:  0.14701080322265625
mini_batch_src_global generation:  0.3312089443206787
r_  generation:  2.714777946472168
local_output_nid generation:  0.060906410217285156
local_in_edges_tensor generation:  0.23090648651123047
mini_batch_src_global generation:  0.27434325218200684
r_  generation:  2.4410548210144043
local_output_nid generation:  0.03999161720275879
local_in_edges_tensor generation:  0.17040085792541504
mini_batch_src_global generation:  0.2893679141998291
r_  generation:  2.569176197052002
local_output_nid generation:  0.06057167053222656
local_in_edges_tensor generation:  0.21672701835632324
mini_batch_src_global generation:  0.26030945777893066
r_  generation:  2.3743951320648193
local_output_nid generation:  0.03675413131713867
local_in_edges_tensor generation:  0.16704654693603516
mini_batch_src_global generation:  0.26371097564697266
r_  generation:  2.428074598312378
local_output_nid generation:  0.03517460823059082
local_in_edges_tensor generation:  0.1536107063293457
mini_batch_src_global generation:  0.26406073570251465
r_  generation:  2.4772162437438965
local_output_nid generation:  0.03484630584716797
local_in_edges_tensor generation:  0.21591448783874512
mini_batch_src_global generation:  0.26224684715270996
r_  generation:  2.401622772216797
local_output_nid generation:  0.05256772041320801
local_in_edges_tensor generation:  0.17112421989440918
mini_batch_src_global generation:  0.25922608375549316
r_  generation:  2.387356758117676
local_output_nid generation:  0.03628993034362793
local_in_edges_tensor generation:  0.15505027770996094
mini_batch_src_global generation:  0.26227402687072754
r_  generation:  2.4042513370513916
local_output_nid generation:  0.035058021545410156
local_in_edges_tensor generation:  0.14712262153625488
mini_batch_src_global generation:  0.27208685874938965
r_  generation:  2.4216647148132324
local_output_nid generation:  0.03486132621765137
local_in_edges_tensor generation:  0.14107418060302734
mini_batch_src_global generation:  0.26183366775512695
r_  generation:  2.4823226928710938
local_output_nid generation:  0.034206390380859375
local_in_edges_tensor generation:  0.15995430946350098
mini_batch_src_global generation:  0.26789212226867676
r_  generation:  2.392732858657837
local_output_nid generation:  0.034705162048339844
local_in_edges_tensor generation:  0.20157837867736816
mini_batch_src_global generation:  0.26598095893859863
r_  generation:  2.417236566543579
local_output_nid generation:  0.06110215187072754
local_in_edges_tensor generation:  0.16606903076171875
mini_batch_src_global generation:  0.26311421394348145
r_  generation:  2.4001708030700684
local_output_nid generation:  0.04166603088378906
local_in_edges_tensor generation:  0.15030121803283691
mini_batch_src_global generation:  0.2619946002960205
r_  generation:  2.388261556625366
local_output_nid generation:  0.0349729061126709
local_in_edges_tensor generation:  0.14580488204956055
mini_batch_src_global generation:  0.26767754554748535
r_  generation:  2.434962749481201
local_output_nid generation:  0.03474593162536621
local_in_edges_tensor generation:  0.13912248611450195
mini_batch_src_global generation:  0.2641785144805908
r_  generation:  2.380716323852539
local_output_nid generation:  0.04816722869873047
local_in_edges_tensor generation:  0.13603544235229492
mini_batch_src_global generation:  0.2648031711578369
r_  generation:  2.4060957431793213
local_output_nid generation:  0.0341949462890625
local_in_edges_tensor generation:  0.18704462051391602
mini_batch_src_global generation:  0.27933692932128906
r_  generation:  2.4003219604492188
local_output_nid generation:  0.060803890228271484
local_in_edges_tensor generation:  0.19349908828735352
mini_batch_src_global generation:  0.27646541595458984
r_  generation:  2.3987464904785156
local_output_nid generation:  0.03651261329650879
local_in_edges_tensor generation:  0.1589663028717041
mini_batch_src_global generation:  0.2625284194946289
r_  generation:  2.378274917602539
local_output_nid generation:  0.03534674644470215
local_in_edges_tensor generation:  0.14719176292419434
mini_batch_src_global generation:  0.26378488540649414
r_  generation:  2.384436845779419
local_output_nid generation:  0.035045623779296875
local_in_edges_tensor generation:  0.14774131774902344
mini_batch_src_global generation:  0.27768993377685547
r_  generation:  2.4123973846435547
local_output_nid generation:  0.03464150428771973
local_in_edges_tensor generation:  0.1378028392791748
mini_batch_src_global generation:  0.2623744010925293
r_  generation:  2.453467845916748
local_output_nid generation:  0.03429126739501953
local_in_edges_tensor generation:  0.16056323051452637
mini_batch_src_global generation:  0.26607441902160645
r_  generation:  2.405169725418091
local_output_nid generation:  0.04281449317932129
local_in_edges_tensor generation:  0.20127391815185547
mini_batch_src_global generation:  0.27509212493896484
r_  generation:  2.4198811054229736
local_output_nid generation:  0.04356956481933594
local_in_edges_tensor generation:  0.16186285018920898
mini_batch_src_global generation:  0.2589123249053955
r_  generation:  2.382662773132324
local_output_nid generation:  0.035491943359375
local_in_edges_tensor generation:  0.1489255428314209
mini_batch_src_global generation:  0.2612278461456299
r_  generation:  2.369159698486328
local_output_nid generation:  0.03510856628417969
local_in_edges_tensor generation:  0.1485593318939209
mini_batch_src_global generation:  0.26256728172302246
r_  generation:  2.4352846145629883
local_output_nid generation:  0.03449440002441406
local_in_edges_tensor generation:  0.14589929580688477
mini_batch_src_global generation:  0.26562952995300293
r_  generation:  2.4310426712036133
local_output_nid generation:  0.03437232971191406
local_in_edges_tensor generation:  0.13598108291625977
mini_batch_src_global generation:  0.27620649337768555
r_  generation:  2.436941623687744
local_output_nid generation:  0.03428912162780762
local_in_edges_tensor generation:  0.1772465705871582
mini_batch_src_global generation:  0.2782289981842041
r_  generation:  2.398359537124634
local_output_nid generation:  0.060968637466430664
local_in_edges_tensor generation:  0.1937713623046875
mini_batch_src_global generation:  0.278017520904541
r_  generation:  2.4045822620391846
local_output_nid generation:  0.03612685203552246
local_in_edges_tensor generation:  0.15901470184326172
mini_batch_src_global generation:  0.25902509689331055
r_  generation:  2.3673617839813232
local_output_nid generation:  0.0349271297454834
local_in_edges_tensor generation:  0.14667987823486328
mini_batch_src_global generation:  0.26180005073547363
r_  generation:  2.366422414779663
local_output_nid generation:  0.035134077072143555
local_in_edges_tensor generation:  0.1455519199371338
mini_batch_src_global generation:  0.2742123603820801
r_  generation:  2.4396533966064453
local_output_nid generation:  0.03421950340270996
local_in_edges_tensor generation:  0.13706564903259277
mini_batch_src_global generation:  0.26097583770751953
r_  generation:  2.4564454555511475
local_output_nid generation:  0.03444337844848633
local_in_edges_tensor generation:  0.1599724292755127
mini_batch_src_global generation:  0.26257824897766113
r_  generation:  2.4051365852355957
local_output_nid generation:  0.0443577766418457
local_in_edges_tensor generation:  0.20239543914794922
mini_batch_src_global generation:  0.2639615535736084
r_  generation:  2.4230809211730957
local_output_nid generation:  0.044556617736816406
local_in_edges_tensor generation:  0.16109347343444824
mini_batch_src_global generation:  0.2614607810974121
r_  generation:  2.3782050609588623
local_output_nid generation:  0.038007259368896484
local_in_edges_tensor generation:  0.14969229698181152
mini_batch_src_global generation:  0.2626068592071533
r_  generation:  2.3654513359069824
local_output_nid generation:  0.03461027145385742
local_in_edges_tensor generation:  0.1469738483428955
mini_batch_src_global generation:  0.261474609375
r_  generation:  2.419490337371826
local_output_nid generation:  0.0345606803894043
local_in_edges_tensor generation:  0.15006184577941895
mini_batch_src_global generation:  0.26228857040405273
r_  generation:  2.4020185470581055
local_output_nid generation:  0.034563541412353516
local_in_edges_tensor generation:  0.14902234077453613
mini_batch_src_global generation:  0.29799413681030273
r_  generation:  2.4089701175689697
local_output_nid generation:  0.03388690948486328
local_in_edges_tensor generation:  0.20391106605529785
mini_batch_src_global generation:  0.2597618103027344
r_  generation:  2.3910207748413086
local_output_nid generation:  0.060869693756103516
local_in_edges_tensor generation:  0.18562650680541992
mini_batch_src_global generation:  0.2609593868255615
r_  generation:  2.388277292251587
local_output_nid generation:  0.036298274993896484
local_in_edges_tensor generation:  0.15933847427368164
mini_batch_src_global generation:  0.26258397102355957
r_  generation:  2.3833303451538086
local_output_nid generation:  0.0350039005279541
local_in_edges_tensor generation:  0.15103745460510254
mini_batch_src_global generation:  0.2636125087738037
r_  generation:  2.4024758338928223
local_output_nid generation:  0.052815914154052734
local_in_edges_tensor generation:  0.14147400856018066
mini_batch_src_global generation:  0.27176570892333984
r_  generation:  2.434176445007324
local_output_nid generation:  0.03435802459716797
local_in_edges_tensor generation:  0.1373121738433838
mini_batch_src_global generation:  0.26210498809814453
r_  generation:  2.4326696395874023
local_output_nid generation:  0.034319162368774414
local_in_edges_tensor generation:  0.19623684883117676
mini_batch_src_global generation:  0.2654845714569092
r_  generation:  2.4078657627105713
local_output_nid generation:  0.060993194580078125
local_in_edges_tensor generation:  0.17986273765563965
mini_batch_src_global generation:  0.27397823333740234
r_  generation:  2.4149389266967773
local_output_nid generation:  0.036525726318359375
local_in_edges_tensor generation:  0.15780973434448242
mini_batch_src_global generation:  0.26606321334838867
r_  generation:  2.3871936798095703
local_output_nid generation:  0.03535199165344238
local_in_edges_tensor generation:  0.14815664291381836
mini_batch_src_global generation:  0.2641165256500244
r_  generation:  2.3911776542663574
local_output_nid generation:  0.03455042839050293
local_in_edges_tensor generation:  0.14609622955322266
mini_batch_src_global generation:  0.27997303009033203
r_  generation:  2.4248058795928955
local_output_nid generation:  0.03380465507507324
local_in_edges_tensor generation:  0.13485288619995117
mini_batch_src_global generation:  0.25676870346069336
r_  generation:  2.4390244483947754
local_output_nid generation:  0.034357309341430664
local_in_edges_tensor generation:  0.15947651863098145
mini_batch_src_global generation:  0.2638835906982422
r_  generation:  2.3954458236694336
local_output_nid generation:  0.042894840240478516
local_in_edges_tensor generation:  0.20141935348510742
mini_batch_src_global generation:  0.27706146240234375
r_  generation:  2.4341816902160645
local_output_nid generation:  0.044157981872558594
local_in_edges_tensor generation:  0.16412115097045898
mini_batch_src_global generation:  0.26274824142456055
r_  generation:  2.397329330444336
local_output_nid generation:  0.03577923774719238
local_in_edges_tensor generation:  0.15192532539367676
mini_batch_src_global generation:  0.2633323669433594
r_  generation:  2.3882813453674316
local_output_nid generation:  0.03491091728210449
local_in_edges_tensor generation:  0.14525747299194336
mini_batch_src_global generation:  0.264892578125
r_  generation:  2.455357789993286
local_output_nid generation:  0.034462690353393555
local_in_edges_tensor generation:  0.13879656791687012
mini_batch_src_global generation:  0.26723241806030273
r_  generation:  2.4005000591278076
local_output_nid generation:  0.03446555137634277
local_in_edges_tensor generation:  0.13619136810302734
mini_batch_src_global generation:  0.2989368438720703
r_  generation:  2.4159116744995117
local_output_nid generation:  0.03422713279724121
local_in_edges_tensor generation:  0.2177903652191162
mini_batch_src_global generation:  0.2611510753631592
r_  generation:  2.4087276458740234
local_output_nid generation:  0.052024126052856445
local_in_edges_tensor generation:  0.16649174690246582
mini_batch_src_global generation:  0.2593386173248291
r_  generation:  2.3848159313201904
local_output_nid generation:  0.035770416259765625
local_in_edges_tensor generation:  0.15080952644348145
mini_batch_src_global generation:  0.33006715774536133
r_  generation:  2.6153812408447266
local_output_nid generation:  0.03527021408081055
local_in_edges_tensor generation:  0.23786282539367676
mini_batch_src_global generation:  0.300708532333374
r_  generation:  2.436699867248535
local_output_nid generation:  0.0525662899017334
local_in_edges_tensor generation:  0.17245149612426758
mini_batch_src_global generation:  0.29453563690185547
r_  generation:  2.5880422592163086
local_output_nid generation:  0.05892491340637207
local_in_edges_tensor generation:  0.21653151512145996
mini_batch_src_global generation:  0.27790021896362305
r_  generation:  2.3789753913879395
local_output_nid generation:  0.03778529167175293
local_in_edges_tensor generation:  0.1670975685119629
mini_batch_src_global generation:  0.26627135276794434
r_  generation:  2.4148929119110107
local_output_nid generation:  0.03498506546020508
local_in_edges_tensor generation:  0.1698911190032959
mini_batch_src_global generation:  0.2708745002746582
r_  generation:  2.479522943496704
local_output_nid generation:  0.03735089302062988
local_in_edges_tensor generation:  0.16590595245361328
mini_batch_src_global generation:  0.26691627502441406
r_  generation:  2.4278852939605713
local_output_nid generation:  0.06080150604248047
local_in_edges_tensor generation:  0.20078063011169434
mini_batch_src_global generation:  0.2750711441040039
r_  generation:  2.3976778984069824
local_output_nid generation:  0.036832332611083984
local_in_edges_tensor generation:  0.16530418395996094
mini_batch_src_global generation:  0.263704776763916
r_  generation:  2.3948376178741455
local_output_nid generation:  0.035248756408691406
local_in_edges_tensor generation:  0.155226469039917
mini_batch_src_global generation:  0.26791954040527344
r_  generation:  2.436702251434326
local_output_nid generation:  0.034925222396850586
local_in_edges_tensor generation:  0.14290976524353027
mini_batch_src_global generation:  0.266265869140625
r_  generation:  2.4059717655181885
local_output_nid generation:  0.0344998836517334
local_in_edges_tensor generation:  0.13866257667541504
mini_batch_src_global generation:  0.2771005630493164
r_  generation:  2.4627268314361572
local_output_nid generation:  0.03410053253173828
local_in_edges_tensor generation:  0.17827343940734863
mini_batch_src_global generation:  0.2634141445159912
r_  generation:  2.4134011268615723
local_output_nid generation:  0.06110978126525879
local_in_edges_tensor generation:  0.19591355323791504
mini_batch_src_global generation:  0.2812199592590332
r_  generation:  2.415052652359009
local_output_nid generation:  0.03372907638549805
local_in_edges_tensor generation:  0.1473233699798584
mini_batch_src_global generation:  0.24617242813110352
r_  generation:  2.1889734268188477
----------------------check_connections_block total spend ----------------------------- 426.32859683036804
generate_one_block  3.9807960987091064
generate_one_block  3.129340410232544
generate_one_block  3.093365430831909
generate_one_block  3.4106879234313965
generate_one_block  3.191124439239502
generate_one_block  3.131178617477417
generate_one_block  3.0985395908355713
generate_one_block  3.112069845199585
generate_one_block  3.125871419906616
generate_one_block  3.1254703998565674
generate_one_block  3.304785966873169
generate_one_block  3.345099449157715
generate_one_block  3.1170947551727295
generate_one_block  3.1316120624542236
generate_one_block  3.0525951385498047
generate_one_block  3.1099369525909424
generate_one_block  3.090219736099243
generate_one_block  3.2382688522338867
generate_one_block  3.448378324508667
generate_one_block  3.105294704437256
generate_one_block  3.103705644607544
generate_one_block  3.1122469902038574
generate_one_block  3.1457178592681885
generate_one_block  3.1149277687072754
generate_one_block  3.473715305328369
generate_one_block  3.1813461780548096
generate_one_block  3.1310203075408936
generate_one_block  3.122145652770996
generate_one_block  3.1139907836914062
generate_one_block  3.1684458255767822
generate_one_block  3.080028772354126
generate_one_block  3.4983251094818115
generate_one_block  3.148219585418701
generate_one_block  3.1193506717681885
generate_one_block  3.1111652851104736
generate_one_block  3.068420886993408
generate_one_block  3.1207048892974854
generate_one_block  3.160493850708008
generate_one_block  3.4601199626922607
generate_one_block  3.1651010513305664
generate_one_block  3.113063097000122
generate_one_block  3.074216842651367
generate_one_block  3.079402208328247
generate_one_block  3.140536069869995
generate_one_block  3.085390329360962
generate_one_block  3.4788882732391357
generate_one_block  3.1296911239624023
generate_one_block  3.2286481857299805
generate_one_block  3.6489951610565186
generate_one_block  3.19669246673584
generate_one_block  3.6028170585632324
generate_one_block  3.0863287448883057
generate_one_block  3.124753952026367
generate_one_block  3.1577658653259277
generate_one_block  3.191124677658081
generate_one_block  3.4785728454589844
generate_one_block  3.1089649200439453
generate_one_block  3.078169584274292
generate_one_block  3.157857656478882
generate_one_block  3.130082130432129
generate_one_block  3.1209988594055176
generate_one_block  3.562314987182617
generate_one_block  3.126577377319336
generate_one_block  3.0907468795776367
generate_one_block  3.0688107013702393
generate_one_block  3.1739680767059326
generate_one_block  3.14715838432312
generate_one_block  3.1185967922210693
generate_one_block  3.533846378326416
generate_one_block  3.1244776248931885
generate_one_block  3.0966906547546387
generate_one_block  3.07499623298645
generate_one_block  3.0989580154418945
generate_one_block  3.149793863296509
generate_one_block  3.0746121406555176
generate_one_block  3.523975372314453
generate_one_block  3.157860040664673
generate_one_block  3.0994279384613037
generate_one_block  3.13140869140625
generate_one_block  3.08541202545166
generate_one_block  3.1515052318573
generate_one_block  3.2813663482666016
generate_one_block  3.4797189235687256
generate_one_block  3.2292847633361816
generate_one_block  3.5889599323272705
generate_one_block  3.088416576385498
generate_one_block  3.129694700241089
generate_one_block  3.092054843902588
generate_one_block  3.1292879581451416
generate_one_block  3.5096449851989746
generate_one_block  3.16359543800354
generate_one_block  3.163071632385254
generate_one_block  3.05741286277771
generate_one_block  3.1077356338500977
generate_one_block  3.144577741622925
generate_one_block  3.1264488697052
generate_one_block  3.574112892150879
generate_one_block  3.1381351947784424
generate_one_block  3.0993854999542236
generate_one_block  3.1061158180236816
generate_one_block  3.1330249309539795
generate_one_block  3.1551787853240967
generate_one_block  3.117443561553955
generate_one_block  3.5009992122650146
generate_one_block  3.659567356109619
generate_one_block  3.1194612979888916
generate_one_block  3.081796169281006
generate_one_block  3.1442549228668213
generate_one_block  3.1591718196868896
generate_one_block  3.1539223194122314
generate_one_block  3.518726348876953
generate_one_block  3.100909471511841
generate_one_block  3.085102081298828
generate_one_block  3.097550630569458
generate_one_block  3.149099111557007
generate_one_block  3.192758321762085
generate_one_block  3.1800501346588135
generate_one_block  3.5141234397888184
generate_one_block  3.0978498458862305
generate_one_block  3.0673513412475586
generate_one_block  3.117185592651367
generate_one_block  3.16215443611145
generate_one_block  3.1628811359405518
generate_one_block  3.587625741958618
generate_one_block  3.119582414627075
generate_one_block  3.128648281097412
generate_one_block  3.121668577194214
generate_one_block  2.8139162063598633
The real block id is  0
get_global_graph_edges_ids_block function  spend 3.5259039402008057
gen group dst list time:  4.645079612731934
time for parepare:  0.4758293628692627
local_output_nid generation:  0.3697168827056885
local_in_edges_tensor generation:  1.2231345176696777
mini_batch_src_global generation:  1.2957892417907715
r_  generation:  14.985608577728271
local_output_nid generation:  0.406252384185791
local_in_edges_tensor generation:  1.0760164260864258
mini_batch_src_global generation:  1.6346650123596191
r_  generation:  15.72638201713562
local_output_nid generation:  0.37146592140197754
local_in_edges_tensor generation:  1.3061473369598389
mini_batch_src_global generation:  1.6649377346038818
r_  generation:  15.927102327346802
local_output_nid generation:  0.3908417224884033
local_in_edges_tensor generation:  1.4371886253356934
mini_batch_src_global generation:  1.859022855758667
r_  generation:  16.145176887512207
local_output_nid generation:  0.39944005012512207
local_in_edges_tensor generation:  1.2832095623016357
mini_batch_src_global generation:  1.7473456859588623
r_  generation:  15.998719453811646
local_output_nid generation:  0.39458703994750977
local_in_edges_tensor generation:  1.2768888473510742
mini_batch_src_global generation:  1.778442144393921
r_  generation:  16.425843000411987
local_output_nid generation:  0.4156148433685303
local_in_edges_tensor generation:  1.2737536430358887
mini_batch_src_global generation:  1.7954905033111572
r_  generation:  15.772354364395142
local_output_nid generation:  0.4185795783996582
local_in_edges_tensor generation:  1.0792179107666016
mini_batch_src_global generation:  1.9108819961547852
r_  generation:  15.95906138420105
local_output_nid generation:  0.412278413772583
local_in_edges_tensor generation:  1.2656235694885254
mini_batch_src_global generation:  1.6842865943908691
r_  generation:  16.13958740234375
local_output_nid generation:  0.37058234214782715
local_in_edges_tensor generation:  1.2718181610107422
mini_batch_src_global generation:  1.7195227146148682
r_  generation:  16.112274885177612
local_output_nid generation:  0.39765286445617676
local_in_edges_tensor generation:  1.2771108150482178
mini_batch_src_global generation:  1.7842788696289062
r_  generation:  16.02544379234314
local_output_nid generation:  0.4124784469604492
local_in_edges_tensor generation:  1.2235114574432373
mini_batch_src_global generation:  1.835226058959961
r_  generation:  15.543663024902344
local_output_nid generation:  0.4151580333709717
local_in_edges_tensor generation:  1.1394035816192627
mini_batch_src_global generation:  1.8144786357879639
r_  generation:  16.12016201019287
local_output_nid generation:  0.41193294525146484
local_in_edges_tensor generation:  1.2782797813415527
mini_batch_src_global generation:  1.6989390850067139
r_  generation:  16.291654586791992
local_output_nid generation:  0.3666231632232666
local_in_edges_tensor generation:  1.265953540802002
mini_batch_src_global generation:  1.7542624473571777
r_  generation:  15.989110469818115
local_output_nid generation:  0.3961515426635742
local_in_edges_tensor generation:  1.2870876789093018
mini_batch_src_global generation:  1.7664194107055664
r_  generation:  15.869074583053589
local_output_nid generation:  0.4206242561340332
local_in_edges_tensor generation:  1.0983948707580566
mini_batch_src_global generation:  1.953115701675415
r_  generation:  15.897854566574097
local_output_nid generation:  0.41826701164245605
local_in_edges_tensor generation:  1.2822468280792236
mini_batch_src_global generation:  1.827261209487915
r_  generation:  16.153074026107788
local_output_nid generation:  0.41689491271972656
local_in_edges_tensor generation:  1.294189691543579
mini_batch_src_global generation:  1.7235422134399414
r_  generation:  16.470386266708374
local_output_nid generation:  0.36968231201171875
local_in_edges_tensor generation:  1.2940330505371094
mini_batch_src_global generation:  1.7431962490081787
r_  generation:  16.314579248428345
local_output_nid generation:  0.39339447021484375
local_in_edges_tensor generation:  1.279567003250122
mini_batch_src_global generation:  1.7721788883209229
r_  generation:  16.242368936538696
local_output_nid generation:  0.4157900810241699
local_in_edges_tensor generation:  1.2313995361328125
mini_batch_src_global generation:  1.8402721881866455
r_  generation:  15.72150206565857
local_output_nid generation:  0.41356348991394043
local_in_edges_tensor generation:  1.1688156127929688
mini_batch_src_global generation:  1.8419334888458252
r_  generation:  16.219494581222534
local_output_nid generation:  0.4159510135650635
local_in_edges_tensor generation:  1.2754004001617432
mini_batch_src_global generation:  1.6937339305877686
r_  generation:  16.33708953857422
local_output_nid generation:  0.3794972896575928
local_in_edges_tensor generation:  1.2890982627868652
mini_batch_src_global generation:  1.752852201461792
r_  generation:  16.48959183692932
local_output_nid generation:  0.397000789642334
local_in_edges_tensor generation:  1.309480905532837
mini_batch_src_global generation:  1.805086612701416
r_  generation:  16.309049606323242
local_output_nid generation:  0.4104306697845459
local_in_edges_tensor generation:  1.2694010734558105
mini_batch_src_global generation:  1.7894048690795898
r_  generation:  15.882726907730103
local_output_nid generation:  0.42357492446899414
local_in_edges_tensor generation:  1.0927555561065674
mini_batch_src_global generation:  2.0229902267456055
r_  generation:  16.007221460342407
local_output_nid generation:  0.4136035442352295
local_in_edges_tensor generation:  1.3003618717193604
mini_batch_src_global generation:  1.8066060543060303
r_  generation:  16.354957342147827
local_output_nid generation:  0.41889524459838867
local_in_edges_tensor generation:  1.2878055572509766
mini_batch_src_global generation:  1.7042648792266846
r_  generation:  16.3978910446167
local_output_nid generation:  0.3655667304992676
local_in_edges_tensor generation:  1.2827231884002686
mini_batch_src_global generation:  1.7589898109436035
r_  generation:  16.0762300491333
local_output_nid generation:  0.4036753177642822
local_in_edges_tensor generation:  1.2808029651641846
mini_batch_src_global generation:  1.8166460990905762
r_  generation:  16.23974061012268
local_output_nid generation:  0.4135608673095703
local_in_edges_tensor generation:  1.2716779708862305
mini_batch_src_global generation:  1.801764726638794
r_  generation:  15.855289459228516
local_output_nid generation:  0.41212964057922363
local_in_edges_tensor generation:  1.0980744361877441
mini_batch_src_global generation:  1.9960689544677734
r_  generation:  15.917041301727295
local_output_nid generation:  0.41152048110961914
local_in_edges_tensor generation:  1.2816112041473389
mini_batch_src_global generation:  1.8424577713012695
r_  generation:  16.162821531295776
local_output_nid generation:  0.4152183532714844
local_in_edges_tensor generation:  1.278768539428711
mini_batch_src_global generation:  1.6963274478912354
r_  generation:  16.285820960998535
local_output_nid generation:  0.3677048683166504
local_in_edges_tensor generation:  1.2850100994110107
mini_batch_src_global generation:  1.7474658489227295
r_  generation:  16.10812997817993
local_output_nid generation:  0.3994617462158203
local_in_edges_tensor generation:  1.2762091159820557
mini_batch_src_global generation:  1.816659688949585
r_  generation:  16.125351905822754
local_output_nid generation:  0.41229748725891113
local_in_edges_tensor generation:  1.274017095565796
mini_batch_src_global generation:  1.8375577926635742
r_  generation:  16.119397401809692
local_output_nid generation:  0.41036415100097656
local_in_edges_tensor generation:  1.2993669509887695
mini_batch_src_global generation:  1.8030261993408203
r_  generation:  16.130921125411987
local_output_nid generation:  0.3978407382965088
local_in_edges_tensor generation:  1.281306505203247
mini_batch_src_global generation:  1.7864370346069336
r_  generation:  16.117286443710327
local_output_nid generation:  0.4096810817718506
local_in_edges_tensor generation:  1.0913593769073486
mini_batch_src_global generation:  1.9046521186828613
r_  generation:  15.776124477386475
local_output_nid generation:  0.4161958694458008
local_in_edges_tensor generation:  1.2759945392608643
mini_batch_src_global generation:  1.9296696186065674
r_  generation:  15.997460842132568
local_output_nid generation:  0.41455674171447754
local_in_edges_tensor generation:  1.2959094047546387
mini_batch_src_global generation:  1.9308664798736572
r_  generation:  16.367682456970215
local_output_nid generation:  0.4147775173187256
local_in_edges_tensor generation:  1.2829103469848633
mini_batch_src_global generation:  1.7112839221954346
r_  generation:  16.337060928344727
local_output_nid generation:  0.37343788146972656
local_in_edges_tensor generation:  1.2849674224853516
mini_batch_src_global generation:  1.710644245147705
r_  generation:  16.035606145858765
local_output_nid generation:  0.3959028720855713
local_in_edges_tensor generation:  1.2862787246704102
mini_batch_src_global generation:  1.7645180225372314
r_  generation:  15.819648504257202
local_output_nid generation:  0.4259302616119385
local_in_edges_tensor generation:  1.138380765914917
mini_batch_src_global generation:  1.801053524017334
r_  generation:  16.25470542907715
local_output_nid generation:  0.4147000312805176
local_in_edges_tensor generation:  1.2815632820129395
mini_batch_src_global generation:  1.836698055267334
r_  generation:  16.394684314727783
local_output_nid generation:  0.4145209789276123
local_in_edges_tensor generation:  1.2911007404327393
mini_batch_src_global generation:  1.725602388381958
r_  generation:  16.422075271606445
local_output_nid generation:  0.3905961513519287
local_in_edges_tensor generation:  1.2894678115844727
mini_batch_src_global generation:  1.7479958534240723
r_  generation:  16.238734483718872
local_output_nid generation:  0.3961653709411621
local_in_edges_tensor generation:  1.2902257442474365
mini_batch_src_global generation:  1.7886505126953125
r_  generation:  16.19902753829956
local_output_nid generation:  0.4171121120452881
local_in_edges_tensor generation:  1.1584482192993164
mini_batch_src_global generation:  1.8529138565063477
r_  generation:  15.882404327392578
local_output_nid generation:  0.4138326644897461
local_in_edges_tensor generation:  1.2154905796051025
mini_batch_src_global generation:  1.9934208393096924
r_  generation:  16.05524492263794
local_output_nid generation:  0.4149491786956787
local_in_edges_tensor generation:  1.294630527496338
mini_batch_src_global generation:  1.8513004779815674
r_  generation:  16.094064474105835
local_output_nid generation:  0.40959668159484863
local_in_edges_tensor generation:  1.2926304340362549
mini_batch_src_global generation:  1.8194916248321533
r_  generation:  16.22931480407715
local_output_nid generation:  0.4171476364135742
local_in_edges_tensor generation:  1.2686491012573242
mini_batch_src_global generation:  1.695469617843628
r_  generation:  16.342870473861694
local_output_nid generation:  0.3801395893096924
local_in_edges_tensor generation:  1.2965376377105713
mini_batch_src_global generation:  1.7149372100830078
r_  generation:  16.28150701522827
local_output_nid generation:  0.4102654457092285
local_in_edges_tensor generation:  1.3021981716156006
mini_batch_src_global generation:  1.7671267986297607
r_  generation:  16.46751308441162
local_output_nid generation:  0.4039740562438965
local_in_edges_tensor generation:  1.2766971588134766
mini_batch_src_global generation:  1.8291332721710205
r_  generation:  16.345081090927124
local_output_nid generation:  0.4100308418273926
local_in_edges_tensor generation:  1.26069974899292
mini_batch_src_global generation:  1.799333095550537
r_  generation:  16.15288543701172
local_output_nid generation:  0.4164726734161377
local_in_edges_tensor generation:  1.1063957214355469
mini_batch_src_global generation:  1.9539604187011719
r_  generation:  16.252776622772217
local_output_nid generation:  0.4177122116088867
local_in_edges_tensor generation:  1.2895073890686035
mini_batch_src_global generation:  1.986966609954834
r_  generation:  16.349936485290527
local_output_nid generation:  0.42057180404663086
local_in_edges_tensor generation:  1.3050880432128906
mini_batch_src_global generation:  1.8284506797790527
r_  generation:  16.352036714553833
local_output_nid generation:  0.41426753997802734
local_in_edges_tensor generation:  1.287585735321045
mini_batch_src_global generation:  1.8463940620422363
r_  generation:  16.454153776168823
local_output_nid generation:  0.4147958755493164
local_in_edges_tensor generation:  1.2709269523620605
mini_batch_src_global generation:  1.6932480335235596
r_  generation:  16.39945673942566
local_output_nid generation:  0.37305665016174316
local_in_edges_tensor generation:  1.2986299991607666
mini_batch_src_global generation:  1.7560429573059082
r_  generation:  16.46960759162903
local_output_nid generation:  0.396831750869751
local_in_edges_tensor generation:  1.314706563949585
mini_batch_src_global generation:  1.7754228115081787
r_  generation:  16.27401065826416
local_output_nid generation:  0.3947441577911377
local_in_edges_tensor generation:  1.2658636569976807
mini_batch_src_global generation:  1.7757790088653564
r_  generation:  16.02480149269104
local_output_nid generation:  0.41553258895874023
local_in_edges_tensor generation:  1.097902536392212
mini_batch_src_global generation:  1.9434843063354492
r_  generation:  16.264896869659424
local_output_nid generation:  0.41999125480651855
local_in_edges_tensor generation:  1.2950520515441895
mini_batch_src_global generation:  1.925924301147461
r_  generation:  16.14579463005066
local_output_nid generation:  0.4292008876800537
local_in_edges_tensor generation:  1.303410291671753
mini_batch_src_global generation:  1.8115918636322021
r_  generation:  16.37286925315857
local_output_nid generation:  0.4122583866119385
local_in_edges_tensor generation:  1.280738353729248
mini_batch_src_global generation:  1.873661756515503
r_  generation:  16.46056580543518
local_output_nid generation:  0.41388583183288574
local_in_edges_tensor generation:  6.20862340927124
mini_batch_src_global generation:  1.7661454677581787
r_  generation:  16.165783643722534
local_output_nid generation:  0.37110280990600586
local_in_edges_tensor generation:  1.2794544696807861
mini_batch_src_global generation:  1.706876277923584
r_  generation:  16.243367671966553
local_output_nid generation:  0.3978135585784912
local_in_edges_tensor generation:  1.2817683219909668
mini_batch_src_global generation:  1.7858638763427734
r_  generation:  16.38385796546936
local_output_nid generation:  0.4212818145751953
local_in_edges_tensor generation:  1.2140638828277588
mini_batch_src_global generation:  1.8285315036773682
r_  generation:  16.109175205230713
local_output_nid generation:  0.41452860832214355
local_in_edges_tensor generation:  1.1690247058868408
mini_batch_src_global generation:  1.9836044311523438
r_  generation:  16.064548015594482
local_output_nid generation:  0.4125494956970215
local_in_edges_tensor generation:  1.296109676361084
mini_batch_src_global generation:  2.0264573097229004
r_  generation:  16.34619903564453
local_output_nid generation:  0.4126472473144531
local_in_edges_tensor generation:  1.2787597179412842
mini_batch_src_global generation:  1.9131970405578613
r_  generation:  15.967327117919922
local_output_nid generation:  0.42438650131225586
local_in_edges_tensor generation:  1.2755286693572998
mini_batch_src_global generation:  1.9413464069366455
r_  generation:  16.074111938476562
local_output_nid generation:  0.41608333587646484
local_in_edges_tensor generation:  1.291825532913208
mini_batch_src_global generation:  1.8215489387512207
r_  generation:  16.115432262420654
local_output_nid generation:  0.4127354621887207
local_in_edges_tensor generation:  1.294996738433838
mini_batch_src_global generation:  1.8240725994110107
r_  generation:  16.302886247634888
local_output_nid generation:  0.4165341854095459
local_in_edges_tensor generation:  1.2748398780822754
mini_batch_src_global generation:  1.7756850719451904
r_  generation:  16.425451040267944
local_output_nid generation:  0.42224550247192383
local_in_edges_tensor generation:  1.2893939018249512
mini_batch_src_global generation:  1.746483564376831
r_  generation:  16.560596466064453
local_output_nid generation:  0.38852643966674805
local_in_edges_tensor generation:  1.3224372863769531
mini_batch_src_global generation:  1.7471134662628174
r_  generation:  16.272637128829956
local_output_nid generation:  0.3989529609680176
local_in_edges_tensor generation:  1.2834796905517578
mini_batch_src_global generation:  1.7991843223571777
r_  generation:  16.373464107513428
local_output_nid generation:  0.4118490219116211
local_in_edges_tensor generation:  1.0843451023101807
mini_batch_src_global generation:  1.8752763271331787
r_  generation:  15.959395170211792
local_output_nid generation:  0.4138760566711426
local_in_edges_tensor generation:  1.2951793670654297
mini_batch_src_global generation:  1.9151618480682373
r_  generation:  16.28608751296997
local_output_nid generation:  0.435945987701416
local_in_edges_tensor generation:  1.28794527053833
mini_batch_src_global generation:  1.8299009799957275
r_  generation:  16.238189935684204
local_output_nid generation:  0.41299915313720703
local_in_edges_tensor generation:  1.2742414474487305
mini_batch_src_global generation:  1.7870802879333496
r_  generation:  16.268988370895386
local_output_nid generation:  0.4157075881958008
local_in_edges_tensor generation:  1.2778713703155518
mini_batch_src_global generation:  1.7110955715179443
r_  generation:  16.65419363975525
local_output_nid generation:  0.36625003814697266
local_in_edges_tensor generation:  1.2771329879760742
mini_batch_src_global generation:  1.7678625583648682
r_  generation:  16.22651171684265
local_output_nid generation:  0.40045619010925293
local_in_edges_tensor generation:  1.2837746143341064
mini_batch_src_global generation:  1.8204619884490967
r_  generation:  16.33358359336853
local_output_nid generation:  0.4144723415374756
local_in_edges_tensor generation:  1.1444170475006104
mini_batch_src_global generation:  1.831345558166504
r_  generation:  16.102378845214844
local_output_nid generation:  0.41271471977233887
local_in_edges_tensor generation:  1.3307521343231201
mini_batch_src_global generation:  1.8116052150726318
r_  generation:  16.09755253791809
local_output_nid generation:  0.4094712734222412
local_in_edges_tensor generation:  1.1795494556427002
mini_batch_src_global generation:  1.9320855140686035
r_  generation:  16.071946144104004
local_output_nid generation:  0.431408166885376
local_in_edges_tensor generation:  1.2842116355895996
mini_batch_src_global generation:  1.8257007598876953
r_  generation:  16.19568705558777
local_output_nid generation:  0.41584134101867676
local_in_edges_tensor generation:  1.2853319644927979
mini_batch_src_global generation:  1.8112742900848389
r_  generation:  16.301953554153442
local_output_nid generation:  0.41790294647216797
local_in_edges_tensor generation:  1.2662570476531982
mini_batch_src_global generation:  1.706165075302124
r_  generation:  16.478208303451538
local_output_nid generation:  0.3641657829284668
local_in_edges_tensor generation:  1.2736139297485352
mini_batch_src_global generation:  1.7663238048553467
r_  generation:  16.16376495361328
local_output_nid generation:  0.4002034664154053
local_in_edges_tensor generation:  1.270693302154541
mini_batch_src_global generation:  1.8121185302734375
r_  generation:  16.25405502319336
local_output_nid generation:  0.39197397232055664
local_in_edges_tensor generation:  1.1625230312347412
mini_batch_src_global generation:  1.793891191482544
r_  generation:  15.977257490158081
local_output_nid generation:  0.4184389114379883
local_in_edges_tensor generation:  1.193575382232666
mini_batch_src_global generation:  1.9325039386749268
r_  generation:  16.07332420349121
local_output_nid generation:  0.43462085723876953
local_in_edges_tensor generation:  1.2917077541351318
mini_batch_src_global generation:  1.8128623962402344
r_  generation:  16.152439832687378
local_output_nid generation:  0.42486119270324707
local_in_edges_tensor generation:  1.305959701538086
mini_batch_src_global generation:  1.8585314750671387
r_  generation:  16.475974321365356
local_output_nid generation:  0.41721105575561523
local_in_edges_tensor generation:  1.2822332382202148
mini_batch_src_global generation:  1.8178679943084717
r_  generation:  16.41255211830139
local_output_nid generation:  0.4182600975036621
local_in_edges_tensor generation:  1.2742838859558105
mini_batch_src_global generation:  1.7364749908447266
r_  generation:  16.607584238052368
local_output_nid generation:  0.37177515029907227
local_in_edges_tensor generation:  1.292163372039795
mini_batch_src_global generation:  1.770240068435669
r_  generation:  16.404978036880493
local_output_nid generation:  0.40259218215942383
local_in_edges_tensor generation:  1.2535772323608398
mini_batch_src_global generation:  1.7932982444763184
r_  generation:  16.07825517654419
local_output_nid generation:  0.39627838134765625
local_in_edges_tensor generation:  1.119107723236084
mini_batch_src_global generation:  1.8054611682891846
r_  generation:  16.12541127204895
local_output_nid generation:  0.42313432693481445
local_in_edges_tensor generation:  1.2481689453125
mini_batch_src_global generation:  1.9441380500793457
r_  generation:  15.973686933517456
local_output_nid generation:  0.4346005916595459
local_in_edges_tensor generation:  1.301070213317871
mini_batch_src_global generation:  1.8165888786315918
r_  generation:  16.170747756958008
local_output_nid generation:  0.4184098243713379
local_in_edges_tensor generation:  1.3169984817504883
mini_batch_src_global generation:  1.8261487483978271
r_  generation:  16.25145673751831
local_output_nid generation:  0.429546594619751
local_in_edges_tensor generation:  1.2937514781951904
mini_batch_src_global generation:  1.8161430358886719
r_  generation:  16.390329122543335
local_output_nid generation:  0.4165308475494385
local_in_edges_tensor generation:  1.2747228145599365
mini_batch_src_global generation:  1.8349339962005615
r_  generation:  16.681162357330322
local_output_nid generation:  0.3861405849456787
local_in_edges_tensor generation:  1.3175108432769775
mini_batch_src_global generation:  1.76548171043396
r_  generation:  16.53184223175049
local_output_nid generation:  0.38991665840148926
local_in_edges_tensor generation:  1.350102186203003
mini_batch_src_global generation:  1.7879176139831543
r_  generation:  16.618743658065796
local_output_nid generation:  0.3961613178253174
local_in_edges_tensor generation:  1.2713804244995117
mini_batch_src_global generation:  1.8032574653625488
r_  generation:  16.251526832580566
local_output_nid generation:  0.42278194427490234
local_in_edges_tensor generation:  1.098766803741455
mini_batch_src_global generation:  1.9228527545928955
r_  generation:  16.255574226379395
local_output_nid generation:  0.42856907844543457
local_in_edges_tensor generation:  1.2922773361206055
mini_batch_src_global generation:  1.9563062191009521
r_  generation:  16.255730867385864
local_output_nid generation:  0.43691110610961914
local_in_edges_tensor generation:  1.3141100406646729
mini_batch_src_global generation:  1.8658428192138672
r_  generation:  16.50688076019287
local_output_nid generation:  0.43156981468200684
local_in_edges_tensor generation:  1.316270112991333
mini_batch_src_global generation:  2.0275826454162598
r_  generation:  17.909157752990723
local_output_nid generation:  0.4254801273345947
local_in_edges_tensor generation:  1.2920279502868652
mini_batch_src_global generation:  2.1275856494903564
r_  generation:  16.23125672340393
local_output_nid generation:  0.42485570907592773
local_in_edges_tensor generation:  1.3008055686950684
mini_batch_src_global generation:  1.958380937576294
r_  generation:  16.29153060913086
local_output_nid generation:  0.4166405200958252
local_in_edges_tensor generation:  1.309061050415039
mini_batch_src_global generation:  1.8353691101074219
r_  generation:  16.33771324157715
local_output_nid generation:  0.4256155490875244
local_in_edges_tensor generation:  1.3117685317993164
mini_batch_src_global generation:  1.8684110641479492
r_  generation:  16.362385272979736
local_output_nid generation:  0.4033017158508301
local_in_edges_tensor generation:  1.2732362747192383
mini_batch_src_global generation:  1.76920747756958
r_  generation:  15.86602520942688
----------------------check_connections_block total spend ----------------------------- 2881.9408717155457
generate_one_block  22.64271593093872
generate_one_block  22.815643310546875
generate_one_block  22.982344150543213
generate_one_block  22.868138313293457
generate_one_block  22.865175008773804
generate_one_block  22.985458850860596
generate_one_block  23.20148754119873
generate_one_block  23.116154193878174
generate_one_block  24.926620721817017
generate_one_block  23.011818885803223
generate_one_block  23.061207056045532
generate_one_block  22.709050178527832
generate_one_block  23.703294277191162
generate_one_block  23.881845951080322
generate_one_block  24.083064079284668
generate_one_block  24.446859121322632
generate_one_block  24.64288902282715
generate_one_block  24.456298828125
generate_one_block  24.86271071434021
generate_one_block  24.687727451324463
generate_one_block  24.457739114761353
generate_one_block  24.91513419151306
generate_one_block  24.82063889503479
generate_one_block  24.6650493144989
generate_one_block  24.802401065826416
generate_one_block  24.99145269393921
generate_one_block  24.789870500564575
generate_one_block  25.324928283691406
generate_one_block  25.373188018798828
generate_one_block  25.5071804523468
generate_one_block  25.010329961776733
generate_one_block  25.608568906784058
generate_one_block  25.226226568222046
generate_one_block  25.5000479221344
generate_one_block  26.032371044158936
generate_one_block  25.280603170394897
generate_one_block  25.249854803085327
generate_one_block  25.39319610595703
generate_one_block  27.683311939239502
generate_one_block  26.141378164291382
generate_one_block  28.051762580871582
generate_one_block  26.272741556167603
generate_one_block  26.532087326049805
generate_one_block  26.540834188461304
generate_one_block  27.857319355010986
generate_one_block  26.049225568771362
generate_one_block  26.28677248954773
generate_one_block  25.402592182159424
generate_one_block  24.47327971458435
generate_one_block  23.960136890411377
generate_one_block  23.62501072883606
generate_one_block  23.727363109588623
generate_one_block  23.49398422241211
generate_one_block  23.558674097061157
generate_one_block  23.84409475326538
generate_one_block  23.698530912399292
generate_one_block  23.736230611801147
generate_one_block  23.67553424835205
generate_one_block  23.94968056678772
generate_one_block  23.75191307067871
generate_one_block  23.991706371307373
generate_one_block  24.046980619430542
generate_one_block  24.124465465545654
generate_one_block  23.83440923690796
generate_one_block  23.913331508636475
generate_one_block  23.67179560661316
generate_one_block  23.74094843864441
generate_one_block  23.894279718399048
generate_one_block  23.57602095603943
generate_one_block  23.89867401123047
generate_one_block  23.687615871429443
generate_one_block  23.741034030914307
generate_one_block  23.794947624206543
generate_one_block  24.04653573036194
generate_one_block  23.396201848983765
generate_one_block  24.048752069473267
generate_one_block  23.9068706035614
generate_one_block  23.691271781921387
generate_one_block  23.771294355392456
generate_one_block  23.51489758491516
generate_one_block  23.609761476516724
generate_one_block  23.578556776046753
generate_one_block  23.158019304275513
generate_one_block  23.641720056533813
generate_one_block  23.562366247177124
generate_one_block  23.246318578720093
generate_one_block  24.15009093284607
generate_one_block  23.19896125793457
generate_one_block  23.48253345489502terminate called after throwing an instance of 'c10::Error'
  what():  [enforce fail at CPUAllocator.cpp:65] . DefaultCPUAllocator: can't allocate memory: you tried to allocate 343188712 bytes. Error code 12 (Cannot allocate memory)
frame #0: c10::ThrowEnforceNotMet(char const*, int, char const*, std::string const&, void const*) + 0x47 (0x7fb8014946a7 in /home/cc/.local/lib/python3.6/site-packages/torch/lib/libc10.so)
frame #1: c10::alloc_cpu(unsigned long) + 0x1f1 (0x7fb801465901 in /home/cc/.local/lib/python3.6/site-packages/torch/lib/libc10.so)
frame #2: <unknown function> + 0x247b6 (0x7fb8014677b6 in /home/cc/.local/lib/python3.6/site-packages/torch/lib/libc10.so)
frame #3: at::native::empty_cpu(c10::ArrayRef<long>, c10::TensorOptions const&, c10::optional<c10::MemoryFormat>) + 0x172 (0x7fb83b8bbed2 in /home/cc/.local/lib/python3.6/site-packages/torch/lib/libtorch_cpu.so)
frame #4: <unknown function> + 0x123fb03 (0x7fb83bba6b03 in /home/cc/.local/lib/python3.6/site-packages/torch/lib/libtorch_cpu.so)
frame #5: <unknown function> + 0x1217137 (0x7fb83bb7e137 in /home/cc/.local/lib/python3.6/site-packages/torch/lib/libtorch_cpu.so)
frame #6: <unknown function> + 0x123220c (0x7fb83bb9920c in /home/cc/.local/lib/python3.6/site-packages/torch/lib/libtorch_cpu.so)
frame #7: <unknown function> + 0x120e6ba (0x7fb83bb756ba in /home/cc/.local/lib/python3.6/site-packages/torch/lib/libtorch_cpu.so)
frame #8: <unknown function> + 0x1217137 (0x7fb83bb7e137 in /home/cc/.local/lib/python3.6/site-packages/torch/lib/libtorch_cpu.so)
frame #9: <unknown function> + 0x123220c (0x7fb83bb9920c in /home/cc/.local/lib/python3.6/site-packages/torch/lib/libtorch_cpu.so)
frame #10: at::empty(c10::ArrayRef<long>, c10::TensorOptions const&, c10::optional<c10::MemoryFormat>) + 0xbd (0x7fb83bc6500d in /home/cc/.local/lib/python3.6/site-packages/torch/lib/libtorch_cpu.so)
frame #11: torch::empty(c10::ArrayRef<long>, c10::TensorOptions const&, c10::optional<c10::MemoryFormat>)::{lambda()#1}::operator()() const + 0xa8 (0x7fb640e23cc0 in /home/cc/.local/lib/python3.6/site-packages/dgl/tensoradapter/pytorch/libtensoradapter_pytorch_1.7.1.so)
frame #12: torch::empty(c10::ArrayRef<long>, c10::TensorOptions const&, c10::optional<c10::MemoryFormat>) + 0x51 (0x7fb640e23d44 in /home/cc/.local/lib/python3.6/site-packages/dgl/tensoradapter/pytorch/libtensoradapter_pytorch_1.7.1.so)
frame #13: TAempty + 0x129 (0x7fb640e202e6 in /home/cc/.local/lib/python3.6/site-packages/dgl/tensoradapter/pytorch/libtensoradapter_pytorch_1.7.1.so)
frame #14: dgl::runtime::NDArray::Empty(std::vector<long, std::allocator<long> >, DLDataType, DLContext) + 0xb6 (0x7fb653387586 in /home/cc/.local/lib/python3.6/site-packages/dgl/libdgl.so)
frame #15: dgl::aten::NewIdArray(long, DLContext, unsigned char) + 0x6d (0x7fb652b5814d in /home/cc/.local/lib/python3.6/site-packages/dgl/libdgl.so)
frame #16: <unknown function> + 0xee1a68 (0x7fb6534b2a68 in /home/cc/.local/lib/python3.6/site-packages/dgl/libdgl.so)
frame #17: std::tuple<std::shared_ptr<dgl::BaseHeteroGraph>, std::vector<dgl::runtime::NDArray, std::allocator<dgl::runtime::NDArray> >, std::vector<dgl::runtime::NDArray, std::allocator<dgl::runtime::NDArray> > > dgl::transform::ToBlock<(DLDeviceType)1, long>(std::shared_ptr<dgl::BaseHeteroGraph>, std::vector<dgl::runtime::NDArray, std::allocator<dgl::runtime::NDArray> > const&, bool) + 0x3a (0x7fb6534b3a5a in /home/cc/.local/lib/python3.6/site-packages/dgl/libdgl.so)
frame #18: <unknown function> + 0xee3321 (0x7fb6534b4321 in /home/cc/.local/lib/python3.6/site-packages/dgl/libdgl.so)
frame #19: <unknown function> + 0xee3d84 (0x7fb6534b4d84 in /home/cc/.local/lib/python3.6/site-packages/dgl/libdgl.so)
frame #20: DGLFuncCall + 0x48 (0x7fb65336b6e8 in /home/cc/.local/lib/python3.6/site-packages/dgl/libdgl.so)
frame #21: <unknown function> + 0x167a3 (0x7fb64046b7a3 in /home/cc/.local/lib/python3.6/site-packages/dgl/_ffi/_cy3/core.cpython-36m-x86_64-linux-gnu.so)
frame #22: <unknown function> + 0x16acb (0x7fb64046bacb in /home/cc/.local/lib/python3.6/site-packages/dgl/_ffi/_cy3/core.cpython-36m-x86_64-linux-gnu.so)
<omitting python frames>
frame #24: python() [0x57e965]
frame #26: python() [0x576736]
frame #27: python() [0x57f96b]
frame #28: python() [0x57e8bc]
frame #30: python() [0x57f8ad]
frame #31: python() [0x57e8bc]
frame #33: python() [0x57f8ad]
frame #34: python() [0x57e8bc]
frame #36: python() [0x57f8ad]
frame #37: python() [0x57e8bc]
frame #39: python() [0x57f8ad]
frame #40: python() [0x57e8bc]
frame #42: python() [0x576736]
frame #43: python() [0x57f96b]
frame #44: python() [0x57e8bc]
frame #46: python() [0x57f8ad]
frame #47: python() [0x57e8bc]
frame #49: python() [0x57609f]
frame #51: python() [0x5eb302]
frame #56: __libc_start_main + 0xf0 (0x7fb84f390840 in /lib/x86_64-linux-gnu/libc.so.6)

