main start at this time 1648201326.3890555
#nodes: 2449029
#edges: 123718024
#classes: 47
success----------------------------------------
196571
39255
2164782
# Nodes: 2400608
# Edges: 123718024
# Train: 196571
# Val: 39255
# Test: 2164782
# Classes: 47

in feats:  100
----------------------------------------before generate_dataloader_block 
 Nvidia-smi: 2.0242919921875 GB
    Memory Allocated: 0.0006527900695800781  GigaBytes
Max Memory Allocated: 0.0006527900695800781  GigaBytes

The real block id is  2
get_global_graph_edges_ids_block function  spend 0.5968446731567383
random selection method range initialization spend 0.01708078384399414
time for parepare:  0.3673255443572998
local_output_nid generation:  0.0009784698486328125
local_in_edges_tensor generation:  0.0313878059387207
mini_batch_src_global generation:  0.00580143928527832
r_  generation:  0.03938007354736328
local_output_nid generation:  0.0009713172912597656
local_in_edges_tensor generation:  0.0014848709106445312
mini_batch_src_global generation:  0.004295825958251953
r_  generation:  0.044183969497680664
local_output_nid generation:  0.0009601116180419922
local_in_edges_tensor generation:  0.0017457008361816406
mini_batch_src_global generation:  0.0023241043090820312
r_  generation:  0.04031085968017578
local_output_nid generation:  0.0009756088256835938
local_in_edges_tensor generation:  0.0014231204986572266
mini_batch_src_global generation:  0.002335786819458008
r_  generation:  0.04129290580749512
local_output_nid generation:  0.0009779930114746094
local_in_edges_tensor generation:  0.0014390945434570312
mini_batch_src_global generation:  0.0023136138916015625
r_  generation:  0.04016876220703125
local_output_nid generation:  0.0009839534759521484
local_in_edges_tensor generation:  0.0015511512756347656
mini_batch_src_global generation:  0.0024080276489257812
r_  generation:  0.04288172721862793
local_output_nid generation:  0.0009801387786865234
local_in_edges_tensor generation:  0.0013256072998046875
mini_batch_src_global generation:  0.0024106502532958984
r_  generation:  0.042215585708618164
local_output_nid generation:  0.0009777545928955078
local_in_edges_tensor generation:  0.0013892650604248047
mini_batch_src_global generation:  0.002468109130859375
r_  generation:  0.05617642402648926
local_output_nid generation:  0.0014507770538330078
local_in_edges_tensor generation:  0.0023546218872070312
mini_batch_src_global generation:  0.005667686462402344
r_  generation:  0.0449066162109375
local_output_nid generation:  0.0010304450988769531
local_in_edges_tensor generation:  0.0015206336975097656
mini_batch_src_global generation:  0.0032720565795898438
r_  generation:  0.045067787170410156
local_output_nid generation:  0.0009834766387939453
local_in_edges_tensor generation:  0.0013701915740966797
mini_batch_src_global generation:  0.002550363540649414
r_  generation:  0.04284071922302246
local_output_nid generation:  0.000995635986328125
local_in_edges_tensor generation:  0.0014460086822509766
mini_batch_src_global generation:  0.0025649070739746094
r_  generation:  0.043580055236816406
local_output_nid generation:  0.0009844303131103516
local_in_edges_tensor generation:  0.001409769058227539
mini_batch_src_global generation:  0.002695322036743164
r_  generation:  0.043233633041381836
local_output_nid generation:  0.0009884834289550781
local_in_edges_tensor generation:  0.0013668537139892578
mini_batch_src_global generation:  0.002686023712158203
r_  generation:  0.04512524604797363
local_output_nid generation:  0.0009770393371582031
local_in_edges_tensor generation:  0.0015971660614013672
mini_batch_src_global generation:  0.0026476383209228516
r_  generation:  0.044339895248413086
local_output_nid generation:  0.0009965896606445312
local_in_edges_tensor generation:  0.0014352798461914062
mini_batch_src_global generation:  0.0027658939361572266
r_  generation:  0.04392051696777344
local_output_nid generation:  0.0009975433349609375
local_in_edges_tensor generation:  0.0013706684112548828
mini_batch_src_global generation:  0.0027217864990234375
r_  generation:  0.04455709457397461
local_output_nid generation:  0.0009851455688476562
local_in_edges_tensor generation:  0.001382589340209961
mini_batch_src_global generation:  0.002889871597290039
r_  generation:  0.049540042877197266
local_output_nid generation:  0.0009772777557373047
local_in_edges_tensor generation:  0.0013964176177978516
mini_batch_src_global generation:  0.0028874874114990234
r_  generation:  0.045354604721069336
local_output_nid generation:  0.0009849071502685547
local_in_edges_tensor generation:  0.0013768672943115234
mini_batch_src_global generation:  0.0028734207153320312
r_  generation:  0.044281721115112305
local_output_nid generation:  0.0009832382202148438
local_in_edges_tensor generation:  0.0013878345489501953
mini_batch_src_global generation:  0.0029747486114501953
r_  generation:  0.04591226577758789
local_output_nid generation:  0.0009834766387939453
local_in_edges_tensor generation:  0.0013453960418701172
mini_batch_src_global generation:  0.002988100051879883
r_  generation:  0.04717898368835449
local_output_nid generation:  0.00098419189453125
local_in_edges_tensor generation:  0.005219697952270508
mini_batch_src_global generation:  0.003219127655029297
r_  generation:  0.0487971305847168
local_output_nid generation:  0.0009691715240478516
local_in_edges_tensor generation:  0.004927396774291992
mini_batch_src_global generation:  0.0032317638397216797
r_  generation:  0.04563593864440918
local_output_nid generation:  0.00098419189453125
local_in_edges_tensor generation:  0.029568910598754883
mini_batch_src_global generation:  0.0029320716857910156
r_  generation:  0.04581475257873535
local_output_nid generation:  0.0009720325469970703
local_in_edges_tensor generation:  0.0045816898345947266
mini_batch_src_global generation:  0.0032014846801757812
r_  generation:  0.04893159866333008
local_output_nid generation:  0.0009665489196777344
local_in_edges_tensor generation:  0.004253387451171875
mini_batch_src_global generation:  0.00318145751953125
r_  generation:  0.04778861999511719
local_output_nid generation:  0.0009677410125732422
local_in_edges_tensor generation:  0.004448413848876953
mini_batch_src_global generation:  0.0032644271850585938
r_  generation:  0.04600977897644043
local_output_nid generation:  0.0009663105010986328
local_in_edges_tensor generation:  0.00426793098449707
mini_batch_src_global generation:  0.0032889842987060547
r_  generation:  0.04869985580444336
local_output_nid generation:  0.0018053054809570312
local_in_edges_tensor generation:  0.003793478012084961
mini_batch_src_global generation:  0.0032444000244140625
r_  generation:  0.04649639129638672
local_output_nid generation:  0.0011496543884277344
local_in_edges_tensor generation:  0.0037369728088378906
mini_batch_src_global generation:  0.0032274723052978516
r_  generation:  0.04610919952392578
local_output_nid generation:  0.0010221004486083984
local_in_edges_tensor generation:  0.00732111930847168
mini_batch_src_global generation:  0.0034646987915039062
r_  generation:  0.0528564453125
local_output_nid generation:  0.0009844303131103516
local_in_edges_tensor generation:  0.006655216217041016
mini_batch_src_global generation:  0.0033614635467529297
r_  generation:  0.04602837562561035
local_output_nid generation:  0.000980377197265625
local_in_edges_tensor generation:  0.006297588348388672
mini_batch_src_global generation:  0.0033829212188720703
r_  generation:  0.046173095703125
local_output_nid generation:  0.0009644031524658203
local_in_edges_tensor generation:  0.006109476089477539
mini_batch_src_global generation:  0.0035932064056396484
r_  generation:  0.0467531681060791
local_output_nid generation:  0.0009796619415283203
local_in_edges_tensor generation:  0.005850076675415039
mini_batch_src_global generation:  0.003373861312866211
r_  generation:  0.04635167121887207
local_output_nid generation:  0.0009758472442626953
local_in_edges_tensor generation:  0.005675792694091797
mini_batch_src_global generation:  0.0033407211303710938
r_  generation:  0.045252323150634766
local_output_nid generation:  0.0009601116180419922
local_in_edges_tensor generation:  0.005644321441650391
mini_batch_src_global generation:  0.0033571720123291016
r_  generation:  0.04739785194396973
local_output_nid generation:  0.0009596347808837891
local_in_edges_tensor generation:  0.009159326553344727
mini_batch_src_global generation:  0.003391265869140625
r_  generation:  0.045362234115600586
local_output_nid generation:  0.0009586811065673828
local_in_edges_tensor generation:  0.005005836486816406
mini_batch_src_global generation:  0.0034270286560058594
r_  generation:  0.051702260971069336
local_output_nid generation:  0.0009794235229492188
local_in_edges_tensor generation:  0.0046579837799072266
mini_batch_src_global generation:  0.003346681594848633
r_  generation:  0.047627925872802734
local_output_nid generation:  0.0009644031524658203
local_in_edges_tensor generation:  0.004497051239013672
mini_batch_src_global generation:  0.0033872127532958984
r_  generation:  0.04727983474731445
local_output_nid generation:  0.0009708404541015625
local_in_edges_tensor generation:  0.004314422607421875
mini_batch_src_global generation:  0.0032770633697509766
r_  generation:  0.051483154296875
local_output_nid generation:  0.0009813308715820312
local_in_edges_tensor generation:  0.004129886627197266
mini_batch_src_global generation:  0.0034275054931640625
r_  generation:  0.04747414588928223
local_output_nid generation:  0.0009741783142089844
local_in_edges_tensor generation:  0.004028797149658203
mini_batch_src_global generation:  0.0032851696014404297
r_  generation:  0.048547983169555664
local_output_nid generation:  0.0018308162689208984
local_in_edges_tensor generation:  0.003865957260131836
mini_batch_src_global generation:  0.0032854080200195312
r_  generation:  0.05637240409851074
local_output_nid generation:  0.0013172626495361328
local_in_edges_tensor generation:  0.0035355091094970703
mini_batch_src_global generation:  0.0034263134002685547
r_  generation:  0.04683947563171387
local_output_nid generation:  0.0010995864868164062
local_in_edges_tensor generation:  0.003538370132446289
mini_batch_src_global generation:  0.003259897232055664
r_  generation:  0.04734373092651367
local_output_nid generation:  0.0018537044525146484
local_in_edges_tensor generation:  0.0033402442932128906
mini_batch_src_global generation:  0.0034105777740478516
r_  generation:  0.04698657989501953
local_output_nid generation:  0.0012965202331542969
local_in_edges_tensor generation:  0.0032854080200195312
mini_batch_src_global generation:  0.0033469200134277344
r_  generation:  0.04743766784667969
local_output_nid generation:  0.0011088848114013672
local_in_edges_tensor generation:  0.0032236576080322266
mini_batch_src_global generation:  0.0033011436462402344
r_  generation:  0.04792904853820801
local_output_nid generation:  0.0010399818420410156
local_in_edges_tensor generation:  0.0029115676879882812
mini_batch_src_global generation:  0.003410816192626953
r_  generation:  0.0480959415435791
local_output_nid generation:  0.0009918212890625
local_in_edges_tensor generation:  0.0030982494354248047
mini_batch_src_global generation:  0.0033049583435058594
r_  generation:  0.046143531799316406
local_output_nid generation:  0.0009937286376953125
local_in_edges_tensor generation:  0.0027360916137695312
mini_batch_src_global generation:  0.003279447555541992
r_  generation:  0.04876089096069336
local_output_nid generation:  0.0009915828704833984
local_in_edges_tensor generation:  0.002720355987548828
mini_batch_src_global generation:  0.003383636474609375
r_  generation:  0.047879934310913086
local_output_nid generation:  0.0009903907775878906
local_in_edges_tensor generation:  0.0027625560760498047
mini_batch_src_global generation:  0.0032558441162109375
r_  generation:  0.04608750343322754
local_output_nid generation:  0.0009868144989013672
local_in_edges_tensor generation:  0.002530336380004883
mini_batch_src_global generation:  0.003416776657104492
r_  generation:  0.04706907272338867
local_output_nid generation:  0.000993967056274414
local_in_edges_tensor generation:  0.002550840377807617
mini_batch_src_global generation:  0.003251314163208008
r_  generation:  0.05286431312561035
local_output_nid generation:  0.000986337661743164
local_in_edges_tensor generation:  0.0024373531341552734
mini_batch_src_global generation:  0.0032546520233154297
r_  generation:  0.046541690826416016
local_output_nid generation:  0.0009777545928955078
local_in_edges_tensor generation:  0.0023050308227539062
mini_batch_src_global generation:  0.0033545494079589844
r_  generation:  0.04675912857055664
local_output_nid generation:  0.0010077953338623047
local_in_edges_tensor generation:  0.0027246475219726562
mini_batch_src_global generation:  0.003264188766479492
r_  generation:  0.046425819396972656
local_output_nid generation:  0.0009963512420654297
local_in_edges_tensor generation:  0.002316713333129883
mini_batch_src_global generation:  0.0033636093139648438
r_  generation:  0.04742121696472168
local_output_nid generation:  0.0009908676147460938
local_in_edges_tensor generation:  0.0021882057189941406
mini_batch_src_global generation:  0.0033142566680908203
r_  generation:  0.05575895309448242
local_output_nid generation:  0.001001596450805664
local_in_edges_tensor generation:  0.002665996551513672
mini_batch_src_global generation:  0.004553556442260742
r_  generation:  0.04850029945373535
local_output_nid generation:  0.0009930133819580078
local_in_edges_tensor generation:  0.0021724700927734375
mini_batch_src_global generation:  0.003358125686645508
r_  generation:  0.047363996505737305
local_output_nid generation:  0.0009829998016357422
local_in_edges_tensor generation:  0.0020813941955566406
mini_batch_src_global generation:  0.01738429069519043
r_  generation:  0.0479130744934082
local_output_nid generation:  0.000982046127319336
local_in_edges_tensor generation:  0.0034770965576171875
mini_batch_src_global generation:  0.003384828567504883
r_  generation:  0.04795360565185547
local_output_nid generation:  0.0018200874328613281
local_in_edges_tensor generation:  0.0033376216888427734
mini_batch_src_global generation:  0.003351926803588867
r_  generation:  0.04695630073547363
local_output_nid generation:  0.0011737346649169922
local_in_edges_tensor generation:  0.003242015838623047
mini_batch_src_global generation:  0.0032842159271240234
r_  generation:  0.048810720443725586
local_output_nid generation:  0.001051187515258789
local_in_edges_tensor generation:  0.0045108795166015625
mini_batch_src_global generation:  0.003397226333618164
r_  generation:  0.04658031463623047
local_output_nid generation:  0.0009903907775878906
local_in_edges_tensor generation:  0.0042569637298583984
mini_batch_src_global generation:  0.0032923221588134766
r_  generation:  0.04725289344787598
local_output_nid generation:  0.001280069351196289
local_in_edges_tensor generation:  0.004102468490600586
mini_batch_src_global generation:  0.0032973289489746094
r_  generation:  0.04681658744812012
local_output_nid generation:  0.0011165142059326172
local_in_edges_tensor generation:  0.003995656967163086
mini_batch_src_global generation:  0.00335693359375
r_  generation:  0.05133795738220215
local_output_nid generation:  0.001897573471069336
local_in_edges_tensor generation:  0.0038917064666748047
mini_batch_src_global generation:  0.003224611282348633
r_  generation:  0.04640316963195801
local_output_nid generation:  0.0012996196746826172
local_in_edges_tensor generation:  0.011309146881103516
mini_batch_src_global generation:  0.0032362937927246094
r_  generation:  0.047356605529785156
local_output_nid generation:  0.0011050701141357422
local_in_edges_tensor generation:  0.0034084320068359375
mini_batch_src_global generation:  0.003288745880126953
r_  generation:  0.045583248138427734
local_output_nid generation:  0.0010192394256591797
local_in_edges_tensor generation:  0.003033161163330078
mini_batch_src_global generation:  0.003288745880126953
r_  generation:  0.04741835594177246
local_output_nid generation:  0.0009975433349609375
local_in_edges_tensor generation:  0.0029315948486328125
mini_batch_src_global generation:  0.0032532215118408203
r_  generation:  0.04887700080871582
local_output_nid generation:  0.0009961128234863281
local_in_edges_tensor generation:  0.0027968883514404297
mini_batch_src_global generation:  0.003203153610229492
r_  generation:  0.04670095443725586
local_output_nid generation:  0.0009839534759521484
local_in_edges_tensor generation:  0.0028808116912841797
mini_batch_src_global generation:  0.0032215118408203125
r_  generation:  0.04627823829650879
local_output_nid generation:  0.0009875297546386719
local_in_edges_tensor generation:  0.002688884735107422
mini_batch_src_global generation:  0.003329753875732422
r_  generation:  0.048111915588378906
local_output_nid generation:  0.0009908676147460938
local_in_edges_tensor generation:  0.0026123523712158203
mini_batch_src_global generation:  0.0033354759216308594
r_  generation:  0.046716928482055664
local_output_nid generation:  0.0009801387786865234
local_in_edges_tensor generation:  0.0024945735931396484
mini_batch_src_global generation:  0.003273487091064453
r_  generation:  0.04772353172302246
local_output_nid generation:  0.0009918212890625
local_in_edges_tensor generation:  0.0024137496948242188
mini_batch_src_global generation:  0.0032660961151123047
r_  generation:  0.04682612419128418
local_output_nid generation:  0.0009946823120117188
local_in_edges_tensor generation:  0.0023467540740966797
mini_batch_src_global generation:  0.003249645233154297
r_  generation:  0.04824972152709961
local_output_nid generation:  0.0010097026824951172
local_in_edges_tensor generation:  0.002657651901245117
mini_batch_src_global generation:  0.003298044204711914
r_  generation:  0.04776811599731445
local_output_nid generation:  0.0009846687316894531
local_in_edges_tensor generation:  0.0024251937866210938
mini_batch_src_global generation:  0.0032126903533935547
r_  generation:  0.04948878288269043
local_output_nid generation:  0.0009925365447998047
local_in_edges_tensor generation:  0.0026319026947021484
mini_batch_src_global generation:  0.0064525604248046875
r_  generation:  0.046753883361816406
local_output_nid generation:  0.0010030269622802734
local_in_edges_tensor generation:  0.002335786819458008
mini_batch_src_global generation:  0.0034270286560058594
r_  generation:  0.0500035285949707
local_output_nid generation:  0.0009844303131103516
local_in_edges_tensor generation:  0.0022292137145996094
mini_batch_src_global generation:  0.0033185482025146484
r_  generation:  0.04759621620178223
local_output_nid generation:  0.0009856224060058594
local_in_edges_tensor generation:  0.0020041465759277344
mini_batch_src_global generation:  0.003308534622192383
r_  generation:  0.048545122146606445
local_output_nid generation:  0.0009911060333251953
local_in_edges_tensor generation:  0.0032389163970947266
mini_batch_src_global generation:  0.0032885074615478516
r_  generation:  0.04760432243347168
local_output_nid generation:  0.0009777545928955078
local_in_edges_tensor generation:  0.003093719482421875
mini_batch_src_global generation:  0.0033364295959472656
r_  generation:  0.047928571701049805
local_output_nid generation:  0.0019249916076660156
local_in_edges_tensor generation:  0.002994537353515625
mini_batch_src_global generation:  0.011180400848388672
r_  generation:  0.04690289497375488
local_output_nid generation:  0.0011761188507080078
local_in_edges_tensor generation:  0.004048824310302734
mini_batch_src_global generation:  0.0033659934997558594
r_  generation:  0.048273324966430664
local_output_nid generation:  0.0010592937469482422
local_in_edges_tensor generation:  0.003879547119140625
mini_batch_src_global generation:  0.003429889678955078
r_  generation:  0.0540623664855957
local_output_nid generation:  0.0013272762298583984
local_in_edges_tensor generation:  0.003687620162963867
mini_batch_src_global generation:  0.0033304691314697266
r_  generation:  0.04992246627807617
local_output_nid generation:  0.0019268989562988281
local_in_edges_tensor generation:  0.0035932064056396484
mini_batch_src_global generation:  0.0034062862396240234
r_  generation:  0.04895186424255371
local_output_nid generation:  0.001375436782836914
local_in_edges_tensor generation:  0.0034821033477783203
mini_batch_src_global generation:  0.003374338150024414
r_  generation:  0.046973228454589844
local_output_nid generation:  0.0011219978332519531
local_in_edges_tensor generation:  0.003468036651611328
mini_batch_src_global generation:  0.003348112106323242
r_  generation:  0.04703164100646973
local_output_nid generation:  0.0010495185852050781
local_in_edges_tensor generation:  0.0033185482025146484
mini_batch_src_global generation:  0.00339508056640625
r_  generation:  0.047770023345947266
local_output_nid generation:  0.001020669937133789
local_in_edges_tensor generation:  0.0030984878540039062
mini_batch_src_global generation:  0.003357410430908203
r_  generation:  0.04736971855163574
local_output_nid generation:  0.0009951591491699219
local_in_edges_tensor generation:  0.0030384063720703125
mini_batch_src_global generation:  0.003389596939086914
r_  generation:  0.04764986038208008
local_output_nid generation:  0.0009958744049072266
local_in_edges_tensor generation:  0.002877950668334961
mini_batch_src_global generation:  0.0034127235412597656
r_  generation:  0.04807233810424805
local_output_nid generation:  0.0009942054748535156
local_in_edges_tensor generation:  0.002886533737182617
mini_batch_src_global generation:  0.0032563209533691406
r_  generation:  0.04671430587768555
local_output_nid generation:  0.000993490219116211
local_in_edges_tensor generation:  0.0027534961700439453
mini_batch_src_global generation:  0.003313779830932617
r_  generation:  0.04701590538024902
local_output_nid generation:  0.0009872913360595703
local_in_edges_tensor generation:  0.0027000904083251953
mini_batch_src_global generation:  0.0033571720123291016
r_  generation:  0.04869818687438965
local_output_nid generation:  0.00098419189453125
local_in_edges_tensor generation:  0.002656698226928711
mini_batch_src_global generation:  0.0033719539642333984
r_  generation:  0.04663705825805664
local_output_nid generation:  0.0009877681732177734
local_in_edges_tensor generation:  0.002571582794189453
mini_batch_src_global generation:  0.003289461135864258
r_  generation:  0.04724693298339844
local_output_nid generation:  0.0009927749633789062
local_in_edges_tensor generation:  0.002428293228149414
mini_batch_src_global generation:  0.003321409225463867
r_  generation:  0.04811215400695801
local_output_nid generation:  0.0009930133819580078
local_in_edges_tensor generation:  0.002472400665283203
mini_batch_src_global generation:  0.003361225128173828
r_  generation:  0.047005653381347656
local_output_nid generation:  0.000989675521850586
local_in_edges_tensor generation:  0.0024089813232421875
mini_batch_src_global generation:  0.0034754276275634766
r_  generation:  0.046865224838256836
local_output_nid generation:  0.0010004043579101562
local_in_edges_tensor generation:  0.0023469924926757812
mini_batch_src_global generation:  0.0034132003784179688
r_  generation:  0.048900604248046875
local_output_nid generation:  0.0009920597076416016
local_in_edges_tensor generation:  0.0022363662719726562
mini_batch_src_global generation:  0.003422260284423828
r_  generation:  0.052747488021850586
local_output_nid generation:  0.0009913444519042969
local_in_edges_tensor generation:  0.002210378646850586
mini_batch_src_global generation:  0.003298044204711914
r_  generation:  0.04750514030456543
local_output_nid generation:  0.0009899139404296875
local_in_edges_tensor generation:  0.0020749568939208984
mini_batch_src_global generation:  0.0033392906188964844
r_  generation:  0.049257755279541016
local_output_nid generation:  0.001049041748046875
local_in_edges_tensor generation:  0.0024254322052001953
mini_batch_src_global generation:  0.003350496292114258
r_  generation:  0.046305179595947266
local_output_nid generation:  0.0010030269622802734
local_in_edges_tensor generation:  0.0020666122436523438
mini_batch_src_global generation:  0.0032510757446289062
r_  generation:  0.04665088653564453
local_output_nid generation:  0.0010135173797607422
local_in_edges_tensor generation:  0.002002239227294922
mini_batch_src_global generation:  0.005051851272583008
r_  generation:  0.04810643196105957
local_output_nid generation:  0.000990152359008789
local_in_edges_tensor generation:  0.002024412155151367
mini_batch_src_global generation:  0.003273487091064453
r_  generation:  0.049746036529541016
local_output_nid generation:  0.0009884834289550781
local_in_edges_tensor generation:  0.0023856163024902344
mini_batch_src_global generation:  0.004256010055541992
r_  generation:  0.048718929290771484
local_output_nid generation:  0.0009920597076416016
local_in_edges_tensor generation:  0.0020377635955810547
mini_batch_src_global generation:  0.0032923221588134766
r_  generation:  0.04955601692199707
local_output_nid generation:  0.0009922981262207031
local_in_edges_tensor generation:  0.003207683563232422
mini_batch_src_global generation:  0.003241300582885742
r_  generation:  0.04691958427429199
local_output_nid generation:  0.000997304916381836
local_in_edges_tensor generation:  0.010800838470458984
mini_batch_src_global generation:  0.0034134387969970703
r_  generation:  0.04828286170959473
local_output_nid generation:  0.0018253326416015625
local_in_edges_tensor generation:  0.0030100345611572266
mini_batch_src_global generation:  0.003637552261352539
r_  generation:  0.04814434051513672
local_output_nid generation:  0.0011858940124511719
local_in_edges_tensor generation:  0.0028798580169677734
mini_batch_src_global generation:  0.0032567977905273438
r_  generation:  0.04648852348327637
local_output_nid generation:  0.0010755062103271484
local_in_edges_tensor generation:  0.0040857791900634766
mini_batch_src_global generation:  0.003378152847290039
r_  generation:  0.04630851745605469
local_output_nid generation:  0.0008873939514160156
local_in_edges_tensor generation:  0.0035669803619384766
mini_batch_src_global generation:  0.0029773712158203125
r_  generation:  0.04041433334350586
----------------------check_connections_block total spend ----------------------------- 8.903608560562134
generate_one_block  5.556027889251709
generate_one_block  0.06603503227233887
generate_one_block  0.06193947792053223
generate_one_block  0.0608210563659668
generate_one_block  0.06066608428955078
generate_one_block  0.062074899673461914
generate_one_block  0.06110978126525879
generate_one_block  0.06518173217773438
generate_one_block  0.061415910720825195
generate_one_block  0.0622861385345459
generate_one_block  0.06293392181396484
generate_one_block  0.06143307685852051
generate_one_block  0.06203866004943848
generate_one_block  0.06209087371826172
generate_one_block  0.06172609329223633
generate_one_block  0.06280207633972168
generate_one_block  0.061181068420410156
generate_one_block  0.06272077560424805
generate_one_block  0.06274604797363281
generate_one_block  0.0641028881072998
generate_one_block  0.07536721229553223
generate_one_block  0.0687263011932373
generate_one_block  0.06557440757751465
generate_one_block  0.08785462379455566
generate_one_block  0.0769643783569336
generate_one_block  0.08695483207702637
generate_one_block  0.08778667449951172
generate_one_block  0.08797693252563477
generate_one_block  0.1027827262878418
generate_one_block  0.08753085136413574
generate_one_block  0.09724593162536621
generate_one_block  0.08555817604064941
generate_one_block  0.09308004379272461
generate_one_block  0.0851132869720459
generate_one_block  0.08832335472106934
generate_one_block  0.08230042457580566
generate_one_block  0.07771611213684082
generate_one_block  0.0722959041595459
generate_one_block  0.06902337074279785
generate_one_block  0.06825780868530273
generate_one_block  0.06651473045349121
generate_one_block  0.06572580337524414
generate_one_block  0.06443405151367188
generate_one_block  0.0633087158203125
generate_one_block  0.06344771385192871
generate_one_block  0.06209564208984375
generate_one_block  0.06305217742919922
generate_one_block  0.06343603134155273
generate_one_block  0.06351709365844727
generate_one_block  0.06326985359191895
generate_one_block  0.0635221004486084
generate_one_block  0.06126046180725098
generate_one_block  0.06173992156982422
generate_one_block  0.06305956840515137
generate_one_block  0.06284618377685547
generate_one_block  0.06257295608520508
generate_one_block  0.06295228004455566
generate_one_block  0.06169271469116211
generate_one_block  0.06339049339294434
generate_one_block  0.062174320220947266
generate_one_block  0.06326508522033691
generate_one_block  0.062264204025268555
generate_one_block  0.06219983100891113
generate_one_block  0.06428265571594238
generate_one_block  0.06053900718688965
generate_one_block  0.06281876564025879
generate_one_block  0.06293272972106934
generate_one_block  0.06252598762512207
generate_one_block  0.06150674819946289
generate_one_block  0.06238245964050293
generate_one_block  0.06275105476379395
generate_one_block  0.06206035614013672
generate_one_block  0.0616455078125
generate_one_block  0.06353473663330078
generate_one_block  0.06112241744995117
generate_one_block  0.06061959266662598
generate_one_block  0.06341791152954102
generate_one_block  0.06251168251037598
generate_one_block  0.061951637268066406
generate_one_block  0.06205153465270996
generate_one_block  0.06269216537475586
generate_one_block  0.061180830001831055
generate_one_block  0.062154293060302734
generate_one_block  0.06344032287597656
generate_one_block  0.06589961051940918
generate_one_block  0.061820268630981445
generate_one_block  0.0623316764831543
generate_one_block  0.060888051986694336
generate_one_block  0.07245874404907227
generate_one_block  0.062236785888671875
generate_one_block  0.06210136413574219
generate_one_block  0.0636453628540039
generate_one_block  0.061760663986206055
generate_one_block  0.0630340576171875
generate_one_block  0.06210732460021973
generate_one_block  0.06264209747314453
generate_one_block  0.06305098533630371
generate_one_block  0.06222653388977051
generate_one_block  0.06268954277038574
generate_one_block  0.06250357627868652
generate_one_block  0.06220579147338867
generate_one_block  0.06354689598083496
generate_one_block  0.06176567077636719
generate_one_block  0.06147933006286621
generate_one_block  0.06163740158081055
generate_one_block  0.06411933898925781
generate_one_block  0.06479740142822266
generate_one_block  0.08609580993652344
generate_one_block  0.07429313659667969
generate_one_block  0.06877422332763672
generate_one_block  0.07618522644042969
generate_one_block  0.07936525344848633
generate_one_block  0.07274174690246582
generate_one_block  0.07778763771057129
generate_one_block  0.0859229564666748
generate_one_block  0.07654953002929688
generate_one_block  0.08790802955627441
generate_one_block  0.08094382286071777
generate_one_block  0.0737762451171875
generate_one_block  0.08969306945800781
generate_one_block  0.07935476303100586
generate_one_block  0.07306790351867676
generate_one_block  0.06956839561462402
generate_one_block  0.08519864082336426
generate_one_block  0.07731080055236816
generate_one_block  0.07247376441955566
generate_one_block  0.07076716423034668
generate_one_block  0.07692956924438477
The real block id is  1
get_global_graph_edges_ids_block function  spend 2.212104082107544
gen group dst list time:  0.3713991641998291
time for parepare:  0.44510746002197266
local_output_nid generation:  0.032868146896362305
local_in_edges_tensor generation:  0.23874425888061523
mini_batch_src_global generation:  0.10696721076965332
r_  generation:  1.2183659076690674
local_output_nid generation:  0.03407740592956543
local_in_edges_tensor generation:  0.08386611938476562
mini_batch_src_global generation:  0.12520933151245117
r_  generation:  1.2935819625854492
local_output_nid generation:  0.033312082290649414
local_in_edges_tensor generation:  0.0753626823425293
mini_batch_src_global generation:  0.1153407096862793
r_  generation:  1.3453915119171143
local_output_nid generation:  0.033850908279418945
local_in_edges_tensor generation:  0.08315372467041016
mini_batch_src_global generation:  0.12434911727905273
r_  generation:  1.3819983005523682
local_output_nid generation:  0.03311443328857422
local_in_edges_tensor generation:  0.08349275588989258
mini_batch_src_global generation:  0.11976456642150879
r_  generation:  1.411708116531372
local_output_nid generation:  0.0335233211517334
local_in_edges_tensor generation:  0.08551430702209473
mini_batch_src_global generation:  0.12671327590942383
r_  generation:  1.4418973922729492
local_output_nid generation:  0.03304290771484375
local_in_edges_tensor generation:  0.05593466758728027
mini_batch_src_global generation:  0.13115572929382324
r_  generation:  1.4327507019042969
local_output_nid generation:  0.037270545959472656
local_in_edges_tensor generation:  0.08413076400756836
mini_batch_src_global generation:  0.13615155220031738
r_  generation:  1.4586336612701416
local_output_nid generation:  0.033260345458984375
local_in_edges_tensor generation:  0.09173440933227539
mini_batch_src_global generation:  0.13632798194885254
r_  generation:  1.4598722457885742
local_output_nid generation:  0.03336048126220703
local_in_edges_tensor generation:  0.06573891639709473
mini_batch_src_global generation:  0.14209723472595215
r_  generation:  1.46425461769104
local_output_nid generation:  0.033972978591918945
local_in_edges_tensor generation:  0.06324481964111328
mini_batch_src_global generation:  0.1465771198272705
r_  generation:  1.508500099182129
local_output_nid generation:  0.03310275077819824
local_in_edges_tensor generation:  0.051107168197631836
mini_batch_src_global generation:  0.14020299911499023
r_  generation:  1.489126443862915
local_output_nid generation:  0.03351640701293945
local_in_edges_tensor generation:  0.07494115829467773
mini_batch_src_global generation:  0.14114069938659668
r_  generation:  1.504500150680542
local_output_nid generation:  0.033383846282958984
local_in_edges_tensor generation:  0.06838393211364746
mini_batch_src_global generation:  0.14153528213500977
r_  generation:  1.5250890254974365
local_output_nid generation:  0.03340601921081543
local_in_edges_tensor generation:  0.06681227684020996
mini_batch_src_global generation:  0.14111089706420898
r_  generation:  1.5087299346923828
local_output_nid generation:  0.03320598602294922
local_in_edges_tensor generation:  0.09955048561096191
mini_batch_src_global generation:  0.148590087890625
r_  generation:  1.4861643314361572
local_output_nid generation:  0.05919456481933594
local_in_edges_tensor generation:  0.07002639770507812
mini_batch_src_global generation:  0.14018034934997559
r_  generation:  1.493882179260254
local_output_nid generation:  0.03666424751281738
local_in_edges_tensor generation:  0.056418418884277344
mini_batch_src_global generation:  0.14475631713867188
r_  generation:  1.5050292015075684
local_output_nid generation:  0.03522062301635742
local_in_edges_tensor generation:  0.0810079574584961
mini_batch_src_global generation:  0.1431260108947754
r_  generation:  1.5146749019622803
local_output_nid generation:  0.034357547760009766
local_in_edges_tensor generation:  0.06034255027770996
mini_batch_src_global generation:  0.1439516544342041
r_  generation:  1.502000093460083
local_output_nid generation:  0.034698486328125
local_in_edges_tensor generation:  0.08052802085876465
mini_batch_src_global generation:  0.15468835830688477
r_  generation:  1.509645938873291
local_output_nid generation:  0.03440737724304199
local_in_edges_tensor generation:  0.06793403625488281
mini_batch_src_global generation:  0.1452031135559082
r_  generation:  1.5212056636810303
local_output_nid generation:  0.03519034385681152
local_in_edges_tensor generation:  0.08239126205444336
mini_batch_src_global generation:  0.1449735164642334
r_  generation:  1.5122990608215332
local_output_nid generation:  0.03392148017883301
local_in_edges_tensor generation:  0.06707239151000977
mini_batch_src_global generation:  0.15077638626098633
r_  generation:  1.5132999420166016
local_output_nid generation:  0.03425717353820801
local_in_edges_tensor generation:  0.05574297904968262
mini_batch_src_global generation:  0.14621615409851074
r_  generation:  1.5179297924041748
local_output_nid generation:  0.03372979164123535
local_in_edges_tensor generation:  0.14368724822998047
mini_batch_src_global generation:  0.14442777633666992
r_  generation:  1.5496559143066406
local_output_nid generation:  0.03405570983886719
local_in_edges_tensor generation:  0.1333327293395996
mini_batch_src_global generation:  0.14219999313354492
r_  generation:  1.516791820526123
local_output_nid generation:  0.06046628952026367
local_in_edges_tensor generation:  0.10590624809265137
mini_batch_src_global generation:  0.14330267906188965
r_  generation:  1.5008111000061035
local_output_nid generation:  0.04814338684082031
local_in_edges_tensor generation:  0.08117961883544922
mini_batch_src_global generation:  0.14450645446777344
r_  generation:  1.4974241256713867
local_output_nid generation:  0.03507876396179199
local_in_edges_tensor generation:  0.07459115982055664
mini_batch_src_global generation:  0.1452775001525879
r_  generation:  1.5166597366333008
local_output_nid generation:  0.034300804138183594
local_in_edges_tensor generation:  0.06068253517150879
mini_batch_src_global generation:  0.1446061134338379
r_  generation:  1.4789652824401855
local_output_nid generation:  0.03440499305725098
local_in_edges_tensor generation:  0.07980012893676758
mini_batch_src_global generation:  0.1464707851409912
r_  generation:  1.5022947788238525
local_output_nid generation:  0.03439807891845703
local_in_edges_tensor generation:  0.05076718330383301
mini_batch_src_global generation:  0.14343786239624023
r_  generation:  1.479813814163208
local_output_nid generation:  0.03432464599609375
local_in_edges_tensor generation:  0.04786539077758789
mini_batch_src_global generation:  0.1505141258239746
r_  generation:  1.514195442199707
local_output_nid generation:  0.03396105766296387
local_in_edges_tensor generation:  0.06629729270935059
mini_batch_src_global generation:  0.1531238555908203
r_  generation:  1.5357699394226074
local_output_nid generation:  0.03379082679748535
local_in_edges_tensor generation:  0.0935821533203125
mini_batch_src_global generation:  0.14556360244750977
r_  generation:  1.5291922092437744
local_output_nid generation:  0.03376412391662598
local_in_edges_tensor generation:  0.06006360054016113
mini_batch_src_global generation:  0.14354467391967773
r_  generation:  1.521728754043579
local_output_nid generation:  0.03400850296020508
local_in_edges_tensor generation:  0.09202313423156738
mini_batch_src_global generation:  0.14403772354125977
r_  generation:  1.507758378982544
local_output_nid generation:  0.059803009033203125
local_in_edges_tensor generation:  0.08055424690246582
mini_batch_src_global generation:  0.14235281944274902
r_  generation:  1.5376317501068115
local_output_nid generation:  0.036222219467163086
local_in_edges_tensor generation:  0.05811572074890137
mini_batch_src_global generation:  0.14984750747680664
r_  generation:  1.5076797008514404
local_output_nid generation:  0.03463268280029297
local_in_edges_tensor generation:  0.08121228218078613
mini_batch_src_global generation:  0.1437211036682129
r_  generation:  1.5156877040863037
local_output_nid generation:  0.034209251403808594
local_in_edges_tensor generation:  0.05827045440673828
mini_batch_src_global generation:  0.1463613510131836
r_  generation:  1.4958901405334473
local_output_nid generation:  0.03400111198425293
local_in_edges_tensor generation:  0.07555389404296875
mini_batch_src_global generation:  0.1445934772491455
r_  generation:  1.4932267665863037
local_output_nid generation:  0.034018754959106445
local_in_edges_tensor generation:  0.050717830657958984
mini_batch_src_global generation:  0.14188504219055176
r_  generation:  1.5011405944824219
local_output_nid generation:  0.034232378005981445
local_in_edges_tensor generation:  0.047607421875
mini_batch_src_global generation:  0.1427145004272461
r_  generation:  1.5173730850219727
local_output_nid generation:  0.03381037712097168
local_in_edges_tensor generation:  0.06807851791381836
mini_batch_src_global generation:  0.15439558029174805
r_  generation:  1.5413694381713867
local_output_nid generation:  0.03395581245422363
local_in_edges_tensor generation:  0.0950160026550293
mini_batch_src_global generation:  0.1418774127960205
r_  generation:  1.5038151741027832
local_output_nid generation:  0.034139156341552734
local_in_edges_tensor generation:  0.07923674583435059
mini_batch_src_global generation:  0.1600048542022705
r_  generation:  1.5233848094940186
local_output_nid generation:  0.03422379493713379
local_in_edges_tensor generation:  0.08487439155578613
mini_batch_src_global generation:  0.14609789848327637
r_  generation:  1.563621997833252
local_output_nid generation:  0.06009793281555176
local_in_edges_tensor generation:  0.08099746704101562
mini_batch_src_global generation:  0.14541339874267578
r_  generation:  1.5209298133850098
local_output_nid generation:  0.036646366119384766
local_in_edges_tensor generation:  0.07599091529846191
mini_batch_src_global generation:  0.1454634666442871
r_  generation:  1.5197334289550781
local_output_nid generation:  0.03445577621459961
local_in_edges_tensor generation:  0.05303192138671875
mini_batch_src_global generation:  0.14409589767456055
r_  generation:  1.493607521057129
local_output_nid generation:  0.035695791244506836
local_in_edges_tensor generation:  0.04942655563354492
mini_batch_src_global generation:  0.14563894271850586
r_  generation:  1.4843177795410156
local_output_nid generation:  0.03431248664855957
local_in_edges_tensor generation:  0.06623411178588867
mini_batch_src_global generation:  0.14394450187683105
r_  generation:  1.4911243915557861
local_output_nid generation:  0.03401756286621094
local_in_edges_tensor generation:  0.07813334465026855
mini_batch_src_global generation:  0.14589858055114746
r_  generation:  1.5090765953063965
local_output_nid generation:  0.034360647201538086
local_in_edges_tensor generation:  0.05608820915222168
mini_batch_src_global generation:  0.14450788497924805
r_  generation:  1.4876699447631836
local_output_nid generation:  0.034343719482421875
local_in_edges_tensor generation:  0.07458066940307617
mini_batch_src_global generation:  0.14585280418395996
r_  generation:  1.5330793857574463
local_output_nid generation:  0.0342106819152832
local_in_edges_tensor generation:  0.06561708450317383
mini_batch_src_global generation:  0.14879965782165527
r_  generation:  1.6937992572784424
local_output_nid generation:  0.06156468391418457
local_in_edges_tensor generation:  0.13614225387573242
mini_batch_src_global generation:  0.15503740310668945
r_  generation:  1.559727430343628
local_output_nid generation:  0.036364078521728516
local_in_edges_tensor generation:  0.07378482818603516
mini_batch_src_global generation:  0.14675164222717285
r_  generation:  1.5407955646514893
local_output_nid generation:  0.03546023368835449
local_in_edges_tensor generation:  0.11071157455444336
mini_batch_src_global generation:  0.14707708358764648
r_  generation:  1.602982759475708
local_output_nid generation:  0.07523226737976074
local_in_edges_tensor generation:  0.09512972831726074
mini_batch_src_global generation:  0.15984606742858887
r_  generation:  1.5396842956542969
local_output_nid generation:  0.03625798225402832
local_in_edges_tensor generation:  0.09310460090637207
mini_batch_src_global generation:  0.1453845500946045
r_  generation:  1.5287623405456543
local_output_nid generation:  0.03533053398132324
local_in_edges_tensor generation:  0.06963944435119629
mini_batch_src_global generation:  0.15084266662597656
r_  generation:  1.5355889797210693
local_output_nid generation:  0.03444862365722656
local_in_edges_tensor generation:  0.058373212814331055
mini_batch_src_global generation:  0.148590087890625
r_  generation:  1.525465726852417
local_output_nid generation:  0.03477835655212402
local_in_edges_tensor generation:  0.07527351379394531
mini_batch_src_global generation:  0.14868593215942383
r_  generation:  1.5821683406829834
local_output_nid generation:  0.034461259841918945
local_in_edges_tensor generation:  0.09204530715942383
mini_batch_src_global generation:  0.161041259765625
r_  generation:  1.537548542022705
local_output_nid generation:  0.07552027702331543
local_in_edges_tensor generation:  0.1190032958984375
mini_batch_src_global generation:  0.1476123332977295
r_  generation:  1.5166621208190918
local_output_nid generation:  0.036359548568725586
local_in_edges_tensor generation:  0.06549906730651855
mini_batch_src_global generation:  0.14787650108337402
r_  generation:  1.5654184818267822
local_output_nid generation:  0.034871578216552734
local_in_edges_tensor generation:  0.0655663013458252
mini_batch_src_global generation:  0.1498241424560547
r_  generation:  1.5172274112701416
local_output_nid generation:  0.034792423248291016
local_in_edges_tensor generation:  0.05483365058898926
mini_batch_src_global generation:  0.14995455741882324
r_  generation:  1.5165836811065674
local_output_nid generation:  0.034464120864868164
local_in_edges_tensor generation:  0.07042288780212402
mini_batch_src_global generation:  0.14774298667907715
r_  generation:  1.5346715450286865
local_output_nid generation:  0.03411436080932617
local_in_edges_tensor generation:  0.05955982208251953
mini_batch_src_global generation:  0.1477646827697754
r_  generation:  1.5073859691619873
local_output_nid generation:  0.03446483612060547
local_in_edges_tensor generation:  0.0751962661743164
mini_batch_src_global generation:  0.1524028778076172
r_  generation:  1.5512111186981201
local_output_nid generation:  0.03397250175476074
local_in_edges_tensor generation:  0.06526708602905273
mini_batch_src_global generation:  0.14722537994384766
r_  generation:  1.5102241039276123
local_output_nid generation:  0.03391313552856445
local_in_edges_tensor generation:  0.06412029266357422
mini_batch_src_global generation:  0.14829182624816895
r_  generation:  1.5166542530059814
local_output_nid generation:  0.034813642501831055
local_in_edges_tensor generation:  0.08556294441223145
mini_batch_src_global generation:  0.14900994300842285
r_  generation:  1.5762903690338135
local_output_nid generation:  0.03418755531311035
local_in_edges_tensor generation:  0.06833577156066895
mini_batch_src_global generation:  0.15339875221252441
r_  generation:  1.5397026538848877
local_output_nid generation:  0.06045246124267578
local_in_edges_tensor generation:  0.11316800117492676
mini_batch_src_global generation:  0.15574002265930176
r_  generation:  1.5755932331085205
local_output_nid generation:  0.036495208740234375
local_in_edges_tensor generation:  0.07237648963928223
mini_batch_src_global generation:  0.1477956771850586
r_  generation:  1.5158286094665527
local_output_nid generation:  0.03505301475524902
local_in_edges_tensor generation:  0.06490755081176758
mini_batch_src_global generation:  0.15570950508117676
r_  generation:  1.5164968967437744
local_output_nid generation:  0.03459763526916504
local_in_edges_tensor generation:  0.05203604698181152
mini_batch_src_global generation:  0.1460130214691162
r_  generation:  1.5682086944580078
local_output_nid generation:  0.03401803970336914
local_in_edges_tensor generation:  0.07655787467956543
mini_batch_src_global generation:  0.15679144859313965
r_  generation:  1.4965379238128662
local_output_nid generation:  0.03487801551818848
local_in_edges_tensor generation:  0.0703425407409668
mini_batch_src_global generation:  0.14636969566345215
r_  generation:  1.5298349857330322
local_output_nid generation:  0.0343477725982666
local_in_edges_tensor generation:  0.058374881744384766
mini_batch_src_global generation:  0.14937806129455566
r_  generation:  1.5120561122894287
local_output_nid generation:  0.03421330451965332
local_in_edges_tensor generation:  0.05543661117553711
mini_batch_src_global generation:  0.1475534439086914
r_  generation:  1.5130884647369385
local_output_nid generation:  0.03458881378173828
local_in_edges_tensor generation:  0.06586217880249023
mini_batch_src_global generation:  0.14910507202148438
r_  generation:  1.545137643814087
local_output_nid generation:  0.034104347229003906
local_in_edges_tensor generation:  0.05837726593017578
mini_batch_src_global generation:  0.1495194435119629
r_  generation:  1.516758918762207
local_output_nid generation:  0.03440451622009277
local_in_edges_tensor generation:  0.0612335205078125
mini_batch_src_global generation:  0.14504647254943848
r_  generation:  1.5434818267822266
local_output_nid generation:  0.04700326919555664
local_in_edges_tensor generation:  0.09903645515441895
mini_batch_src_global generation:  0.14298510551452637
r_  generation:  1.5571503639221191
local_output_nid generation:  0.0341029167175293
local_in_edges_tensor generation:  0.08581924438476562
mini_batch_src_global generation:  0.1443488597869873
r_  generation:  1.5486505031585693
local_output_nid generation:  0.06084489822387695
local_in_edges_tensor generation:  0.09725213050842285
mini_batch_src_global generation:  0.1511673927307129
r_  generation:  1.5256505012512207
local_output_nid generation:  0.04752326011657715
local_in_edges_tensor generation:  0.08833909034729004
mini_batch_src_global generation:  0.1436777114868164
r_  generation:  1.5463948249816895
local_output_nid generation:  0.035326480865478516
local_in_edges_tensor generation:  0.055725812911987305
mini_batch_src_global generation:  0.14505791664123535
r_  generation:  1.5291438102722168
local_output_nid generation:  0.03483700752258301
local_in_edges_tensor generation:  0.06016135215759277
mini_batch_src_global generation:  0.14391446113586426
r_  generation:  1.5546586513519287
local_output_nid generation:  0.0368657112121582
local_in_edges_tensor generation:  0.07793426513671875
mini_batch_src_global generation:  0.14864015579223633
r_  generation:  1.5229368209838867
local_output_nid generation:  0.034711599349975586
local_in_edges_tensor generation:  0.0703728199005127
mini_batch_src_global generation:  0.14614152908325195
r_  generation:  1.5236103534698486
local_output_nid generation:  0.03455758094787598
local_in_edges_tensor generation:  0.05761456489562988
mini_batch_src_global generation:  0.14404892921447754
r_  generation:  1.5136754512786865
local_output_nid generation:  0.034563541412353516
local_in_edges_tensor generation:  0.04948568344116211
mini_batch_src_global generation:  0.1465468406677246
r_  generation:  1.565802812576294
local_output_nid generation:  0.03460526466369629
local_in_edges_tensor generation:  0.06673240661621094
mini_batch_src_global generation:  0.14665555953979492
r_  generation:  1.5225000381469727
local_output_nid generation:  0.03467607498168945
local_in_edges_tensor generation:  0.0659792423248291
mini_batch_src_global generation:  0.14719009399414062
r_  generation:  1.5531420707702637
local_output_nid generation:  0.03801298141479492
local_in_edges_tensor generation:  0.06218695640563965
mini_batch_src_global generation:  0.15416455268859863
r_  generation:  1.561401128768921
local_output_nid generation:  0.034314632415771484
local_in_edges_tensor generation:  0.09414172172546387
mini_batch_src_global generation:  0.1495199203491211
r_  generation:  1.5452165603637695
local_output_nid generation:  0.03360128402709961
local_in_edges_tensor generation:  0.07660436630249023
mini_batch_src_global generation:  0.14203906059265137
r_  generation:  1.5351653099060059
local_output_nid generation:  0.04516744613647461
local_in_edges_tensor generation:  0.10650181770324707
mini_batch_src_global generation:  0.14566540718078613
r_  generation:  1.532550573348999
local_output_nid generation:  0.050745487213134766
local_in_edges_tensor generation:  0.09485054016113281
mini_batch_src_global generation:  0.14663124084472656
r_  generation:  1.5304036140441895
local_output_nid generation:  0.035767316818237305
local_in_edges_tensor generation:  0.06637358665466309
mini_batch_src_global generation:  0.14269304275512695
r_  generation:  1.5573561191558838
local_output_nid generation:  0.03493094444274902
local_in_edges_tensor generation:  0.0702199935913086
mini_batch_src_global generation:  0.14538168907165527
r_  generation:  1.5380172729492188
local_output_nid generation:  0.03467845916748047
local_in_edges_tensor generation:  0.05190682411193848
mini_batch_src_global generation:  0.14900493621826172
r_  generation:  1.5144619941711426
local_output_nid generation:  0.034468650817871094
local_in_edges_tensor generation:  0.07127785682678223
mini_batch_src_global generation:  0.14561939239501953
r_  generation:  1.5527369976043701
local_output_nid generation:  0.03442025184631348
local_in_edges_tensor generation:  0.05782008171081543
mini_batch_src_global generation:  0.15268492698669434
r_  generation:  1.5109226703643799
local_output_nid generation:  0.03460550308227539
local_in_edges_tensor generation:  0.07526278495788574
mini_batch_src_global generation:  0.1512296199798584
r_  generation:  1.51296067237854
local_output_nid generation:  0.03416156768798828
local_in_edges_tensor generation:  0.0493621826171875
mini_batch_src_global generation:  0.14848113059997559
r_  generation:  1.5131828784942627
local_output_nid generation:  0.03419923782348633
local_in_edges_tensor generation:  0.047135353088378906
mini_batch_src_global generation:  0.14621520042419434
r_  generation:  1.569465160369873
local_output_nid generation:  0.03477334976196289
local_in_edges_tensor generation:  0.06549692153930664
mini_batch_src_global generation:  0.14567804336547852
r_  generation:  1.5560271739959717
local_output_nid generation:  0.03496384620666504
local_in_edges_tensor generation:  0.08321046829223633
mini_batch_src_global generation:  0.1506509780883789
r_  generation:  1.5773351192474365
local_output_nid generation:  0.03412675857543945
local_in_edges_tensor generation:  0.07492446899414062
mini_batch_src_global generation:  0.1522657871246338
r_  generation:  1.5681736469268799
local_output_nid generation:  0.03425908088684082
local_in_edges_tensor generation:  0.07921648025512695
mini_batch_src_global generation:  0.14247751235961914
r_  generation:  1.5286448001861572
local_output_nid generation:  0.04502558708190918
local_in_edges_tensor generation:  0.11631321907043457
mini_batch_src_global generation:  0.1441659927368164
r_  generation:  1.5421881675720215
local_output_nid generation:  0.05058574676513672
local_in_edges_tensor generation:  0.0832984447479248
mini_batch_src_global generation:  0.14493751525878906
r_  generation:  1.5147154331207275
local_output_nid generation:  0.03599214553833008
local_in_edges_tensor generation:  0.060304880142211914
mini_batch_src_global generation:  0.15832257270812988
r_  generation:  1.5326690673828125
local_output_nid generation:  0.03511166572570801
local_in_edges_tensor generation:  0.07160067558288574
mini_batch_src_global generation:  0.15395689010620117
r_  generation:  1.552211046218872
local_output_nid generation:  0.0350956916809082
local_in_edges_tensor generation:  0.06024003028869629
mini_batch_src_global generation:  0.1492013931274414
r_  generation:  1.5423190593719482
local_output_nid generation:  0.03458833694458008
local_in_edges_tensor generation:  0.06133532524108887
mini_batch_src_global generation:  0.14522123336791992
r_  generation:  1.5413873195648193
local_output_nid generation:  0.03425288200378418
local_in_edges_tensor generation:  0.04886436462402344
mini_batch_src_global generation:  0.1465895175933838
r_  generation:  1.533982276916504
local_output_nid generation:  0.03428363800048828
local_in_edges_tensor generation:  0.04963970184326172
mini_batch_src_global generation:  0.144608736038208
r_  generation:  1.5395886898040771
local_output_nid generation:  0.03459572792053223
local_in_edges_tensor generation:  0.04865264892578125
mini_batch_src_global generation:  0.15253973007202148
r_  generation:  1.5542073249816895
local_output_nid generation:  0.031800270080566406
local_in_edges_tensor generation:  0.04467964172363281
mini_batch_src_global generation:  0.13657593727111816
r_  generation:  1.4496276378631592
----------------------check_connections_block total spend ----------------------------- 264.2257180213928
generate_one_block  2.578869104385376
generate_one_block  1.7277791500091553
generate_one_block  1.8498976230621338
generate_one_block  2.108490228652954
generate_one_block  1.7167465686798096
generate_one_block  1.7378690242767334
generate_one_block  1.739243745803833
generate_one_block  2.1656975746154785
generate_one_block  1.7274832725524902
generate_one_block  1.714531660079956
generate_one_block  1.7457096576690674
generate_one_block  1.6607599258422852
generate_one_block  1.7105202674865723
generate_one_block  1.7405335903167725
generate_one_block  1.7082602977752686
generate_one_block  1.8628973960876465
generate_one_block  1.9863758087158203
generate_one_block  1.7497100830078125
generate_one_block  1.7236504554748535
generate_one_block  1.7165067195892334
generate_one_block  1.7268931865692139
generate_one_block  1.6891658306121826
generate_one_block  1.7090630531311035
generate_one_block  1.700932264328003
generate_one_block  1.713094711303711
generate_one_block  1.700742483139038
generate_one_block  1.7213459014892578
generate_one_block  1.723445177078247
generate_one_block  1.7196528911590576
generate_one_block  1.7478411197662354
generate_one_block  1.6890273094177246
generate_one_block  1.7189886569976807
generate_one_block  1.7125647068023682
generate_one_block  1.873687744140625
generate_one_block  1.8407747745513916
generate_one_block  1.7592484951019287
generate_one_block  1.7119712829589844
generate_one_block  1.7189180850982666
generate_one_block  1.6963725090026855
generate_one_block  1.7295029163360596
generate_one_block  1.7698683738708496
generate_one_block  1.7745020389556885
generate_one_block  1.791959524154663
generate_one_block  2.124744415283203
generate_one_block  1.7178804874420166
generate_one_block  1.6928884983062744
generate_one_block  1.7259368896484375
generate_one_block  1.7491912841796875
generate_one_block  2.132380247116089
generate_one_block  1.7811906337738037
generate_one_block  1.727815866470337
generate_one_block  1.687922716140747
generate_one_block  1.719808578491211
generate_one_block  1.7079555988311768
generate_one_block  1.7266767024993896
generate_one_block  1.728515863418579
generate_one_block  1.7299036979675293
generate_one_block  1.7183351516723633
generate_one_block  1.7624225616455078
generate_one_block  1.8662011623382568
generate_one_block  2.000610113143921
generate_one_block  1.7486259937286377
generate_one_block  1.7263503074645996
generate_one_block  1.7176446914672852
generate_one_block  1.701897382736206
generate_one_block  1.7397396564483643
generate_one_block  1.717905044555664
generate_one_block  1.7140049934387207
generate_one_block  1.7070629596710205
generate_one_block  1.7182681560516357
generate_one_block  1.7298932075500488
generate_one_block  1.7551980018615723
generate_one_block  1.7813146114349365
generate_one_block  2.1657583713531494
generate_one_block  1.6928071975708008
generate_one_block  1.69986891746521
generate_one_block  1.7564575672149658
generate_one_block  1.7369871139526367
generate_one_block  1.7570559978485107
generate_one_block  1.8118131160736084
generate_one_block  2.0928759574890137
generate_one_block  1.6969223022460938
generate_one_block  1.7047548294067383
generate_one_block  1.7310235500335693
generate_one_block  1.712475299835205
generate_one_block  1.7090563774108887
generate_one_block  1.747828483581543
generate_one_block  1.6907854080200195
generate_one_block  1.7138729095458984
generate_one_block  1.7121303081512451
generate_one_block  1.6999192237854004
generate_one_block  1.7572968006134033
generate_one_block  1.722341775894165
generate_one_block  1.8574354648590088
generate_one_block  1.9877076148986816
generate_one_block  1.7627663612365723
generate_one_block  1.7360262870788574
generate_one_block  1.7176823616027832
generate_one_block  1.745011806488037
generate_one_block  1.7754795551300049
generate_one_block  1.753887414932251
generate_one_block  1.8189339637756348
generate_one_block  2.142064094543457
generate_one_block  1.6889100074768066
generate_one_block  2.2317450046539307
generate_one_block  1.7379341125488281
generate_one_block  1.7059879302978516
generate_one_block  1.7438571453094482
generate_one_block  1.7543346881866455
generate_one_block  2.1559712886810303
generate_one_block  1.7383136749267578
generate_one_block  1.7248742580413818
generate_one_block  1.7077140808105469
generate_one_block  1.7182648181915283
generate_one_block  1.7525334358215332
generate_one_block  1.770158052444458
generate_one_block  1.682682752609253
generate_one_block  1.7516632080078125
generate_one_block  1.7123525142669678
generate_one_block  1.7027897834777832
generate_one_block  1.7224535942077637
generate_one_block  1.7384159564971924
generate_one_block  1.729895830154419
generate_one_block  1.746140480041504
generate_one_block  1.8296167850494385
generate_one_block  2.009986162185669
generate_one_block  1.813931941986084
generate_one_block  1.5999948978424072
The real block id is  0
get_global_graph_edges_ids_block function  spend 2.136414051055908
gen group dst list time:  3.6562206745147705
time for parepare:  0.47851109504699707
local_output_nid generation:  0.3110201358795166
local_in_edges_tensor generation:  0.8108479976654053
mini_batch_src_global generation:  0.6135416030883789
r_  generation:  8.023479461669922
local_output_nid generation:  0.35537266731262207
local_in_edges_tensor generation:  0.7869400978088379
mini_batch_src_global generation:  0.8192319869995117
r_  generation:  8.018005847930908
local_output_nid generation:  0.305281400680542
local_in_edges_tensor generation:  0.6494429111480713
mini_batch_src_global generation:  0.7873198986053467
r_  generation:  8.26984167098999
local_output_nid generation:  0.3302767276763916
local_in_edges_tensor generation:  0.6161458492279053
mini_batch_src_global generation:  0.8263282775878906
r_  generation:  8.561792612075806
local_output_nid generation:  0.30228257179260254
local_in_edges_tensor generation:  0.8562490940093994
mini_batch_src_global generation:  0.7952940464019775
r_  generation:  8.410947322845459
local_output_nid generation:  0.3033325672149658
local_in_edges_tensor generation:  0.5985362529754639
mini_batch_src_global generation:  0.8063144683837891
r_  generation:  8.458550930023193
local_output_nid generation:  0.3441486358642578
local_in_edges_tensor generation:  0.6018369197845459
mini_batch_src_global generation:  0.8172602653503418
r_  generation:  8.628949642181396
local_output_nid generation:  0.30182671546936035
local_in_edges_tensor generation:  0.7157044410705566
mini_batch_src_global generation:  0.8281409740447998
r_  generation:  8.324082374572754
local_output_nid generation:  0.30170369148254395
local_in_edges_tensor generation:  0.6015188694000244
mini_batch_src_global generation:  0.8088743686676025
r_  generation:  8.32303524017334
local_output_nid generation:  0.3015437126159668
local_in_edges_tensor generation:  0.6099612712860107
mini_batch_src_global generation:  0.8450703620910645
r_  generation:  8.354567050933838
local_output_nid generation:  0.3296051025390625
local_in_edges_tensor generation:  0.6042563915252686
mini_batch_src_global generation:  0.9303646087646484
r_  generation:  8.90939474105835
local_output_nid generation:  0.34006261825561523
local_in_edges_tensor generation:  0.7139835357666016
mini_batch_src_global generation:  0.8141636848449707
r_  generation:  8.567957162857056
local_output_nid generation:  0.29872751235961914
local_in_edges_tensor generation:  0.7198972702026367
mini_batch_src_global generation:  0.8150372505187988
r_  generation:  8.69239068031311
local_output_nid generation:  0.3504915237426758
local_in_edges_tensor generation:  0.649979829788208
mini_batch_src_global generation:  0.9271869659423828
r_  generation:  8.405482292175293
local_output_nid generation:  0.3000645637512207
local_in_edges_tensor generation:  0.7056353092193604
mini_batch_src_global generation:  0.8337457180023193
r_  generation:  8.36304259300232
local_output_nid generation:  0.3291184902191162
local_in_edges_tensor generation:  0.6113362312316895
mini_batch_src_global generation:  0.8722820281982422
r_  generation:  8.633645296096802
local_output_nid generation:  0.30237913131713867
local_in_edges_tensor generation:  0.7234125137329102
mini_batch_src_global generation:  0.8251636028289795
r_  generation:  8.382953882217407
local_output_nid generation:  0.29991722106933594
local_in_edges_tensor generation:  0.6034407615661621
mini_batch_src_global generation:  0.8178870677947998
r_  generation:  8.461575984954834
local_output_nid generation:  0.34735608100891113
local_in_edges_tensor generation:  0.6102790832519531
mini_batch_src_global generation:  0.828514575958252
r_  generation:  8.540611982345581
local_output_nid generation:  0.30573320388793945
local_in_edges_tensor generation:  0.6068716049194336
mini_batch_src_global generation:  0.9339585304260254
r_  generation:  8.52513861656189
local_output_nid generation:  0.3011014461517334
local_in_edges_tensor generation:  0.7179827690124512
mini_batch_src_global generation:  0.8144094944000244
r_  generation:  8.3665292263031
local_output_nid generation:  0.30147647857666016
local_in_edges_tensor generation:  0.6047768592834473
mini_batch_src_global generation:  0.830181360244751
r_  generation:  8.408814191818237
local_output_nid generation:  0.3419363498687744
local_in_edges_tensor generation:  0.6028134822845459
mini_batch_src_global generation:  0.8147313594818115
r_  generation:  8.793070793151855
local_output_nid generation:  0.2984123229980469
local_in_edges_tensor generation:  0.715749979019165
mini_batch_src_global generation:  0.8195962905883789
r_  generation:  8.418105840682983
local_output_nid generation:  0.3002779483795166
local_in_edges_tensor generation:  0.5996441841125488
mini_batch_src_global generation:  0.8112654685974121
r_  generation:  8.447700500488281
local_output_nid generation:  0.34639501571655273
local_in_edges_tensor generation:  0.5971488952636719
mini_batch_src_global generation:  0.8178420066833496
r_  generation:  8.432708740234375
local_output_nid generation:  0.30212831497192383
local_in_edges_tensor generation:  0.6083583831787109
mini_batch_src_global generation:  0.8453805446624756
r_  generation:  8.505934476852417
local_output_nid generation:  0.30368590354919434
local_in_edges_tensor generation:  0.7201559543609619
mini_batch_src_global generation:  0.8156008720397949
r_  generation:  8.365110158920288
local_output_nid generation:  0.30176281929016113
local_in_edges_tensor generation:  0.6018424034118652
mini_batch_src_global generation:  0.8169524669647217
r_  generation:  8.520870208740234
local_output_nid generation:  0.34737324714660645
local_in_edges_tensor generation:  0.6086287498474121
mini_batch_src_global generation:  0.8195035457611084
r_  generation:  8.706057786941528
local_output_nid generation:  0.29933667182922363
local_in_edges_tensor generation:  0.7139797210693359
mini_batch_src_global generation:  0.8200795650482178
r_  generation:  8.295560836791992
local_output_nid generation:  0.3016977310180664
local_in_edges_tensor generation:  0.602092981338501
mini_batch_src_global generation:  0.8190152645111084
r_  generation:  8.465714693069458
local_output_nid generation:  0.34223079681396484
local_in_edges_tensor generation:  0.6098954677581787
mini_batch_src_global generation:  0.8104720115661621
r_  generation:  8.382065534591675
local_output_nid generation:  0.3001537322998047
local_in_edges_tensor generation:  0.6082050800323486
mini_batch_src_global generation:  0.8474583625793457
r_  generation:  8.591935873031616
local_output_nid generation:  0.29811978340148926
local_in_edges_tensor generation:  0.7143869400024414
mini_batch_src_global generation:  0.8156795501708984
r_  generation:  8.357170820236206
local_output_nid generation:  0.29966020584106445
local_in_edges_tensor generation:  0.5977451801300049
mini_batch_src_global generation:  0.8115353584289551
r_  generation:  8.412582397460938
local_output_nid generation:  0.3421173095703125
local_in_edges_tensor generation:  0.5988783836364746
mini_batch_src_global generation:  0.8152000904083252
r_  generation:  8.598560571670532
local_output_nid generation:  0.3020017147064209
local_in_edges_tensor generation:  0.6575644016265869
mini_batch_src_global generation:  0.8418126106262207
r_  generation:  8.29590392112732
local_output_nid generation:  0.2980930805206299
local_in_edges_tensor generation:  0.6587107181549072
mini_batch_src_global generation:  0.8068406581878662
r_  generation:  8.348680257797241
local_output_nid generation:  0.34226012229919434
local_in_edges_tensor generation:  0.6085739135742188
mini_batch_src_global generation:  0.8087935447692871
r_  generation:  8.3753023147583
local_output_nid generation:  0.30510902404785156
local_in_edges_tensor generation:  0.6045935153961182
mini_batch_src_global generation:  0.8524868488311768
r_  generation:  8.720572710037231
local_output_nid generation:  0.30145812034606934
local_in_edges_tensor generation:  0.7117741107940674
mini_batch_src_global generation:  0.8124086856842041
r_  generation:  8.350559949874878
local_output_nid generation:  0.29970860481262207
local_in_edges_tensor generation:  0.5991625785827637
mini_batch_src_global generation:  0.8177170753479004
r_  generation:  8.423813104629517
local_output_nid generation:  0.34552741050720215
local_in_edges_tensor generation:  0.6062884330749512
mini_batch_src_global generation:  0.8251092433929443
r_  generation:  8.6661958694458
local_output_nid generation:  0.3039991855621338
local_in_edges_tensor generation:  0.6342949867248535
mini_batch_src_global generation:  0.8908276557922363
r_  generation:  8.474134683609009
local_output_nid generation:  0.2977139949798584
local_in_edges_tensor generation:  0.6851575374603271
mini_batch_src_global generation:  0.8128910064697266
r_  generation:  8.370682954788208
local_output_nid generation:  0.3544039726257324
local_in_edges_tensor generation:  0.6043496131896973
mini_batch_src_global generation:  0.822145938873291
r_  generation:  8.48670244216919
local_output_nid generation:  0.30347585678100586
local_in_edges_tensor generation:  0.6069047451019287
mini_batch_src_global generation:  0.8463413715362549
r_  generation:  8.60790228843689
local_output_nid generation:  0.30456995964050293
local_in_edges_tensor generation:  0.7240462303161621
mini_batch_src_global generation:  0.8251464366912842
r_  generation:  8.45088791847229
local_output_nid generation:  0.3001992702484131
local_in_edges_tensor generation:  0.5981934070587158
mini_batch_src_global generation:  0.8192183971405029
r_  generation:  8.439772367477417
local_output_nid generation:  0.3437638282775879
local_in_edges_tensor generation:  0.6012783050537109
mini_batch_src_global generation:  0.8200204372406006
r_  generation:  8.557791471481323
local_output_nid generation:  0.3026397228240967
local_in_edges_tensor generation:  0.60335373878479
mini_batch_src_global generation:  0.8831064701080322
r_  generation:  8.339546918869019
local_output_nid generation:  0.29885339736938477
local_in_edges_tensor generation:  0.7141132354736328
mini_batch_src_global generation:  0.8108174800872803
r_  generation:  8.449362754821777
local_output_nid generation:  0.34478759765625
local_in_edges_tensor generation:  0.5998094081878662
mini_batch_src_global generation:  0.8092522621154785
r_  generation:  8.439464330673218
local_output_nid generation:  0.3028757572174072
local_in_edges_tensor generation:  0.6025879383087158
mini_batch_src_global generation:  0.8469622135162354
r_  generation:  8.618825435638428
local_output_nid generation:  0.29931044578552246
local_in_edges_tensor generation:  0.7126431465148926
mini_batch_src_global generation:  0.8166468143463135
r_  generation:  8.340428590774536
local_output_nid generation:  0.2999444007873535
local_in_edges_tensor generation:  0.5991742610931396
mini_batch_src_global generation:  0.8191919326782227
r_  generation:  8.418091297149658
local_output_nid generation:  0.3419632911682129
local_in_edges_tensor generation:  0.6013274192810059
mini_batch_src_global generation:  0.844637393951416
r_  generation:  8.613938331604004
local_output_nid generation:  0.3091301918029785
local_in_edges_tensor generation:  0.6127691268920898
mini_batch_src_global generation:  0.8859202861785889
r_  generation:  8.49717402458191
local_output_nid generation:  0.29935526847839355
local_in_edges_tensor generation:  0.7137677669525146
mini_batch_src_global generation:  0.8177306652069092
r_  generation:  8.44713044166565
local_output_nid generation:  0.34293484687805176
local_in_edges_tensor generation:  0.5985782146453857
mini_batch_src_global generation:  0.8151543140411377
r_  generation:  8.521600723266602
local_output_nid generation:  0.3048384189605713
local_in_edges_tensor generation:  0.6106915473937988
mini_batch_src_global generation:  0.8473122119903564
r_  generation:  8.674178123474121
local_output_nid generation:  0.3031346797943115
local_in_edges_tensor generation:  0.7198281288146973
mini_batch_src_global generation:  0.8265306949615479
r_  generation:  8.459339380264282
local_output_nid generation:  0.3035249710083008
local_in_edges_tensor generation:  0.6097795963287354
mini_batch_src_global generation:  0.8481171131134033
r_  generation:  8.443174839019775
local_output_nid generation:  0.3299374580383301
local_in_edges_tensor generation:  0.6059963703155518
mini_batch_src_global generation:  0.8609974384307861
r_  generation:  8.75403118133545
local_output_nid generation:  0.30272579193115234
local_in_edges_tensor generation:  0.7166831493377686
mini_batch_src_global generation:  0.8204994201660156
r_  generation:  8.344589710235596
local_output_nid generation:  0.2995743751525879
local_in_edges_tensor generation:  0.5987398624420166
mini_batch_src_global generation:  0.8184030055999756
r_  generation:  8.457981586456299
local_output_nid generation:  0.3419983386993408
local_in_edges_tensor generation:  0.5997624397277832
mini_batch_src_global generation:  0.8133912086486816
r_  generation:  8.494039535522461
local_output_nid generation:  0.30687999725341797
local_in_edges_tensor generation:  0.603438138961792
mini_batch_src_global generation:  0.834984540939331
r_  generation:  8.530097484588623
local_output_nid generation:  0.3027513027191162
local_in_edges_tensor generation:  0.7219576835632324
mini_batch_src_global generation:  0.8246545791625977
r_  generation:  8.416582345962524
local_output_nid generation:  0.3175208568572998
local_in_edges_tensor generation:  0.6012794971466064
mini_batch_src_global generation:  0.8411412239074707
r_  generation:  8.418051481246948
local_output_nid generation:  0.3238382339477539
local_in_edges_tensor generation:  0.6207218170166016
mini_batch_src_global generation:  0.8562591075897217
r_  generation:  8.635160684585571
local_output_nid generation:  0.29927754402160645
local_in_edges_tensor generation:  0.7139489650726318
mini_batch_src_global generation:  0.8215243816375732
r_  generation:  8.324698209762573
local_output_nid generation:  0.30109190940856934
local_in_edges_tensor generation:  4.418818950653076
mini_batch_src_global generation:  0.8243041038513184
r_  generation:  8.34945821762085
local_output_nid generation:  0.31867146492004395
local_in_edges_tensor generation:  0.5989339351654053
mini_batch_src_global generation:  0.8440048694610596
r_  generation:  8.503849506378174
local_output_nid generation:  0.2976195812225342
local_in_edges_tensor generation:  0.6595132350921631
mini_batch_src_global generation:  0.8349094390869141
r_  generation:  8.412071943283081
local_output_nid generation:  0.30290985107421875
local_in_edges_tensor generation:  0.6738541126251221
mini_batch_src_global generation:  0.8194372653961182
r_  generation:  8.525082111358643
local_output_nid generation:  0.34375905990600586
local_in_edges_tensor generation:  0.6017179489135742
mini_batch_src_global generation:  0.814298152923584
r_  generation:  8.47741174697876
local_output_nid generation:  0.30214619636535645
local_in_edges_tensor generation:  0.5991101264953613
mini_batch_src_global generation:  0.8380589485168457
r_  generation:  8.516860008239746
local_output_nid generation:  0.30012965202331543
local_in_edges_tensor generation:  0.7134809494018555
mini_batch_src_global generation:  0.8096871376037598
r_  generation:  8.320502996444702
local_output_nid generation:  0.30727076530456543
local_in_edges_tensor generation:  0.621218204498291
mini_batch_src_global generation:  0.8340435028076172
r_  generation:  8.461416482925415
local_output_nid generation:  0.3296675682067871
local_in_edges_tensor generation:  0.6061058044433594
mini_batch_src_global generation:  0.847567081451416
r_  generation:  8.585495948791504
local_output_nid generation:  0.2993893623352051
local_in_edges_tensor generation:  0.7117698192596436
mini_batch_src_global generation:  0.8216903209686279
r_  generation:  8.352679252624512
local_output_nid generation:  0.30224609375
local_in_edges_tensor generation:  0.603508710861206
mini_batch_src_global generation:  0.8204090595245361
r_  generation:  8.5442533493042
local_output_nid generation:  0.3451545238494873
local_in_edges_tensor generation:  0.6056506633758545
mini_batch_src_global generation:  0.8210995197296143
r_  generation:  8.602411270141602
local_output_nid generation:  0.305558443069458
local_in_edges_tensor generation:  0.6051428318023682
mini_batch_src_global generation:  0.8349854946136475
r_  generation:  8.570530652999878
local_output_nid generation:  0.30530643463134766
local_in_edges_tensor generation:  0.7258560657501221
mini_batch_src_global generation:  0.8237860202789307
r_  generation:  8.491902351379395
local_output_nid generation:  0.3444216251373291
local_in_edges_tensor generation:  0.6052496433258057
mini_batch_src_global generation:  0.8258161544799805
r_  generation:  8.478817224502563
local_output_nid generation:  0.3124732971191406
local_in_edges_tensor generation:  0.6121885776519775
mini_batch_src_global generation:  0.8534078598022461
r_  generation:  8.720600605010986
local_output_nid generation:  0.29953598976135254
local_in_edges_tensor generation:  0.7157385349273682
mini_batch_src_global generation:  0.8161773681640625
r_  generation:  8.327969551086426
local_output_nid generation:  0.30053186416625977
local_in_edges_tensor generation:  0.5962200164794922
mini_batch_src_global generation:  0.8154659271240234
r_  generation:  8.451610326766968
local_output_nid generation:  0.34761905670166016
local_in_edges_tensor generation:  0.6090490818023682
mini_batch_src_global generation:  0.8554141521453857
r_  generation:  8.576687812805176
local_output_nid generation:  0.3050346374511719
local_in_edges_tensor generation:  0.5971577167510986
mini_batch_src_global generation:  0.8440554141998291
r_  generation:  8.505512952804565
local_output_nid generation:  0.30168771743774414
local_in_edges_tensor generation:  0.7197175025939941
mini_batch_src_global generation:  0.8150067329406738
r_  generation:  8.455242156982422
local_output_nid generation:  0.3420372009277344
local_in_edges_tensor generation:  0.5996723175048828
mini_batch_src_global generation:  0.8178198337554932
r_  generation:  8.55696964263916
local_output_nid generation:  0.3149697780609131
local_in_edges_tensor generation:  0.6040234565734863
mini_batch_src_global generation:  0.8384525775909424
r_  generation:  8.71211862564087
local_output_nid generation:  0.30625057220458984
local_in_edges_tensor generation:  0.7170286178588867
mini_batch_src_global generation:  0.815922737121582
r_  generation:  8.404416799545288
local_output_nid generation:  0.30620884895324707
local_in_edges_tensor generation:  0.6190009117126465
mini_batch_src_global generation:  0.8404293060302734
r_  generation:  8.418630361557007
local_output_nid generation:  0.32991909980773926
local_in_edges_tensor generation:  0.6143758296966553
mini_batch_src_global generation:  0.8585309982299805
r_  generation:  8.752622604370117
local_output_nid generation:  0.30507612228393555
local_in_edges_tensor generation:  0.7075128555297852
mini_batch_src_global generation:  0.8334450721740723
r_  generation:  8.427492380142212
local_output_nid generation:  0.29996562004089355
local_in_edges_tensor generation:  0.6127972602844238
mini_batch_src_global generation:  0.8150272369384766
r_  generation:  8.459015607833862
local_output_nid generation:  0.3467249870300293
local_in_edges_tensor generation:  0.6042177677154541
mini_batch_src_global generation:  0.8172957897186279
r_  generation:  8.580614805221558
local_output_nid generation:  0.30251622200012207
local_in_edges_tensor generation:  0.6021995544433594
mini_batch_src_global generation:  0.8250377178192139
r_  generation:  8.525518655776978
local_output_nid generation:  0.29854869842529297
local_in_edges_tensor generation:  0.7098889350891113
mini_batch_src_global generation:  0.8104145526885986
r_  generation:  8.476377725601196
local_output_nid generation:  0.35645270347595215
local_in_edges_tensor generation:  0.599776029586792
mini_batch_src_global generation:  0.8158142566680908
r_  generation:  8.475568771362305
local_output_nid generation:  0.3078618049621582
local_in_edges_tensor generation:  0.6141102313995361
mini_batch_src_global generation:  0.8561012744903564
r_  generation:  8.736882209777832
local_output_nid generation:  0.29991984367370605
local_in_edges_tensor generation:  0.7230241298675537
mini_batch_src_global generation:  0.8208513259887695
r_  generation:  8.464449405670166
local_output_nid generation:  0.3048124313354492
local_in_edges_tensor generation:  0.6235404014587402
mini_batch_src_global generation:  0.8507792949676514
r_  generation:  8.55920934677124
local_output_nid generation:  0.3297853469848633
local_in_edges_tensor generation:  0.6074197292327881
mini_batch_src_global generation:  0.8600695133209229
r_  generation:  8.663453340530396
local_output_nid generation:  0.29935789108276367
local_in_edges_tensor generation:  0.6757807731628418
mini_batch_src_global generation:  0.8203811645507812
r_  generation:  8.330683946609497
local_output_nid generation:  0.3020665645599365
local_in_edges_tensor generation:  0.6401879787445068
mini_batch_src_global generation:  0.8172554969787598
r_  generation:  8.508267641067505
local_output_nid generation:  0.3447718620300293
local_in_edges_tensor generation:  0.6046218872070312
mini_batch_src_global generation:  0.8476955890655518
r_  generation:  8.520917654037476
local_output_nid generation:  0.30159759521484375
local_in_edges_tensor generation:  0.5979170799255371
mini_batch_src_global generation:  0.8306455612182617
r_  generation:  8.476873636245728
local_output_nid generation:  0.298203706741333
local_in_edges_tensor generation:  0.710761308670044
mini_batch_src_global generation:  0.8168723583221436
r_  generation:  8.360877275466919
local_output_nid generation:  0.3444054126739502
local_in_edges_tensor generation:  0.6001830101013184
mini_batch_src_global generation:  0.8212823867797852
r_  generation:  8.425415754318237
local_output_nid generation:  0.30585551261901855
local_in_edges_tensor generation:  0.6050219535827637
mini_batch_src_global generation:  0.8507740497589111
r_  generation:  8.67750334739685
local_output_nid generation:  0.29979372024536133
local_in_edges_tensor generation:  0.7144315242767334
mini_batch_src_global generation:  0.822805643081665
r_  generation:  8.31764268875122
local_output_nid generation:  0.29972243309020996
local_in_edges_tensor generation:  0.5988903045654297
mini_batch_src_global generation:  0.8242754936218262
r_  generation:  8.432254314422607
local_output_nid generation:  0.34293532371520996
local_in_edges_tensor generation:  0.6159498691558838
mini_batch_src_global generation:  0.8550455570220947
r_  generation:  8.480109930038452
local_output_nid generation:  0.3008749485015869
local_in_edges_tensor generation:  0.5949909687042236
mini_batch_src_global generation:  0.8983516693115234
r_  generation:  8.315647602081299
local_output_nid generation:  0.2976555824279785
local_in_edges_tensor generation:  0.7110917568206787
mini_batch_src_global generation:  0.8119931221008301
r_  generation:  8.369520425796509
local_output_nid generation:  0.3463766574859619
local_in_edges_tensor generation:  0.6066899299621582
mini_batch_src_global generation:  0.9281129837036133
r_  generation:  9.209285497665405
local_output_nid generation:  0.30599212646484375
local_in_edges_tensor generation:  0.7240889072418213
mini_batch_src_global generation:  0.8720207214355469
r_  generation:  8.593634128570557
local_output_nid generation:  0.32903027534484863
local_in_edges_tensor generation:  0.5980045795440674
mini_batch_src_global generation:  0.8591170310974121
r_  generation:  8.638139963150024
local_output_nid generation:  0.302717924118042
local_in_edges_tensor generation:  0.7163066864013672
mini_batch_src_global generation:  0.8190979957580566
r_  generation:  8.461519956588745
local_output_nid generation:  0.34556078910827637
local_in_edges_tensor generation:  0.6031267642974854
mini_batch_src_global generation:  0.819504976272583
r_  generation:  8.63082504272461
local_output_nid generation:  0.30810022354125977
local_in_edges_tensor generation:  0.6014134883880615
mini_batch_src_global generation:  0.858992338180542
r_  generation:  8.651768684387207
local_output_nid generation:  0.28884172439575195
local_in_edges_tensor generation:  0.6882162094116211
mini_batch_src_global generation:  0.7892446517944336
r_  generation:  7.987544536590576
----------------------check_connections_block total spend ----------------------------- 1511.9274711608887
generate_one_block  11.459465265274048
generate_one_block  11.100026369094849
generate_one_block  10.983018398284912
generate_one_block  11.09817910194397
generate_one_block  11.380866050720215
generate_one_block  10.99395203590393
generate_one_block  11.050068378448486
generate_one_block  11.593211650848389
generate_one_block  12.502628564834595
generate_one_block  10.968631029129028
generate_one_block  11.235050916671753
generate_one_block  11.194200038909912
generate_one_block  10.928112268447876
generate_one_block  11.082226276397705
generate_one_block  11.409152507781982
generate_one_block  11.096202373504639
generate_one_block  11.048664569854736
generate_one_block  11.594038486480713
generate_one_block  11.239520788192749
generate_one_block  10.987403869628906
generate_one_block  11.022601127624512
generate_one_block  11.58364224433899
generate_one_block  10.955055713653564
generate_one_block  11.058046579360962
generate_one_block  11.490261554718018
generate_one_block  11.03918743133545
generate_one_block  11.032286882400513
generate_one_block  11.560308694839478
generate_one_block  10.996163606643677
generate_one_block  11.133195161819458
generate_one_block  11.398546934127808
generate_one_block  11.08279800415039
generate_one_block  10.97624921798706
generate_one_block  11.518917083740234
generate_one_block  11.194864988327026
generate_one_block  10.950204372406006
generate_one_block  11.399144172668457
generate_one_block  11.043700933456421
generate_one_block  10.846120595932007
generate_one_block  11.429847955703735
generate_one_block  11.126663446426392
generate_one_block  10.828798294067383
generate_one_block  11.074048280715942
generate_one_block  11.53056287765503
generate_one_block  10.947216272354126
generate_one_block  10.950469493865967
generate_one_block  11.51767873764038
generate_one_block  11.132762432098389
generate_one_block  11.205499172210693
generate_one_block  11.481934547424316
generate_one_block  10.911523342132568
generate_one_block  11.095041036605835
generate_one_block  11.37947130203247
generate_one_block  10.882966995239258
generate_one_block  11.105152368545532
generate_one_block  11.422131299972534
generate_one_block  10.916642904281616
generate_one_block  11.039623975753784
generate_one_block  11.621068716049194
generate_one_block  10.84547472000122
generate_one_block  11.190502166748047
generate_one_block  11.4643235206604
generate_one_block  10.986077547073364
generate_one_block  11.137269735336304
generate_one_block  11.41713285446167
generate_one_block  10.867831230163574
generate_one_block  11.161863327026367
generate_one_block  11.257367372512817
generate_one_block  10.895752668380737
generate_one_block  11.579423904418945
generate_one_block  11.077023267745972
generate_one_block  10.955102920532227
generate_one_block  11.454497575759888
generate_one_block  11.24786376953125
generate_one_block  10.831873178482056
generate_one_block  11.533730030059814
generate_one_block  11.724338293075562
generate_one_block  11.59497618675232
generate_one_block  12.060050249099731
generate_one_block  11.751729011535645
generate_one_block  11.958405017852783
generate_one_block  12.28110933303833
generate_one_block  11.70149040222168
generate_one_block  12.521968126296997
generate_one_block  12.131494998931885
generate_one_block  11.938750743865967
generate_one_block  12.872973918914795Using backend: pytorch

generate_one_block  11.880488395690918
generate_one_block  12.221070051193237
generate_one_block  12.621903657913208
generate_one_block  12.126200199127197
generate_one_block  12.619958877563477
generate_one_block  12.15663766860962
generate_one_block  12.42639946937561
generate_one_block  12.525940179824829
generate_one_block  12.316835403442383
generate_one_block  12.647156000137329
generate_one_block  12.283188343048096
generate_one_block  12.413103342056274
generate_one_block  12.983518600463867
generate_one_block  12.2246675491333
generate_one_block  12.711983680725098
generate_one_block  12.247279644012451
generate_one_block  12.298456907272339
generate_one_block  12.730557441711426
generate_one_block  12.363739013671875
generate_one_block  12.720876932144165
generate_one_block  12.483546018600464
generate_one_block  12.316280603408813
generate_one_block  12.549381971359253
generate_one_block  12.289734601974487
generate_one_block  12.72754168510437
generate_one_block  12.560279607772827
generate_one_block  12.440861701965332
generate_one_block  12.72866702079773
generate_one_block  12.409718036651611
generate_one_block  12.789357900619507
generate_one_block  12.26869511604309
generate_one_block  12.763030767440796
generate_one_block  12.37730598449707
generate_one_block  12.387678623199463
generate_one_block  12.857940435409546
generate_one_block  12.284859418869019
generate_one_block  12.658089399337769
generate_one_block  12.294548749923706
generate_one_block  17.489497661590576
generate_one_block  12.821821212768555
generate_one_block  11.652313232421875
-----------------------------------------after block dataloader generation 
 Nvidia-smi: 2.0242919921875 GB
    Memory Allocated: 0.0006527900695800781  GigaBytes
Max Memory Allocated: 0.0006527900695800781  GigaBytes

connection checking time:  1776.1531891822815
block generation total time  1726.6854543685913
average batch blocks generation time:  13.48973011225462
----------------------------------------before batch_pred = model(blocks, batch_inputs) 
 Nvidia-smi: 2.9637451171875 GB
    Memory Allocated: 0.8680462837219238  GigaBytes
Max Memory Allocated: 0.8680462837219238  GigaBytes

Traceback (most recent call last):
  File "pseudo_mini_batch_range_products_sage.py", line 455, in <module>
    main()
  File "pseudo_mini_batch_range_products_sage.py", line 451, in main
    best_test = run(args, device, data)
  File "pseudo_mini_batch_range_products_sage.py", line 276, in run
    batch_pred = model(blocks, batch_inputs)#------------*
  File "/home/cc/.local/lib/python3.6/site-packages/torch/nn/modules/module.py", line 727, in _call_impl
    result = self.forward(*input, **kwargs)
  File "/home/cc/graph_partition_multi_layers/pseudo_mini_batch_full_batch/SAGE/graphsage_model_products.py", line 48, in forward
    x = layer(block, x)
  File "/home/cc/.local/lib/python3.6/site-packages/torch/nn/modules/module.py", line 727, in _call_impl
    result = self.forward(*input, **kwargs)
  File "/home/cc/.local/lib/python3.6/site-packages/dgl/nn/pytorch/conv/sageconv.py", line 258, in forward
    graph.update_all(msg_fn, self._lstm_reducer)
  File "/home/cc/.local/lib/python3.6/site-packages/dgl/heterograph.py", line 4849, in update_all
    ndata = core.message_passing(g, message_func, reduce_func, apply_node_func)
  File "/home/cc/.local/lib/python3.6/site-packages/dgl/core.py", line 337, in message_passing
    ndata = invoke_udf_reduce(g, rfunc, msgdata, orig_nid=orig_nid)
  File "/home/cc/.local/lib/python3.6/site-packages/dgl/core.py", line 143, in invoke_udf_reduce
    bkt_rsts.append(func(nbatch))
  File "/home/cc/.local/lib/python3.6/site-packages/dgl/nn/pytorch/conv/sageconv.py", line 173, in _lstm_reducer
    _, (rst, _) = self.lstm(m, h)
  File "/home/cc/.local/lib/python3.6/site-packages/torch/nn/modules/module.py", line 727, in _call_impl
    result = self.forward(*input, **kwargs)
  File "/home/cc/.local/lib/python3.6/site-packages/torch/nn/modules/rnn.py", line 582, in forward
    self.dropout, self.training, self.bidirectional, self.batch_first)
RuntimeError: CUDA out of memory. Tried to allocate 12.00 MiB (GPU 0; 23.62 GiB total capacity; 20.24 GiB already allocated; 9.44 MiB free; 21.20 GiB reserved in total by PyTorch)
