main start at this time 1648259984.011617
#nodes: 2449029
#edges: 123718024
#classes: 47
success----------------------------------------
196571
39255
2164782
# Nodes: 2400608
# Edges: 123718024
# Train: 196571
# Val: 39255
# Test: 2164782
# Classes: 47

in feats:  100
----------------------------------------before generate_dataloader_block 
 Nvidia-smi: 2.0242919921875 GB
    Memory Allocated: 0.0006527900695800781  GigaBytes
Max Memory Allocated: 0.0006527900695800781  GigaBytes

The real block id is  2
get_global_graph_edges_ids_block function  spend 0.36276960372924805
range selection method range initialization spend 0.029953956604003906
time for parepare:  0.2813866138458252
local_output_nid generation:  0.00044417381286621094
local_in_edges_tensor generation:  0.019953250885009766
mini_batch_src_global generation:  0.0025298595428466797
r_  generation:  0.02276325225830078
local_output_nid generation:  0.0005364418029785156
local_in_edges_tensor generation:  0.0006177425384521484
mini_batch_src_global generation:  0.0025053024291992188
r_  generation:  0.021987438201904297
local_output_nid generation:  0.0004935264587402344
local_in_edges_tensor generation:  0.0005631446838378906
mini_batch_src_global generation:  0.0015575885772705078
r_  generation:  0.02158975601196289
local_output_nid generation:  0.0004975795745849609
local_in_edges_tensor generation:  0.0005643367767333984
mini_batch_src_global generation:  0.001558542251586914
r_  generation:  0.02214503288269043
local_output_nid generation:  0.00048804283142089844
local_in_edges_tensor generation:  0.00054931640625
mini_batch_src_global generation:  0.0015447139739990234
r_  generation:  0.022616147994995117
local_output_nid generation:  0.0005023479461669922
local_in_edges_tensor generation:  0.0005748271942138672
mini_batch_src_global generation:  0.0015430450439453125
r_  generation:  0.020673513412475586
local_output_nid generation:  0.0004868507385253906
local_in_edges_tensor generation:  0.0006053447723388672
mini_batch_src_global generation:  0.019510984420776367
r_  generation:  0.026372909545898438
local_output_nid generation:  0.0006473064422607422
local_in_edges_tensor generation:  0.0007319450378417969
mini_batch_src_global generation:  0.0014164447784423828
r_  generation:  0.021808862686157227
local_output_nid generation:  0.0006127357482910156
local_in_edges_tensor generation:  0.0006246566772460938
mini_batch_src_global generation:  0.0013763904571533203
r_  generation:  0.020383834838867188
local_output_nid generation:  0.0006537437438964844
local_in_edges_tensor generation:  0.0006494522094726562
mini_batch_src_global generation:  0.0013892650604248047
r_  generation:  0.02094101905822754
local_output_nid generation:  0.00061798095703125
local_in_edges_tensor generation:  0.0006275177001953125
mini_batch_src_global generation:  0.0014159679412841797
r_  generation:  0.021599769592285156
local_output_nid generation:  0.0006577968597412109
local_in_edges_tensor generation:  0.0006988048553466797
mini_batch_src_global generation:  0.0013959407806396484
r_  generation:  0.021110057830810547
local_output_nid generation:  0.0006167888641357422
local_in_edges_tensor generation:  0.0006544589996337891
mini_batch_src_global generation:  0.00139617919921875
r_  generation:  0.02095484733581543
local_output_nid generation:  0.0006337165832519531
local_in_edges_tensor generation:  0.0006201267242431641
mini_batch_src_global generation:  0.0014009475708007812
r_  generation:  0.0220947265625
local_output_nid generation:  0.0006365776062011719
local_in_edges_tensor generation:  0.0006761550903320312
mini_batch_src_global generation:  0.016518831253051758
r_  generation:  0.023845911026000977
local_output_nid generation:  0.0005888938903808594
local_in_edges_tensor generation:  0.0006377696990966797
mini_batch_src_global generation:  0.002473592758178711
r_  generation:  0.025469541549682617
local_output_nid generation:  0.0006444454193115234
local_in_edges_tensor generation:  0.0006482601165771484
mini_batch_src_global generation:  0.007015228271484375
r_  generation:  0.021389245986938477
local_output_nid generation:  0.0006337165832519531
local_in_edges_tensor generation:  0.0006639957427978516
mini_batch_src_global generation:  0.0014710426330566406
r_  generation:  0.021494150161743164
local_output_nid generation:  0.0006160736083984375
local_in_edges_tensor generation:  0.0006706714630126953
mini_batch_src_global generation:  0.0049533843994140625
r_  generation:  0.021540164947509766
local_output_nid generation:  0.0006411075592041016
local_in_edges_tensor generation:  0.0006062984466552734
mini_batch_src_global generation:  0.013312578201293945
r_  generation:  0.022418498992919922
local_output_nid generation:  0.0006310939788818359
local_in_edges_tensor generation:  0.0006453990936279297
mini_batch_src_global generation:  0.011646747589111328
r_  generation:  0.02527022361755371
local_output_nid generation:  0.0006122589111328125
local_in_edges_tensor generation:  0.0005981922149658203
mini_batch_src_global generation:  0.0017359256744384766
r_  generation:  0.022130489349365234
local_output_nid generation:  0.0005576610565185547
local_in_edges_tensor generation:  0.000591278076171875
mini_batch_src_global generation:  0.001386404037475586
r_  generation:  0.02104473114013672
local_output_nid generation:  0.000568389892578125
local_in_edges_tensor generation:  0.0005459785461425781
mini_batch_src_global generation:  0.0014069080352783203
r_  generation:  0.020834684371948242
local_output_nid generation:  0.0005524158477783203
local_in_edges_tensor generation:  0.015051841735839844
mini_batch_src_global generation:  0.001378774642944336
r_  generation:  0.020785808563232422
local_output_nid generation:  0.0005624294281005859
local_in_edges_tensor generation:  0.0005671977996826172
mini_batch_src_global generation:  0.002574443817138672
r_  generation:  0.021594524383544922
local_output_nid generation:  0.0006170272827148438
local_in_edges_tensor generation:  0.0006690025329589844
mini_batch_src_global generation:  0.00530695915222168
r_  generation:  0.0271604061126709
local_output_nid generation:  0.0005733966827392578
local_in_edges_tensor generation:  0.0005984306335449219
mini_batch_src_global generation:  0.001726388931274414
r_  generation:  0.02295851707458496
local_output_nid generation:  0.0005307197570800781
local_in_edges_tensor generation:  0.0005257129669189453
mini_batch_src_global generation:  0.0017876625061035156
r_  generation:  0.02108168601989746
local_output_nid generation:  0.0005419254302978516
local_in_edges_tensor generation:  0.0005400180816650391
mini_batch_src_global generation:  0.0014603137969970703
r_  generation:  0.02088451385498047
local_output_nid generation:  0.0005254745483398438
local_in_edges_tensor generation:  0.0005357265472412109
mini_batch_src_global generation:  0.001453399658203125
r_  generation:  0.021042823791503906
local_output_nid generation:  0.0005335807800292969
local_in_edges_tensor generation:  0.0005209445953369141
mini_batch_src_global generation:  0.001438140869140625
r_  generation:  0.022732019424438477
local_output_nid generation:  0.0005207061767578125
local_in_edges_tensor generation:  0.0005774497985839844
mini_batch_src_global generation:  0.0018398761749267578
r_  generation:  0.021355867385864258
local_output_nid generation:  0.0005180835723876953
local_in_edges_tensor generation:  0.0005648136138916016
mini_batch_src_global generation:  0.0014553070068359375
r_  generation:  0.02075672149658203
local_output_nid generation:  0.0005173683166503906
local_in_edges_tensor generation:  0.0005621910095214844
mini_batch_src_global generation:  0.002999544143676758
r_  generation:  0.023186206817626953
local_output_nid generation:  0.0006268024444580078
local_in_edges_tensor generation:  0.00063323974609375
mini_batch_src_global generation:  0.01387333869934082
r_  generation:  0.025006771087646484
local_output_nid generation:  0.00052642822265625
local_in_edges_tensor generation:  0.0005557537078857422
mini_batch_src_global generation:  0.0018639564514160156
r_  generation:  0.02390122413635254
local_output_nid generation:  0.0005276203155517578
local_in_edges_tensor generation:  0.0005879402160644531
mini_batch_src_global generation:  0.0018825531005859375
r_  generation:  0.023263216018676758
local_output_nid generation:  0.0005125999450683594
local_in_edges_tensor generation:  0.0005884170532226562
mini_batch_src_global generation:  0.0018606185913085938
r_  generation:  0.021832942962646484
local_output_nid generation:  0.0005228519439697266
local_in_edges_tensor generation:  0.0005714893341064453
mini_batch_src_global generation:  0.001524209976196289
r_  generation:  0.021449565887451172
local_output_nid generation:  0.0005056858062744141
local_in_edges_tensor generation:  0.0005772113800048828
mini_batch_src_global generation:  0.001529693603515625
r_  generation:  0.02138066291809082
local_output_nid generation:  0.0005199909210205078
local_in_edges_tensor generation:  0.0005638599395751953
mini_batch_src_global generation:  0.0015368461608886719
r_  generation:  0.022162675857543945
local_output_nid generation:  0.0005066394805908203
local_in_edges_tensor generation:  0.0006012916564941406
mini_batch_src_global generation:  0.0014820098876953125
r_  generation:  0.021489381790161133
local_output_nid generation:  0.0005123615264892578
local_in_edges_tensor generation:  0.0005471706390380859
mini_batch_src_global generation:  0.0015354156494140625
r_  generation:  0.02206897735595703
local_output_nid generation:  0.0005154609680175781
local_in_edges_tensor generation:  0.0005431175231933594
mini_batch_src_global generation:  0.0015151500701904297
r_  generation:  0.035894155502319336
local_output_nid generation:  0.0006401538848876953
local_in_edges_tensor generation:  0.0007023811340332031
mini_batch_src_global generation:  0.0016613006591796875
r_  generation:  0.021828651428222656
local_output_nid generation:  0.0006091594696044922
local_in_edges_tensor generation:  0.0006341934204101562
mini_batch_src_global generation:  0.0015194416046142578
r_  generation:  0.0230255126953125
local_output_nid generation:  0.0006153583526611328
local_in_edges_tensor generation:  0.0006151199340820312
mini_batch_src_global generation:  0.0015735626220703125
r_  generation:  0.0230560302734375
local_output_nid generation:  0.0006198883056640625
local_in_edges_tensor generation:  0.0006365776062011719
mini_batch_src_global generation:  0.011463403701782227
r_  generation:  0.031601905822753906
local_output_nid generation:  0.0006592273712158203
local_in_edges_tensor generation:  0.0006670951843261719
mini_batch_src_global generation:  0.0015625953674316406
r_  generation:  0.02297186851501465
local_output_nid generation:  0.0006551742553710938
local_in_edges_tensor generation:  0.0006706714630126953
mini_batch_src_global generation:  0.010673284530639648
r_  generation:  0.02115607261657715
local_output_nid generation:  0.0006232261657714844
local_in_edges_tensor generation:  0.0006582736968994141
mini_batch_src_global generation:  0.002382040023803711
r_  generation:  0.021351337432861328
local_output_nid generation:  0.0006062984466552734
local_in_edges_tensor generation:  0.0006272792816162109
mini_batch_src_global generation:  0.0015516281127929688
r_  generation:  0.021416664123535156
local_output_nid generation:  0.0006394386291503906
local_in_edges_tensor generation:  0.0006630420684814453
mini_batch_src_global generation:  0.017745018005371094
r_  generation:  0.02181553840637207
local_output_nid generation:  0.0006487369537353516
local_in_edges_tensor generation:  0.0007238388061523438
mini_batch_src_global generation:  0.012914896011352539
r_  generation:  0.021547555923461914
local_output_nid generation:  0.0006728172302246094
local_in_edges_tensor generation:  0.0006954669952392578
mini_batch_src_global generation:  0.0016160011291503906
r_  generation:  0.02220320701599121
local_output_nid generation:  0.0006465911865234375
local_in_edges_tensor generation:  0.0006260871887207031
mini_batch_src_global generation:  0.0014445781707763672
r_  generation:  0.021413803100585938
local_output_nid generation:  0.000629425048828125
local_in_edges_tensor generation:  0.0006089210510253906
mini_batch_src_global generation:  0.0015413761138916016
r_  generation:  0.02174997329711914
local_output_nid generation:  0.0006177425384521484
local_in_edges_tensor generation:  0.0006821155548095703
mini_batch_src_global generation:  0.0015044212341308594
r_  generation:  0.0224454402923584
local_output_nid generation:  0.0006337165832519531
local_in_edges_tensor generation:  0.0006506443023681641
mini_batch_src_global generation:  0.0015175342559814453
r_  generation:  0.021350622177124023
local_output_nid generation:  0.0006470680236816406
local_in_edges_tensor generation:  0.000629425048828125
mini_batch_src_global generation:  0.0015370845794677734
r_  generation:  0.023212909698486328
local_output_nid generation:  0.0006656646728515625
local_in_edges_tensor generation:  0.0006105899810791016
mini_batch_src_global generation:  0.0014851093292236328
r_  generation:  0.021499156951904297
local_output_nid generation:  0.0006561279296875
local_in_edges_tensor generation:  0.0009365081787109375
mini_batch_src_global generation:  0.01162576675415039
r_  generation:  0.02534651756286621
local_output_nid generation:  0.0006113052368164062
local_in_edges_tensor generation:  0.0006418228149414062
mini_batch_src_global generation:  0.0018932819366455078
r_  generation:  0.024688720703125
local_output_nid generation:  0.0005857944488525391
local_in_edges_tensor generation:  0.0005767345428466797
mini_batch_src_global generation:  0.0018835067749023438
r_  generation:  0.023724079132080078
local_output_nid generation:  0.0005648136138916016
local_in_edges_tensor generation:  0.0006000995635986328
mini_batch_src_global generation:  0.001924276351928711
r_  generation:  0.023407936096191406
local_output_nid generation:  0.0005626678466796875
local_in_edges_tensor generation:  0.0005767345428466797
mini_batch_src_global generation:  0.0019228458404541016
r_  generation:  0.025496959686279297
local_output_nid generation:  0.0005555152893066406
local_in_edges_tensor generation:  0.0005671977996826172
mini_batch_src_global generation:  0.0019237995147705078
r_  generation:  0.023844242095947266
local_output_nid generation:  0.0005428791046142578
local_in_edges_tensor generation:  0.0005946159362792969
mini_batch_src_global generation:  0.001905679702758789
r_  generation:  0.0234372615814209
local_output_nid generation:  0.0005860328674316406
local_in_edges_tensor generation:  0.0005688667297363281
mini_batch_src_global generation:  0.0018875598907470703
r_  generation:  0.02594733238220215
local_output_nid generation:  0.0005261898040771484
local_in_edges_tensor generation:  0.0005862712860107422
mini_batch_src_global generation:  0.0018830299377441406
r_  generation:  0.02945685386657715
local_output_nid generation:  0.0005230903625488281
local_in_edges_tensor generation:  0.0005862712860107422
mini_batch_src_global generation:  0.0018978118896484375
r_  generation:  0.023938417434692383
local_output_nid generation:  0.0005207061767578125
local_in_edges_tensor generation:  0.0005981922149658203
mini_batch_src_global generation:  0.0018982887268066406
r_  generation:  0.04288315773010254
local_output_nid generation:  0.0010051727294921875
local_in_edges_tensor generation:  0.0010402202606201172
mini_batch_src_global generation:  0.00471186637878418
r_  generation:  0.027216196060180664
local_output_nid generation:  0.0005297660827636719
local_in_edges_tensor generation:  0.0036199092864990234
mini_batch_src_global generation:  0.0019049644470214844
r_  generation:  0.0401151180267334
local_output_nid generation:  0.0007598400115966797
local_in_edges_tensor generation:  0.0007848739624023438
mini_batch_src_global generation:  0.0020418167114257812
r_  generation:  0.02356100082397461
local_output_nid generation:  0.0005176067352294922
local_in_edges_tensor generation:  0.0005435943603515625
mini_batch_src_global generation:  0.0018727779388427734
r_  generation:  0.02355670928955078
local_output_nid generation:  0.0005080699920654297
local_in_edges_tensor generation:  0.0005428791046142578
mini_batch_src_global generation:  0.001888275146484375
r_  generation:  0.024562358856201172
local_output_nid generation:  0.0005056858062744141
local_in_edges_tensor generation:  0.0005602836608886719
mini_batch_src_global generation:  0.001894235610961914
r_  generation:  0.02150583267211914
local_output_nid generation:  0.0005125999450683594
local_in_edges_tensor generation:  0.0005450248718261719
mini_batch_src_global generation:  0.0015201568603515625
r_  generation:  0.021523237228393555
local_output_nid generation:  0.0005002021789550781
local_in_edges_tensor generation:  0.0005724430084228516
mini_batch_src_global generation:  0.0015368461608886719
r_  generation:  0.022655725479125977
local_output_nid generation:  0.0005040168762207031
local_in_edges_tensor generation:  0.0005373954772949219
mini_batch_src_global generation:  0.001756429672241211
r_  generation:  0.023395061492919922
local_output_nid generation:  0.0004971027374267578
local_in_edges_tensor generation:  0.0005478858947753906
mini_batch_src_global generation:  0.0019230842590332031
r_  generation:  0.023832082748413086
local_output_nid generation:  0.0004978179931640625
local_in_edges_tensor generation:  0.0005509853363037109
mini_batch_src_global generation:  0.001931905746459961
r_  generation:  0.03794670104980469
local_output_nid generation:  0.0007116794586181641
local_in_edges_tensor generation:  0.0012350082397460938
mini_batch_src_global generation:  0.0019664764404296875
r_  generation:  0.022454500198364258
local_output_nid generation:  0.0004971027374267578
local_in_edges_tensor generation:  0.0007331371307373047
mini_batch_src_global generation:  0.001543283462524414
r_  generation:  0.021700382232666016
local_output_nid generation:  0.0005021095275878906
local_in_edges_tensor generation:  0.0006093978881835938
mini_batch_src_global generation:  0.0015039443969726562
r_  generation:  0.02178168296813965
local_output_nid generation:  0.0005075931549072266
local_in_edges_tensor generation:  0.0006260871887207031
mini_batch_src_global generation:  0.0015468597412109375
r_  generation:  0.02253437042236328
local_output_nid generation:  0.0004894733428955078
local_in_edges_tensor generation:  0.0006256103515625
mini_batch_src_global generation:  0.001542806625366211
r_  generation:  0.021575212478637695
local_output_nid generation:  0.0004928112030029297
local_in_edges_tensor generation:  0.0006434917449951172
mini_batch_src_global generation:  0.0015456676483154297
r_  generation:  0.02363276481628418
local_output_nid generation:  0.0005114078521728516
local_in_edges_tensor generation:  0.0006437301635742188
mini_batch_src_global generation:  0.0019075870513916016
r_  generation:  0.024477481842041016
local_output_nid generation:  0.0004966259002685547
local_in_edges_tensor generation:  0.0006175041198730469
mini_batch_src_global generation:  0.0019011497497558594
r_  generation:  0.0238344669342041
local_output_nid generation:  0.0005040168762207031
local_in_edges_tensor generation:  0.0006597042083740234
mini_batch_src_global generation:  0.0019061565399169922
r_  generation:  0.021534204483032227
local_output_nid generation:  0.0004918575286865234
local_in_edges_tensor generation:  0.0006368160247802734
mini_batch_src_global generation:  0.0015358924865722656
r_  generation:  0.04487013816833496
local_output_nid generation:  0.0005090236663818359
local_in_edges_tensor generation:  0.0006487369537353516
mini_batch_src_global generation:  0.0016193389892578125
r_  generation:  0.022138357162475586
local_output_nid generation:  0.0005216598510742188
local_in_edges_tensor generation:  0.0006322860717773438
mini_batch_src_global generation:  0.0015482902526855469
r_  generation:  0.024038314819335938
local_output_nid generation:  0.000492095947265625
local_in_edges_tensor generation:  0.0006420612335205078
mini_batch_src_global generation:  0.0015299320220947266
r_  generation:  0.043695688247680664
local_output_nid generation:  0.0006432533264160156
local_in_edges_tensor generation:  0.0007879734039306641
mini_batch_src_global generation:  0.001865386962890625
r_  generation:  0.02200627326965332
local_output_nid generation:  0.0005021095275878906
local_in_edges_tensor generation:  0.0006775856018066406
mini_batch_src_global generation:  0.0015578269958496094
r_  generation:  0.021542787551879883
local_output_nid generation:  0.0004942417144775391
local_in_edges_tensor generation:  0.0006463527679443359
mini_batch_src_global generation:  0.0034520626068115234
r_  generation:  0.02962779998779297
local_output_nid generation:  0.0006322860717773438
local_in_edges_tensor generation:  0.0013415813446044922
mini_batch_src_global generation:  0.005513191223144531
r_  generation:  0.025659561157226562
local_output_nid generation:  0.0005233287811279297
local_in_edges_tensor generation:  0.000720977783203125
mini_batch_src_global generation:  0.0015788078308105469
r_  generation:  0.022756576538085938
local_output_nid generation:  0.0006842613220214844
local_in_edges_tensor generation:  0.0007238388061523438
mini_batch_src_global generation:  0.0015518665313720703
r_  generation:  0.02174973487854004
local_output_nid generation:  0.0005097389221191406
local_in_edges_tensor generation:  0.0007092952728271484
mini_batch_src_global generation:  0.0015292167663574219
r_  generation:  0.021892786026000977
local_output_nid generation:  0.0005028247833251953
local_in_edges_tensor generation:  0.0007317066192626953
mini_batch_src_global generation:  0.0015716552734375
r_  generation:  0.022237777709960938
local_output_nid generation:  0.0005135536193847656
local_in_edges_tensor generation:  0.0006928443908691406
mini_batch_src_global generation:  0.001524209976196289
r_  generation:  0.021904945373535156
local_output_nid generation:  0.0005137920379638672
local_in_edges_tensor generation:  0.0007033348083496094
mini_batch_src_global generation:  0.001962900161743164
r_  generation:  0.023728370666503906
local_output_nid generation:  0.0005140304565429688
local_in_edges_tensor generation:  0.0006914138793945312
mini_batch_src_global generation:  0.0018944740295410156
r_  generation:  0.02429366111755371
local_output_nid generation:  0.0005052089691162109
local_in_edges_tensor generation:  0.0007092952728271484
mini_batch_src_global generation:  0.0018734931945800781
r_  generation:  0.03313422203063965
local_output_nid generation:  0.0011858940124511719
local_in_edges_tensor generation:  0.0014281272888183594
mini_batch_src_global generation:  0.006859540939331055
r_  generation:  0.026525497436523438
local_output_nid generation:  0.0005121231079101562
local_in_edges_tensor generation:  0.0007746219635009766
mini_batch_src_global generation:  0.0019221305847167969
r_  generation:  0.024897336959838867
local_output_nid generation:  0.0005023479461669922
local_in_edges_tensor generation:  0.0007307529449462891
mini_batch_src_global generation:  0.0019659996032714844
r_  generation:  0.02464914321899414
local_output_nid generation:  0.0005064010620117188
local_in_edges_tensor generation:  0.0007266998291015625
mini_batch_src_global generation:  0.001964569091796875
r_  generation:  0.02371048927307129
local_output_nid generation:  0.0005123615264892578
local_in_edges_tensor generation:  0.0007252693176269531
mini_batch_src_global generation:  0.0019381046295166016
r_  generation:  0.023942947387695312
local_output_nid generation:  0.0005102157592773438
local_in_edges_tensor generation:  0.0007367134094238281
mini_batch_src_global generation:  0.001949310302734375
r_  generation:  0.02465033531188965
local_output_nid generation:  0.0005044937133789062
local_in_edges_tensor generation:  0.0007240772247314453
mini_batch_src_global generation:  0.001895904541015625
r_  generation:  0.03271198272705078
local_output_nid generation:  0.0011055469512939453
local_in_edges_tensor generation:  0.0013952255249023438
mini_batch_src_global generation:  0.006754875183105469
r_  generation:  0.02681589126586914
local_output_nid generation:  0.0005121231079101562
local_in_edges_tensor generation:  0.001386880874633789
mini_batch_src_global generation:  0.0019230842590332031
r_  generation:  0.037718772888183594
local_output_nid generation:  0.0012285709381103516
local_in_edges_tensor generation:  0.00854039192199707
mini_batch_src_global generation:  0.00682830810546875
r_  generation:  0.025274038314819336
local_output_nid generation:  0.0005021095275878906
local_in_edges_tensor generation:  0.0015301704406738281
mini_batch_src_global generation:  0.0015606880187988281
r_  generation:  0.02203845977783203
local_output_nid generation:  0.0005061626434326172
local_in_edges_tensor generation:  0.0014660358428955078
mini_batch_src_global generation:  0.0015850067138671875
r_  generation:  0.022736072540283203
local_output_nid generation:  0.0005118846893310547
local_in_edges_tensor generation:  0.001341104507446289
mini_batch_src_global generation:  0.001569509506225586
r_  generation:  0.02184009552001953
local_output_nid generation:  0.0005040168762207031
local_in_edges_tensor generation:  0.0012030601501464844
mini_batch_src_global generation:  0.0015189647674560547
r_  generation:  0.022077322006225586
local_output_nid generation:  0.0005116462707519531
local_in_edges_tensor generation:  0.0036902427673339844
mini_batch_src_global generation:  0.0015556812286376953
r_  generation:  0.021706581115722656
local_output_nid generation:  0.0005035400390625
local_in_edges_tensor generation:  0.0007457733154296875
mini_batch_src_global generation:  0.0015840530395507812
r_  generation:  0.021970272064208984
local_output_nid generation:  0.000499725341796875
local_in_edges_tensor generation:  0.0007195472717285156
mini_batch_src_global generation:  0.0015437602996826172
r_  generation:  0.02293705940246582
local_output_nid generation:  0.0005009174346923828
local_in_edges_tensor generation:  0.0007462501525878906
mini_batch_src_global generation:  0.0030388832092285156
r_  generation:  0.02963423728942871
local_output_nid generation:  0.000583648681640625
local_in_edges_tensor generation:  0.0008304119110107422
mini_batch_src_global generation:  0.0015420913696289062
r_  generation:  0.020369529724121094
----------------------check_connections_block total spend ----------------------------- 4.648940801620483
generate_one_block  6.068576812744141
generate_one_block  0.03668069839477539
generate_one_block  0.035962581634521484
generate_one_block  0.035483360290527344
generate_one_block  0.03414034843444824
generate_one_block  0.03401350975036621
generate_one_block  0.034151315689086914
generate_one_block  0.03408384323120117
generate_one_block  0.033864498138427734
generate_one_block  0.03683161735534668
generate_one_block  0.03383493423461914
generate_one_block  0.03328108787536621
generate_one_block  0.03329658508300781
generate_one_block  0.034375905990600586
generate_one_block  0.03322267532348633
generate_one_block  0.049402713775634766
generate_one_block  0.04206132888793945
generate_one_block  0.038606882095336914
generate_one_block  0.033304452896118164
generate_one_block  0.03393149375915527
generate_one_block  0.03388166427612305
generate_one_block  0.033719778060913086
generate_one_block  0.033525705337524414
generate_one_block  0.055045366287231445
generate_one_block  0.04264974594116211
generate_one_block  0.044994354248046875
generate_one_block  0.044478654861450195
generate_one_block  0.047385454177856445
generate_one_block  0.03623247146606445
generate_one_block  0.034333229064941406
generate_one_block  0.03360271453857422
generate_one_block  0.034250497817993164
generate_one_block  0.03387022018432617
generate_one_block  0.03379058837890625
generate_one_block  0.03352499008178711
generate_one_block  0.03392601013183594
generate_one_block  0.03347301483154297
generate_one_block  0.033563852310180664
generate_one_block  0.03368544578552246
generate_one_block  0.03371691703796387
generate_one_block  0.046518802642822266
generate_one_block  0.04538416862487793
generate_one_block  0.033744096755981445
generate_one_block  0.03322935104370117
generate_one_block  0.033872365951538086
generate_one_block  0.03296184539794922
generate_one_block  0.033907175064086914
generate_one_block  0.033562421798706055
generate_one_block  0.05357694625854492
generate_one_block  0.038532257080078125
generate_one_block  0.0446317195892334
generate_one_block  0.0375821590423584
generate_one_block  0.04299497604370117
generate_one_block  0.035764455795288086
generate_one_block  0.0369415283203125
generate_one_block  0.04793095588684082
generate_one_block  0.04675006866455078
generate_one_block  0.03480195999145508
generate_one_block  0.033770084381103516
generate_one_block  0.03322768211364746
generate_one_block  0.034069061279296875
generate_one_block  0.03353166580200195
generate_one_block  0.034501075744628906
generate_one_block  0.03387093544006348
generate_one_block  0.03334784507751465
generate_one_block  0.03333139419555664
generate_one_block  0.03551745414733887
generate_one_block  0.045918941497802734
generate_one_block  0.034986257553100586
generate_one_block  0.0347294807434082
generate_one_block  0.03486752510070801
generate_one_block  0.04720902442932129
generate_one_block  0.04472851753234863
generate_one_block  0.035466670989990234
generate_one_block  0.04460906982421875
generate_one_block  0.05089735984802246
generate_one_block  0.04804372787475586
generate_one_block  0.04130148887634277
generate_one_block  0.03839254379272461
generate_one_block  0.03794121742248535
generate_one_block  0.03647041320800781
generate_one_block  0.0483396053314209
generate_one_block  0.04389071464538574
generate_one_block  0.04089713096618652
generate_one_block  0.03903555870056152
generate_one_block  0.03782510757446289
generate_one_block  0.03602766990661621
generate_one_block  0.03671574592590332
generate_one_block  0.06671571731567383
generate_one_block  0.0484919548034668
generate_one_block  0.05985760688781738
generate_one_block  0.07277107238769531
generate_one_block  0.06137800216674805
generate_one_block  0.0592343807220459
generate_one_block  0.0615849494934082
generate_one_block  0.060596466064453125
generate_one_block  0.07519340515136719
generate_one_block  0.05946779251098633
generate_one_block  0.05681920051574707
generate_one_block  0.052494049072265625
generate_one_block  0.04874062538146973
generate_one_block  0.0627131462097168
generate_one_block  0.054721832275390625
generate_one_block  0.051570892333984375
generate_one_block  0.05393648147583008
generate_one_block  0.0408170223236084
generate_one_block  0.04062151908874512
generate_one_block  0.03990340232849121
generate_one_block  0.03953218460083008
generate_one_block  0.03858351707458496
generate_one_block  0.03890061378479004
generate_one_block  0.03741192817687988
generate_one_block  0.03645181655883789
generate_one_block  0.03597712516784668
generate_one_block  0.0362086296081543
generate_one_block  0.035031795501708984
generate_one_block  0.03507876396179199
generate_one_block  0.03438162803649902
generate_one_block  0.03461313247680664
generate_one_block  0.03463029861450195
generate_one_block  0.03445315361022949
generate_one_block  0.05844545364379883
generate_one_block  0.03597450256347656
generate_one_block  0.0341792106628418
generate_one_block  0.03434252738952637
generate_one_block  0.034305572509765625
generate_one_block  0.03421473503112793
generate_one_block  0.031171798706054688
The real block id is  1
get_global_graph_edges_ids_block function  spend 2.0786871910095215
gen group dst list time:  0.22433066368103027
time for parepare:  0.46283411979675293
local_output_nid generation:  0.013936996459960938
local_in_edges_tensor generation:  0.14371967315673828
mini_batch_src_global generation:  0.05272054672241211
r_  generation:  0.714792013168335
local_output_nid generation:  0.01893925666809082
local_in_edges_tensor generation:  0.039808034896850586
mini_batch_src_global generation:  0.07358503341674805
r_  generation:  0.8005096912384033
local_output_nid generation:  0.026895999908447266
local_in_edges_tensor generation:  0.06267595291137695
mini_batch_src_global generation:  0.07200193405151367
r_  generation:  0.7789373397827148
local_output_nid generation:  0.01809072494506836
local_in_edges_tensor generation:  0.041567325592041016
mini_batch_src_global generation:  0.0646669864654541
r_  generation:  0.823946475982666
local_output_nid generation:  0.01646900177001953
local_in_edges_tensor generation:  0.03653120994567871
mini_batch_src_global generation:  0.07073497772216797
r_  generation:  0.8790946006774902
local_output_nid generation:  0.016901016235351562
local_in_edges_tensor generation:  0.0392606258392334
mini_batch_src_global generation:  0.07769203186035156
r_  generation:  0.9648516178131104
local_output_nid generation:  0.020612001419067383
local_in_edges_tensor generation:  0.06480646133422852
mini_batch_src_global generation:  0.10582304000854492
r_  generation:  0.9002382755279541
local_output_nid generation:  0.02003335952758789
local_in_edges_tensor generation:  0.03714156150817871
mini_batch_src_global generation:  0.08090710639953613
r_  generation:  0.8904516696929932
local_output_nid generation:  0.017244338989257812
local_in_edges_tensor generation:  0.031714677810668945
mini_batch_src_global generation:  0.08836150169372559
r_  generation:  0.9073734283447266
local_output_nid generation:  0.01772761344909668
local_in_edges_tensor generation:  0.030968189239501953
mini_batch_src_global generation:  0.12213397026062012
r_  generation:  1.05875563621521
local_output_nid generation:  0.02802109718322754
local_in_edges_tensor generation:  0.07182693481445312
mini_batch_src_global generation:  0.09335780143737793
r_  generation:  0.926896333694458
local_output_nid generation:  0.017745494842529297
local_in_edges_tensor generation:  0.046251535415649414
mini_batch_src_global generation:  0.09058189392089844
r_  generation:  0.9378588199615479
local_output_nid generation:  0.017947673797607422
local_in_edges_tensor generation:  0.04439592361450195
mini_batch_src_global generation:  0.09060168266296387
r_  generation:  0.9643611907958984
local_output_nid generation:  0.0180056095123291
local_in_edges_tensor generation:  0.04451417922973633
mini_batch_src_global generation:  0.09392285346984863
r_  generation:  1.0038433074951172
local_output_nid generation:  0.029802799224853516
local_in_edges_tensor generation:  0.06673145294189453
mini_batch_src_global generation:  0.09114623069763184
r_  generation:  0.9387671947479248
local_output_nid generation:  0.01818394660949707
local_in_edges_tensor generation:  0.04562664031982422
mini_batch_src_global generation:  0.09264779090881348
r_  generation:  0.9432718753814697
local_output_nid generation:  0.018182039260864258
local_in_edges_tensor generation:  0.04031968116760254
mini_batch_src_global generation:  0.09170961380004883
r_  generation:  0.9334359169006348
local_output_nid generation:  0.0185549259185791
local_in_edges_tensor generation:  0.03251051902770996
mini_batch_src_global generation:  0.09708619117736816
r_  generation:  0.9604177474975586
local_output_nid generation:  0.01858997344970703
local_in_edges_tensor generation:  0.03764700889587402
mini_batch_src_global generation:  0.09625673294067383
r_  generation:  0.9531612396240234
local_output_nid generation:  0.018887996673583984
local_in_edges_tensor generation:  0.07994365692138672
mini_batch_src_global generation:  0.09736275672912598
r_  generation:  0.9805951118469238
local_output_nid generation:  0.03227877616882324
local_in_edges_tensor generation:  0.048567771911621094
mini_batch_src_global generation:  0.09059882164001465
r_  generation:  0.9497895240783691
local_output_nid generation:  0.019136428833007812
local_in_edges_tensor generation:  0.03662538528442383
mini_batch_src_global generation:  0.09054040908813477
r_  generation:  0.9340620040893555
local_output_nid generation:  0.018838167190551758
local_in_edges_tensor generation:  0.033525705337524414
mini_batch_src_global generation:  0.09099674224853516
r_  generation:  0.9437637329101562
local_output_nid generation:  0.018927812576293945
local_in_edges_tensor generation:  0.03766894340515137
mini_batch_src_global generation:  0.09480071067810059
r_  generation:  0.9365735054016113
local_output_nid generation:  0.01872849464416504
local_in_edges_tensor generation:  0.02795124053955078
mini_batch_src_global generation:  0.0916140079498291
r_  generation:  0.9290874004364014
local_output_nid generation:  0.019136905670166016
local_in_edges_tensor generation:  0.03465580940246582
mini_batch_src_global generation:  0.09250426292419434
r_  generation:  0.9454421997070312
local_output_nid generation:  0.01930832862854004
local_in_edges_tensor generation:  0.039270877838134766
mini_batch_src_global generation:  0.09910988807678223
r_  generation:  0.9551169872283936
local_output_nid generation:  0.019193172454833984
local_in_edges_tensor generation:  0.03325200080871582
mini_batch_src_global generation:  0.09277558326721191
r_  generation:  0.9462835788726807
local_output_nid generation:  0.019137144088745117
local_in_edges_tensor generation:  0.04844307899475098
mini_batch_src_global generation:  0.09153938293457031
r_  generation:  0.9349625110626221
local_output_nid generation:  0.019318342208862305
local_in_edges_tensor generation:  0.04524827003479004
mini_batch_src_global generation:  0.09544229507446289
r_  generation:  0.9604580402374268
local_output_nid generation:  0.02472400665283203
local_in_edges_tensor generation:  0.05572509765625
mini_batch_src_global generation:  0.09136152267456055
r_  generation:  0.9760899543762207
local_output_nid generation:  0.030093669891357422
local_in_edges_tensor generation:  0.041439056396484375
mini_batch_src_global generation:  0.0964508056640625
r_  generation:  0.9352898597717285
local_output_nid generation:  0.019799470901489258
local_in_edges_tensor generation:  0.03677773475646973
mini_batch_src_global generation:  0.09486198425292969
r_  generation:  0.9423255920410156
local_output_nid generation:  0.019520282745361328
local_in_edges_tensor generation:  0.029781579971313477
mini_batch_src_global generation:  0.09293723106384277
r_  generation:  0.9447526931762695
local_output_nid generation:  0.019635677337646484
local_in_edges_tensor generation:  0.03416752815246582
mini_batch_src_global generation:  0.09029603004455566
r_  generation:  0.9372615814208984
local_output_nid generation:  0.019590139389038086
local_in_edges_tensor generation:  0.03281569480895996
mini_batch_src_global generation:  0.09102892875671387
r_  generation:  0.9481034278869629
local_output_nid generation:  0.019913911819458008
local_in_edges_tensor generation:  0.02701425552368164
mini_batch_src_global generation:  0.09176111221313477
r_  generation:  0.9337508678436279
local_output_nid generation:  0.01968979835510254
local_in_edges_tensor generation:  0.03362870216369629
mini_batch_src_global generation:  0.09036445617675781
r_  generation:  0.9349462985992432
local_output_nid generation:  0.01989459991455078
local_in_edges_tensor generation:  0.03693103790283203
mini_batch_src_global generation:  0.09072756767272949
r_  generation:  0.9509303569793701
local_output_nid generation:  0.01992344856262207
local_in_edges_tensor generation:  0.03949284553527832
mini_batch_src_global generation:  0.09980916976928711
r_  generation:  0.9543225765228271
local_output_nid generation:  0.01980733871459961
local_in_edges_tensor generation:  0.03679466247558594
mini_batch_src_global generation:  0.09221768379211426
r_  generation:  0.946509599685669
local_output_nid generation:  0.01993584632873535
local_in_edges_tensor generation:  0.036711931228637695
mini_batch_src_global generation:  0.09667801856994629
r_  generation:  0.9497675895690918
local_output_nid generation:  0.019704103469848633
local_in_edges_tensor generation:  0.04552268981933594
mini_batch_src_global generation:  0.09152531623840332
r_  generation:  0.9380514621734619
local_output_nid generation:  0.02028203010559082
local_in_edges_tensor generation:  0.05359458923339844
mini_batch_src_global generation:  0.09254121780395508
r_  generation:  0.944105863571167
local_output_nid generation:  0.019973039627075195
local_in_edges_tensor generation:  0.06428647041320801
mini_batch_src_global generation:  0.10727763175964355
r_  generation:  0.953101396560669
local_output_nid generation:  0.026120901107788086
local_in_edges_tensor generation:  0.05031919479370117
mini_batch_src_global generation:  0.09191179275512695
r_  generation:  0.9585020542144775
local_output_nid generation:  0.03254818916320801
local_in_edges_tensor generation:  0.04107522964477539
mini_batch_src_global generation:  0.09213495254516602
r_  generation:  0.9458260536193848
local_output_nid generation:  0.0220334529876709
local_in_edges_tensor generation:  0.0443415641784668
mini_batch_src_global generation:  0.0926971435546875
r_  generation:  0.9445335865020752
local_output_nid generation:  0.02004075050354004
local_in_edges_tensor generation:  0.036235809326171875
mini_batch_src_global generation:  0.09036660194396973
r_  generation:  0.9482953548431396
local_output_nid generation:  0.020096540451049805
local_in_edges_tensor generation:  0.03600668907165527
mini_batch_src_global generation:  0.0969390869140625
r_  generation:  0.9450685977935791
local_output_nid generation:  0.020351171493530273
local_in_edges_tensor generation:  0.030901193618774414
mini_batch_src_global generation:  0.09147262573242188
r_  generation:  0.9416718482971191
local_output_nid generation:  0.020336389541625977
local_in_edges_tensor generation:  0.03691816329956055
mini_batch_src_global generation:  0.09681963920593262
r_  generation:  0.9546923637390137
local_output_nid generation:  0.02039480209350586
local_in_edges_tensor generation:  0.036041975021362305
mini_batch_src_global generation:  0.09266543388366699
r_  generation:  0.9453909397125244
local_output_nid generation:  0.020462751388549805
local_in_edges_tensor generation:  0.03435230255126953
mini_batch_src_global generation:  0.09270048141479492
r_  generation:  0.9594192504882812
local_output_nid generation:  0.020792722702026367
local_in_edges_tensor generation:  0.029582977294921875
mini_batch_src_global generation:  0.09692001342773438
r_  generation:  0.9613652229309082
local_output_nid generation:  0.020380020141601562
local_in_edges_tensor generation:  0.02963399887084961
mini_batch_src_global generation:  0.10302472114562988
r_  generation:  0.9568266868591309
local_output_nid generation:  0.020401716232299805
local_in_edges_tensor generation:  0.03721117973327637
mini_batch_src_global generation:  0.09240198135375977
r_  generation:  0.9530954360961914
local_output_nid generation:  0.02036285400390625
local_in_edges_tensor generation:  0.039666175842285156
mini_batch_src_global generation:  0.09481024742126465
r_  generation:  0.9484584331512451
local_output_nid generation:  0.020396709442138672
local_in_edges_tensor generation:  0.05817437171936035
mini_batch_src_global generation:  0.09057044982910156
r_  generation:  0.9588146209716797
local_output_nid generation:  0.020210981369018555
local_in_edges_tensor generation:  0.0624849796295166
mini_batch_src_global generation:  0.09124541282653809
r_  generation:  0.9507932662963867
local_output_nid generation:  0.02697300910949707
local_in_edges_tensor generation:  0.05374002456665039
mini_batch_src_global generation:  0.10727071762084961
r_  generation:  0.9953732490539551
local_output_nid generation:  0.03415846824645996
local_in_edges_tensor generation:  0.048737287521362305
mini_batch_src_global generation:  0.09106063842773438
r_  generation:  0.9493410587310791
local_output_nid generation:  0.021350860595703125
local_in_edges_tensor generation:  0.03937792778015137
mini_batch_src_global generation:  0.09142899513244629
r_  generation:  0.9422445297241211
local_output_nid generation:  0.020453929901123047
local_in_edges_tensor generation:  0.036279916763305664
mini_batch_src_global generation:  0.09083700180053711
r_  generation:  0.9405827522277832
local_output_nid generation:  0.020504474639892578
local_in_edges_tensor generation:  0.03533363342285156
mini_batch_src_global generation:  0.09638524055480957
r_  generation:  0.9617700576782227
local_output_nid generation:  0.02056264877319336
local_in_edges_tensor generation:  0.034709930419921875
mini_batch_src_global generation:  0.09856557846069336
r_  generation:  0.9452815055847168
local_output_nid generation:  0.020563125610351562
local_in_edges_tensor generation:  0.0305941104888916
mini_batch_src_global generation:  0.09140300750732422
r_  generation:  0.948777437210083
local_output_nid generation:  0.020592212677001953
local_in_edges_tensor generation:  0.029976844787597656
mini_batch_src_global generation:  0.09266233444213867
r_  generation:  0.9398646354675293
local_output_nid generation:  0.020711660385131836
local_in_edges_tensor generation:  0.032456398010253906
mini_batch_src_global generation:  0.09098529815673828
r_  generation:  0.9569485187530518
local_output_nid generation:  0.02053213119506836
local_in_edges_tensor generation:  0.031384944915771484
mini_batch_src_global generation:  0.09360480308532715
r_  generation:  0.9570505619049072
local_output_nid generation:  0.020740032196044922
local_in_edges_tensor generation:  0.041393280029296875
mini_batch_src_global generation:  0.09241533279418945
r_  generation:  0.9666085243225098
local_output_nid generation:  0.020745515823364258
local_in_edges_tensor generation:  0.030232667922973633
mini_batch_src_global generation:  0.09363412857055664
r_  generation:  0.9541244506835938
local_output_nid generation:  0.020798206329345703
local_in_edges_tensor generation:  0.06268024444580078
mini_batch_src_global generation:  0.09332156181335449
r_  generation:  0.9481737613677979
local_output_nid generation:  0.020560503005981445
local_in_edges_tensor generation:  0.06936335563659668
mini_batch_src_global generation:  0.09303903579711914
r_  generation:  0.9419474601745605
local_output_nid generation:  0.02042245864868164
local_in_edges_tensor generation:  0.055693864822387695
mini_batch_src_global generation:  0.0897676944732666
r_  generation:  0.960944652557373
local_output_nid generation:  0.02773118019104004
local_in_edges_tensor generation:  0.04929780960083008
mini_batch_src_global generation:  0.09203839302062988
r_  generation:  0.9985430240631104
local_output_nid generation:  0.03536486625671387
local_in_edges_tensor generation:  0.04493284225463867
mini_batch_src_global generation:  0.09052014350891113
r_  generation:  0.9595241546630859
local_output_nid generation:  0.021730661392211914
local_in_edges_tensor generation:  0.032804012298583984
mini_batch_src_global generation:  0.09194421768188477
r_  generation:  0.9697360992431641
local_output_nid generation:  0.020847797393798828
local_in_edges_tensor generation:  0.030666589736938477
mini_batch_src_global generation:  0.09111785888671875
r_  generation:  0.9537427425384521
local_output_nid generation:  0.04118943214416504
local_in_edges_tensor generation:  0.04066658020019531
mini_batch_src_global generation:  0.0924992561340332
r_  generation:  0.9533607959747314
local_output_nid generation:  0.02086615562438965
local_in_edges_tensor generation:  0.04000425338745117
mini_batch_src_global generation:  0.0914299488067627
r_  generation:  0.977867603302002
local_output_nid generation:  0.02090167999267578
local_in_edges_tensor generation:  0.02918529510498047
mini_batch_src_global generation:  0.13816404342651367
r_  generation:  1.001000165939331
local_output_nid generation:  0.021129846572875977
local_in_edges_tensor generation:  0.03147697448730469
mini_batch_src_global generation:  0.09496188163757324
r_  generation:  1.085496187210083
local_output_nid generation:  0.04488873481750488
local_in_edges_tensor generation:  0.08857417106628418
mini_batch_src_global generation:  0.09187126159667969
r_  generation:  0.9874696731567383
local_output_nid generation:  0.022078275680541992
local_in_edges_tensor generation:  0.06532692909240723
mini_batch_src_global generation:  0.09233999252319336
r_  generation:  0.9675383567810059
local_output_nid generation:  0.0213162899017334
local_in_edges_tensor generation:  0.053621530532836914
mini_batch_src_global generation:  0.10143876075744629
r_  generation:  0.9595932960510254
local_output_nid generation:  0.022596359252929688
local_in_edges_tensor generation:  0.040543556213378906
mini_batch_src_global generation:  0.09190559387207031
r_  generation:  1.024932622909546
local_output_nid generation:  0.021218299865722656
local_in_edges_tensor generation:  0.08331632614135742
mini_batch_src_global generation:  0.0975031852722168
r_  generation:  1.0164811611175537
local_output_nid generation:  0.04339742660522461
local_in_edges_tensor generation:  0.06636190414428711
mini_batch_src_global generation:  0.09367179870605469
r_  generation:  0.9447426795959473
local_output_nid generation:  0.021979808807373047
local_in_edges_tensor generation:  0.05892229080200195
mini_batch_src_global generation:  0.10301351547241211
r_  generation:  0.9823794364929199
local_output_nid generation:  0.020969152450561523
local_in_edges_tensor generation:  0.04581713676452637
mini_batch_src_global generation:  0.09873771667480469
r_  generation:  0.9542727470397949
local_output_nid generation:  0.020973920822143555
local_in_edges_tensor generation:  0.037394046783447266
mini_batch_src_global generation:  0.09205842018127441
r_  generation:  0.952315092086792
local_output_nid generation:  0.021160125732421875
local_in_edges_tensor generation:  0.037566423416137695
mini_batch_src_global generation:  0.09151840209960938
r_  generation:  0.9795928001403809
local_output_nid generation:  0.02102351188659668
local_in_edges_tensor generation:  0.04723501205444336
mini_batch_src_global generation:  0.09972047805786133
r_  generation:  0.9992091655731201
local_output_nid generation:  0.0231935977935791
local_in_edges_tensor generation:  0.06949830055236816
mini_batch_src_global generation:  0.09967398643493652
r_  generation:  1.0025739669799805
local_output_nid generation:  0.028017759323120117
local_in_edges_tensor generation:  0.06838536262512207
mini_batch_src_global generation:  0.09054756164550781
r_  generation:  0.9969887733459473
local_output_nid generation:  0.03679323196411133
local_in_edges_tensor generation:  0.049222469329833984
mini_batch_src_global generation:  0.09543538093566895
r_  generation:  0.9546067714691162
local_output_nid generation:  0.021997451782226562
local_in_edges_tensor generation:  0.045563459396362305
mini_batch_src_global generation:  0.09293484687805176
r_  generation:  0.9637911319732666
local_output_nid generation:  0.021024465560913086
local_in_edges_tensor generation:  0.04577803611755371
mini_batch_src_global generation:  0.09041357040405273
r_  generation:  0.9635484218597412
local_output_nid generation:  0.02114129066467285
local_in_edges_tensor generation:  0.03882265090942383
mini_batch_src_global generation:  0.09564328193664551
r_  generation:  0.9618964195251465
local_output_nid generation:  0.020967483520507812
local_in_edges_tensor generation:  0.04202008247375488
mini_batch_src_global generation:  0.0958406925201416
r_  generation:  0.9543631076812744
local_output_nid generation:  0.02110910415649414
local_in_edges_tensor generation:  0.03280186653137207
mini_batch_src_global generation:  0.09281754493713379
r_  generation:  0.9542989730834961
local_output_nid generation:  0.020714998245239258
local_in_edges_tensor generation:  0.041345834732055664
mini_batch_src_global generation:  0.09247946739196777
r_  generation:  0.9472184181213379
local_output_nid generation:  0.021071434020996094
local_in_edges_tensor generation:  0.03417468070983887
mini_batch_src_global generation:  0.09389853477478027
r_  generation:  0.9558324813842773
local_output_nid generation:  0.021014690399169922
local_in_edges_tensor generation:  0.03925132751464844
mini_batch_src_global generation:  0.09333562850952148
r_  generation:  0.958158016204834
local_output_nid generation:  0.0209043025970459
local_in_edges_tensor generation:  0.033918142318725586
mini_batch_src_global generation:  0.09239840507507324
r_  generation:  0.9650814533233643
local_output_nid generation:  0.021451950073242188
local_in_edges_tensor generation:  0.04489755630493164
mini_batch_src_global generation:  0.09655451774597168
r_  generation:  1.3004403114318848
local_output_nid generation:  0.021134138107299805
local_in_edges_tensor generation:  0.03564190864562988
mini_batch_src_global generation:  0.09494853019714355
r_  generation:  1.0206871032714844
local_output_nid generation:  0.04875540733337402
local_in_edges_tensor generation:  0.09448909759521484
mini_batch_src_global generation:  0.09216523170471191
r_  generation:  0.9750227928161621
local_output_nid generation:  0.022665739059448242
local_in_edges_tensor generation:  0.05920743942260742
mini_batch_src_global generation:  0.10123467445373535
r_  generation:  1.0057265758514404
local_output_nid generation:  0.021501541137695312
local_in_edges_tensor generation:  0.05106520652770996
mini_batch_src_global generation:  0.0936136245727539
r_  generation:  0.9872534275054932
local_output_nid generation:  0.021178722381591797
local_in_edges_tensor generation:  0.05152416229248047
mini_batch_src_global generation:  0.10670757293701172
r_  generation:  1.011296033859253
local_output_nid generation:  0.02109384536743164
local_in_edges_tensor generation:  0.08672451972961426
mini_batch_src_global generation:  0.10688900947570801
r_  generation:  0.9921338558197021
local_output_nid generation:  0.04536890983581543
local_in_edges_tensor generation:  0.06395816802978516
mini_batch_src_global generation:  0.09287571907043457
r_  generation:  0.9633848667144775
local_output_nid generation:  0.022727012634277344
local_in_edges_tensor generation:  0.053434133529663086
mini_batch_src_global generation:  0.09159183502197266
r_  generation:  0.9753236770629883
local_output_nid generation:  0.021445751190185547
local_in_edges_tensor generation:  0.04790091514587402
mini_batch_src_global generation:  0.0952761173248291
r_  generation:  0.962777853012085
local_output_nid generation:  0.021022319793701172
local_in_edges_tensor generation:  0.04129672050476074
mini_batch_src_global generation:  0.08970403671264648
r_  generation:  0.9581005573272705
local_output_nid generation:  0.020876407623291016
local_in_edges_tensor generation:  0.03696894645690918
mini_batch_src_global generation:  0.08993339538574219
r_  generation:  0.9455430507659912
local_output_nid generation:  0.021268606185913086
local_in_edges_tensor generation:  0.04155540466308594
mini_batch_src_global generation:  0.09112429618835449
r_  generation:  0.9844050407409668
local_output_nid generation:  0.0211179256439209
local_in_edges_tensor generation:  0.042413949966430664
mini_batch_src_global generation:  0.1136479377746582
r_  generation:  0.9676041603088379
local_output_nid generation:  0.02100372314453125
local_in_edges_tensor generation:  0.08206987380981445
mini_batch_src_global generation:  0.09460043907165527
r_  generation:  0.9910295009613037
local_output_nid generation:  0.029077529907226562
local_in_edges_tensor generation:  0.05437040328979492
mini_batch_src_global generation:  0.0912470817565918
r_  generation:  0.9681658744812012
local_output_nid generation:  0.02980637550354004
local_in_edges_tensor generation:  0.04889035224914551
mini_batch_src_global generation:  0.09078812599182129
r_  generation:  0.9824161529541016
local_output_nid generation:  0.02173590660095215
local_in_edges_tensor generation:  0.04753470420837402
mini_batch_src_global generation:  0.09090518951416016
r_  generation:  0.9554092884063721
local_output_nid generation:  0.021335124969482422
local_in_edges_tensor generation:  0.04518318176269531
mini_batch_src_global generation:  0.09064292907714844
r_  generation:  0.9608619213104248
local_output_nid generation:  0.021234989166259766
local_in_edges_tensor generation:  0.0379791259765625
mini_batch_src_global generation:  0.09412217140197754
r_  generation:  0.9532802104949951
local_output_nid generation:  0.021266460418701172
local_in_edges_tensor generation:  0.04041576385498047
mini_batch_src_global generation:  0.09533119201660156
r_  generation:  0.9694628715515137
local_output_nid generation:  0.01922917366027832
local_in_edges_tensor generation:  0.028083324432373047
mini_batch_src_global generation:  0.0851736068725586
r_  generation:  0.8753936290740967
----------------------check_connections_block total spend ----------------------------- 168.5847613811493
generate_one_block  1.6909887790679932
generate_one_block  1.0389604568481445
generate_one_block  1.0354924201965332
generate_one_block  1.0310568809509277
generate_one_block  1.0534672737121582
generate_one_block  1.0478250980377197
generate_one_block  1.0579733848571777
generate_one_block  1.0595324039459229
generate_one_block  1.1001677513122559
generate_one_block  1.1448321342468262
generate_one_block  1.0847134590148926
generate_one_block  1.0775060653686523
generate_one_block  1.146272897720337
generate_one_block  1.0451712608337402
generate_one_block  1.0322856903076172
generate_one_block  1.0409154891967773
generate_one_block  1.0405142307281494
generate_one_block  1.0361762046813965
generate_one_block  1.0339949131011963
generate_one_block  1.0363528728485107
generate_one_block  1.0408470630645752
generate_one_block  1.035083293914795
generate_one_block  1.0305249691009521
generate_one_block  1.0360844135284424
generate_one_block  1.0194828510284424
generate_one_block  1.018561601638794
generate_one_block  1.0564305782318115
generate_one_block  1.027616262435913
generate_one_block  1.0282399654388428
generate_one_block  1.0379631519317627
generate_one_block  1.0323002338409424
generate_one_block  1.0362567901611328
generate_one_block  1.0426878929138184
generate_one_block  1.0395317077636719
generate_one_block  1.0575077533721924
generate_one_block  1.1740307807922363
generate_one_block  1.3841180801391602
generate_one_block  1.028008222579956
generate_one_block  1.0351788997650146
generate_one_block  1.0707030296325684
generate_one_block  1.0201053619384766
generate_one_block  1.055645227432251
generate_one_block  1.1468207836151123
generate_one_block  1.3814506530761719
generate_one_block  1.036492109298706
generate_one_block  1.0408658981323242
generate_one_block  1.0294992923736572
generate_one_block  1.0373365879058838
generate_one_block  1.0302293300628662
generate_one_block  1.0312278270721436
generate_one_block  1.038438320159912
generate_one_block  1.060333490371704
generate_one_block  1.5110116004943848
generate_one_block  1.0450055599212646
generate_one_block  1.0776262283325195
generate_one_block  1.0294899940490723
generate_one_block  1.0258724689483643
generate_one_block  1.0386850833892822
generate_one_block  1.0473988056182861
generate_one_block  1.0475883483886719
generate_one_block  1.1783013343811035
generate_one_block  1.3550467491149902
generate_one_block  1.0400474071502686
generate_one_block  1.0495615005493164
generate_one_block  1.0388422012329102
generate_one_block  1.0535039901733398
generate_one_block  1.0519886016845703
generate_one_block  1.036156415939331
generate_one_block  1.020754098892212
generate_one_block  1.0316565036773682
generate_one_block  1.031684160232544
generate_one_block  1.0424246788024902
generate_one_block  1.040832757949829
generate_one_block  1.050769329071045
generate_one_block  1.0715217590332031
generate_one_block  1.4983129501342773
generate_one_block  1.0507111549377441
generate_one_block  1.0445475578308105
generate_one_block  1.058929443359375
generate_one_block  1.043639898300171
generate_one_block  1.0519940853118896
generate_one_block  1.057650089263916
generate_one_block  1.0495696067810059
generate_one_block  1.1488299369812012
generate_one_block  1.4133236408233643
generate_one_block  1.0501151084899902
generate_one_block  1.0553562641143799
generate_one_block  1.0503764152526855
generate_one_block  1.0321106910705566
generate_one_block  1.044738531112671
generate_one_block  1.0462942123413086
generate_one_block  1.0602164268493652
generate_one_block  1.0316064357757568
generate_one_block  1.0495493412017822
generate_one_block  1.0667259693145752
generate_one_block  1.0464425086975098
generate_one_block  1.033125400543213
generate_one_block  1.0495562553405762
generate_one_block  1.0393218994140625
generate_one_block  1.13712477684021
generate_one_block  1.2136118412017822
generate_one_block  1.2138116359710693
generate_one_block  1.0923149585723877
generate_one_block  1.0601534843444824
generate_one_block  1.352720022201538
generate_one_block  1.0432004928588867
generate_one_block  1.0543131828308105
generate_one_block  1.0590360164642334
generate_one_block  1.0719292163848877
generate_one_block  1.4296953678131104
generate_one_block  1.1661772727966309
generate_one_block  1.0627710819244385
generate_one_block  1.0592448711395264
generate_one_block  1.0450551509857178
generate_one_block  1.0498690605163574
generate_one_block  1.0650520324707031
generate_one_block  1.0477771759033203
generate_one_block  1.0617432594299316
generate_one_block  1.153203010559082
generate_one_block  1.238039493560791
generate_one_block  1.2249212265014648
generate_one_block  1.072204828262329
generate_one_block  1.0537526607513428
generate_one_block  1.0321879386901855
generate_one_block  1.0543088912963867
generate_one_block  1.0455553531646729
generate_one_block  1.0496306419372559
generate_one_block  0.9514927864074707
The real block id is  0
get_global_graph_edges_ids_block function  spend 2.32108211517334
gen group dst list time:  2.8697612285614014
time for parepare:  0.47861671447753906
local_output_nid generation:  0.2348017692565918
local_in_edges_tensor generation:  0.609290361404419
mini_batch_src_global generation:  0.5161476135253906
r_  generation:  6.3898468017578125
local_output_nid generation:  0.25743532180786133
local_in_edges_tensor generation:  0.5721797943115234
mini_batch_src_global generation:  0.6453635692596436
r_  generation:  6.5687971115112305
local_output_nid generation:  0.25238656997680664
local_in_edges_tensor generation:  0.4729933738708496
mini_batch_src_global generation:  0.6150422096252441
r_  generation:  6.5002217292785645
local_output_nid generation:  0.23168659210205078
local_in_edges_tensor generation:  0.4683873653411865
mini_batch_src_global generation:  0.6749551296234131
r_  generation:  6.695206642150879
local_output_nid generation:  0.2458946704864502
local_in_edges_tensor generation:  0.6618671417236328
mini_batch_src_global generation:  0.6512293815612793
r_  generation:  6.819676637649536
local_output_nid generation:  0.2587699890136719
local_in_edges_tensor generation:  0.47075867652893066
mini_batch_src_global generation:  0.6620829105377197
r_  generation:  6.726261138916016
local_output_nid generation:  0.23526692390441895
local_in_edges_tensor generation:  0.47464942932128906
mini_batch_src_global generation:  0.6664364337921143
r_  generation:  6.980794668197632
local_output_nid generation:  0.2332746982574463
local_in_edges_tensor generation:  0.5552000999450684
mini_batch_src_global generation:  0.6756792068481445
r_  generation:  6.648785352706909
local_output_nid generation:  0.24661636352539062
local_in_edges_tensor generation:  0.4972245693206787
mini_batch_src_global generation:  0.6622622013092041
r_  generation:  6.764585494995117
local_output_nid generation:  0.2339491844177246
local_in_edges_tensor generation:  0.4689180850982666
mini_batch_src_global generation:  0.6739046573638916
r_  generation:  6.669023752212524
local_output_nid generation:  0.24699878692626953
local_in_edges_tensor generation:  0.4730534553527832
mini_batch_src_global generation:  0.663240909576416
r_  generation:  6.747645139694214
local_output_nid generation:  0.23407578468322754
local_in_edges_tensor generation:  0.4694027900695801
mini_batch_src_global generation:  0.7085587978363037
r_  generation:  6.779327869415283
local_output_nid generation:  0.247056245803833
local_in_edges_tensor generation:  0.5850443840026855
mini_batch_src_global generation:  0.6686062812805176
r_  generation:  6.795147895812988
local_output_nid generation:  0.23363041877746582
local_in_edges_tensor generation:  0.4709000587463379
mini_batch_src_global generation:  0.6683845520019531
r_  generation:  6.725809335708618
local_output_nid generation:  0.2618680000305176
local_in_edges_tensor generation:  0.47817373275756836
mini_batch_src_global generation:  0.6679978370666504
r_  generation:  6.716640472412109
local_output_nid generation:  0.2402021884918213
local_in_edges_tensor generation:  0.47571277618408203
mini_batch_src_global generation:  0.6898753643035889
r_  generation:  6.834182977676392
local_output_nid generation:  0.24840712547302246
local_in_edges_tensor generation:  0.5848462581634521
mini_batch_src_global generation:  0.6606945991516113
r_  generation:  6.744883060455322
local_output_nid generation:  0.23580408096313477
local_in_edges_tensor generation:  0.48131799697875977
mini_batch_src_global generation:  0.6649513244628906
r_  generation:  6.854828834533691
local_output_nid generation:  0.26203417778015137
local_in_edges_tensor generation:  0.4769096374511719
mini_batch_src_global generation:  0.6688201427459717
r_  generation:  6.790645599365234
local_output_nid generation:  0.23668599128723145
local_in_edges_tensor generation:  0.4790031909942627
mini_batch_src_global generation:  0.6971194744110107
r_  generation:  7.0089075565338135
local_output_nid generation:  0.24946928024291992
local_in_edges_tensor generation:  0.5894656181335449
mini_batch_src_global generation:  0.6798672676086426
r_  generation:  6.796949148178101
local_output_nid generation:  0.23854470252990723
local_in_edges_tensor generation:  0.48969435691833496
mini_batch_src_global generation:  0.6706910133361816
r_  generation:  6.862541913986206
local_output_nid generation:  0.26367783546447754
local_in_edges_tensor generation:  0.48111605644226074
mini_batch_src_global generation:  0.6658031940460205
r_  generation:  6.758119821548462
local_output_nid generation:  0.2408440113067627
local_in_edges_tensor generation:  0.47963476181030273
mini_batch_src_global generation:  0.6971583366394043
r_  generation:  7.011157512664795
local_output_nid generation:  0.24665594100952148
local_in_edges_tensor generation:  0.5863018035888672
mini_batch_src_global generation:  0.6696770191192627
r_  generation:  6.720221281051636
local_output_nid generation:  0.2368466854095459
local_in_edges_tensor generation:  0.4801352024078369
mini_batch_src_global generation:  0.675919771194458
r_  generation:  6.807375907897949
local_output_nid generation:  0.26809167861938477
local_in_edges_tensor generation:  0.4814169406890869
mini_batch_src_global generation:  0.6695857048034668
r_  generation:  6.752504348754883
local_output_nid generation:  0.23869991302490234
local_in_edges_tensor generation:  0.47556281089782715
mini_batch_src_global generation:  0.690537691116333
r_  generation:  6.9433348178863525
local_output_nid generation:  0.24744248390197754
local_in_edges_tensor generation:  0.5889198780059814
mini_batch_src_global generation:  0.6680538654327393
r_  generation:  6.778851509094238
local_output_nid generation:  0.23672270774841309
local_in_edges_tensor generation:  0.4772768020629883
mini_batch_src_global generation:  0.6707589626312256
r_  generation:  6.834039688110352
local_output_nid generation:  0.2654092311859131
local_in_edges_tensor generation:  0.4752390384674072
mini_batch_src_global generation:  0.6642324924468994
r_  generation:  6.760490417480469
local_output_nid generation:  0.24121403694152832
local_in_edges_tensor generation:  0.48130345344543457
mini_batch_src_global generation:  0.6958107948303223
r_  generation:  6.9900901317596436
local_output_nid generation:  0.24916791915893555
local_in_edges_tensor generation:  0.5893533229827881
mini_batch_src_global generation:  0.6680812835693359
r_  generation:  6.775514125823975
local_output_nid generation:  0.2410590648651123
local_in_edges_tensor generation:  0.4769246578216553
mini_batch_src_global generation:  0.6639513969421387
r_  generation:  6.838854789733887
local_output_nid generation:  0.2646470069885254
local_in_edges_tensor generation:  0.47884202003479004
mini_batch_src_global generation:  0.6666388511657715
r_  generation:  6.7546398639678955
local_output_nid generation:  0.24211359024047852
local_in_edges_tensor generation:  0.4848358631134033
mini_batch_src_global generation:  0.6960532665252686
r_  generation:  7.006743669509888
local_output_nid generation:  0.2365245819091797
local_in_edges_tensor generation:  0.5270822048187256
mini_batch_src_global generation:  0.6733167171478271
r_  generation:  6.715700626373291
local_output_nid generation:  0.24811983108520508
local_in_edges_tensor generation:  0.5369417667388916
mini_batch_src_global generation:  0.6607494354248047
r_  generation:  6.731590509414673
local_output_nid generation:  0.267688512802124
local_in_edges_tensor generation:  0.4901704788208008
mini_batch_src_global generation:  0.6616511344909668
r_  generation:  6.747288227081299
local_output_nid generation:  0.23850059509277344
local_in_edges_tensor generation:  0.48113512992858887
mini_batch_src_global generation:  0.6664950847625732
r_  generation:  6.946233034133911
local_output_nid generation:  0.2391829490661621
local_in_edges_tensor generation:  0.47916173934936523
mini_batch_src_global generation:  0.6960475444793701
r_  generation:  6.760042428970337
local_output_nid generation:  0.24936723709106445
local_in_edges_tensor generation:  0.5916407108306885
mini_batch_src_global generation:  0.6672317981719971
r_  generation:  6.82555627822876
local_output_nid generation:  0.2653813362121582
local_in_edges_tensor generation:  0.4851055145263672
mini_batch_src_global generation:  0.6605191230773926
r_  generation:  6.7076921463012695
local_output_nid generation:  0.23964500427246094
local_in_edges_tensor generation:  0.48342013359069824
mini_batch_src_global generation:  0.6713728904724121
r_  generation:  6.920100212097168
local_output_nid generation:  0.2444005012512207
local_in_edges_tensor generation:  0.48019886016845703
mini_batch_src_global generation:  0.7232739925384521
r_  generation:  6.753084421157837
local_output_nid generation:  0.2491769790649414
local_in_edges_tensor generation:  0.5878903865814209
mini_batch_src_global generation:  0.6634666919708252
r_  generation:  6.740469932556152
local_output_nid generation:  0.26674652099609375
local_in_edges_tensor generation:  0.4860987663269043
mini_batch_src_global generation:  0.661325216293335
r_  generation:  6.6958887577056885
local_output_nid generation:  0.23787474632263184
local_in_edges_tensor generation:  0.47684669494628906
mini_batch_src_global generation:  0.6684830188751221
r_  generation:  6.824030876159668
local_output_nid generation:  0.23878979682922363
local_in_edges_tensor generation:  0.4783895015716553
mini_batch_src_global generation:  0.731027364730835
r_  generation:  6.791625261306763
local_output_nid generation:  0.25000619888305664
local_in_edges_tensor generation:  0.5913310050964355
mini_batch_src_global generation:  0.6661660671234131
r_  generation:  6.8042075634002686
local_output_nid generation:  0.2679283618927002
local_in_edges_tensor generation:  0.4802427291870117
mini_batch_src_global generation:  0.6660034656524658
r_  generation:  6.794071435928345
local_output_nid generation:  0.23749446868896484
local_in_edges_tensor generation:  0.47652292251586914
mini_batch_src_global generation:  0.7476887702941895
r_  generation:  7.340403318405151
local_output_nid generation:  0.27988457679748535
local_in_edges_tensor generation:  0.5990767478942871
mini_batch_src_global generation:  0.7022459506988525
r_  generation:  7.15228796005249
local_output_nid generation:  0.2446274757385254
local_in_edges_tensor generation:  0.5931088924407959
mini_batch_src_global generation:  0.6925547122955322
r_  generation:  6.89388632774353
local_output_nid generation:  0.29260683059692383
local_in_edges_tensor generation:  0.4870874881744385
mini_batch_src_global generation:  0.6672990322113037
r_  generation:  6.772090673446655
local_output_nid generation:  0.24262189865112305
local_in_edges_tensor generation:  0.48047757148742676
mini_batch_src_global generation:  0.6941971778869629
r_  generation:  6.780977725982666
local_output_nid generation:  0.24269723892211914
local_in_edges_tensor generation:  0.4779531955718994
mini_batch_src_global generation:  0.7461593151092529
r_  generation:  6.810559511184692
local_output_nid generation:  0.25099897384643555
local_in_edges_tensor generation:  0.5917627811431885
mini_batch_src_global generation:  0.6667625904083252
r_  generation:  6.817522764205933
local_output_nid generation:  0.2682373523712158
local_in_edges_tensor generation:  0.49983882904052734
mini_batch_src_global generation:  0.6702113151550293
r_  generation:  6.848280668258667
local_output_nid generation:  0.24023079872131348
local_in_edges_tensor generation:  0.4897150993347168
mini_batch_src_global generation:  0.7228469848632812
r_  generation:  6.778446912765503
local_output_nid generation:  0.238084077835083
local_in_edges_tensor generation:  0.4809136390686035
mini_batch_src_global generation:  0.7062962055206299
r_  generation:  6.757360935211182
local_output_nid generation:  0.24973702430725098
local_in_edges_tensor generation:  0.5936923027038574
mini_batch_src_global generation:  0.6639194488525391
r_  generation:  6.801198959350586
local_output_nid generation:  0.26840829849243164
local_in_edges_tensor generation:  0.48923802375793457
mini_batch_src_global generation:  0.6614234447479248
r_  generation:  6.760775566101074
local_output_nid generation:  0.24041271209716797
local_in_edges_tensor generation:  0.4834620952606201
mini_batch_src_global generation:  0.6949000358581543
r_  generation:  6.80292534828186
local_output_nid generation:  0.24272489547729492
local_in_edges_tensor generation:  0.4834320545196533
mini_batch_src_global generation:  0.7292289733886719
r_  generation:  6.913167238235474
local_output_nid generation:  0.2510538101196289
local_in_edges_tensor generation:  0.5936205387115479
mini_batch_src_global generation:  0.6678519248962402
r_  generation:  6.825798511505127
local_output_nid generation:  0.2698681354522705
local_in_edges_tensor generation:  0.49832653999328613
mini_batch_src_global generation:  0.6704549789428711
r_  generation:  6.827925443649292
local_output_nid generation:  0.24143171310424805
local_in_edges_tensor generation:  0.4823722839355469
mini_batch_src_global generation:  0.6951503753662109
r_  generation:  6.759783744812012
local_output_nid generation:  0.23872590065002441
local_in_edges_tensor generation:  0.47799158096313477
mini_batch_src_global generation:  0.7114772796630859
r_  generation:  6.7492735385894775
local_output_nid generation:  0.25180816650390625
local_in_edges_tensor generation:  0.5941600799560547
mini_batch_src_global generation:  0.6668214797973633
r_  generation:  6.831138610839844
local_output_nid generation:  0.26718854904174805
local_in_edges_tensor generation:  0.4781627655029297
mini_batch_src_global generation:  0.6747050285339355
r_  generation:  6.74941086769104
local_output_nid generation:  0.2416396141052246
local_in_edges_tensor generation:  0.4839761257171631
mini_batch_src_global generation:  0.7690367698669434
r_  generation:  7.243714332580566
local_output_nid generation:  0.28129053115844727
local_in_edges_tensor generation:  0.598369836807251
mini_batch_src_global generation:  0.6749229431152344
r_  generation:  6.867188930511475
local_output_nid generation:  0.24164080619812012
local_in_edges_tensor generation:  3.737004518508911
mini_batch_src_global generation:  0.6640973091125488
r_  generation:  6.803313970565796
local_output_nid generation:  0.2805604934692383
local_in_edges_tensor generation:  0.5923359394073486
mini_batch_src_global generation:  0.6607956886291504
r_  generation:  6.737117767333984
local_output_nid generation:  0.24257683753967285
local_in_edges_tensor generation:  0.48772287368774414
mini_batch_src_global generation:  0.7003202438354492
r_  generation:  6.944432973861694
local_output_nid generation:  0.23919057846069336
local_in_edges_tensor generation:  0.5222752094268799
mini_batch_src_global generation:  0.6825065612792969
r_  generation:  6.74874210357666
local_output_nid generation:  0.2525634765625
local_in_edges_tensor generation:  0.556678056716919
mini_batch_src_global generation:  0.6646199226379395
r_  generation:  6.87472939491272
local_output_nid generation:  0.26674413681030273
local_in_edges_tensor generation:  0.48062753677368164
mini_batch_src_global generation:  0.661994218826294
r_  generation:  6.736463785171509
local_output_nid generation:  0.24162960052490234
local_in_edges_tensor generation:  0.48407745361328125
mini_batch_src_global generation:  0.6955122947692871
r_  generation:  6.995142221450806
local_output_nid generation:  0.24178051948547363
local_in_edges_tensor generation:  0.5608959197998047
mini_batch_src_global generation:  0.6764025688171387
r_  generation:  6.772110462188721
local_output_nid generation:  0.25284838676452637
local_in_edges_tensor generation:  0.5196011066436768
mini_batch_src_global generation:  0.6698441505432129
r_  generation:  6.8311662673950195
local_output_nid generation:  0.268754243850708
local_in_edges_tensor generation:  0.4837784767150879
mini_batch_src_global generation:  0.6679043769836426
r_  generation:  6.7696943283081055
local_output_nid generation:  0.2421121597290039
local_in_edges_tensor generation:  0.48311901092529297
mini_batch_src_global generation:  0.6906309127807617
r_  generation:  6.9440131187438965
local_output_nid generation:  0.24092888832092285
local_in_edges_tensor generation:  0.5301105976104736
mini_batch_src_global generation:  0.6893177032470703
r_  generation:  6.771514415740967
local_output_nid generation:  0.2524986267089844
local_in_edges_tensor generation:  0.5496282577514648
mini_batch_src_global generation:  0.6719427108764648
r_  generation:  6.811808109283447
local_output_nid generation:  0.27065253257751465
local_in_edges_tensor generation:  0.4857776165008545
mini_batch_src_global generation:  0.6672344207763672
r_  generation:  6.812054634094238
local_output_nid generation:  0.24507832527160645
local_in_edges_tensor generation:  0.48416733741760254
mini_batch_src_global generation:  0.6844427585601807
r_  generation:  6.878463506698608
local_output_nid generation:  0.24118399620056152
local_in_edges_tensor generation:  0.5432548522949219
mini_batch_src_global generation:  0.6748762130737305
r_  generation:  6.712120532989502
local_output_nid generation:  0.2521395683288574
local_in_edges_tensor generation:  0.5329186916351318
mini_batch_src_global generation:  0.6640639305114746
r_  generation:  6.9075927734375
local_output_nid generation:  0.2695925235748291
local_in_edges_tensor generation:  0.4830131530761719
mini_batch_src_global generation:  0.6658945083618164
r_  generation:  6.809236764907837
local_output_nid generation:  0.24272489547729492
local_in_edges_tensor generation:  0.48251986503601074
mini_batch_src_global generation:  0.6872162818908691
r_  generation:  6.92941689491272
local_output_nid generation:  0.24166560173034668
local_in_edges_tensor generation:  0.5598297119140625
mini_batch_src_global generation:  0.6713991165161133
r_  generation:  6.6814329624176025
local_output_nid generation:  0.25041794776916504
local_in_edges_tensor generation:  0.5195269584655762
mini_batch_src_global generation:  0.6619086265563965
r_  generation:  6.774680852890015
local_output_nid generation:  0.269913911819458
local_in_edges_tensor generation:  0.48638319969177246
mini_batch_src_global generation:  0.6690890789031982
r_  generation:  6.8335230350494385
local_output_nid generation:  0.2382967472076416
local_in_edges_tensor generation:  0.48148512840270996
mini_batch_src_global generation:  0.6833810806274414
r_  generation:  6.889244794845581
local_output_nid generation:  0.24194931983947754
local_in_edges_tensor generation:  0.5931107997894287
mini_batch_src_global generation:  0.6626427173614502
r_  generation:  6.711166143417358
local_output_nid generation:  0.2550175189971924
local_in_edges_tensor generation:  0.47754740715026855
mini_batch_src_global generation:  0.6755015850067139
r_  generation:  6.744217872619629
local_output_nid generation:  0.2704591751098633
local_in_edges_tensor generation:  0.4825558662414551
mini_batch_src_global generation:  0.6649773120880127
r_  generation:  6.818213224411011
local_output_nid generation:  0.24562835693359375
local_in_edges_tensor generation:  0.47951459884643555
mini_batch_src_global generation:  0.6842300891876221
r_  generation:  6.969781398773193
local_output_nid generation:  0.23958730697631836
local_in_edges_tensor generation:  0.5967569351196289
mini_batch_src_global generation:  0.6699278354644775
r_  generation:  6.7841997146606445
local_output_nid generation:  0.25333309173583984
local_in_edges_tensor generation:  0.4828932285308838
mini_batch_src_global generation:  0.6925346851348877
r_  generation:  6.865115165710449
local_output_nid generation:  0.26860523223876953
local_in_edges_tensor generation:  0.4802510738372803
mini_batch_src_global generation:  0.6613860130310059
r_  generation:  6.826956033706665
local_output_nid generation:  0.24555110931396484
local_in_edges_tensor generation:  0.48919081687927246
mini_batch_src_global generation:  0.6736788749694824
r_  generation:  6.9939117431640625
local_output_nid generation:  0.25363731384277344
local_in_edges_tensor generation:  0.598712682723999
mini_batch_src_global generation:  0.6722793579101562
r_  generation:  6.837147951126099
local_output_nid generation:  0.2437601089477539
local_in_edges_tensor generation:  0.47624850273132324
mini_batch_src_global generation:  0.6639976501464844
r_  generation:  6.710000038146973
local_output_nid generation:  0.2599756717681885
local_in_edges_tensor generation:  0.48793935775756836
mini_batch_src_global generation:  0.669959306716919
r_  generation:  6.924459934234619
local_output_nid generation:  0.24223875999450684
local_in_edges_tensor generation:  0.4813046455383301
mini_batch_src_global generation:  0.6641130447387695
r_  generation:  6.921402931213379
local_output_nid generation:  0.2526402473449707
local_in_edges_tensor generation:  0.5954630374908447
mini_batch_src_global generation:  0.6646225452423096
r_  generation:  6.748409748077393
local_output_nid generation:  0.24296951293945312
local_in_edges_tensor generation:  0.4856441020965576
mini_batch_src_global generation:  0.6784348487854004
r_  generation:  6.76422905921936
local_output_nid generation:  0.2573232650756836
local_in_edges_tensor generation:  0.4873051643371582
mini_batch_src_global generation:  0.671832799911499
r_  generation:  6.928985834121704
local_output_nid generation:  0.24121689796447754
local_in_edges_tensor generation:  0.4864933490753174
mini_batch_src_global generation:  0.6721124649047852
r_  generation:  6.973374128341675
local_output_nid generation:  0.2507603168487549
local_in_edges_tensor generation:  0.592926025390625
mini_batch_src_global generation:  0.6670942306518555
r_  generation:  6.792204856872559
local_output_nid generation:  0.2477552890777588
local_in_edges_tensor generation:  0.49411964416503906
mini_batch_src_global generation:  0.6815712451934814
r_  generation:  6.752295732498169
local_output_nid generation:  0.25475406646728516
local_in_edges_tensor generation:  0.4817531108856201
mini_batch_src_global generation:  0.6990647315979004
r_  generation:  6.801901340484619
local_output_nid generation:  0.2441258430480957
local_in_edges_tensor generation:  0.485288143157959
mini_batch_src_global generation:  0.6719982624053955
r_  generation:  7.00319504737854
local_output_nid generation:  0.2513868808746338
local_in_edges_tensor generation:  0.5969958305358887
mini_batch_src_global generation:  0.6662845611572266
r_  generation:  6.771562814712524
local_output_nid generation:  0.2509634494781494
local_in_edges_tensor generation:  0.49043965339660645
mini_batch_src_global generation:  0.6704850196838379
r_  generation:  6.666027545928955
local_output_nid generation:  0.26094722747802734
local_in_edges_tensor generation:  0.4869351387023926
mini_batch_src_global generation:  0.6957671642303467
r_  generation:  6.835698366165161
local_output_nid generation:  0.24183249473571777
local_in_edges_tensor generation:  0.48432326316833496
mini_batch_src_global generation:  0.6715519428253174
r_  generation:  6.944730758666992
local_output_nid generation:  0.25170063972473145
local_in_edges_tensor generation:  0.5950672626495361
mini_batch_src_global generation:  0.658071756362915
r_  generation:  6.766781806945801
local_output_nid generation:  0.2721693515777588
local_in_edges_tensor generation:  0.4857974052429199
mini_batch_src_global generation:  0.6757564544677734
r_  generation:  6.7719385623931885
local_output_nid generation:  0.24405860900878906
local_in_edges_tensor generation:  0.4870717525482178
mini_batch_src_global generation:  0.6972877979278564
r_  generation:  6.7954652309417725
local_output_nid generation:  0.23811697959899902
local_in_edges_tensor generation:  0.48505640029907227
mini_batch_src_global generation:  0.6682224273681641
r_  generation:  6.89021372795105
local_output_nid generation:  0.25063490867614746
local_in_edges_tensor generation:  0.5933270454406738
mini_batch_src_global generation:  0.6617066860198975
r_  generation:  6.755476474761963
local_output_nid generation:  0.26979756355285645
local_in_edges_tensor generation:  0.48207616806030273
mini_batch_src_global generation:  0.6739223003387451
r_  generation:  6.732568740844727
local_output_nid generation:  0.24124741554260254
local_in_edges_tensor generation:  0.4907679557800293
mini_batch_src_global generation:  0.7005352973937988
r_  generation:  6.832361698150635
local_output_nid generation:  0.2279512882232666
local_in_edges_tensor generation:  0.452923059463501
mini_batch_src_global generation:  0.643592357635498
r_  generation:  6.561774969100952
----------------------check_connections_block total spend ----------------------------- 1213.8573715686798
generate_one_block  9.13262414932251
generate_one_block  9.09339165687561
generate_one_block  8.758958578109741
generate_one_block  8.74708604812622
generate_one_block  8.75832200050354
generate_one_block  9.01801323890686
generate_one_block  9.138644933700562
generate_one_block  8.696089506149292
generate_one_block  9.90297532081604
generate_one_block  8.860004901885986
generate_one_block  9.016568422317505
generate_one_block  8.682498693466187
generate_one_block  8.769150972366333
generate_one_block  8.731471061706543
generate_one_block  9.171189069747925
generate_one_block  8.719520807266235
generate_one_block  8.644880771636963
generate_one_block  8.806196451187134
generate_one_block  9.199861526489258
generate_one_block  8.727448463439941
generate_one_block  8.834755420684814
generate_one_block  8.897887229919434
generate_one_block  9.13310432434082
generate_one_block  8.761230945587158
generate_one_block  8.737621068954468
generate_one_block  8.708235263824463
generate_one_block  9.1675705909729
generate_one_block  8.704386949539185
generate_one_block  8.728124380111694
generate_one_block  8.681543111801147
generate_one_block  9.124616861343384
generate_one_block  8.762366533279419
generate_one_block  8.741610765457153
generate_one_block  8.70235013961792
generate_one_block  9.184683799743652
generate_one_block  8.939687967300415
generate_one_block  8.706729888916016
generate_one_block  8.578525066375732
generate_one_block  9.062601089477539
generate_one_block  8.885952234268188
generate_one_block  8.748653650283813
generate_one_block  8.726876258850098
generate_one_block  9.081201553344727
generate_one_block  8.805187225341797
generate_one_block  8.745957612991333
generate_one_block  8.624492168426514
generate_one_block  9.062112092971802
generate_one_block  8.87662672996521
generate_one_block  8.671739339828491
generate_one_block  8.731224060058594
generate_one_block  9.195261716842651
generate_one_block  8.762499570846558
generate_one_block  8.803349494934082
generate_one_block  8.806527614593506
generate_one_block  9.242794036865234
generate_one_block  8.757006406784058
generate_one_block  8.764706134796143
generate_one_block  8.750587224960327
generate_one_block  9.235185623168945
generate_one_block  8.811444997787476
generate_one_block  8.869959115982056
generate_one_block  8.708749294281006
generate_one_block  9.11995553970337
generate_one_block  8.75230860710144
generate_one_block  8.876639366149902
generate_one_block  8.784843683242798
generate_one_block  9.251125574111938
generate_one_block  8.742136240005493
generate_one_block  8.715381860733032
generate_one_block  8.827723264694214
generate_one_block  9.125317573547363
generate_one_block  8.818623542785645
generate_one_block  8.761072874069214
generate_one_block  8.889502763748169
generate_one_block  9.112040281295776
generate_one_block  8.832886934280396
generate_one_block  8.751975059509277
generate_one_block  8.937991619110107Using backend: pytorch

generate_one_block  8.99718189239502
generate_one_block  8.78322982788086
generate_one_block  8.760389804840088
generate_one_block  9.237185716629028
generate_one_block  8.764704704284668
generate_one_block  8.89916443824768
generate_one_block  8.790485858917236
generate_one_block  9.21951937675476
generate_one_block  8.965721368789673
generate_one_block  8.836487531661987
generate_one_block  8.741641759872437
generate_one_block  9.118537425994873
generate_one_block  8.785894870758057
generate_one_block  8.76103687286377
generate_one_block  8.701937437057495
generate_one_block  9.144358396530151
generate_one_block  8.783372640609741
generate_one_block  8.661929368972778
generate_one_block  9.118344783782959
generate_one_block  8.73499083518982
generate_one_block  8.813889503479004
generate_one_block  8.92149043083191
generate_one_block  9.166263103485107
generate_one_block  8.796602964401245
generate_one_block  8.70778489112854
generate_one_block  8.764133930206299
generate_one_block  9.139477252960205
generate_one_block  8.651671409606934
generate_one_block  8.84508490562439
generate_one_block  8.72116470336914
generate_one_block  9.131875991821289
generate_one_block  8.839995861053467
generate_one_block  8.824463844299316
generate_one_block  9.234217882156372
generate_one_block  8.875965356826782
generate_one_block  8.825105667114258
generate_one_block  8.794915914535522
generate_one_block  9.180079460144043
generate_one_block  8.792983055114746
generate_one_block  8.73099398612976
generate_one_block  8.830921173095703
generate_one_block  9.145466566085815
generate_one_block  8.719802141189575
generate_one_block  8.777734518051147
generate_one_block  9.176607847213745
generate_one_block  8.719783306121826
generate_one_block  9.134351968765259
generate_one_block  12.95514726638794
generate_one_block  9.856768131256104
generate_one_block  8.889142274856567
-----------------------------------------after block dataloader generation 
 Nvidia-smi: 2.0242919921875 GB
    Memory Allocated: 0.0006527900695800781  GigaBytes
Max Memory Allocated: 0.0006527900695800781  GigaBytes

connection checking time:  1382.442132949829
block generation total time  1281.5936603546143
average batch blocks generation time:  10.012450471520424
----------------------------------------before batch_pred = model(blocks, batch_inputs) 
 Nvidia-smi: 2.8797607421875 GB
    Memory Allocated: 0.7835483551025391  GigaBytes
Max Memory Allocated: 0.7835483551025391  GigaBytes

Traceback (most recent call last):
  File "pseudo_mini_batch_range_products_sage.py", line 455, in <module>
    main()
  File "pseudo_mini_batch_range_products_sage.py", line 451, in main
    best_test = run(args, device, data)
  File "pseudo_mini_batch_range_products_sage.py", line 276, in run
    batch_pred = model(blocks, batch_inputs)#------------*
  File "/home/cc/.local/lib/python3.6/site-packages/torch/nn/modules/module.py", line 727, in _call_impl
    result = self.forward(*input, **kwargs)
  File "/home/cc/graph_partition_multi_layers/pseudo_mini_batch_full_batch/SAGE/graphsage_model_products.py", line 48, in forward
    x = layer(block, x)
  File "/home/cc/.local/lib/python3.6/site-packages/torch/nn/modules/module.py", line 727, in _call_impl
    result = self.forward(*input, **kwargs)
  File "/home/cc/.local/lib/python3.6/site-packages/dgl/nn/pytorch/conv/sageconv.py", line 258, in forward
    graph.update_all(msg_fn, self._lstm_reducer)
  File "/home/cc/.local/lib/python3.6/site-packages/dgl/heterograph.py", line 4849, in update_all
    ndata = core.message_passing(g, message_func, reduce_func, apply_node_func)
  File "/home/cc/.local/lib/python3.6/site-packages/dgl/core.py", line 337, in message_passing
    ndata = invoke_udf_reduce(g, rfunc, msgdata, orig_nid=orig_nid)
  File "/home/cc/.local/lib/python3.6/site-packages/dgl/core.py", line 138, in invoke_udf_reduce
    for k, msg in msgdata_bkt.items():
  File "/usr/lib/python3.6/_collections_abc.py", line 744, in __iter__
    yield (key, self._mapping[key])
  File "/home/cc/.local/lib/python3.6/site-packages/dgl/frame.py", line 393, in __getitem__
    return self._columns[name].data
  File "/home/cc/.local/lib/python3.6/site-packages/dgl/frame.py", line 122, in data
    self.storage = F.gather_row(self.storage, self.index)
  File "/home/cc/.local/lib/python3.6/site-packages/dgl/backend/pytorch/tensor.py", line 186, in gather_row
    return th.index_select(data, 0, row_index.long())
RuntimeError: CUDA out of memory. Tried to allocate 5.34 GiB (GPU 0; 23.62 GiB total capacity; 15.98 GiB already allocated; 4.73 GiB free; 16.53 GiB reserved in total by PyTorch)
