Using backend: pytorch
main start at this time 1648182866.9115841
#nodes: 2449029
#edges: 123718024
#classes: 47
success----------------------------------------
196571
39255
2164782
# Nodes: 2400608
# Edges: 123718024
# Train: 196571
# Val: 39255
# Test: 2164782
# Classes: 47

in feats:  100
----------------------------------------before generate_dataloader_block 
 Nvidia-smi: 2.0242919921875 GB
    Memory Allocated: 0.0006527900695800781  GigaBytes
Max Memory Allocated: 0.0006527900695800781  GigaBytes

The real block id is  2
get_global_graph_edges_ids_block function  spend 0.36241888999938965
random selection method range initialization spend 0.01392221450805664
time for parepare:  0.27639317512512207
local_output_nid generation:  0.02399587631225586
local_in_edges_tensor generation:  0.04941391944885254
mini_batch_src_global generation:  0.05899667739868164
r_  generation:  0.904752254486084
local_output_nid generation:  0.02606654167175293
local_in_edges_tensor generation:  0.0400538444519043
mini_batch_src_global generation:  0.08016705513000488
r_  generation:  0.9838089942932129
local_output_nid generation:  0.025938749313354492
local_in_edges_tensor generation:  0.036681175231933594
mini_batch_src_global generation:  0.06615829467773438
r_  generation:  1.0243732929229736
local_output_nid generation:  0.025723695755004883
local_in_edges_tensor generation:  0.028896808624267578
mini_batch_src_global generation:  0.0691065788269043
r_  generation:  1.0981745719909668
----------------------check_connections_block total spend ----------------------------- 5.470508337020874
generate_one_block  6.1860456466674805
generate_one_block  1.1732261180877686
generate_one_block  1.2155420780181885
generate_one_block  1.4437155723571777
The real block id is  1
get_global_graph_edges_ids_block function  spend 2.2817611694335938
gen group dst list time:  0.10153317451477051
time for parepare:  0.4533393383026123
local_output_nid generation:  0.24753618240356445
local_in_edges_tensor generation:  0.798875093460083
mini_batch_src_global generation:  0.7845964431762695
r_  generation:  10.679430961608887
local_output_nid generation:  0.2851283550262451
local_in_edges_tensor generation:  0.7931439876556396
mini_batch_src_global generation:  1.0601356029510498
r_  generation:  10.817995309829712
local_output_nid generation:  0.26030397415161133
local_in_edges_tensor generation:  0.673907995223999
mini_batch_src_global generation:  0.9907975196838379
r_  generation:  10.896384239196777
local_output_nid generation:  0.2774031162261963
local_in_edges_tensor generation:  1.4579963684082031
mini_batch_src_global generation:  1.0160884857177734
r_  generation:  11.003128051757812
----------------------check_connections_block total spend ----------------------------- 59.8251051902771
generate_one_block  14.61626386642456
generate_one_block  15.056664228439331
generate_one_block  14.514022588729858
generate_one_block  14.51849102973938
The real block id is  0
get_global_graph_edges_ids_block function  spend 2.2956249713897705
gen group dst list time:  0.2773702144622803
time for parepare:  0.4720175266265869
local_output_nid generation:  0.6104936599731445
local_in_edges_tensor generation:  1.407426357269287
mini_batch_src_global generation:  1.2293341159820557
r_  generation:  17.47264266014099
local_output_nid generation:  0.66166090965271
local_in_edges_tensor generation:  1.433889627456665
mini_batch_src_global generation:  1.5503041744232178
r_  generation:  17.289039134979248
local_output_nid generation:  0.632474422454834
local_in_edges_tensor generation:  1.2860572338104248
mini_batch_src_global generation:  1.5073919296264648
r_  generation:  17.446499586105347
local_output_nid generation:  0.6285791397094727
local_in_edges_tensor generation:  1.238034963607788
mini_batch_src_global generation:  1.597175121307373
r_  generation:  17.41952919960022
----------------------check_connections_block total spend ----------------------------- 96.30733609199524
generate_one_block  22.506589651107788
generate_one_block  22.360387086868286
generate_one_block  22.432005882263184
generate_one_block  23.18586039543152
-----------------------------------------after block dataloader generation 
 Nvidia-smi: 2.0242919921875 GB
    Memory Allocated: 0.0006527900695800781  GigaBytes
Max Memory Allocated: 0.0006527900695800781  GigaBytes

connection checking time:  156.13244128227234
block generation total time  149.1902847290039
average batch blocks generation time:  37.29757118225098
----------------------------------------before batch_pred = model(blocks, batch_inputs) 
 Nvidia-smi: 3.4188232421875 GB
    Memory Allocated: 1.3180198669433594  GigaBytes
Max Memory Allocated: 1.3180198669433594  GigaBytes

Traceback (most recent call last):
  File "pseudo_mini_batch_range_products_sage.py", line 455, in <module>
    main()
  File "pseudo_mini_batch_range_products_sage.py", line 451, in main
    best_test = run(args, device, data)
  File "pseudo_mini_batch_range_products_sage.py", line 276, in run
    batch_pred = model(blocks, batch_inputs)#------------*
  File "/home/cc/.local/lib/python3.6/site-packages/torch/nn/modules/module.py", line 727, in _call_impl
    result = self.forward(*input, **kwargs)
  File "/home/cc/graph_partition_multi_layers/pseudo_mini_batch_full_batch/SAGE/graphsage_model_products.py", line 48, in forward
    x = layer(block, x)
  File "/home/cc/.local/lib/python3.6/site-packages/torch/nn/modules/module.py", line 727, in _call_impl
    result = self.forward(*input, **kwargs)
  File "/home/cc/.local/lib/python3.6/site-packages/dgl/nn/pytorch/conv/sageconv.py", line 258, in forward
    graph.update_all(msg_fn, self._lstm_reducer)
  File "/home/cc/.local/lib/python3.6/site-packages/dgl/heterograph.py", line 4849, in update_all
    ndata = core.message_passing(g, message_func, reduce_func, apply_node_func)
  File "/home/cc/.local/lib/python3.6/site-packages/dgl/core.py", line 337, in message_passing
    ndata = invoke_udf_reduce(g, rfunc, msgdata, orig_nid=orig_nid)
  File "/home/cc/.local/lib/python3.6/site-packages/dgl/core.py", line 143, in invoke_udf_reduce
    bkt_rsts.append(func(nbatch))
  File "/home/cc/.local/lib/python3.6/site-packages/dgl/nn/pytorch/conv/sageconv.py", line 173, in _lstm_reducer
    _, (rst, _) = self.lstm(m, h)
  File "/home/cc/.local/lib/python3.6/site-packages/torch/nn/modules/module.py", line 727, in _call_impl
    result = self.forward(*input, **kwargs)
  File "/home/cc/.local/lib/python3.6/site-packages/torch/nn/modules/rnn.py", line 582, in forward
    self.dropout, self.training, self.bidirectional, self.batch_first)
RuntimeError: CUDA out of memory. Tried to allocate 64.00 MiB (GPU 0; 23.62 GiB total capacity; 20.88 GiB already allocated; 13.44 MiB free; 20.99 GiB reserved in total by PyTorch)
