Using backend: pytorch
main start at this time 1648194946.6203828
#nodes: 2449029
#edges: 123718024
#classes: 47
success----------------------------------------
196571
39255
2164782
# Nodes: 2400608
# Edges: 123718024
# Train: 196571
# Val: 39255
# Test: 2164782
# Classes: 47

in feats:  100
----------------------------------------before generate_dataloader_block 
 Nvidia-smi: 2.0242919921875 GB
    Memory Allocated: 0.0006527900695800781  GigaBytes
Max Memory Allocated: 0.0006527900695800781  GigaBytes

The real block id is  2
get_global_graph_edges_ids_block function  spend 0.6269521713256836
random selection method range initialization spend 0.014525890350341797
time for parepare:  0.36661672592163086
local_output_nid generation:  0.02547311782836914
local_in_edges_tensor generation:  0.09290504455566406
mini_batch_src_global generation:  0.10724449157714844
r_  generation:  1.5678644180297852
local_output_nid generation:  0.02565312385559082
local_in_edges_tensor generation:  0.07262897491455078
mini_batch_src_global generation:  0.14402222633361816
r_  generation:  1.6610956192016602
local_output_nid generation:  0.02577996253967285
local_in_edges_tensor generation:  0.07023167610168457
mini_batch_src_global generation:  0.1166987419128418
r_  generation:  1.7914233207702637
local_output_nid generation:  0.025708675384521484
local_in_edges_tensor generation:  0.06448888778686523
mini_batch_src_global generation:  0.11848115921020508
r_  generation:  1.7893574237823486
----------------------check_connections_block total spend ----------------------------- 9.070202589035034
generate_one_block  7.220096111297607
generate_one_block  2.149585247039795
generate_one_block  2.144045114517212
generate_one_block  2.1536192893981934
The real block id is  1
get_global_graph_edges_ids_block function  spend 2.4023144245147705
gen group dst list time:  0.1205289363861084
time for parepare:  0.44494080543518066
local_output_nid generation:  0.32901883125305176
local_in_edges_tensor generation:  1.1064743995666504
mini_batch_src_global generation:  0.9852979183197021
r_  generation:  12.71159291267395
local_output_nid generation:  0.3473939895629883
local_in_edges_tensor generation:  0.883253812789917
mini_batch_src_global generation:  1.2358589172363281
r_  generation:  13.091460704803467
local_output_nid generation:  0.3537275791168213
local_in_edges_tensor generation:  0.8836476802825928
mini_batch_src_global generation:  1.3339614868164062
r_  generation:  13.148919343948364
local_output_nid generation:  0.34340524673461914
local_in_edges_tensor generation:  1.6254711151123047
mini_batch_src_global generation:  1.2667841911315918
r_  generation:  13.419498443603516
----------------------check_connections_block total spend ----------------------------- 72.53866028785706
generate_one_block  18.039677143096924
generate_one_block  17.908080339431763
generate_one_block  17.411925554275513
generate_one_block  17.964332580566406
The real block id is  0
get_global_graph_edges_ids_block function  spend 2.198568105697632
gen group dst list time:  0.319596529006958
time for parepare:  0.4945549964904785
local_output_nid generation:  0.6823325157165527
local_in_edges_tensor generation:  1.564549207687378
mini_batch_src_global generation:  1.2344105243682861
r_  generation:  17.30849289894104
local_output_nid generation:  0.709179162979126
local_in_edges_tensor generation:  1.4306392669677734
mini_batch_src_global generation:  1.6147935390472412
r_  generation:  17.443479537963867
local_output_nid generation:  0.6893115043640137
local_in_edges_tensor generation:  1.3435258865356445
mini_batch_src_global generation:  1.557769775390625
r_  generation:  17.560204029083252
local_output_nid generation:  0.7059931755065918
local_in_edges_tensor generation:  1.3366451263427734
mini_batch_src_global generation:  1.6129074096679688
r_  generation:  17.742839097976685
----------------------check_connections_block total spend ----------------------------- 97.7792501449585
generate_one_block  22.80827784538269
generate_one_block  22.68738102912903
generate_one_block  22.420575857162476
generate_one_block  23.20027470588684
-----------------------------------------after block dataloader generation 
 Nvidia-smi: 2.0242919921875 GB
    Memory Allocated: 0.0006527900695800781  GigaBytes
Max Memory Allocated: 0.0006527900695800781  GigaBytes

connection checking time:  170.31791043281555
block generation total time  162.44052505493164
average batch blocks generation time:  40.61013126373291
----------------------------------------before batch_pred = model(blocks, batch_inputs) 
 Nvidia-smi: 3.4930419921875 GB
    Memory Allocated: 1.398737907409668  GigaBytes
Max Memory Allocated: 1.398737907409668  GigaBytes

Traceback (most recent call last):
  File "pseudo_mini_batch_range_products_sage.py", line 455, in <module>
    main()
  File "pseudo_mini_batch_range_products_sage.py", line 451, in main
    best_test = run(args, device, data)
  File "pseudo_mini_batch_range_products_sage.py", line 276, in run
    batch_pred = model(blocks, batch_inputs)#------------*
  File "/home/cc/.local/lib/python3.6/site-packages/torch/nn/modules/module.py", line 727, in _call_impl
    result = self.forward(*input, **kwargs)
  File "/home/cc/graph_partition_multi_layers/pseudo_mini_batch_full_batch/SAGE/graphsage_model_products.py", line 48, in forward
    x = layer(block, x)
  File "/home/cc/.local/lib/python3.6/site-packages/torch/nn/modules/module.py", line 727, in _call_impl
    result = self.forward(*input, **kwargs)
  File "/home/cc/.local/lib/python3.6/site-packages/dgl/nn/pytorch/conv/sageconv.py", line 258, in forward
    graph.update_all(msg_fn, self._lstm_reducer)
  File "/home/cc/.local/lib/python3.6/site-packages/dgl/heterograph.py", line 4849, in update_all
    ndata = core.message_passing(g, message_func, reduce_func, apply_node_func)
  File "/home/cc/.local/lib/python3.6/site-packages/dgl/core.py", line 337, in message_passing
    ndata = invoke_udf_reduce(g, rfunc, msgdata, orig_nid=orig_nid)
  File "/home/cc/.local/lib/python3.6/site-packages/dgl/core.py", line 143, in invoke_udf_reduce
    bkt_rsts.append(func(nbatch))
  File "/home/cc/.local/lib/python3.6/site-packages/dgl/nn/pytorch/conv/sageconv.py", line 173, in _lstm_reducer
    _, (rst, _) = self.lstm(m, h)
  File "/home/cc/.local/lib/python3.6/site-packages/torch/nn/modules/module.py", line 727, in _call_impl
    result = self.forward(*input, **kwargs)
  File "/home/cc/.local/lib/python3.6/site-packages/torch/nn/modules/rnn.py", line 582, in forward
    self.dropout, self.training, self.bidirectional, self.batch_first)
RuntimeError: CUDA out of memory. Tried to allocate 72.00 MiB (GPU 0; 23.62 GiB total capacity; 20.83 GiB already allocated; 11.44 MiB free; 20.98 GiB reserved in total by PyTorch)
