main start at this time 1648168689.402351
#nodes: 2449029
#edges: 123718024
#classes: 47
success----------------------------------------
196571
39255
2164782
# Nodes: 2400608
# Edges: 123718024
# Train: 196571
# Val: 39255
# Test: 2164782
# Classes: 47

in feats:  100
----------------------------------------before generate_dataloader_block 
 Nvidia-smi: 2.0242919921875 GB
    Memory Allocated: 0.00010251998901367188  GigaBytes
Max Memory Allocated: 0.00010251998901367188  GigaBytes

The real block id is  2
get_global_graph_edges_ids_block function  spend 0.7392797470092773
range selection method range initialization spend 0.028573036193847656
time for parepare:  0.36548662185668945
local_output_nid generation:  0.0005292892456054688
local_in_edges_tensor generation:  0.027734756469726562
mini_batch_src_global generation:  0.0034220218658447266
r_  generation:  0.04027438163757324
local_output_nid generation:  0.0005161762237548828
local_in_edges_tensor generation:  0.0008821487426757812
mini_batch_src_global generation:  0.003919363021850586
r_  generation:  0.040337324142456055
local_output_nid generation:  0.0005147457122802734
local_in_edges_tensor generation:  0.0009012222290039062
mini_batch_src_global generation:  0.0023698806762695312
r_  generation:  0.041451454162597656
local_output_nid generation:  0.0005209445953369141
local_in_edges_tensor generation:  0.0008809566497802734
mini_batch_src_global generation:  0.002338409423828125
r_  generation:  0.04008793830871582
local_output_nid generation:  0.000522613525390625
local_in_edges_tensor generation:  0.0008568763732910156
mini_batch_src_global generation:  0.002436399459838867
r_  generation:  0.040334224700927734
local_output_nid generation:  0.0005304813385009766
local_in_edges_tensor generation:  0.0009541511535644531
mini_batch_src_global generation:  0.002402067184448242
r_  generation:  0.04130411148071289
local_output_nid generation:  0.0005171298980712891
local_in_edges_tensor generation:  0.0009083747863769531
mini_batch_src_global generation:  0.0024712085723876953
r_  generation:  0.04108142852783203
local_output_nid generation:  0.0005192756652832031
local_in_edges_tensor generation:  0.0009174346923828125
mini_batch_src_global generation:  0.002552509307861328
r_  generation:  0.042024850845336914
local_output_nid generation:  0.0005164146423339844
local_in_edges_tensor generation:  0.0009353160858154297
mini_batch_src_global generation:  0.002493619918823242
r_  generation:  0.04124307632446289
local_output_nid generation:  0.0005223751068115234
local_in_edges_tensor generation:  0.0009255409240722656
mini_batch_src_global generation:  0.0025200843811035156
r_  generation:  0.042061567306518555
local_output_nid generation:  0.0005166530609130859
local_in_edges_tensor generation:  0.0009069442749023438
mini_batch_src_global generation:  0.0026092529296875
r_  generation:  0.04136180877685547
local_output_nid generation:  0.0005133152008056641
local_in_edges_tensor generation:  0.0008702278137207031
mini_batch_src_global generation:  0.002611875534057617
r_  generation:  0.04137706756591797
local_output_nid generation:  0.0005152225494384766
local_in_edges_tensor generation:  0.0008871555328369141
mini_batch_src_global generation:  0.0026276111602783203
r_  generation:  0.04427313804626465
local_output_nid generation:  0.0005185604095458984
local_in_edges_tensor generation:  0.0010023117065429688
mini_batch_src_global generation:  0.002622365951538086
r_  generation:  0.04615974426269531
local_output_nid generation:  0.0005109310150146484
local_in_edges_tensor generation:  0.0008857250213623047
mini_batch_src_global generation:  0.002677440643310547
r_  generation:  0.04245638847351074
local_output_nid generation:  0.0005178451538085938
local_in_edges_tensor generation:  0.0008366107940673828
mini_batch_src_global generation:  0.0027849674224853516
r_  generation:  0.0475311279296875
local_output_nid generation:  0.0005192756652832031
local_in_edges_tensor generation:  0.0008642673492431641
mini_batch_src_global generation:  0.002811431884765625
r_  generation:  0.043131351470947266
local_output_nid generation:  0.0005190372467041016
local_in_edges_tensor generation:  0.0008809566497802734
mini_batch_src_global generation:  0.0028548240661621094
r_  generation:  0.047425270080566406
local_output_nid generation:  0.0005147457122802734
local_in_edges_tensor generation:  0.0010135173797607422
mini_batch_src_global generation:  0.002926349639892578
r_  generation:  0.04401803016662598
local_output_nid generation:  0.0005171298980712891
local_in_edges_tensor generation:  0.0010330677032470703
mini_batch_src_global generation:  0.002918720245361328
r_  generation:  0.048040151596069336
local_output_nid generation:  0.0005085468292236328
local_in_edges_tensor generation:  0.0010037422180175781
mini_batch_src_global generation:  0.003739595413208008
r_  generation:  0.046582937240600586
local_output_nid generation:  0.0005156993865966797
local_in_edges_tensor generation:  0.0010235309600830078
mini_batch_src_global generation:  0.0059375762939453125
r_  generation:  0.04644942283630371
local_output_nid generation:  0.0005240440368652344
local_in_edges_tensor generation:  0.0010178089141845703
mini_batch_src_global generation:  0.0036284923553466797
r_  generation:  0.04781198501586914
local_output_nid generation:  0.0005133152008056641
local_in_edges_tensor generation:  0.0009987354278564453
mini_batch_src_global generation:  0.0036792755126953125
r_  generation:  0.049002647399902344
local_output_nid generation:  0.0005154609680175781
local_in_edges_tensor generation:  0.019854307174682617
mini_batch_src_global generation:  0.004213094711303711
r_  generation:  0.04524040222167969
local_output_nid generation:  0.0005104541778564453
local_in_edges_tensor generation:  0.0010368824005126953
mini_batch_src_global generation:  0.0030603408813476562
r_  generation:  0.046016693115234375
local_output_nid generation:  0.0005090236663818359
local_in_edges_tensor generation:  0.0010149478912353516
mini_batch_src_global generation:  0.0031113624572753906
r_  generation:  0.045531272888183594
local_output_nid generation:  0.0005173683166503906
local_in_edges_tensor generation:  0.0010495185852050781
mini_batch_src_global generation:  0.003160238265991211
r_  generation:  0.050481557846069336
local_output_nid generation:  0.0005180835723876953
local_in_edges_tensor generation:  0.0011916160583496094
mini_batch_src_global generation:  0.003210306167602539
r_  generation:  0.04506421089172363
local_output_nid generation:  0.0005133152008056641
local_in_edges_tensor generation:  0.0011696815490722656
mini_batch_src_global generation:  0.003173828125
r_  generation:  0.04563188552856445
local_output_nid generation:  0.0005168914794921875
local_in_edges_tensor generation:  0.0011858940124511719
mini_batch_src_global generation:  0.003191232681274414
r_  generation:  0.044959068298339844
local_output_nid generation:  0.0005090236663818359
local_in_edges_tensor generation:  0.0011510848999023438
mini_batch_src_global generation:  0.003111124038696289
r_  generation:  0.0442805290222168
local_output_nid generation:  0.0006844997406005859
local_in_edges_tensor generation:  0.0012927055358886719
mini_batch_src_global generation:  0.003133058547973633
r_  generation:  0.06070065498352051
local_output_nid generation:  0.0005345344543457031
local_in_edges_tensor generation:  0.0013210773468017578
mini_batch_src_global generation:  0.003242015838623047
r_  generation:  0.045540571212768555
local_output_nid generation:  0.0005419254302978516
local_in_edges_tensor generation:  0.001291513442993164
mini_batch_src_global generation:  0.0031578540802001953
r_  generation:  0.04684638977050781
local_output_nid generation:  0.0005550384521484375
local_in_edges_tensor generation:  0.0012998580932617188
mini_batch_src_global generation:  0.003247976303100586
r_  generation:  0.04507088661193848
local_output_nid generation:  0.0005621910095214844
local_in_edges_tensor generation:  0.0012691020965576172
mini_batch_src_global generation:  0.003166675567626953
r_  generation:  0.045740604400634766
local_output_nid generation:  0.0005526542663574219
local_in_edges_tensor generation:  0.0011572837829589844
mini_batch_src_global generation:  0.0032389163970947266
r_  generation:  0.04497385025024414
local_output_nid generation:  0.0005681514739990234
local_in_edges_tensor generation:  0.0011692047119140625
mini_batch_src_global generation:  0.003149271011352539
r_  generation:  0.04486560821533203
local_output_nid generation:  0.0005512237548828125
local_in_edges_tensor generation:  0.001177072525024414
mini_batch_src_global generation:  0.003311634063720703
r_  generation:  0.04539942741394043
local_output_nid generation:  0.0005593299865722656
local_in_edges_tensor generation:  0.0012316703796386719
mini_batch_src_global generation:  0.003264904022216797
r_  generation:  0.0460054874420166
local_output_nid generation:  0.0005609989166259766
local_in_edges_tensor generation:  0.0011742115020751953
mini_batch_src_global generation:  0.0033152103424072266
r_  generation:  0.04503607749938965
local_output_nid generation:  0.0005655288696289062
local_in_edges_tensor generation:  0.0012021064758300781
mini_batch_src_global generation:  0.003276348114013672
r_  generation:  0.04452633857727051
local_output_nid generation:  0.0005738735198974609
local_in_edges_tensor generation:  0.001314401626586914
mini_batch_src_global generation:  0.0032758712768554688
r_  generation:  0.046494245529174805
local_output_nid generation:  0.0005567073822021484
local_in_edges_tensor generation:  0.0012824535369873047
mini_batch_src_global generation:  0.003257274627685547
r_  generation:  0.0464472770690918
local_output_nid generation:  0.0005621910095214844
local_in_edges_tensor generation:  0.0016942024230957031
mini_batch_src_global generation:  0.0032134056091308594
r_  generation:  0.046007633209228516
local_output_nid generation:  0.0005605220794677734
local_in_edges_tensor generation:  0.001313924789428711
mini_batch_src_global generation:  0.0032727718353271484
r_  generation:  0.045087337493896484
local_output_nid generation:  0.0005550384521484375
local_in_edges_tensor generation:  0.0013089179992675781
mini_batch_src_global generation:  0.003371000289916992
r_  generation:  0.04607129096984863
local_output_nid generation:  0.0005629062652587891
local_in_edges_tensor generation:  0.0011491775512695312
mini_batch_src_global generation:  0.0032393932342529297
r_  generation:  0.048366546630859375
local_output_nid generation:  0.0005631446838378906
local_in_edges_tensor generation:  0.001180410385131836
mini_batch_src_global generation:  0.003323078155517578
r_  generation:  0.04596424102783203
local_output_nid generation:  0.0005619525909423828
local_in_edges_tensor generation:  0.001172780990600586
mini_batch_src_global generation:  0.003347158432006836
r_  generation:  0.045693159103393555
local_output_nid generation:  0.0005643367767333984
local_in_edges_tensor generation:  0.0012149810791015625
mini_batch_src_global generation:  0.003309965133666992
r_  generation:  0.045877933502197266
local_output_nid generation:  0.0005583763122558594
local_in_edges_tensor generation:  0.0011415481567382812
mini_batch_src_global generation:  0.0033011436462402344
r_  generation:  0.045612335205078125
local_output_nid generation:  0.0005507469177246094
local_in_edges_tensor generation:  0.0011489391326904297
mini_batch_src_global generation:  0.0032656192779541016
r_  generation:  0.04705333709716797
local_output_nid generation:  0.0005609989166259766
local_in_edges_tensor generation:  0.0011677742004394531
mini_batch_src_global generation:  0.0034532546997070312
r_  generation:  0.0463104248046875
local_output_nid generation:  0.0005552768707275391
local_in_edges_tensor generation:  0.0011413097381591797
mini_batch_src_global generation:  0.003270387649536133
r_  generation:  0.04630565643310547
local_output_nid generation:  0.000568389892578125
local_in_edges_tensor generation:  0.001184701919555664
mini_batch_src_global generation:  0.003295421600341797
r_  generation:  0.046080827713012695
local_output_nid generation:  0.0005559921264648438
local_in_edges_tensor generation:  0.0011332035064697266
mini_batch_src_global generation:  0.003238201141357422
r_  generation:  0.04568195343017578
local_output_nid generation:  0.0005559921264648438
local_in_edges_tensor generation:  0.0011670589447021484
mini_batch_src_global generation:  0.0032906532287597656
r_  generation:  0.04790902137756348
local_output_nid generation:  0.0005581378936767578
local_in_edges_tensor generation:  0.0011720657348632812
mini_batch_src_global generation:  0.003352642059326172
r_  generation:  0.04676532745361328
local_output_nid generation:  0.0005552768707275391
local_in_edges_tensor generation:  0.0011453628540039062
mini_batch_src_global generation:  0.0033216476440429688
r_  generation:  0.046473026275634766
local_output_nid generation:  0.0005660057067871094
local_in_edges_tensor generation:  0.0011355876922607422
mini_batch_src_global generation:  0.0032782554626464844
r_  generation:  0.04832172393798828
local_output_nid generation:  0.0005540847778320312
local_in_edges_tensor generation:  0.0011420249938964844
mini_batch_src_global generation:  0.003271818161010742
r_  generation:  0.046181440353393555
local_output_nid generation:  0.0005555152893066406
local_in_edges_tensor generation:  0.0011508464813232422
mini_batch_src_global generation:  0.003264904022216797
r_  generation:  0.04602956771850586
local_output_nid generation:  0.0005602836608886719
local_in_edges_tensor generation:  0.0012650489807128906
mini_batch_src_global generation:  0.0033223628997802734
r_  generation:  0.047102928161621094
local_output_nid generation:  0.0005774497985839844
local_in_edges_tensor generation:  0.001338958740234375
mini_batch_src_global generation:  0.0032036304473876953
r_  generation:  0.05823779106140137
local_output_nid generation:  0.0005733966827392578
local_in_edges_tensor generation:  0.0013175010681152344
mini_batch_src_global generation:  0.0033369064331054688
r_  generation:  0.046225547790527344
local_output_nid generation:  0.0005574226379394531
local_in_edges_tensor generation:  0.0012967586517333984
mini_batch_src_global generation:  0.003251791000366211
r_  generation:  0.04732942581176758
local_output_nid generation:  0.0005555152893066406
local_in_edges_tensor generation:  0.0012998580932617188
mini_batch_src_global generation:  0.003345489501953125
r_  generation:  0.04657626152038574
local_output_nid generation:  0.0005762577056884766
local_in_edges_tensor generation:  0.0013005733489990234
mini_batch_src_global generation:  0.003299713134765625
r_  generation:  0.04695940017700195
local_output_nid generation:  0.0005865097045898438
local_in_edges_tensor generation:  0.001302480697631836
mini_batch_src_global generation:  0.0033562183380126953
r_  generation:  0.047490835189819336
local_output_nid generation:  0.0007092952728271484
local_in_edges_tensor generation:  0.0013203620910644531
mini_batch_src_global generation:  0.0033426284790039062
r_  generation:  0.04588651657104492
local_output_nid generation:  0.0007014274597167969
local_in_edges_tensor generation:  0.0013191699981689453
mini_batch_src_global generation:  0.0033416748046875
r_  generation:  0.0518794059753418
local_output_nid generation:  0.0006866455078125
local_in_edges_tensor generation:  0.0018894672393798828
mini_batch_src_global generation:  0.0056455135345458984
r_  generation:  0.0488896369934082
local_output_nid generation:  0.0006971359252929688
local_in_edges_tensor generation:  0.007384538650512695
mini_batch_src_global generation:  0.0032253265380859375
r_  generation:  0.04550790786743164
local_output_nid generation:  0.0005691051483154297
local_in_edges_tensor generation:  0.0011701583862304688
mini_batch_src_global generation:  0.0032608509063720703
r_  generation:  0.04609394073486328
local_output_nid generation:  0.0006918907165527344
local_in_edges_tensor generation:  0.0011858940124511719
mini_batch_src_global generation:  0.0032553672790527344
r_  generation:  0.047055721282958984
local_output_nid generation:  0.0007054805755615234
local_in_edges_tensor generation:  0.001215219497680664
mini_batch_src_global generation:  0.003398418426513672
r_  generation:  0.04599308967590332
local_output_nid generation:  0.0007014274597167969
local_in_edges_tensor generation:  0.0012176036834716797
mini_batch_src_global generation:  0.003395557403564453
r_  generation:  0.04673051834106445
local_output_nid generation:  0.0006995201110839844
local_in_edges_tensor generation:  0.0012140274047851562
mini_batch_src_global generation:  0.003323078155517578
r_  generation:  0.045725107192993164
local_output_nid generation:  0.0006787776947021484
local_in_edges_tensor generation:  0.0012044906616210938
mini_batch_src_global generation:  0.003367185592651367
r_  generation:  0.05190110206604004
local_output_nid generation:  0.0007040500640869141
local_in_edges_tensor generation:  0.0012421607971191406
mini_batch_src_global generation:  0.0034248828887939453
r_  generation:  0.04834437370300293
local_output_nid generation:  0.0006837844848632812
local_in_edges_tensor generation:  0.0011930465698242188
mini_batch_src_global generation:  0.0033316612243652344
r_  generation:  0.046578407287597656
local_output_nid generation:  0.0006783008575439453
local_in_edges_tensor generation:  0.0012142658233642578
mini_batch_src_global generation:  0.0032796859741210938
r_  generation:  0.04599571228027344
local_output_nid generation:  0.0006916522979736328
local_in_edges_tensor generation:  0.0012052059173583984
mini_batch_src_global generation:  0.003379344940185547
r_  generation:  0.04849076271057129
local_output_nid generation:  0.0006787776947021484
local_in_edges_tensor generation:  0.0013394355773925781
mini_batch_src_global generation:  0.003328561782836914
r_  generation:  0.046056270599365234
local_output_nid generation:  0.0006830692291259766
local_in_edges_tensor generation:  0.0013170242309570312
mini_batch_src_global generation:  0.0033617019653320312
r_  generation:  0.04582071304321289
local_output_nid generation:  0.0005588531494140625
local_in_edges_tensor generation:  0.0012969970703125
mini_batch_src_global generation:  0.003341197967529297
r_  generation:  0.04804062843322754
local_output_nid generation:  0.0005660057067871094
local_in_edges_tensor generation:  0.00130462646484375
mini_batch_src_global generation:  0.0033385753631591797
r_  generation:  0.04541373252868652
local_output_nid generation:  0.000560760498046875
local_in_edges_tensor generation:  0.0012898445129394531
mini_batch_src_global generation:  0.0033693313598632812
r_  generation:  0.04549002647399902
local_output_nid generation:  0.0005564689636230469
local_in_edges_tensor generation:  0.0012350082397460938
mini_batch_src_global generation:  0.003392457962036133
r_  generation:  0.04743671417236328
local_output_nid generation:  0.0005652904510498047
local_in_edges_tensor generation:  0.0012791156768798828
mini_batch_src_global generation:  0.003270387649536133
r_  generation:  0.04606771469116211
local_output_nid generation:  0.0005664825439453125
local_in_edges_tensor generation:  0.0012717247009277344
mini_batch_src_global generation:  0.0033113956451416016
r_  generation:  0.0457606315612793
local_output_nid generation:  0.0005609989166259766
local_in_edges_tensor generation:  0.0013360977172851562
mini_batch_src_global generation:  0.0033447742462158203
r_  generation:  0.04812145233154297
local_output_nid generation:  0.0005612373352050781
local_in_edges_tensor generation:  0.0013167858123779297
mini_batch_src_global generation:  0.003325223922729492
r_  generation:  0.045415639877319336
local_output_nid generation:  0.0005636215209960938
local_in_edges_tensor generation:  0.001255035400390625
mini_batch_src_global generation:  0.0033910274505615234
r_  generation:  0.04554915428161621
local_output_nid generation:  0.0005629062652587891
local_in_edges_tensor generation:  0.0011591911315917969
mini_batch_src_global generation:  0.003412485122680664
r_  generation:  0.0475764274597168
local_output_nid generation:  0.0005638599395751953
local_in_edges_tensor generation:  0.0011594295501708984
mini_batch_src_global generation:  0.003297090530395508
r_  generation:  0.045655250549316406
local_output_nid generation:  0.0005621910095214844
local_in_edges_tensor generation:  0.0011708736419677734
mini_batch_src_global generation:  0.0033588409423828125
r_  generation:  0.04566311836242676
local_output_nid generation:  0.0005609989166259766
local_in_edges_tensor generation:  0.0011861324310302734
mini_batch_src_global generation:  0.003318309783935547
r_  generation:  0.04762530326843262
local_output_nid generation:  0.000720977783203125
local_in_edges_tensor generation:  0.0011696815490722656
mini_batch_src_global generation:  0.0033583641052246094
r_  generation:  0.04592633247375488
local_output_nid generation:  0.0005781650543212891
local_in_edges_tensor generation:  0.0012950897216796875
mini_batch_src_global generation:  0.0033884048461914062
r_  generation:  0.04903769493103027
local_output_nid generation:  0.0005538463592529297
local_in_edges_tensor generation:  0.0012943744659423828
mini_batch_src_global generation:  0.003360271453857422
r_  generation:  0.04688096046447754
local_output_nid generation:  0.0005664825439453125
local_in_edges_tensor generation:  0.001306772232055664
mini_batch_src_global generation:  0.0033016204833984375
r_  generation:  0.045975446701049805
local_output_nid generation:  0.0005648136138916016
local_in_edges_tensor generation:  0.00135040283203125
mini_batch_src_global generation:  0.0033953189849853516
r_  generation:  0.04571056365966797
local_output_nid generation:  0.0005626678466796875
local_in_edges_tensor generation:  0.0012960433959960938
mini_batch_src_global generation:  0.0033431053161621094
r_  generation:  0.04771280288696289
local_output_nid generation:  0.0005626678466796875
local_in_edges_tensor generation:  0.0014293193817138672
mini_batch_src_global generation:  0.0033369064331054688
r_  generation:  0.04653191566467285
local_output_nid generation:  0.0005645751953125
local_in_edges_tensor generation:  0.0011432170867919922
mini_batch_src_global generation:  0.0033736228942871094
r_  generation:  0.04622316360473633
local_output_nid generation:  0.0005636215209960938
local_in_edges_tensor generation:  0.0011301040649414062
mini_batch_src_global generation:  0.0033354759216308594
r_  generation:  0.04765152931213379
local_output_nid generation:  0.0005710124969482422
local_in_edges_tensor generation:  0.0011539459228515625
mini_batch_src_global generation:  0.0032761096954345703
r_  generation:  0.04518318176269531
local_output_nid generation:  0.0005636215209960938
local_in_edges_tensor generation:  0.0011930465698242188
mini_batch_src_global generation:  0.003408193588256836
r_  generation:  0.047261953353881836
local_output_nid generation:  0.0005590915679931641
local_in_edges_tensor generation:  0.0011470317840576172
mini_batch_src_global generation:  0.0033528804779052734
r_  generation:  0.04713582992553711
local_output_nid generation:  0.0005633831024169922
local_in_edges_tensor generation:  0.0011820793151855469
mini_batch_src_global generation:  0.0033693313598632812
r_  generation:  0.04525136947631836
local_output_nid generation:  0.0005609989166259766
local_in_edges_tensor generation:  0.0011625289916992188
mini_batch_src_global generation:  0.003304004669189453
r_  generation:  0.04566669464111328
local_output_nid generation:  0.0005643367767333984
local_in_edges_tensor generation:  0.0011844635009765625
mini_batch_src_global generation:  0.0033621788024902344
r_  generation:  0.045259952545166016
local_output_nid generation:  0.0005588531494140625
local_in_edges_tensor generation:  0.0011916160583496094
mini_batch_src_global generation:  0.0033936500549316406
r_  generation:  0.04725527763366699
local_output_nid generation:  0.0005738735198974609
local_in_edges_tensor generation:  0.0011577606201171875
mini_batch_src_global generation:  0.003270387649536133
r_  generation:  0.04576873779296875
local_output_nid generation:  0.0005676746368408203
local_in_edges_tensor generation:  0.0011870861053466797
mini_batch_src_global generation:  0.003350973129272461
r_  generation:  0.04637503623962402
local_output_nid generation:  0.0005652904510498047
local_in_edges_tensor generation:  0.0011670589447021484
mini_batch_src_global generation:  0.0034017562866210938
r_  generation:  0.048150062561035156
local_output_nid generation:  0.0005657672882080078
local_in_edges_tensor generation:  0.001163482666015625
mini_batch_src_global generation:  0.0032820701599121094
r_  generation:  0.04680943489074707
local_output_nid generation:  0.0005707740783691406
local_in_edges_tensor generation:  0.0011975765228271484
mini_batch_src_global generation:  0.0033545494079589844
r_  generation:  0.04621148109436035
local_output_nid generation:  0.0006804466247558594
local_in_edges_tensor generation:  0.0012118816375732422
mini_batch_src_global generation:  0.0033342838287353516
r_  generation:  0.048065185546875
local_output_nid generation:  0.0006985664367675781
local_in_edges_tensor generation:  0.0012176036834716797
mini_batch_src_global generation:  0.003314495086669922
r_  generation:  0.045649051666259766
local_output_nid generation:  0.0006945133209228516
local_in_edges_tensor generation:  0.007246255874633789
mini_batch_src_global generation:  0.003173828125
r_  generation:  0.04650616645812988
local_output_nid generation:  0.0006804466247558594
local_in_edges_tensor generation:  0.001207113265991211
mini_batch_src_global generation:  0.003347635269165039
r_  generation:  0.0470273494720459
local_output_nid generation:  0.0006959438323974609
local_in_edges_tensor generation:  0.0012199878692626953
mini_batch_src_global generation:  0.0033271312713623047
r_  generation:  0.04662513732910156
local_output_nid generation:  0.0006937980651855469
local_in_edges_tensor generation:  0.0012676715850830078
mini_batch_src_global generation:  0.0034363269805908203
r_  generation:  0.04588627815246582
local_output_nid generation:  0.0006358623504638672
local_in_edges_tensor generation:  0.0010929107666015625
mini_batch_src_global generation:  0.003058195114135742
r_  generation:  0.03739142417907715
----------------------check_connections_block total spend ----------------------------- 8.2337167263031
generate_one_block  6.029552936553955
generate_one_block  0.06234478950500488
generate_one_block  0.06141972541809082
generate_one_block  0.06178712844848633
generate_one_block  0.061498165130615234
generate_one_block  0.06285691261291504
generate_one_block  0.06534337997436523
generate_one_block  0.06334686279296875
generate_one_block  0.06262350082397461
generate_one_block  0.06249284744262695
generate_one_block  0.06272172927856445
generate_one_block  0.06220364570617676
generate_one_block  0.060391902923583984
generate_one_block  0.06258583068847656
generate_one_block  0.06239891052246094
generate_one_block  0.06224703788757324
generate_one_block  0.06222701072692871
generate_one_block  0.06358027458190918
generate_one_block  0.062330007553100586
generate_one_block  0.061098575592041016
generate_one_block  0.06219339370727539
generate_one_block  0.06297755241394043
generate_one_block  0.06070518493652344
generate_one_block  0.06494879722595215
generate_one_block  0.06318497657775879
generate_one_block  0.06307554244995117
generate_one_block  0.061646223068237305
generate_one_block  0.06218361854553223
generate_one_block  0.06320929527282715
generate_one_block  0.06031012535095215
generate_one_block  0.06268811225891113
generate_one_block  0.06141376495361328
generate_one_block  0.06098008155822754
generate_one_block  0.0636904239654541
generate_one_block  0.06197547912597656
generate_one_block  0.062090158462524414
generate_one_block  0.061762332916259766
generate_one_block  0.06136059761047363
generate_one_block  0.06162714958190918
generate_one_block  0.06302332878112793
generate_one_block  0.06311392784118652
generate_one_block  0.06217336654663086
generate_one_block  0.06626081466674805
generate_one_block  0.06290626525878906
generate_one_block  0.06197714805603027
generate_one_block  0.06178712844848633
generate_one_block  0.06277132034301758
generate_one_block  0.06301712989807129
generate_one_block  0.06177711486816406
generate_one_block  0.0636281967163086
generate_one_block  0.06205105781555176
generate_one_block  0.06293559074401855
generate_one_block  0.06146645545959473
generate_one_block  0.06148886680603027
generate_one_block  0.06305408477783203
generate_one_block  0.06283068656921387
generate_one_block  0.06262469291687012
generate_one_block  0.0614013671875
generate_one_block  0.06290507316589355
generate_one_block  0.06271982192993164
generate_one_block  0.06205940246582031
generate_one_block  0.06385278701782227
generate_one_block  0.06265068054199219
generate_one_block  0.06139969825744629
generate_one_block  0.06403064727783203
generate_one_block  0.06131172180175781
generate_one_block  0.06266260147094727
generate_one_block  0.062486886978149414
generate_one_block  0.062314748764038086
generate_one_block  0.06175994873046875
generate_one_block  0.06276249885559082
generate_one_block  0.06406784057617188
generate_one_block  0.07792305946350098
generate_one_block  0.07048892974853516
generate_one_block  0.07700729370117188
generate_one_block  0.08069849014282227
generate_one_block  0.07667303085327148
generate_one_block  0.08727836608886719
generate_one_block  0.07894587516784668
generate_one_block  0.07309818267822266
generate_one_block  0.06981945037841797
generate_one_block  0.06935977935791016
generate_one_block  0.06553840637207031
generate_one_block  0.06565260887145996
generate_one_block  0.06433725357055664
generate_one_block  0.06473350524902344
generate_one_block  0.06197309494018555
generate_one_block  0.06370091438293457
generate_one_block  0.06993722915649414
generate_one_block  0.06243181228637695
generate_one_block  0.06259465217590332
generate_one_block  0.061579227447509766
generate_one_block  0.0813753604888916
generate_one_block  0.0742950439453125
generate_one_block  0.07074284553527832
generate_one_block  0.06758546829223633
generate_one_block  0.06574511528015137
generate_one_block  0.0650181770324707
generate_one_block  0.06443023681640625
generate_one_block  0.06427788734436035
generate_one_block  0.08660054206848145
generate_one_block  0.0746309757232666
generate_one_block  0.06810593605041504
generate_one_block  0.06540274620056152
generate_one_block  0.08333182334899902
generate_one_block  0.07629847526550293
generate_one_block  0.08849811553955078
generate_one_block  0.08448100090026855
generate_one_block  0.08854889869689941
generate_one_block  0.07914185523986816
generate_one_block  0.0746002197265625
generate_one_block  0.06818151473999023
generate_one_block  0.06725025177001953
generate_one_block  0.06712484359741211
generate_one_block  0.06537008285522461
generate_one_block  0.06587386131286621
generate_one_block  0.06778359413146973
generate_one_block  0.06447887420654297
generate_one_block  0.06404733657836914
generate_one_block  0.06167435646057129
generate_one_block  0.06366324424743652
generate_one_block  0.06387782096862793
generate_one_block  0.0627131462097168
generate_one_block  0.06331968307495117
generate_one_block  0.06261086463928223
generate_one_block  0.06158852577209473
generate_one_block  0.06390619277954102
generate_one_block  0.056954383850097656
The real block id is  1
get_global_graph_edges_ids_block function  spend 3.522406578063965
gen group dst list time:  0.39623379707336426
time for parepare:  0.47189974784851074
local_output_nid generation:  0.023357629776000977
local_in_edges_tensor generation:  0.2396831512451172
mini_batch_src_global generation:  0.18500781059265137
r_  generation:  2.1024422645568848
local_output_nid generation:  0.03578805923461914
local_in_edges_tensor generation:  0.15360283851623535
mini_batch_src_global generation:  0.23422026634216309
r_  generation:  2.140394687652588
local_output_nid generation:  0.027364492416381836
local_in_edges_tensor generation:  0.12735462188720703
mini_batch_src_global generation:  0.24473881721496582
r_  generation:  2.169773578643799
local_output_nid generation:  0.03622770309448242
local_in_edges_tensor generation:  0.19016265869140625
mini_batch_src_global generation:  0.22755932807922363
r_  generation:  2.170854330062866
local_output_nid generation:  0.02871417999267578
local_in_edges_tensor generation:  0.1400291919708252
mini_batch_src_global generation:  0.24987173080444336
r_  generation:  2.3371589183807373
local_output_nid generation:  0.034896135330200195
local_in_edges_tensor generation:  0.1761493682861328
mini_batch_src_global generation:  0.252291202545166
r_  generation:  2.308309316635132
local_output_nid generation:  0.03285503387451172
local_in_edges_tensor generation:  0.1403639316558838
mini_batch_src_global generation:  0.24880528450012207
r_  generation:  2.307183265686035
local_output_nid generation:  0.02976822853088379
local_in_edges_tensor generation:  0.13089561462402344
mini_batch_src_global generation:  0.2504098415374756
r_  generation:  2.2970049381256104
local_output_nid generation:  0.030106067657470703
local_in_edges_tensor generation:  0.12818670272827148
mini_batch_src_global generation:  0.2620506286621094
r_  generation:  2.3303287029266357
local_output_nid generation:  0.030196428298950195
local_in_edges_tensor generation:  0.12633180618286133
mini_batch_src_global generation:  0.25774383544921875
r_  generation:  2.2814972400665283
local_output_nid generation:  0.030667781829833984
local_in_edges_tensor generation:  0.18294739723205566
mini_batch_src_global generation:  0.2561759948730469
r_  generation:  2.3546459674835205
local_output_nid generation:  0.04468870162963867
local_in_edges_tensor generation:  0.15888428688049316
mini_batch_src_global generation:  0.25689148902893066
r_  generation:  2.347665786743164
local_output_nid generation:  0.031018495559692383
local_in_edges_tensor generation:  0.14099335670471191
mini_batch_src_global generation:  0.2577478885650635
r_  generation:  2.3247902393341064
local_output_nid generation:  0.03152775764465332
local_in_edges_tensor generation:  0.13498854637145996
mini_batch_src_global generation:  0.26023077964782715
r_  generation:  2.3205690383911133
local_output_nid generation:  0.03197932243347168
local_in_edges_tensor generation:  0.13271117210388184
mini_batch_src_global generation:  0.2712135314941406
r_  generation:  2.3620986938476562
local_output_nid generation:  0.03171586990356445
local_in_edges_tensor generation:  0.12842059135437012
mini_batch_src_global generation:  0.26072168350219727
r_  generation:  2.380852222442627
local_output_nid generation:  0.0319669246673584
local_in_edges_tensor generation:  0.15277528762817383
mini_batch_src_global generation:  0.26018595695495605
r_  generation:  2.3537850379943848
local_output_nid generation:  0.032242774963378906
local_in_edges_tensor generation:  0.1997981071472168
mini_batch_src_global generation:  0.2682054042816162
r_  generation:  2.359687566757202
local_output_nid generation:  0.04866790771484375
local_in_edges_tensor generation:  0.15894246101379395
mini_batch_src_global generation:  0.27495670318603516
r_  generation:  2.3469481468200684
local_output_nid generation:  0.03217935562133789
local_in_edges_tensor generation:  0.1440143585205078
mini_batch_src_global generation:  0.2630457878112793
r_  generation:  2.3276376724243164
local_output_nid generation:  0.03225374221801758
local_in_edges_tensor generation:  0.13805747032165527
mini_batch_src_global generation:  0.26471877098083496
r_  generation:  2.3548998832702637
local_output_nid generation:  0.03283977508544922
local_in_edges_tensor generation:  0.1392073631286621
mini_batch_src_global generation:  0.27937746047973633
r_  generation:  2.3474724292755127
local_output_nid generation:  0.032088279724121094
local_in_edges_tensor generation:  0.1300828456878662
mini_batch_src_global generation:  0.2608988285064697
r_  generation:  2.3642070293426514
local_output_nid generation:  0.03257036209106445
local_in_edges_tensor generation:  0.15367913246154785
mini_batch_src_global generation:  0.261857271194458
r_  generation:  2.361053705215454
local_output_nid generation:  0.033106088638305664
local_in_edges_tensor generation:  0.20112943649291992
mini_batch_src_global generation:  0.26636433601379395
r_  generation:  2.3845067024230957
local_output_nid generation:  0.05211901664733887
local_in_edges_tensor generation:  0.16186881065368652
mini_batch_src_global generation:  0.2767605781555176
r_  generation:  2.357081413269043
local_output_nid generation:  0.03302645683288574
local_in_edges_tensor generation:  0.1492626667022705
mini_batch_src_global generation:  0.2624187469482422
r_  generation:  2.338409185409546
local_output_nid generation:  0.03354001045227051
local_in_edges_tensor generation:  0.13820362091064453
mini_batch_src_global generation:  0.2641448974609375
r_  generation:  2.3660943508148193
local_output_nid generation:  0.0335540771484375
local_in_edges_tensor generation:  0.13731956481933594
mini_batch_src_global generation:  0.273176908493042
r_  generation:  2.376718521118164
local_output_nid generation:  0.0327906608581543
local_in_edges_tensor generation:  0.13016223907470703
mini_batch_src_global generation:  0.2736198902130127
r_  generation:  2.382467269897461
local_output_nid generation:  0.03343367576599121
local_in_edges_tensor generation:  0.1578202247619629
mini_batch_src_global generation:  0.2645893096923828
r_  generation:  2.3735413551330566
local_output_nid generation:  0.039821624755859375
local_in_edges_tensor generation:  0.19079279899597168
mini_batch_src_global generation:  0.2619040012359619
r_  generation:  2.336467981338501
local_output_nid generation:  0.039690494537353516
local_in_edges_tensor generation:  0.15481185913085938
mini_batch_src_global generation:  0.26168179512023926
r_  generation:  2.3171095848083496
local_output_nid generation:  0.03396773338317871
local_in_edges_tensor generation:  0.14487171173095703
mini_batch_src_global generation:  0.26981067657470703
r_  generation:  2.3549678325653076
local_output_nid generation:  0.03366565704345703
local_in_edges_tensor generation:  0.1421976089477539
mini_batch_src_global generation:  0.2666628360748291
r_  generation:  2.379880666732788
local_output_nid generation:  0.03351569175720215
local_in_edges_tensor generation:  0.13419246673583984
mini_batch_src_global generation:  0.26747822761535645
r_  generation:  2.3948822021484375
local_output_nid generation:  0.03324317932128906
local_in_edges_tensor generation:  0.1304638385772705
mini_batch_src_global generation:  0.26471638679504395
r_  generation:  2.363056182861328
local_output_nid generation:  0.03341317176818848
local_in_edges_tensor generation:  0.18189740180969238
mini_batch_src_global generation:  0.2632284164428711
r_  generation:  2.3691766262054443
local_output_nid generation:  0.05504345893859863
local_in_edges_tensor generation:  0.18616056442260742
mini_batch_src_global generation:  0.26432371139526367
r_  generation:  2.3561060428619385
local_output_nid generation:  0.034281253814697266
local_in_edges_tensor generation:  0.15788054466247559
mini_batch_src_global generation:  0.2634003162384033
r_  generation:  2.365532636642456
local_output_nid generation:  0.03553485870361328
local_in_edges_tensor generation:  0.1447131633758545
mini_batch_src_global generation:  0.32236361503601074
r_  generation:  2.6596686840057373
local_output_nid generation:  0.05632758140563965
local_in_edges_tensor generation:  0.2233264446258545
mini_batch_src_global generation:  0.26886725425720215
r_  generation:  2.4157655239105225
local_output_nid generation:  0.0344846248626709
local_in_edges_tensor generation:  0.1761775016784668
mini_batch_src_global generation:  0.2940065860748291
r_  generation:  2.4361488819122314
local_output_nid generation:  0.05700182914733887
local_in_edges_tensor generation:  0.22268414497375488
mini_batch_src_global generation:  0.2655329704284668
r_  generation:  2.383615493774414
local_output_nid generation:  0.034857988357543945
local_in_edges_tensor generation:  0.17214035987854004
mini_batch_src_global generation:  0.2780911922454834
r_  generation:  2.477616310119629
local_output_nid generation:  0.0340878963470459
local_in_edges_tensor generation:  0.16983604431152344
mini_batch_src_global generation:  0.267833948135376
r_  generation:  2.400800943374634
local_output_nid generation:  0.05710196495056152
local_in_edges_tensor generation:  0.19965457916259766
mini_batch_src_global generation:  0.2765204906463623
r_  generation:  2.3727879524230957
local_output_nid generation:  0.03592991828918457
local_in_edges_tensor generation:  0.16540169715881348
mini_batch_src_global generation:  0.26813673973083496
r_  generation:  2.391345977783203
local_output_nid generation:  0.03465080261230469
local_in_edges_tensor generation:  0.14641404151916504
mini_batch_src_global generation:  0.26810526847839355
r_  generation:  2.3932409286499023
local_output_nid generation:  0.03485274314880371
local_in_edges_tensor generation:  0.1447460651397705
mini_batch_src_global generation:  0.27805137634277344
r_  generation:  2.4429757595062256
local_output_nid generation:  0.034453392028808594
local_in_edges_tensor generation:  0.13646984100341797
mini_batch_src_global generation:  0.2780275344848633
r_  generation:  2.448023557662964
local_output_nid generation:  0.035227060317993164
local_in_edges_tensor generation:  0.17751383781433105
mini_batch_src_global generation:  0.2651553153991699
r_  generation:  2.4013876914978027
local_output_nid generation:  0.03445935249328613
local_in_edges_tensor generation:  0.19327640533447266
mini_batch_src_global generation:  0.26737475395202637
r_  generation:  2.3838350772857666
local_output_nid generation:  0.05001688003540039
local_in_edges_tensor generation:  0.15754175186157227
mini_batch_src_global generation:  0.26540255546569824
r_  generation:  2.3582985401153564
local_output_nid generation:  0.03566622734069824
local_in_edges_tensor generation:  0.14514708518981934
mini_batch_src_global generation:  0.26616644859313965
r_  generation:  2.373633623123169
local_output_nid generation:  0.03512454032897949
local_in_edges_tensor generation:  0.14194512367248535
mini_batch_src_global generation:  0.2708115577697754
r_  generation:  2.4085943698883057
local_output_nid generation:  0.03487896919250488
local_in_edges_tensor generation:  0.13596725463867188
mini_batch_src_global generation:  0.2698798179626465
r_  generation:  2.3817524909973145
local_output_nid generation:  0.03436017036437988
local_in_edges_tensor generation:  0.14345932006835938
mini_batch_src_global generation:  0.26906394958496094
r_  generation:  2.368190050125122
local_output_nid generation:  0.03502964973449707
local_in_edges_tensor generation:  0.19869112968444824
mini_batch_src_global generation:  0.2673013210296631
r_  generation:  2.4127519130706787
local_output_nid generation:  0.05985546112060547
local_in_edges_tensor generation:  0.1783595085144043
mini_batch_src_global generation:  0.2681591510772705
r_  generation:  2.4090542793273926
local_output_nid generation:  0.03738713264465332
local_in_edges_tensor generation:  0.1538679599761963
mini_batch_src_global generation:  0.267988920211792
r_  generation:  2.382246255874634
local_output_nid generation:  0.035169363021850586
local_in_edges_tensor generation:  0.14533495903015137
mini_batch_src_global generation:  0.27120542526245117
r_  generation:  2.371958017349243
local_output_nid generation:  0.03528571128845215
local_in_edges_tensor generation:  0.1415541172027588
mini_batch_src_global generation:  0.26682400703430176
r_  generation:  2.438491106033325
local_output_nid generation:  0.03502798080444336
local_in_edges_tensor generation:  0.13597702980041504
mini_batch_src_global generation:  0.2644767761230469
r_  generation:  2.449650526046753
local_output_nid generation:  0.03484153747558594
local_in_edges_tensor generation:  0.13580846786499023
mini_batch_src_global generation:  0.26785945892333984
r_  generation:  2.3746159076690674
local_output_nid generation:  0.0346379280090332
local_in_edges_tensor generation:  0.21758818626403809
mini_batch_src_global generation:  0.2833750247955322
r_  generation:  2.4038894176483154
local_output_nid generation:  0.0606684684753418
local_in_edges_tensor generation:  0.16921377182006836
mini_batch_src_global generation:  0.26709938049316406
r_  generation:  2.3847155570983887
local_output_nid generation:  0.04065442085266113
local_in_edges_tensor generation:  0.15178346633911133
mini_batch_src_global generation:  0.268923282623291
r_  generation:  2.3762736320495605
local_output_nid generation:  0.035192012786865234
local_in_edges_tensor generation:  0.1424872875213623
mini_batch_src_global generation:  0.27201390266418457
r_  generation:  2.3998606204986572
local_output_nid generation:  0.03509640693664551
local_in_edges_tensor generation:  0.13930988311767578
mini_batch_src_global generation:  0.278656005859375
r_  generation:  2.4042861461639404
local_output_nid generation:  0.03516507148742676
local_in_edges_tensor generation:  0.13571715354919434
mini_batch_src_global generation:  0.2681090831756592
r_  generation:  2.4474661350250244
local_output_nid generation:  0.03520512580871582
local_in_edges_tensor generation:  0.1773824691772461
mini_batch_src_global generation:  0.2668790817260742
r_  generation:  2.4218807220458984
local_output_nid generation:  0.03533315658569336
local_in_edges_tensor generation:  0.19891738891601562
mini_batch_src_global generation:  0.270266056060791
r_  generation:  2.4161922931671143
local_output_nid generation:  0.05206131935119629
local_in_edges_tensor generation:  0.1617906093597412
mini_batch_src_global generation:  0.26711297035217285
r_  generation:  2.3939766883850098
local_output_nid generation:  0.035096168518066406
local_in_edges_tensor generation:  0.14573311805725098
mini_batch_src_global generation:  0.2663917541503906
r_  generation:  2.3512604236602783
local_output_nid generation:  0.03507423400878906
local_in_edges_tensor generation:  0.1412520408630371
mini_batch_src_global generation:  0.26616525650024414
r_  generation:  2.3794517517089844
local_output_nid generation:  0.035007476806640625
local_in_edges_tensor generation:  0.13555145263671875
mini_batch_src_global generation:  0.26838159561157227
r_  generation:  2.363520383834839
local_output_nid generation:  0.035308837890625
local_in_edges_tensor generation:  0.14857149124145508
mini_batch_src_global generation:  0.2667067050933838
r_  generation:  2.4511806964874268
local_output_nid generation:  0.03541231155395508
local_in_edges_tensor generation:  0.17774534225463867
mini_batch_src_global generation:  0.2702164649963379
r_  generation:  2.4321188926696777
local_output_nid generation:  0.03520822525024414
local_in_edges_tensor generation:  0.20119810104370117
mini_batch_src_global generation:  0.27050256729125977
r_  generation:  2.40487003326416
local_output_nid generation:  0.052171945571899414
local_in_edges_tensor generation:  0.16223406791687012
mini_batch_src_global generation:  0.2682666778564453
r_  generation:  2.402498960494995
local_output_nid generation:  0.036392927169799805
local_in_edges_tensor generation:  0.15274953842163086
mini_batch_src_global generation:  0.2748544216156006
r_  generation:  2.4199295043945312
local_output_nid generation:  0.03524279594421387
local_in_edges_tensor generation:  0.14402079582214355
mini_batch_src_global generation:  0.26981115341186523
r_  generation:  2.4147093296051025
local_output_nid generation:  0.03521728515625
local_in_edges_tensor generation:  0.13714075088500977
mini_batch_src_global generation:  0.27754640579223633
r_  generation:  2.4111053943634033
local_output_nid generation:  0.035331010818481445
local_in_edges_tensor generation:  0.13536429405212402
mini_batch_src_global generation:  0.29581785202026367
r_  generation:  2.3859896659851074
local_output_nid generation:  0.03546404838562012
local_in_edges_tensor generation:  0.2230970859527588
mini_batch_src_global generation:  0.27016496658325195
r_  generation:  2.44694185256958
local_output_nid generation:  0.0615384578704834
local_in_edges_tensor generation:  0.16803812980651855
mini_batch_src_global generation:  0.27837157249450684
r_  generation:  2.3852431774139404
local_output_nid generation:  0.03659391403198242
local_in_edges_tensor generation:  0.1537487506866455
mini_batch_src_global generation:  0.26804065704345703
r_  generation:  2.3791277408599854
local_output_nid generation:  0.035035133361816406
local_in_edges_tensor generation:  0.14081978797912598
mini_batch_src_global generation:  0.26773810386657715
r_  generation:  2.349092960357666
local_output_nid generation:  0.03505420684814453
local_in_edges_tensor generation:  0.14068818092346191
mini_batch_src_global generation:  0.2755894660949707
r_  generation:  2.4172568321228027
local_output_nid generation:  0.03515195846557617
local_in_edges_tensor generation:  0.13451933860778809
mini_batch_src_global generation:  0.2787139415740967
r_  generation:  2.4257285594940186
local_output_nid generation:  0.03483390808105469
local_in_edges_tensor generation:  0.17438220977783203
mini_batch_src_global generation:  0.26598191261291504
r_  generation:  2.3779611587524414
local_output_nid generation:  0.046273231506347656
local_in_edges_tensor generation:  0.1974802017211914
mini_batch_src_global generation:  0.27730894088745117
r_  generation:  2.389951229095459
local_output_nid generation:  0.04493856430053711
local_in_edges_tensor generation:  0.16108417510986328
mini_batch_src_global generation:  0.2656593322753906
r_  generation:  2.385136842727661
local_output_nid generation:  0.03622770309448242
local_in_edges_tensor generation:  0.14905405044555664
mini_batch_src_global generation:  0.2686343193054199
r_  generation:  2.383225679397583
local_output_nid generation:  0.035286903381347656
local_in_edges_tensor generation:  0.14422917366027832
mini_batch_src_global generation:  0.2654871940612793
r_  generation:  2.4057083129882812
local_output_nid generation:  0.03518342971801758
local_in_edges_tensor generation:  0.14470982551574707
mini_batch_src_global generation:  0.2652773857116699
r_  generation:  2.396739959716797
local_output_nid generation:  0.0352931022644043
local_in_edges_tensor generation:  0.14659714698791504
mini_batch_src_global generation:  0.27043795585632324
r_  generation:  2.388714075088501
local_output_nid generation:  0.03827977180480957
local_in_edges_tensor generation:  0.21823382377624512
mini_batch_src_global generation:  0.2669041156768799
r_  generation:  2.4384214878082275
local_output_nid generation:  0.06287646293640137
local_in_edges_tensor generation:  0.17131662368774414
mini_batch_src_global generation:  0.2680087089538574
r_  generation:  2.385528326034546
local_output_nid generation:  0.03646421432495117
local_in_edges_tensor generation:  0.15198326110839844
mini_batch_src_global generation:  0.2653486728668213
r_  generation:  2.3767523765563965
local_output_nid generation:  0.03541707992553711
local_in_edges_tensor generation:  0.1429462432861328
mini_batch_src_global generation:  0.3294179439544678
r_  generation:  2.651752233505249
local_output_nid generation:  0.06273365020751953
local_in_edges_tensor generation:  0.2250838279724121
mini_batch_src_global generation:  0.2757232189178467
r_  generation:  2.3813247680664062
local_output_nid generation:  0.053371429443359375
local_in_edges_tensor generation:  0.18309330940246582
mini_batch_src_global generation:  0.2765212059020996
r_  generation:  2.527855634689331
local_output_nid generation:  0.07474684715270996
local_in_edges_tensor generation:  0.22283267974853516
mini_batch_src_global generation:  0.26470303535461426
r_  generation:  2.3979902267456055
local_output_nid generation:  0.036849021911621094
local_in_edges_tensor generation:  0.1751861572265625
mini_batch_src_global generation:  0.27008867263793945
r_  generation:  2.4355714321136475
local_output_nid generation:  0.03566479682922363
local_in_edges_tensor generation:  0.15211224555969238
mini_batch_src_global generation:  0.27758216857910156
r_  generation:  2.4575507640838623
local_output_nid generation:  0.03554344177246094
local_in_edges_tensor generation:  0.2080686092376709
mini_batch_src_global generation:  0.26693105697631836
r_  generation:  2.472346067428589
local_output_nid generation:  0.06387686729431152
local_in_edges_tensor generation:  0.18046283721923828
mini_batch_src_global generation:  0.2667093276977539
r_  generation:  2.3718159198760986
local_output_nid generation:  0.03641033172607422
local_in_edges_tensor generation:  0.15659308433532715
mini_batch_src_global generation:  0.2664601802825928
r_  generation:  2.3716156482696533
local_output_nid generation:  0.03562021255493164
local_in_edges_tensor generation:  0.14960980415344238
mini_batch_src_global generation:  0.27018284797668457
r_  generation:  2.4279539585113525
local_output_nid generation:  0.03506135940551758
local_in_edges_tensor generation:  0.1382594108581543
mini_batch_src_global generation:  0.28476476669311523
r_  generation:  2.374241590499878
local_output_nid generation:  0.035254478454589844
local_in_edges_tensor generation:  0.1368873119354248
mini_batch_src_global generation:  0.2954845428466797
r_  generation:  2.36926007270813
local_output_nid generation:  0.03538227081298828
local_in_edges_tensor generation:  0.23088932037353516
mini_batch_src_global generation:  0.28278112411499023
r_  generation:  2.418063163757324
local_output_nid generation:  0.05360102653503418
local_in_edges_tensor generation:  0.16809606552124023
mini_batch_src_global generation:  0.2650456428527832
r_  generation:  2.35965633392334
local_output_nid generation:  0.03671860694885254
local_in_edges_tensor generation:  0.15395426750183105
mini_batch_src_global generation:  0.2663426399230957
r_  generation:  2.3816003799438477
local_output_nid generation:  0.035625457763671875
local_in_edges_tensor generation:  0.1464247703552246
mini_batch_src_global generation:  0.26897668838500977
r_  generation:  2.400484085083008
local_output_nid generation:  0.03858828544616699
local_in_edges_tensor generation:  0.13985657691955566
mini_batch_src_global generation:  0.2731761932373047
r_  generation:  2.4287025928497314
local_output_nid generation:  0.03554224967956543
local_in_edges_tensor generation:  0.1364736557006836
mini_batch_src_global generation:  0.281282901763916
r_  generation:  2.4326138496398926
local_output_nid generation:  0.034915924072265625
local_in_edges_tensor generation:  0.20253300666809082
mini_batch_src_global generation:  0.2611703872680664
r_  generation:  2.4188196659088135
local_output_nid generation:  0.06386446952819824
local_in_edges_tensor generation:  0.18147611618041992
mini_batch_src_global generation:  0.2688920497894287
r_  generation:  2.3999063968658447
local_output_nid generation:  0.03698992729187012
local_in_edges_tensor generation:  0.15784978866577148
mini_batch_src_global generation:  0.2677173614501953
r_  generation:  2.3906948566436768
local_output_nid generation:  0.0373382568359375
local_in_edges_tensor generation:  0.14928984642028809
mini_batch_src_global generation:  0.26733922958374023
r_  generation:  2.400729179382324
local_output_nid generation:  0.03592348098754883
local_in_edges_tensor generation:  0.14142584800720215
mini_batch_src_global generation:  0.28037309646606445
r_  generation:  2.420386791229248
local_output_nid generation:  0.03545737266540527
local_in_edges_tensor generation:  0.13981842994689941
mini_batch_src_global generation:  0.2644059658050537
r_  generation:  2.436516284942627
local_output_nid generation:  0.035334110260009766
local_in_edges_tensor generation:  0.17720270156860352
mini_batch_src_global generation:  0.2688260078430176
r_  generation:  2.430790662765503
local_output_nid generation:  0.047582387924194336
local_in_edges_tensor generation:  0.21061325073242188
mini_batch_src_global generation:  0.266709566116333
r_  generation:  2.4189341068267822
local_output_nid generation:  0.0420222282409668
local_in_edges_tensor generation:  0.14703822135925293
mini_batch_src_global generation:  0.24722838401794434
r_  generation:  2.1852402687072754
----------------------check_connections_block total spend ----------------------------- 423.4709806442261
generate_one_block  4.0598485469818115
generate_one_block  3.122238874435425
generate_one_block  3.103471040725708
generate_one_block  3.443445920944214
generate_one_block  3.267040252685547
generate_one_block  3.1160271167755127
generate_one_block  3.1451075077056885
generate_one_block  3.104491949081421
generate_one_block  3.11100435256958
generate_one_block  3.1067399978637695
generate_one_block  3.326179027557373
generate_one_block  3.3714816570281982
generate_one_block  3.0904977321624756
generate_one_block  3.133164167404175
generate_one_block  3.1065332889556885
generate_one_block  3.1322591304779053
generate_one_block  3.0850486755371094
generate_one_block  3.395711660385132
generate_one_block  3.256917715072632
generate_one_block  3.086111545562744
generate_one_block  3.0740740299224854
generate_one_block  3.1282799243927
generate_one_block  3.111480712890625
generate_one_block  3.1057145595550537
generate_one_block  3.523850440979004
generate_one_block  3.2093582153320312
generate_one_block  3.144808769226074
generate_one_block  3.1154608726501465
generate_one_block  3.131122589111328
generate_one_block  3.1099798679351807
generate_one_block  3.1311681270599365
generate_one_block  3.5281009674072266
generate_one_block  3.0851926803588867
generate_one_block  3.137800931930542
generate_one_block  3.1279208660125732
generate_one_block  3.1054506301879883
generate_one_block  3.103461980819702
generate_one_block  3.2138893604278564
generate_one_block  3.4135396480560303
generate_one_block  3.1813862323760986
generate_one_block  3.1174328327178955
generate_one_block  3.0554521083831787
generate_one_block  3.0730507373809814
generate_one_block  3.146193504333496
generate_one_block  3.22605562210083
generate_one_block  3.3980278968811035
generate_one_block  3.1105263233184814
generate_one_block  3.146603584289551
generate_one_block  3.077500343322754
generate_one_block  3.1339361667633057
generate_one_block  3.129981517791748
generate_one_block  3.145230770111084
generate_one_block  3.5782787799835205
generate_one_block  3.1043901443481445
generate_one_block  3.0822601318359375
generate_one_block  3.129941463470459
generate_one_block  3.095217227935791
generate_one_block  3.074493169784546
generate_one_block  3.1240646839141846
generate_one_block  3.6394591331481934
generate_one_block  3.102851390838623
generate_one_block  3.119420051574707
generate_one_block  3.0947422981262207
generate_one_block  3.090623140335083
generate_one_block  3.138216257095337
generate_one_block  3.153010606765747
generate_one_block  3.5454680919647217
generate_one_block  3.140242338180542
generate_one_block  3.1172401905059814
generate_one_block  3.0590944290161133
generate_one_block  3.130854845046997
generate_one_block  3.151432752609253
generate_one_block  3.2957019805908203
generate_one_block  3.392554998397827
generate_one_block  3.0682382583618164
generate_one_block  3.0633513927459717
generate_one_block  3.0751516819000244
generate_one_block  3.1463141441345215
generate_one_block  3.1994123458862305
generate_one_block  3.5266427993774414
generate_one_block  3.213916063308716
generate_one_block  3.151137351989746
generate_one_block  3.0939462184906006
generate_one_block  3.098778247833252
generate_one_block  3.1246731281280518
generate_one_block  3.126406669616699
generate_one_block  3.5459067821502686
generate_one_block  3.145658493041992
generate_one_block  3.149475336074829
generate_one_block  3.4912757873535156
generate_one_block  3.22788405418396
generate_one_block  3.1885085105895996
generate_one_block  3.6006181240081787
generate_one_block  3.0952680110931396
generate_one_block  3.1075637340545654
generate_one_block  3.0867984294891357
generate_one_block  3.1344282627105713
generate_one_block  3.4364774227142334
generate_one_block  3.286195755004883
generate_one_block  3.095715045928955
generate_one_block  3.0943870544433594
generate_one_block  3.068150520324707
generate_one_block  3.1068294048309326
generate_one_block  3.13059401512146
generate_one_block  4.060619592666626
generate_one_block  3.125847101211548
generate_one_block  3.0996601581573486
generate_one_block  3.1131227016448975
generate_one_block  3.095707654953003
generate_one_block  3.1552817821502686
generate_one_block  3.492048501968384
generate_one_block  3.2197303771972656
generate_one_block  3.1073038578033447
generate_one_block  3.1074881553649902
generate_one_block  3.0683186054229736
generate_one_block  3.1711978912353516
generate_one_block  3.154905080795288
generate_one_block  3.6358230113983154
generate_one_block  3.160438060760498
generate_one_block  3.0610733032226562
generate_one_block  3.126800537109375
generate_one_block  3.136528730392456
generate_one_block  3.140446186065674
generate_one_block  3.1440589427948
generate_one_block  3.587916135787964
generate_one_block  3.1256134510040283
generate_one_block  3.139164686203003
generate_one_block  2.7554128170013428
The real block id is  0
get_global_graph_edges_ids_block function  spend 3.5718839168548584
gen group dst list time:  4.755650997161865
time for parepare:  0.48055386543273926
local_output_nid generation:  0.36841893196105957
local_in_edges_tensor generation:  1.2814116477966309
mini_batch_src_global generation:  1.3558704853057861
r_  generation:  15.635646104812622
local_output_nid generation:  0.3849194049835205
local_in_edges_tensor generation:  1.2405695915222168
mini_batch_src_global generation:  1.7761733531951904
r_  generation:  15.472522735595703
local_output_nid generation:  0.38985419273376465
local_in_edges_tensor generation:  1.3955235481262207
mini_batch_src_global generation:  1.7444019317626953
r_  generation:  15.50590205192566
local_output_nid generation:  0.39899635314941406
local_in_edges_tensor generation:  1.0612566471099854
mini_batch_src_global generation:  1.9441554546356201
r_  generation:  15.796952247619629
local_output_nid generation:  0.4054746627807617
local_in_edges_tensor generation:  1.2476475238800049
mini_batch_src_global generation:  1.7216029167175293
r_  generation:  16.230411291122437
local_output_nid generation:  0.36670517921447754
local_in_edges_tensor generation:  1.2337884902954102
mini_batch_src_global generation:  1.7561707496643066
r_  generation:  16.12468385696411
local_output_nid generation:  0.38834214210510254
local_in_edges_tensor generation:  1.246764898300171
mini_batch_src_global generation:  1.7871668338775635
r_  generation:  16.12289333343506
local_output_nid generation:  0.40668559074401855
local_in_edges_tensor generation:  1.0797176361083984
mini_batch_src_global generation:  2.022125720977783
r_  generation:  15.751764059066772
local_output_nid generation:  0.40964484214782715
local_in_edges_tensor generation:  1.262389898300171
mini_batch_src_global generation:  1.7383434772491455
r_  generation:  16.19170093536377
local_output_nid generation:  0.3740882873535156
local_in_edges_tensor generation:  1.2736742496490479
mini_batch_src_global generation:  1.7649765014648438
r_  generation:  15.996623992919922
local_output_nid generation:  0.3943028450012207
local_in_edges_tensor generation:  1.257162094116211
mini_batch_src_global generation:  1.7614789009094238
r_  generation:  15.850899457931519
local_output_nid generation:  0.4123260974884033
local_in_edges_tensor generation:  1.0955390930175781
mini_batch_src_global generation:  1.9892961978912354
r_  generation:  15.92818307876587
local_output_nid generation:  0.4069862365722656
local_in_edges_tensor generation:  1.2602808475494385
mini_batch_src_global generation:  1.804947853088379
r_  generation:  16.078567504882812
local_output_nid generation:  0.3728344440460205
local_in_edges_tensor generation:  1.2958471775054932
mini_batch_src_global generation:  1.7845416069030762
r_  generation:  16.254759788513184
local_output_nid generation:  0.3945884704589844
local_in_edges_tensor generation:  1.2655706405639648
mini_batch_src_global generation:  1.9163460731506348
r_  generation:  16.263704538345337
local_output_nid generation:  0.395519495010376
local_in_edges_tensor generation:  1.2976148128509521
mini_batch_src_global generation:  1.8249180316925049
r_  generation:  16.1180362701416
local_output_nid generation:  0.3910253047943115
local_in_edges_tensor generation:  1.2524549961090088
mini_batch_src_global generation:  1.7615363597869873
r_  generation:  15.873176574707031
local_output_nid generation:  0.4216034412384033
local_in_edges_tensor generation:  1.083923101425171
mini_batch_src_global generation:  1.8920252323150635
r_  generation:  15.719606637954712
local_output_nid generation:  0.4142580032348633
local_in_edges_tensor generation:  1.2847473621368408
mini_batch_src_global generation:  1.8376281261444092
r_  generation:  16.215168952941895
local_output_nid generation:  0.37034177780151367
local_in_edges_tensor generation:  1.2864344120025635
mini_batch_src_global generation:  1.7556393146514893
r_  generation:  16.15359926223755
local_output_nid generation:  0.3941972255706787
local_in_edges_tensor generation:  1.2536933422088623
mini_batch_src_global generation:  1.7616028785705566
r_  generation:  15.895329475402832
local_output_nid generation:  0.4152698516845703
local_in_edges_tensor generation:  1.0975265502929688
mini_batch_src_global generation:  1.978193759918213
r_  generation:  15.863234996795654
local_output_nid generation:  0.4123222827911377
local_in_edges_tensor generation:  1.282383680343628
mini_batch_src_global generation:  1.884951114654541
r_  generation:  16.357149124145508
local_output_nid generation:  0.4171276092529297
local_in_edges_tensor generation:  1.2972571849822998
mini_batch_src_global generation:  1.7432703971862793
r_  generation:  16.23791813850403
local_output_nid generation:  0.3866605758666992
local_in_edges_tensor generation:  1.2872135639190674
mini_batch_src_global generation:  1.8224592208862305
r_  generation:  16.4067542552948
local_output_nid generation:  0.4156324863433838
local_in_edges_tensor generation:  1.2810473442077637
mini_batch_src_global generation:  1.8397996425628662
r_  generation:  15.946512937545776
local_output_nid generation:  0.42050671577453613
local_in_edges_tensor generation:  1.093595027923584
mini_batch_src_global generation:  1.9680812358856201
r_  generation:  16.10007095336914
local_output_nid generation:  0.4241063594818115
local_in_edges_tensor generation:  1.2853198051452637
mini_batch_src_global generation:  1.7442622184753418
r_  generation:  16.3660831451416
local_output_nid generation:  0.3861660957336426
local_in_edges_tensor generation:  1.2964599132537842
mini_batch_src_global generation:  1.8030905723571777
r_  generation:  16.285361766815186
local_output_nid generation:  0.40175318717956543
local_in_edges_tensor generation:  1.2777085304260254
mini_batch_src_global generation:  1.8012402057647705
r_  generation:  15.931610107421875
local_output_nid generation:  0.4180445671081543
local_in_edges_tensor generation:  1.1008923053741455
mini_batch_src_global generation:  1.9685897827148438
r_  generation:  15.860933542251587
local_output_nid generation:  0.4172234535217285
local_in_edges_tensor generation:  1.2853858470916748
mini_batch_src_global generation:  1.8531019687652588
r_  generation:  16.056786060333252
local_output_nid generation:  0.4118032455444336
local_in_edges_tensor generation:  1.2568275928497314
mini_batch_src_global generation:  1.7110795974731445
r_  generation:  16.064605236053467
local_output_nid generation:  0.40352296829223633
local_in_edges_tensor generation:  1.2872915267944336
mini_batch_src_global generation:  1.785050392150879
r_  generation:  16.26122236251831
local_output_nid generation:  0.4017484188079834
local_in_edges_tensor generation:  1.2910058498382568
mini_batch_src_global generation:  1.8107249736785889
r_  generation:  16.15108823776245
local_output_nid generation:  0.4197371006011963
local_in_edges_tensor generation:  1.0951988697052002
mini_batch_src_global generation:  1.9937355518341064
r_  generation:  15.906258583068848
local_output_nid generation:  0.41655540466308594
local_in_edges_tensor generation:  1.2934319972991943
mini_batch_src_global generation:  1.8711872100830078
r_  generation:  15.910358667373657
local_output_nid generation:  0.41626620292663574
local_in_edges_tensor generation:  1.2664589881896973
mini_batch_src_global generation:  1.716127634048462
r_  generation:  16.189881324768066
local_output_nid generation:  0.39867162704467773
local_in_edges_tensor generation:  1.2751574516296387
mini_batch_src_global generation:  1.7861640453338623
r_  generation:  16.22761082649231
local_output_nid generation:  0.3978714942932129
local_in_edges_tensor generation:  1.2732081413269043
mini_batch_src_global generation:  1.7948811054229736
r_  generation:  15.936817407608032
local_output_nid generation:  0.42654991149902344
local_in_edges_tensor generation:  1.1022958755493164
mini_batch_src_global generation:  2.00673508644104
r_  generation:  15.90516996383667
local_output_nid generation:  0.4167780876159668
local_in_edges_tensor generation:  1.2719511985778809
mini_batch_src_global generation:  1.8367383480072021
r_  generation:  15.967561483383179
local_output_nid generation:  0.4136230945587158
local_in_edges_tensor generation:  1.2746591567993164
mini_batch_src_global generation:  1.7255492210388184
r_  generation:  16.268443822860718
local_output_nid generation:  0.40073180198669434
local_in_edges_tensor generation:  1.2762386798858643
mini_batch_src_global generation:  1.7866406440734863
r_  generation:  16.368871212005615
local_output_nid generation:  0.4009582996368408
local_in_edges_tensor generation:  1.284440517425537
mini_batch_src_global generation:  1.792482852935791
r_  generation:  16.071240425109863
local_output_nid generation:  0.41411685943603516
local_in_edges_tensor generation:  1.0978097915649414
mini_batch_src_global generation:  1.9484076499938965
r_  generation:  15.84360671043396
local_output_nid generation:  0.43557238578796387
local_in_edges_tensor generation:  1.283750057220459
mini_batch_src_global generation:  1.9310693740844727
r_  generation:  15.892821073532104
local_output_nid generation:  0.42618751525878906
local_in_edges_tensor generation:  1.2800486087799072
mini_batch_src_global generation:  1.7388694286346436
r_  generation:  16.33904218673706
local_output_nid generation:  0.37991952896118164
local_in_edges_tensor generation:  1.2782931327819824
mini_batch_src_global generation:  1.7839469909667969
r_  generation:  16.246238946914673
local_output_nid generation:  0.40185022354125977
local_in_edges_tensor generation:  1.290400505065918
mini_batch_src_global generation:  1.7932543754577637
r_  generation:  16.154234647750854
local_output_nid generation:  0.4174768924713135
local_in_edges_tensor generation:  1.0995292663574219
mini_batch_src_global generation:  1.9554591178894043
r_  generation:  15.855570554733276
local_output_nid generation:  0.446338415145874
local_in_edges_tensor generation:  1.2806828022003174
mini_batch_src_global generation:  1.8828167915344238
r_  generation:  16.104256868362427
local_output_nid generation:  0.41645240783691406
local_in_edges_tensor generation:  1.2665753364562988
mini_batch_src_global generation:  1.8002843856811523
r_  generation:  16.313705444335938
local_output_nid generation:  0.38358569145202637
local_in_edges_tensor generation:  1.286919116973877
mini_batch_src_global generation:  1.7987148761749268
r_  generation:  16.217731714248657
local_output_nid generation:  0.39998650550842285
local_in_edges_tensor generation:  1.2645649909973145
mini_batch_src_global generation:  1.9048469066619873
r_  generation:  16.20912480354309
local_output_nid generation:  0.40935754776000977
local_in_edges_tensor generation:  1.2749574184417725
mini_batch_src_global generation:  1.826415777206421
r_  generation:  16.413336992263794
local_output_nid generation:  0.4165477752685547
local_in_edges_tensor generation:  1.2648084163665771
mini_batch_src_global generation:  1.8087372779846191
r_  generation:  15.85688304901123
local_output_nid generation:  0.4193582534790039
local_in_edges_tensor generation:  1.075425148010254
mini_batch_src_global generation:  1.9779279232025146
r_  generation:  15.800421714782715
local_output_nid generation:  0.4278242588043213
local_in_edges_tensor generation:  1.3118672370910645
mini_batch_src_global generation:  1.8465466499328613
r_  generation:  16.14981245994568
local_output_nid generation:  0.4251224994659424
local_in_edges_tensor generation:  1.2859885692596436
mini_batch_src_global generation:  1.7518823146820068
r_  generation:  16.48522448539734
local_output_nid generation:  0.3821089267730713
local_in_edges_tensor generation:  1.2861440181732178
mini_batch_src_global generation:  1.78017258644104
r_  generation:  16.155226945877075
local_output_nid generation:  0.40910959243774414
local_in_edges_tensor generation:  1.276970624923706
mini_batch_src_global generation:  1.8265562057495117
r_  generation:  16.473674297332764
local_output_nid generation:  0.4190239906311035
local_in_edges_tensor generation:  1.2727820873260498
mini_batch_src_global generation:  1.8149549961090088
r_  generation:  16.010295152664185
local_output_nid generation:  0.42192888259887695
local_in_edges_tensor generation:  1.0938701629638672
mini_batch_src_global generation:  2.032745361328125
r_  generation:  15.995137453079224
local_output_nid generation:  0.43823957443237305
local_in_edges_tensor generation:  1.3091199398040771
mini_batch_src_global generation:  1.9112520217895508
r_  generation:  15.933326244354248
local_output_nid generation:  0.41504549980163574
local_in_edges_tensor generation:  1.2735304832458496
mini_batch_src_global generation:  1.8587846755981445
r_  generation:  16.286630392074585
local_output_nid generation:  0.42144060134887695
local_in_edges_tensor generation:  1.2815229892730713
mini_batch_src_global generation:  1.7436943054199219
r_  generation:  16.48793911933899
local_output_nid generation:  0.37602663040161133
local_in_edges_tensor generation:  1.2817435264587402
mini_batch_src_global generation:  1.809798002243042
r_  generation:  16.31871771812439
local_output_nid generation:  0.4046034812927246
local_in_edges_tensor generation:  1.280716896057129
mini_batch_src_global generation:  1.793792724609375
r_  generation:  16.280713081359863
local_output_nid generation:  0.41864490509033203
local_in_edges_tensor generation:  1.113569974899292
mini_batch_src_global generation:  1.8373441696166992
r_  generation:  15.900060653686523
local_output_nid generation:  0.4275355339050293
local_in_edges_tensor generation:  1.2595813274383545
mini_batch_src_global generation:  1.9770359992980957
r_  generation:  16.03976058959961
local_output_nid generation:  0.440993070602417
local_in_edges_tensor generation:  1.300215244293213
mini_batch_src_global generation:  1.8659274578094482
r_  generation:  16.191905736923218
local_output_nid generation:  0.42454051971435547
local_in_edges_tensor generation:  1.2725975513458252
mini_batch_src_global generation:  1.7414581775665283
r_  generation:  16.388952016830444
local_output_nid generation:  0.3889899253845215
local_in_edges_tensor generation:  6.122675657272339
mini_batch_src_global generation:  1.7850861549377441
r_  generation:  16.293397188186646
local_output_nid generation:  0.38906288146972656
local_in_edges_tensor generation:  1.2774319648742676
mini_batch_src_global generation:  1.7610194683074951
r_  generation:  16.25907564163208
local_output_nid generation:  0.40047574043273926
local_in_edges_tensor generation:  1.2664768695831299
mini_batch_src_global generation:  1.7835865020751953
r_  generation:  16.00727152824402
local_output_nid generation:  0.41680097579956055
local_in_edges_tensor generation:  1.0837993621826172
mini_batch_src_global generation:  1.9203722476959229
r_  generation:  15.963695049285889
local_output_nid generation:  0.4355478286743164
local_in_edges_tensor generation:  1.278954267501831
mini_batch_src_global generation:  1.8818681240081787
r_  generation:  15.832738876342773
local_output_nid generation:  0.4342775344848633
local_in_edges_tensor generation:  1.3157126903533936
mini_batch_src_global generation:  1.8593471050262451
r_  generation:  16.30226421356201
local_output_nid generation:  0.41620421409606934
local_in_edges_tensor generation:  1.2600233554840088
mini_batch_src_global generation:  1.8106679916381836
r_  generation:  16.40405535697937
local_output_nid generation:  0.4174513816833496
local_in_edges_tensor generation:  1.2782554626464844
mini_batch_src_global generation:  1.7533648014068604
r_  generation:  16.307806253433228
local_output_nid generation:  0.38906335830688477
local_in_edges_tensor generation:  1.303253173828125
mini_batch_src_global generation:  1.7726211547851562
r_  generation:  16.163448810577393
local_output_nid generation:  0.39627909660339355
local_in_edges_tensor generation:  1.2571330070495605
mini_batch_src_global generation:  1.7956140041351318
r_  generation:  16.043652057647705
local_output_nid generation:  0.4235539436340332
local_in_edges_tensor generation:  1.0794174671173096
mini_batch_src_global generation:  1.9253625869750977
r_  generation:  15.84155797958374
local_output_nid generation:  0.43047046661376953
local_in_edges_tensor generation:  1.2678203582763672
mini_batch_src_global generation:  1.9626989364624023
r_  generation:  16.084986925125122
local_output_nid generation:  0.4232943058013916
local_in_edges_tensor generation:  1.2847192287445068
mini_batch_src_global generation:  1.862621545791626
r_  generation:  16.174715518951416
local_output_nid generation:  0.4165494441986084
local_in_edges_tensor generation:  1.2724316120147705
mini_batch_src_global generation:  1.9300284385681152
r_  generation:  16.294848918914795
local_output_nid generation:  0.418748140335083
local_in_edges_tensor generation:  1.2706778049468994
mini_batch_src_global generation:  1.7431190013885498
r_  generation:  16.526260137557983
local_output_nid generation:  0.37126779556274414
local_in_edges_tensor generation:  1.2857022285461426
mini_batch_src_global generation:  1.796701192855835
r_  generation:  16.175220727920532
local_output_nid generation:  0.4061291217803955
local_in_edges_tensor generation:  1.2614965438842773
mini_batch_src_global generation:  1.8438751697540283
r_  generation:  16.405617237091064
local_output_nid generation:  0.417036771774292
local_in_edges_tensor generation:  1.2506780624389648
mini_batch_src_global generation:  1.8116686344146729
r_  generation:  16.024000644683838
local_output_nid generation:  0.41712522506713867
local_in_edges_tensor generation:  1.0672705173492432
mini_batch_src_global generation:  1.9645674228668213
r_  generation:  15.779191732406616
local_output_nid generation:  0.44039154052734375
local_in_edges_tensor generation:  1.2699918746948242
mini_batch_src_global generation:  1.9839489459991455
r_  generation:  15.895770072937012
local_output_nid generation:  0.41680908203125
local_in_edges_tensor generation:  1.282209873199463
mini_batch_src_global generation:  1.8654563426971436
r_  generation:  16.008896350860596
local_output_nid generation:  0.4214949607849121
local_in_edges_tensor generation:  1.324960470199585
mini_batch_src_global generation:  1.8751754760742188
r_  generation:  16.155845642089844
local_output_nid generation:  0.416384220123291
local_in_edges_tensor generation:  1.2592582702636719
mini_batch_src_global generation:  1.8102588653564453
r_  generation:  16.28732943534851
local_output_nid generation:  0.41866207122802734
local_in_edges_tensor generation:  1.281142234802246
mini_batch_src_global generation:  1.7544217109680176
r_  generation:  16.314082384109497
local_output_nid generation:  0.3863041400909424
local_in_edges_tensor generation:  1.3159584999084473
mini_batch_src_global generation:  1.7969508171081543
r_  generation:  16.321458101272583
local_output_nid generation:  0.4003939628601074
local_in_edges_tensor generation:  1.2741966247558594
mini_batch_src_global generation:  1.8086013793945312
r_  generation:  16.335752487182617
local_output_nid generation:  0.4188969135284424
local_in_edges_tensor generation:  1.2441167831420898
mini_batch_src_global generation:  1.8163502216339111
r_  generation:  16.010817050933838
local_output_nid generation:  0.41840648651123047
local_in_edges_tensor generation:  1.104051113128662
mini_batch_src_global generation:  1.9894921779632568
r_  generation:  15.981926679611206
local_output_nid generation:  0.42322540283203125
local_in_edges_tensor generation:  1.2947099208831787
mini_batch_src_global generation:  1.8873436450958252
r_  generation:  15.99634313583374
local_output_nid generation:  0.42328429222106934
local_in_edges_tensor generation:  1.3059625625610352
mini_batch_src_global generation:  1.8850431442260742
r_  generation:  15.945089340209961
local_output_nid generation:  0.41738343238830566
local_in_edges_tensor generation:  1.2988309860229492
mini_batch_src_global generation:  1.8624801635742188
r_  generation:  16.38372278213501
local_output_nid generation:  0.4229600429534912
local_in_edges_tensor generation:  1.2711522579193115
mini_batch_src_global generation:  1.7857110500335693
r_  generation:  16.513519525527954
local_output_nid generation:  0.3827815055847168
local_in_edges_tensor generation:  1.2924823760986328
mini_batch_src_global generation:  1.8061153888702393
r_  generation:  16.47469735145569
local_output_nid generation:  0.41102147102355957
local_in_edges_tensor generation:  1.3189918994903564
mini_batch_src_global generation:  1.8092296123504639
r_  generation:  16.438315868377686
local_output_nid generation:  0.40537142753601074
local_in_edges_tensor generation:  1.2825720310211182
mini_batch_src_global generation:  1.8284337520599365
r_  generation:  16.437686443328857
local_output_nid generation:  0.4162461757659912
local_in_edges_tensor generation:  1.2672369480133057
mini_batch_src_global generation:  1.8476104736328125
r_  generation:  16.41086435317993
local_output_nid generation:  0.4181036949157715
local_in_edges_tensor generation:  1.2725498676300049
mini_batch_src_global generation:  1.871633768081665
r_  generation:  16.4201500415802
local_output_nid generation:  0.4005403518676758
local_in_edges_tensor generation:  1.2659530639648438
mini_batch_src_global generation:  1.817469835281372
r_  generation:  16.2105712890625
local_output_nid generation:  0.43006396293640137
local_in_edges_tensor generation:  1.0903728008270264
mini_batch_src_global generation:  1.9271175861358643
r_  generation:  16.38041090965271
local_output_nid generation:  0.4370756149291992
local_in_edges_tensor generation:  1.2889413833618164
mini_batch_src_global generation:  2.015455722808838
r_  generation:  16.192453861236572
local_output_nid generation:  0.42665839195251465
local_in_edges_tensor generation:  1.3054766654968262
mini_batch_src_global generation:  1.8883023262023926
r_  generation:  16.355954885482788
local_output_nid generation:  0.43132948875427246
local_in_edges_tensor generation:  1.2944819927215576
mini_batch_src_global generation:  1.8721163272857666
r_  generation:  16.044899940490723
local_output_nid generation:  0.42092084884643555
local_in_edges_tensor generation:  1.2983438968658447
mini_batch_src_global generation:  1.864551067352295
r_  generation:  16.552188634872437
local_output_nid generation:  0.43244099617004395
local_in_edges_tensor generation:  1.2736287117004395
mini_batch_src_global generation:  1.8431904315948486
r_  generation:  16.724246740341187
local_output_nid generation:  0.4404456615447998
local_in_edges_tensor generation:  1.3174772262573242
mini_batch_src_global generation:  1.885481595993042
r_  generation:  16.301892280578613
local_output_nid generation:  0.42442870140075684
local_in_edges_tensor generation:  1.2944717407226562
mini_batch_src_global generation:  1.880324363708496
r_  generation:  16.4323513507843
local_output_nid generation:  0.41977429389953613
local_in_edges_tensor generation:  1.2662911415100098
mini_batch_src_global generation:  1.7378668785095215
r_  generation:  16.46182084083557
local_output_nid generation:  0.3751189708709717
local_in_edges_tensor generation:  1.3130862712860107
mini_batch_src_global generation:  1.8035404682159424
r_  generation:  16.39429998397827
local_output_nid generation:  0.4110450744628906
local_in_edges_tensor generation:  1.274695873260498
mini_batch_src_global generation:  1.845080852508545
r_  generation:  16.62970542907715
local_output_nid generation:  0.412738561630249
local_in_edges_tensor generation:  1.290567398071289
mini_batch_src_global generation:  1.8350088596343994
r_  generation:  16.25946617126465
local_output_nid generation:  0.42339181900024414
local_in_edges_tensor generation:  1.0936191082000732
mini_batch_src_global generation:  1.9900896549224854
r_  generation:  15.955103635787964
local_output_nid generation:  0.4412708282470703
local_in_edges_tensor generation:  1.328392744064331
mini_batch_src_global generation:  1.9967000484466553
r_  generation:  16.08422350883484
local_output_nid generation:  0.43871521949768066
local_in_edges_tensor generation:  1.3058688640594482
mini_batch_src_global generation:  1.9006121158599854
r_  generation:  16.200827836990356
local_output_nid generation:  0.4233236312866211
local_in_edges_tensor generation:  1.326641321182251
mini_batch_src_global generation:  1.896989345550537
r_  generation:  16.242425203323364
local_output_nid generation:  0.39954066276550293
local_in_edges_tensor generation:  1.2229962348937988
mini_batch_src_global generation:  1.8192806243896484
r_  generation:  15.659244775772095
----------------------check_connections_block total spend ----------------------------- 2879.2964372634888
generate_one_block  23.192827701568604
generate_one_block  22.997310876846313
generate_one_block  22.99632501602173
generate_one_block  23.199989795684814
generate_one_block  23.289325714111328
generate_one_block  23.015880584716797
generate_one_block  23.96454405784607
generate_one_block  24.03793954849243
generate_one_block  26.237329244613647
generate_one_block  24.359445571899414
generate_one_block  24.72616934776306
generate_one_block  24.92588472366333
generate_one_block  25.294586420059204
generate_one_block  24.979467630386353
generate_one_block  25.082340002059937
generate_one_block  24.740437507629395
generate_one_block  24.62894034385681
generate_one_block  25.216331243515015
generate_one_block  25.42037606239319
generate_one_block  24.90337824821472
generate_one_block  24.845274209976196
generate_one_block  25.92310070991516
generate_one_block  25.341381311416626
generate_one_block  25.388006925582886
generate_one_block  25.62832760810852
generate_one_block  25.68039608001709
generate_one_block  25.633053064346313
generate_one_block  25.71772003173828
generate_one_block  25.637301445007324
generate_one_block  25.679651975631714
generate_one_block  25.56654119491577
generate_one_block  25.30193328857422
generate_one_block  25.210248231887817
generate_one_block  25.759034156799316
generate_one_block  26.462104558944702
generate_one_block  28.417811155319214
generate_one_block  26.13020896911621
generate_one_block  26.101762533187866
generate_one_block  26.307278633117676
generate_one_block  26.50921654701233
generate_one_block  26.467893362045288
generate_one_block  27.36831521987915
generate_one_block  26.61946988105774
generate_one_block  26.119393825531006
generate_one_block  24.79759407043457
generate_one_block  24.347153902053833
generate_one_block  23.410138845443726
generate_one_block  24.078978538513184
generate_one_block  23.688459396362305
generate_one_block  23.7724826335907
generate_one_block  23.66483211517334
generate_one_block  23.40796685218811
generate_one_block  23.41690754890442
generate_one_block  23.50352430343628
generate_one_block  23.341808080673218
generate_one_block  23.54019570350647
generate_one_block  23.4431254863739
generate_one_block  23.29677104949951
generate_one_block  23.43261218070984
generate_one_block  23.820852994918823
generate_one_block  23.554362297058105
generate_one_block  23.714720964431763
generate_one_block  23.505719900131226
generate_one_block  23.439833641052246
generate_one_block  23.60390043258667
generate_one_block  23.486427068710327
generate_one_block  23.686317682266235
generate_one_block  23.527773141860962
generate_one_block  23.637413501739502
generate_one_block  23.329257488250732
generate_one_block  23.539485692977905
generate_one_block  23.821273803710938
generate_one_block  23.79815173149109
generate_one_block  23.92397427558899
generate_one_block  23.320879697799683
generate_one_block  23.48284411430359
generate_one_block  23.413716077804565
generate_one_block  23.47346019744873
generate_one_block  23.58167791366577
generate_one_block  23.67396831512451
generate_one_block  23.434509754180908
generate_one_block  23.4780695438385
generate_one_block  23.49579381942749
generate_one_block  23.304625272750854
generate_one_block  23.667458295822144
generate_one_block  23.482975244522095
generate_one_block 