Using backend: pytorch
main start at this time 1648194671.5082195
#nodes: 2449029
#edges: 123718024
#classes: 47
success----------------------------------------
196571
39255
2164782
# Nodes: 2400608
# Edges: 123718024
# Train: 196571
# Val: 39255
# Test: 2164782
# Classes: 47

in feats:  100
----------------------------------------before generate_dataloader_block 
 Nvidia-smi: 2.0242919921875 GB
    Memory Allocated: 0.0006527900695800781  GigaBytes
Max Memory Allocated: 0.0006527900695800781  GigaBytes

The real block id is  2
get_global_graph_edges_ids_block function  spend 0.6957619190216064
random selection method range initialization spend 0.014722585678100586
time for parepare:  0.36726975440979004
local_output_nid generation:  0.047206878662109375
local_in_edges_tensor generation:  0.17780542373657227
mini_batch_src_global generation:  0.21416997909545898
r_  generation:  3.1686649322509766
local_output_nid generation:  0.04779529571533203
local_in_edges_tensor generation:  0.14991164207458496
mini_batch_src_global generation:  0.27410125732421875
r_  generation:  3.3430514335632324
----------------------check_connections_block total spend ----------------------------- 8.848806142807007
generate_one_block  9.182582378387451
generate_one_block  4.063232421875
The real block id is  1
get_global_graph_edges_ids_block function  spend 2.4880950450897217
gen group dst list time:  0.07405519485473633
time for parepare:  0.46241068840026855
local_output_nid generation:  0.3954167366027832
local_in_edges_tensor generation:  1.1845104694366455
mini_batch_src_global generation:  1.2004022598266602
r_  generation:  15.80010199546814
local_output_nid generation:  0.4247598648071289
local_in_edges_tensor generation:  1.062696933746338
mini_batch_src_global generation:  1.5186033248901367
r_  generation:  16.62353491783142
----------------------check_connections_block total spend ----------------------------- 44.60422968864441
generate_one_block  21.400577306747437
generate_one_block  21.72558903694153
The real block id is  0
get_global_graph_edges_ids_block function  spend 2.2532575130462646
gen group dst list time:  0.16397500038146973
time for parepare:  0.4787483215332031
local_output_nid generation:  0.6823391914367676
local_in_edges_tensor generation:  1.4383955001831055
mini_batch_src_global generation:  1.2602667808532715
r_  generation:  18.197566986083984
local_output_nid generation:  0.7149872779846191
local_in_edges_tensor generation:  1.42795729637146
mini_batch_src_global generation:  1.723616600036621
r_  generation:  17.95785665512085
----------------------check_connections_block total spend ----------------------------- 51.07351994514465
generate_one_block  23.679638624191284
generate_one_block  23.260945558547974
-----------------------------------------after block dataloader generation 
 Nvidia-smi: 2.0242919921875 GB
    Memory Allocated: 0.0006527900695800781  GigaBytes
Max Memory Allocated: 0.0006527900695800781  GigaBytes

connection checking time:  95.67774963378906
block generation total time  90.06675052642822
average batch blocks generation time:  45.03337526321411
----------------------------------------before batch_pred = model(blocks, batch_inputs) 
 Nvidia-smi: 3.5789794921875 GB
    Memory Allocated: 1.4874200820922852  GigaBytes
Max Memory Allocated: 1.4874200820922852  GigaBytes

Traceback (most recent call last):
  File "pseudo_mini_batch_range_products_sage.py", line 455, in <module>
    main()
  File "pseudo_mini_batch_range_products_sage.py", line 451, in main
    best_test = run(args, device, data)
  File "pseudo_mini_batch_range_products_sage.py", line 276, in run
    batch_pred = model(blocks, batch_inputs)#------------*
  File "/home/cc/.local/lib/python3.6/site-packages/torch/nn/modules/module.py", line 727, in _call_impl
    result = self.forward(*input, **kwargs)
  File "/home/cc/graph_partition_multi_layers/pseudo_mini_batch_full_batch/SAGE/graphsage_model_products.py", line 48, in forward
    x = layer(block, x)
  File "/home/cc/.local/lib/python3.6/site-packages/torch/nn/modules/module.py", line 727, in _call_impl
    result = self.forward(*input, **kwargs)
  File "/home/cc/.local/lib/python3.6/site-packages/dgl/nn/pytorch/conv/sageconv.py", line 258, in forward
    graph.update_all(msg_fn, self._lstm_reducer)
  File "/home/cc/.local/lib/python3.6/site-packages/dgl/heterograph.py", line 4849, in update_all
    ndata = core.message_passing(g, message_func, reduce_func, apply_node_func)
  File "/home/cc/.local/lib/python3.6/site-packages/dgl/core.py", line 337, in message_passing
    ndata = invoke_udf_reduce(g, rfunc, msgdata, orig_nid=orig_nid)
  File "/home/cc/.local/lib/python3.6/site-packages/dgl/core.py", line 143, in invoke_udf_reduce
    bkt_rsts.append(func(nbatch))
  File "/home/cc/.local/lib/python3.6/site-packages/dgl/nn/pytorch/conv/sageconv.py", line 173, in _lstm_reducer
    _, (rst, _) = self.lstm(m, h)
  File "/home/cc/.local/lib/python3.6/site-packages/torch/nn/modules/module.py", line 727, in _call_impl
    result = self.forward(*input, **kwargs)
  File "/home/cc/.local/lib/python3.6/site-packages/torch/nn/modules/rnn.py", line 582, in forward
    self.dropout, self.training, self.bidirectional, self.batch_first)
RuntimeError: CUDA out of memory. Tried to allocate 22.00 MiB (GPU 0; 23.62 GiB total capacity; 20.84 GiB already allocated; 5.44 MiB free; 20.98 GiB reserved in total by PyTorch)
