Using backend: pytorch
main start at this time 1648182599.573468
#nodes: 2449029
#edges: 123718024
#classes: 47
success----------------------------------------
196571
39255
2164782
# Nodes: 2400608
# Edges: 123718024
# Train: 196571
# Val: 39255
# Test: 2164782
# Classes: 47

in feats:  100
----------------------------------------before generate_dataloader_block 
 Nvidia-smi: 2.0242919921875 GB
    Memory Allocated: 0.0006527900695800781  GigaBytes
Max Memory Allocated: 0.0006527900695800781  GigaBytes

The real block id is  2
get_global_graph_edges_ids_block function  spend 0.5092949867248535
random selection method range initialization spend 0.024285078048706055
time for parepare:  0.2929403781890869
local_output_nid generation:  0.07193183898925781
local_in_edges_tensor generation:  0.10986614227294922
mini_batch_src_global generation:  0.13014531135559082
r_  generation:  1.948575735092163
local_output_nid generation:  0.060632944107055664
local_in_edges_tensor generation:  0.11978483200073242
mini_batch_src_global generation:  0.152601957321167
r_  generation:  2.005901336669922
----------------------check_connections_block total spend ----------------------------- 5.6471030712127686
generate_one_block  8.456247091293335
generate_one_block  2.4095795154571533
The real block id is  1
get_global_graph_edges_ids_block function  spend 2.052950143814087
gen group dst list time:  0.06665849685668945
time for parepare:  0.44056081771850586
local_output_nid generation:  0.33029842376708984
local_in_edges_tensor generation:  0.9843554496765137
mini_batch_src_global generation:  1.1202912330627441
r_  generation:  14.73953628540039
local_output_nid generation:  0.36682629585266113
local_in_edges_tensor generation:  0.9910037517547607
mini_batch_src_global generation:  1.381840705871582
r_  generation:  14.52395224571228
----------------------check_connections_block total spend ----------------------------- 40.27156209945679
generate_one_block  19.115468740463257
generate_one_block  18.963903427124023
The real block id is  0
get_global_graph_edges_ids_block function  spend 2.3471155166625977
gen group dst list time:  0.15013933181762695
time for parepare:  0.4664788246154785
local_output_nid generation:  0.617642879486084
local_in_edges_tensor generation:  1.4131879806518555
mini_batch_src_global generation:  1.3139302730560303
r_  generation:  18.50237250328064
local_output_nid generation:  0.6734426021575928
local_in_edges_tensor generation:  1.3158175945281982
mini_batch_src_global generation:  1.8059446811676025
r_  generation:  18.336527109146118
----------------------check_connections_block total spend ----------------------------- 51.565940141677856
generate_one_block  23.63191246986389
generate_one_block  23.391648054122925
-----------------------------------------after block dataloader generation 
 Nvidia-smi: 2.0242919921875 GB
    Memory Allocated: 0.0006527900695800781  GigaBytes
Max Memory Allocated: 0.0006527900695800781  GigaBytes

connection checking time:  91.83750224113464
block generation total time  85.1029326915741
average batch blocks generation time:  42.55146634578705
----------------------------------------before batch_pred = model(blocks, batch_inputs) 
 Nvidia-smi: 3.5028076171875 GB
    Memory Allocated: 1.4106059074401855  GigaBytes
Max Memory Allocated: 1.4106059074401855  GigaBytes

Traceback (most recent call last):
  File "pseudo_mini_batch_range_products_sage.py", line 455, in <module>
    main()
  File "pseudo_mini_batch_range_products_sage.py", line 451, in main
    best_test = run(args, device, data)
  File "pseudo_mini_batch_range_products_sage.py", line 276, in run
    batch_pred = model(blocks, batch_inputs)#------------*
  File "/home/cc/.local/lib/python3.6/site-packages/torch/nn/modules/module.py", line 727, in _call_impl
    result = self.forward(*input, **kwargs)
  File "/home/cc/graph_partition_multi_layers/pseudo_mini_batch_full_batch/SAGE/graphsage_model_products.py", line 48, in forward
    x = layer(block, x)
  File "/home/cc/.local/lib/python3.6/site-packages/torch/nn/modules/module.py", line 727, in _call_impl
    result = self.forward(*input, **kwargs)
  File "/home/cc/.local/lib/python3.6/site-packages/dgl/nn/pytorch/conv/sageconv.py", line 258, in forward
    graph.update_all(msg_fn, self._lstm_reducer)
  File "/home/cc/.local/lib/python3.6/site-packages/dgl/heterograph.py", line 4849, in update_all
    ndata = core.message_passing(g, message_func, reduce_func, apply_node_func)
  File "/home/cc/.local/lib/python3.6/site-packages/dgl/core.py", line 337, in message_passing
    ndata = invoke_udf_reduce(g, rfunc, msgdata, orig_nid=orig_nid)
  File "/home/cc/.local/lib/python3.6/site-packages/dgl/core.py", line 143, in invoke_udf_reduce
    bkt_rsts.append(func(nbatch))
  File "/home/cc/.local/lib/python3.6/site-packages/dgl/nn/pytorch/conv/sageconv.py", line 173, in _lstm_reducer
    _, (rst, _) = self.lstm(m, h)
  File "/home/cc/.local/lib/python3.6/site-packages/torch/nn/modules/module.py", line 727, in _call_impl
    result = self.forward(*input, **kwargs)
  File "/home/cc/.local/lib/python3.6/site-packages/torch/nn/modules/rnn.py", line 582, in forward
    self.dropout, self.training, self.bidirectional, self.batch_first)
RuntimeError: CUDA out of memory. Tried to allocate 74.00 MiB (GPU 0; 23.62 GiB total capacity; 20.83 GiB already allocated; 5.44 MiB free; 20.99 GiB reserved in total by PyTorch)
