Using backend: pytorch
main start at this time 1648209978.1894019
#nodes: 2449029
#edges: 123718024
#classes: 47
success----------------------------------------
196571
39255
2164782
# Nodes: 2400608
# Edges: 123718024
# Train: 196571
# Val: 39255
# Test: 2164782
# Classes: 47

in feats:  100
----------------------------------------before generate_dataloader_block 
 Nvidia-smi: 2.0242919921875 GB
    Memory Allocated: 0.0006527900695800781  GigaBytes
Max Memory Allocated: 0.0006527900695800781  GigaBytes

The real block id is  2
get_global_graph_edges_ids_block function  spend 0.8088510036468506
random selection method range initialization spend 0.016252756118774414
time for parepare:  0.3825995922088623
local_output_nid generation:  0.04797768592834473
local_in_edges_tensor generation:  0.17662930488586426
mini_batch_src_global generation:  0.21654057502746582
r_  generation:  3.1909563541412354
local_output_nid generation:  0.04871392250061035
local_in_edges_tensor generation:  0.145219087600708
mini_batch_src_global generation:  0.27554965019226074
r_  generation:  3.3397037982940674
----------------------check_connections_block total spend ----------------------------- 8.875134468078613
generate_one_block  9.235245704650879
generate_one_block  4.210054159164429
The real block id is  1
get_global_graph_edges_ids_block function  spend 3.49583101272583
gen group dst list time:  0.07662677764892578
time for parepare:  0.45947742462158203
local_output_nid generation:  0.3993804454803467
local_in_edges_tensor generation:  1.5799229145050049
mini_batch_src_global generation:  1.8866915702819824
r_  generation:  23.96520686149597
local_output_nid generation:  0.4284188747406006
local_in_edges_tensor generation:  1.5989437103271484
mini_batch_src_global generation:  2.4565017223358154
r_  generation:  24.63427710533142
----------------------check_connections_block total spend ----------------------------- 66.7070689201355
generate_one_block  33.211403608322144
generate_one_block  35.243228912353516
The real block id is  0
get_global_graph_edges_ids_block function  spend 2.3449866771698
gen group dst list time:  0.17737841606140137
time for parepare:  0.5016603469848633
local_output_nid generation:  0.7376573085784912
local_in_edges_tensor generation:  1.4720594882965088
mini_batch_src_global generation:  1.3846912384033203
r_  generation:  18.60588240623474
local_output_nid generation:  0.7338640689849854
local_in_edges_tensor generation:  1.456599235534668
mini_batch_src_global generation:  1.676713466644287
r_  generation:  18.26934313774109
----------------------check_connections_block total spend ----------------------------- 51.990615367889404
generate_one_block  24.234980821609497
generate_one_block  23.840550661087036
-----------------------------------------after block dataloader generation 
 Nvidia-smi: 2.0242919921875 GB
    Memory Allocated: 0.0006527900695800781  GigaBytes
Max Memory Allocated: 0.0006527900695800781  GigaBytes

connection checking time:  118.6976842880249
block generation total time  116.53016400337219
average batch blocks generation time:  58.265082001686096
----------------------------------------before batch_pred = model(blocks, batch_inputs) 
 Nvidia-smi: 3.7606201171875 GB
    Memory Allocated: 1.6732606887817383  GigaBytes
Max Memory Allocated: 1.6732606887817383  GigaBytes

Traceback (most recent call last):
  File "pseudo_mini_batch_range_products_sage.py", line 455, in <module>
    main()
  File "pseudo_mini_batch_range_products_sage.py", line 451, in main
    best_test = run(args, device, data)
  File "pseudo_mini_batch_range_products_sage.py", line 276, in run
    batch_pred = model(blocks, batch_inputs)#------------*
  File "/home/cc/.local/lib/python3.6/site-packages/torch/nn/modules/module.py", line 727, in _call_impl
    result = self.forward(*input, **kwargs)
  File "/home/cc/graph_partition_multi_layers/pseudo_mini_batch_full_batch/SAGE/graphsage_model_products.py", line 48, in forward
    x = layer(block, x)
  File "/home/cc/.local/lib/python3.6/site-packages/torch/nn/modules/module.py", line 727, in _call_impl
    result = self.forward(*input, **kwargs)
  File "/home/cc/.local/lib/python3.6/site-packages/dgl/nn/pytorch/conv/sageconv.py", line 258, in forward
    graph.update_all(msg_fn, self._lstm_reducer)
  File "/home/cc/.local/lib/python3.6/site-packages/dgl/heterograph.py", line 4849, in update_all
    ndata = core.message_passing(g, message_func, reduce_func, apply_node_func)
  File "/home/cc/.local/lib/python3.6/site-packages/dgl/core.py", line 337, in message_passing
    ndata = invoke_udf_reduce(g, rfunc, msgdata, orig_nid=orig_nid)
  File "/home/cc/.local/lib/python3.6/site-packages/dgl/core.py", line 143, in invoke_udf_reduce
    bkt_rsts.append(func(nbatch))
  File "/home/cc/.local/lib/python3.6/site-packages/dgl/nn/pytorch/conv/sageconv.py", line 173, in _lstm_reducer
    _, (rst, _) = self.lstm(m, h)
  File "/home/cc/.local/lib/python3.6/site-packages/torch/nn/modules/module.py", line 727, in _call_impl
    result = self.forward(*input, **kwargs)
  File "/home/cc/.local/lib/python3.6/site-packages/torch/nn/modules/rnn.py", line 582, in forward
    self.dropout, self.training, self.bidirectional, self.batch_first)
RuntimeError: CUDA out of memory. Tried to allocate 90.00 MiB (GPU 0; 23.62 GiB total capacity; 20.74 GiB already allocated; 15.44 MiB free; 20.96 GiB reserved in total by PyTorch)
