main start at this time 1647779639.6674874
#nodes: 2449029
#edges: 123718024
#classes: 47
success----------------------------------------
196571
39255
2164782
# Nodes: 2400608
# Edges: 123718024
# Train: 196571
# Val: 39255
# Test: 2164782
# Classes: 47

in feats:  100
----------------------------------------before generate_dataloader_block 
 Nvidia-smi: 3.0311279296875 GB
    Memory Allocated: 0.0006527900695800781  GigaBytes
Max Memory Allocated: 0.0006527900695800781  GigaBytes

The real block id is  2
get_global_graph_edges_ids_block function  spend 0.4413628578186035
range selection method range initialization spend 0.02969813346862793
time for parepare:  0.28246188163757324
local_output_nid generation:  0.006124258041381836
local_in_edges_tensor generation:  0.02706146240234375
mini_batch_src_global generation:  0.02893853187561035
r_  generation:  0.406048059463501
local_output_nid generation:  0.007205963134765625
local_in_edges_tensor generation:  0.016170501708984375
mini_batch_src_global generation:  0.03726696968078613
r_  generation:  0.45940351486206055
local_output_nid generation:  0.006993770599365234
local_in_edges_tensor generation:  0.006687164306640625
mini_batch_src_global generation:  0.026254892349243164
r_  generation:  0.4781339168548584
local_output_nid generation:  0.007139682769775391
local_in_edges_tensor generation:  0.006544828414916992
mini_batch_src_global generation:  0.02996373176574707
r_  generation:  0.5157685279846191
local_output_nid generation:  0.006947755813598633
local_in_edges_tensor generation:  0.006657123565673828
mini_batch_src_global generation:  0.0322575569152832
r_  generation:  0.5388588905334473
local_output_nid generation:  0.007265806198120117
local_in_edges_tensor generation:  0.006723642349243164
mini_batch_src_global generation:  0.04291486740112305
r_  generation:  0.5689547061920166
local_output_nid generation:  0.007090568542480469
local_in_edges_tensor generation:  0.006586551666259766
mini_batch_src_global generation:  0.03803539276123047
r_  generation:  0.5752167701721191
local_output_nid generation:  0.006997823715209961
local_in_edges_tensor generation:  0.006675243377685547
mini_batch_src_global generation:  0.039342403411865234
r_  generation:  0.5800158977508545
----------------------check_connections_block total spend ----------------------------- 5.515580654144287
generate_one_block  5.739516735076904
generate_one_block  0.5917730331420898
generate_one_block  0.59623122215271
generate_one_block  0.5833210945129395
generate_one_block  0.5941352844238281
generate_one_block  0.5924932956695557
generate_one_block  0.5898003578186035
generate_one_block  0.5835928916931152
The real block id is  1
get_global_graph_edges_ids_block function  spend 2.3532164096832275
gen group dst list time:  0.12481307983398438
time for parepare:  0.4439268112182617
local_output_nid generation:  0.1006464958190918
local_in_edges_tensor generation:  0.4536142349243164
mini_batch_src_global generation:  0.5396814346313477
r_  generation:  7.124151229858398
local_output_nid generation:  0.13999032974243164
local_in_edges_tensor generation:  0.40693211555480957
mini_batch_src_global generation:  0.6953771114349365
r_  generation:  7.39253830909729
local_output_nid generation:  0.15413928031921387
local_in_edges_tensor generation:  0.5531282424926758
mini_batch_src_global generation:  0.6760015487670898
r_  generation:  7.533947229385376
local_output_nid generation:  0.16176724433898926
local_in_edges_tensor generation:  0.4533505439758301
mini_batch_src_global generation:  0.7026231288909912
r_  generation:  7.864940643310547
local_output_nid generation:  0.19406700134277344
local_in_edges_tensor generation:  0.6031153202056885
mini_batch_src_global generation:  0.7104396820068359
r_  generation:  7.762696981430054
local_output_nid generation:  0.1754627227783203
local_in_edges_tensor generation:  0.47679710388183594
mini_batch_src_global generation:  0.7586185932159424
r_  generation:  7.821542263031006
local_output_nid generation:  0.20125794410705566
local_in_edges_tensor generation:  0.5831010341644287
mini_batch_src_global generation:  0.7456393241882324
r_  generation:  7.765526294708252
local_output_nid generation:  0.18828177452087402
local_in_edges_tensor generation:  0.4631016254425049
mini_batch_src_global generation:  0.7461919784545898
r_  generation:  7.80430269241333
----------------------check_connections_block total spend ----------------------------- 82.34736728668213
generate_one_block  10.110728025436401
generate_one_block  9.70002794265747
generate_one_block  10.37630295753479
generate_one_block  9.71557092666626
generate_one_block  9.71503210067749
generate_one_block  10.004577398300171
generate_one_block  9.748432397842407
generate_one_block  10.001044988632202
The real block id is  0
get_global_graph_edges_ids_block function  spend 2.099482536315918
gen group dst list time:  0.5235953330993652
time for parepare:  0.4997072219848633
local_output_nid generation:  0.4797217845916748
local_in_edges_tensor generation:  1.142822027206421
mini_batch_src_global generation:  1.1550276279449463
r_  generation:  16.194549322128296
local_output_nid generation:  0.6003308296203613
local_in_edges_tensor generation:  1.3273837566375732
mini_batch_src_global generation:  1.481874704360962
r_  generation:  16.07732057571411
local_output_nid generation:  0.5896921157836914
local_in_edges_tensor generation:  1.1619887351989746
mini_batch_src_global generation:  1.4528558254241943
r_  generation:  16.127501726150513
local_output_nid generation:  0.6167960166931152
local_in_edges_tensor generation:  1.1629998683929443
mini_batch_src_global generation:  1.5599889755249023
r_  generation:  16.057353734970093
local_output_nid generation:  0.6399226188659668
local_in_edges_tensor generation:  1.2358462810516357
mini_batch_src_global generation:  1.5370960235595703
r_  generation:  16.294652938842773
local_output_nid generation:  0.6431305408477783
local_in_edges_tensor generation:  1.252817153930664
mini_batch_src_global generation:  1.5123834609985352
r_  generation:  16.546068906784058
local_output_nid generation:  0.6220076084136963
local_in_edges_tensor generation:  1.2491843700408936
mini_batch_src_global generation:  1.4580864906311035
r_  generation:  16.272323846817017
local_output_nid generation:  0.6190228462219238
local_in_edges_tensor generation:  1.1343858242034912
mini_batch_src_global generation:  1.6026105880737305
r_  generation:  16.19052219390869
----------------------check_connections_block total spend ----------------------------- 179.13229155540466
generate_one_block  21.366693258285522
generate_one_block  22.304452419281006
generate_one_block  20.998401165008545
generate_one_block  21.055474281311035
generate_one_block  21.16766929626465
generate_one_block  21.169307231903076
generate_one_block  21.26566433906555
generate_one_block  21.24112558364868
-----------------------------------------after block dataloader generation 
 Nvidia-smi: 3.0311279296875 GB
    Memory Allocated: 0.0006527900695800781  GigaBytes
Max Memory Allocated: 0.0006527900695800781  GigaBytes

connection checking time:  261.4796588420868
block generation total time  249.94050431251526
average batch blocks generation time:  31.242563039064407
----------------------------------------before batch_pred = model(blocks, batch_inputs) 
 Nvidia-smi: 4.3358154296875 GB
    Memory Allocated: 1.2249698638916016  GigaBytes
Max Memory Allocated: 1.2249698638916016  GigaBytes

