main start at this time 1647753008.7238913
#nodes: 2449029
#edges: 123718024
#classes: 47
success----------------------------------------
196571
39255
2164782
# Nodes: 2400608
# Edges: 123718024
# Train: 196571
# Val: 39255
# Test: 2164782
# Classes: 47

in feats:  100
----------------------------------------before generate_dataloader_block 
 Nvidia-smi: 3.0311279296875 GB
    Memory Allocated: 0.0006527900695800781  GigaBytes
Max Memory Allocated: 0.0006527900695800781  GigaBytes

The real block id is  2
get_global_graph_edges_ids_block function  spend 0.09818887710571289
range selection method range initialization spend 0.0293734073638916
time for parepare:  0.18293190002441406
local_output_nid generation:  0.0004413127899169922
local_in_edges_tensor generation:  0.012251615524291992
mini_batch_src_global generation:  0.0008573532104492188
r_  generation:  0.006445169448852539
local_output_nid generation:  0.0005066394805908203
local_in_edges_tensor generation:  0.0004241466522216797
mini_batch_src_global generation:  0.000823974609375
r_  generation:  0.00488734245300293
local_output_nid generation:  0.0004889965057373047
local_in_edges_tensor generation:  0.0003631114959716797
mini_batch_src_global generation:  0.0005466938018798828
r_  generation:  0.004313945770263672
local_output_nid generation:  0.0004756450653076172
local_in_edges_tensor generation:  0.0003485679626464844
mini_batch_src_global generation:  0.0005540847778320312
r_  generation:  0.004210472106933594
local_output_nid generation:  0.0005152225494384766
local_in_edges_tensor generation:  0.0003254413604736328
mini_batch_src_global generation:  0.0005106925964355469
r_  generation:  0.0042684078216552734
local_output_nid generation:  0.0004703998565673828
local_in_edges_tensor generation:  0.00029850006103515625
mini_batch_src_global generation:  0.0004990100860595703
r_  generation:  0.004214048385620117
local_output_nid generation:  0.0004544258117675781
local_in_edges_tensor generation:  0.00029397010803222656
mini_batch_src_global generation:  0.0005037784576416016
r_  generation:  0.004421710968017578
local_output_nid generation:  0.00046539306640625
local_in_edges_tensor generation:  0.00029206275939941406
mini_batch_src_global generation:  0.0004622936248779297
r_  generation:  0.0043714046478271484
local_output_nid generation:  0.0004487037658691406
local_in_edges_tensor generation:  0.0002892017364501953
mini_batch_src_global generation:  0.0004563331604003906
r_  generation:  0.004359006881713867
local_output_nid generation:  0.0004742145538330078
local_in_edges_tensor generation:  0.00028777122497558594
mini_batch_src_global generation:  0.00045561790466308594
r_  generation:  0.004275083541870117
local_output_nid generation:  0.00044727325439453125
local_in_edges_tensor generation:  0.00028443336486816406
mini_batch_src_global generation:  0.00043845176696777344
r_  generation:  0.00445866584777832
local_output_nid generation:  0.00045371055603027344
local_in_edges_tensor generation:  0.00028514862060546875
mini_batch_src_global generation:  0.00043654441833496094
r_  generation:  0.004364728927612305
local_output_nid generation:  0.0004436969757080078
local_in_edges_tensor generation:  0.0002961158752441406
mini_batch_src_global generation:  0.00045752525329589844
r_  generation:  0.004337310791015625
local_output_nid generation:  0.00045228004455566406
local_in_edges_tensor generation:  0.00028324127197265625
mini_batch_src_global generation:  0.00044035911560058594
r_  generation:  0.00437164306640625
local_output_nid generation:  0.00044035911560058594
local_in_edges_tensor generation:  0.00028395652770996094
mini_batch_src_global generation:  0.0004353523254394531
r_  generation:  0.004296302795410156
local_output_nid generation:  0.00046372413635253906
local_in_edges_tensor generation:  0.00028395652770996094
mini_batch_src_global generation:  0.0004336833953857422
r_  generation:  0.00437164306640625
local_output_nid generation:  0.00044846534729003906
local_in_edges_tensor generation:  0.000278472900390625
mini_batch_src_global generation:  0.0004315376281738281
r_  generation:  0.004397153854370117
local_output_nid generation:  0.0004642009735107422
local_in_edges_tensor generation:  0.0002830028533935547
mini_batch_src_global generation:  0.0004372596740722656
r_  generation:  0.004301548004150391
local_output_nid generation:  0.0004296302795410156
local_in_edges_tensor generation:  0.00028061866760253906
mini_batch_src_global generation:  0.00043129920959472656
r_  generation:  0.004407405853271484
local_output_nid generation:  0.0004336833953857422
local_in_edges_tensor generation:  0.0002803802490234375
mini_batch_src_global generation:  0.0005033016204833984
r_  generation:  0.004389047622680664
local_output_nid generation:  0.0004436969757080078
local_in_edges_tensor generation:  0.00029397010803222656
mini_batch_src_global generation:  0.0004818439483642578
r_  generation:  0.004399776458740234
local_output_nid generation:  0.0004413127899169922
local_in_edges_tensor generation:  0.00028204917907714844
mini_batch_src_global generation:  0.0004456043243408203
r_  generation:  0.004390239715576172
local_output_nid generation:  0.000423431396484375
local_in_edges_tensor generation:  0.0002808570861816406
mini_batch_src_global generation:  0.0004475116729736328
r_  generation:  0.004339933395385742
local_output_nid generation:  0.0004627704620361328
local_in_edges_tensor generation:  0.0002970695495605469
mini_batch_src_global generation:  0.0004601478576660156
r_  generation:  0.004462242126464844
local_output_nid generation:  0.0004258155822753906
local_in_edges_tensor generation:  0.009296894073486328
mini_batch_src_global generation:  0.0004916191101074219
r_  generation:  0.004415988922119141
local_output_nid generation:  0.0004284381866455078
local_in_edges_tensor generation:  0.00028586387634277344
mini_batch_src_global generation:  0.00047135353088378906
r_  generation:  0.004362344741821289
local_output_nid generation:  0.0004367828369140625
local_in_edges_tensor generation:  0.00028061866760253906
mini_batch_src_global generation:  0.000476837158203125
r_  generation:  0.0044100284576416016
local_output_nid generation:  0.00043082237243652344
local_in_edges_tensor generation:  0.0002827644348144531
mini_batch_src_global generation:  0.00048065185546875
r_  generation:  0.004404544830322266
local_output_nid generation:  0.00043511390686035156
local_in_edges_tensor generation:  0.0002853870391845703
mini_batch_src_global generation:  0.0004703998565673828
r_  generation:  0.004332780838012695
local_output_nid generation:  0.0004210472106933594
local_in_edges_tensor generation:  0.00028204917907714844
mini_batch_src_global generation:  0.0004734992980957031
r_  generation:  0.004453897476196289
local_output_nid generation:  0.00041747093200683594
local_in_edges_tensor generation:  0.0002789497375488281
mini_batch_src_global generation:  0.00048160552978515625
r_  generation:  0.004391193389892578
local_output_nid generation:  0.0004324913024902344
local_in_edges_tensor generation:  0.00028395652770996094
mini_batch_src_global generation:  0.00046634674072265625
r_  generation:  0.007627010345458984
local_output_nid generation:  0.0005002021789550781
local_in_edges_tensor generation:  0.00039839744567871094
mini_batch_src_global generation:  0.000537872314453125
r_  generation:  0.004807472229003906
local_output_nid generation:  0.0004227161407470703
local_in_edges_tensor generation:  0.00035381317138671875
mini_batch_src_global generation:  0.0005249977111816406
r_  generation:  0.004653453826904297
local_output_nid generation:  0.0004239082336425781
local_in_edges_tensor generation:  0.00029397010803222656
mini_batch_src_global generation:  0.00048613548278808594
r_  generation:  0.004542112350463867
local_output_nid generation:  0.00042700767517089844
local_in_edges_tensor generation:  0.0002887248992919922
mini_batch_src_global generation:  0.00048804283142089844
r_  generation:  0.004502058029174805
local_output_nid generation:  0.0004334449768066406
local_in_edges_tensor generation:  0.00028705596923828125
mini_batch_src_global generation:  0.0005145072937011719
r_  generation:  0.004606008529663086
local_output_nid generation:  0.00042819976806640625
local_in_edges_tensor generation:  0.0003628730773925781
mini_batch_src_global generation:  0.0004971027374267578
r_  generation:  0.004405975341796875
local_output_nid generation:  0.00042939186096191406
local_in_edges_tensor generation:  0.00028705596923828125
mini_batch_src_global generation:  0.00049591064453125
r_  generation:  0.00448155403137207
local_output_nid generation:  0.0004222393035888672
local_in_edges_tensor generation:  0.00031113624572753906
mini_batch_src_global generation:  0.0005083084106445312
r_  generation:  0.004609107971191406
local_output_nid generation:  0.00042247772216796875
local_in_edges_tensor generation:  0.0003154277801513672
mini_batch_src_global generation:  0.00064849853515625
r_  generation:  0.004473686218261719
local_output_nid generation:  0.0004284381866455078
local_in_edges_tensor generation:  0.0002853870391845703
mini_batch_src_global generation:  0.0004968643188476562
r_  generation:  0.004399299621582031
local_output_nid generation:  0.0004432201385498047
local_in_edges_tensor generation:  0.00029778480529785156
mini_batch_src_global generation:  0.0005004405975341797
r_  generation:  0.004584789276123047
local_output_nid generation:  0.00042176246643066406
local_in_edges_tensor generation:  0.00028324127197265625
mini_batch_src_global generation:  0.0004973411560058594
r_  generation:  0.004466056823730469
local_output_nid generation:  0.0004131793975830078
local_in_edges_tensor generation:  0.00028133392333984375
mini_batch_src_global generation:  0.00048613548278808594
r_  generation:  0.004523515701293945
local_output_nid generation:  0.0004553794860839844
local_in_edges_tensor generation:  0.00030159950256347656
mini_batch_src_global generation:  0.0004889965057373047
r_  generation:  0.004626750946044922
local_output_nid generation:  0.0004432201385498047
local_in_edges_tensor generation:  0.00028252601623535156
mini_batch_src_global generation:  0.0004990100860595703
r_  generation:  0.00469970703125
local_output_nid generation:  0.0004162788391113281
local_in_edges_tensor generation:  0.0002834796905517578
mini_batch_src_global generation:  0.0005333423614501953
r_  generation:  0.0045583248138427734
local_output_nid generation:  0.0004208087921142578
local_in_edges_tensor generation:  0.0002834796905517578
mini_batch_src_global generation:  0.0005025863647460938
r_  generation:  0.004423618316650391
local_output_nid generation:  0.00043892860412597656
local_in_edges_tensor generation:  0.0003247261047363281
mini_batch_src_global generation:  0.0005021095275878906
r_  generation:  0.004484891891479492
local_output_nid generation:  0.0004246234893798828
local_in_edges_tensor generation:  0.00028514862060546875
mini_batch_src_global generation:  0.0005028247833251953
r_  generation:  0.004658699035644531
local_output_nid generation:  0.00042819976806640625
local_in_edges_tensor generation:  0.0002849102020263672
mini_batch_src_global generation:  0.0005092620849609375
r_  generation:  0.004466533660888672
local_output_nid generation:  0.0004401206970214844
local_in_edges_tensor generation:  0.0002846717834472656
mini_batch_src_global generation:  0.0005056858062744141
r_  generation:  0.0046100616455078125
local_output_nid generation:  0.0004429817199707031
local_in_edges_tensor generation:  0.0002830028533935547
mini_batch_src_global generation:  0.0005085468292236328
r_  generation:  0.004835367202758789
local_output_nid generation:  0.0004494190216064453
local_in_edges_tensor generation:  0.0003039836883544922
mini_batch_src_global generation:  0.0005140304565429688
r_  generation:  0.004518747329711914
local_output_nid generation:  0.00041294097900390625
local_in_edges_tensor generation:  0.00028443336486816406
mini_batch_src_global generation:  0.0005066394805908203
r_  generation:  0.00463557243347168
local_output_nid generation:  0.0004305839538574219
local_in_edges_tensor generation:  0.0002923011779785156
mini_batch_src_global generation:  0.0005171298980712891
r_  generation:  0.00450444221496582
local_output_nid generation:  0.00041866302490234375
local_in_edges_tensor generation:  0.0002841949462890625
mini_batch_src_global generation:  0.0005085468292236328
r_  generation:  0.004535675048828125
local_output_nid generation:  0.0004260540008544922
local_in_edges_tensor generation:  0.00028967857360839844
mini_batch_src_global generation:  0.0005495548248291016
r_  generation:  0.004687309265136719
local_output_nid generation:  0.0004222393035888672
local_in_edges_tensor generation:  0.0002846717834472656
mini_batch_src_global generation:  0.0005102157592773438
r_  generation:  0.0044901371002197266
local_output_nid generation:  0.0004296302795410156
local_in_edges_tensor generation:  0.0002913475036621094
mini_batch_src_global generation:  0.0005216598510742188
r_  generation:  0.004638671875
local_output_nid generation:  0.0004534721374511719
local_in_edges_tensor generation:  0.00030040740966796875
mini_batch_src_global generation:  0.0005373954772949219
r_  generation:  0.004549980163574219
local_output_nid generation:  0.0004253387451171875
local_in_edges_tensor generation:  0.0002875328063964844
mini_batch_src_global generation:  0.0005335807800292969
r_  generation:  0.004713773727416992
local_output_nid generation:  0.0004215240478515625
local_in_edges_tensor generation:  0.0002853870391845703
mini_batch_src_global generation:  0.0005247592926025391
r_  generation:  0.004689693450927734
local_output_nid generation:  0.00044417381286621094
local_in_edges_tensor generation:  0.0002834796905517578
mini_batch_src_global generation:  0.0005214214324951172
r_  generation:  0.004437446594238281
local_output_nid generation:  0.00042057037353515625
local_in_edges_tensor generation:  0.0002868175506591797
mini_batch_src_global generation:  0.0005276203155517578
r_  generation:  0.004574298858642578
local_output_nid generation:  0.0004210472106933594
local_in_edges_tensor generation:  0.00028395652770996094
mini_batch_src_global generation:  0.0005230903625488281
r_  generation:  0.004679203033447266
local_output_nid generation:  0.00042510032653808594
local_in_edges_tensor generation:  0.00028586387634277344
mini_batch_src_global generation:  0.0005235671997070312
r_  generation:  0.004471540451049805
local_output_nid generation:  0.0004405975341796875
local_in_edges_tensor generation:  0.00029349327087402344
mini_batch_src_global generation:  0.0005273818969726562
r_  generation:  0.004489898681640625
local_output_nid generation:  0.00041937828063964844
local_in_edges_tensor generation:  0.00028634071350097656
mini_batch_src_global generation:  0.0005290508270263672
r_  generation:  0.004691600799560547
local_output_nid generation:  0.00042319297790527344
local_in_edges_tensor generation:  0.0002894401550292969
mini_batch_src_global generation:  0.0005233287811279297
r_  generation:  0.004651308059692383
local_output_nid generation:  0.0004305839538574219
local_in_edges_tensor generation:  0.00029015541076660156
mini_batch_src_global generation:  0.0005280971527099609
r_  generation:  0.0046329498291015625
local_output_nid generation:  0.00043320655822753906
local_in_edges_tensor generation:  0.0002903938293457031
mini_batch_src_global generation:  0.0005314350128173828
r_  generation:  0.004523038864135742
local_output_nid generation:  0.00044035911560058594
local_in_edges_tensor generation:  0.00029587745666503906
mini_batch_src_global generation:  0.0005340576171875
r_  generation:  0.004454851150512695
local_output_nid generation:  0.00044035911560058594
local_in_edges_tensor generation:  0.0015306472778320312
mini_batch_src_global generation:  0.0005595684051513672
r_  generation:  0.0044405460357666016
local_output_nid generation:  0.0004410743713378906
local_in_edges_tensor generation:  0.0002884864807128906
mini_batch_src_global generation:  0.0005841255187988281
r_  generation:  0.004738569259643555
local_output_nid generation:  0.0004405975341796875
local_in_edges_tensor generation:  0.00028443336486816406
mini_batch_src_global generation:  0.0005550384521484375
r_  generation:  0.004533529281616211
local_output_nid generation:  0.00043392181396484375
local_in_edges_tensor generation:  0.0002849102020263672
mini_batch_src_global generation:  0.0005559921264648438
r_  generation:  0.004572629928588867
local_output_nid generation:  0.0004372596740722656
local_in_edges_tensor generation:  0.0002837181091308594
mini_batch_src_global generation:  0.0005590915679931641
r_  generation:  0.004704475402832031
local_output_nid generation:  0.00042366981506347656
local_in_edges_tensor generation:  0.0002846717834472656
mini_batch_src_global generation:  0.0005583763122558594
r_  generation:  0.004532337188720703
local_output_nid generation:  0.0004241466522216797
local_in_edges_tensor generation:  0.0002841949462890625
mini_batch_src_global generation:  0.0005500316619873047
r_  generation:  0.004643440246582031
local_output_nid generation:  0.00043511390686035156
local_in_edges_tensor generation:  0.0002880096435546875
mini_batch_src_global generation:  0.0005533695220947266
r_  generation:  0.00469207763671875
local_output_nid generation:  0.0004277229309082031
local_in_edges_tensor generation:  0.00030231475830078125
mini_batch_src_global generation:  0.000621795654296875
r_  generation:  0.004762172698974609
local_output_nid generation:  0.0004470348358154297
local_in_edges_tensor generation:  0.0002846717834472656
mini_batch_src_global generation:  0.0005528926849365234
r_  generation:  0.004509687423706055
local_output_nid generation:  0.00044226646423339844
local_in_edges_tensor generation:  0.0003044605255126953
mini_batch_src_global generation:  0.0005803108215332031
r_  generation:  0.004559755325317383
local_output_nid generation:  0.0004305839538574219
local_in_edges_tensor generation:  0.00030493736267089844
mini_batch_src_global generation:  0.0005707740783691406
r_  generation:  0.004732370376586914
local_output_nid generation:  0.0004391670227050781
local_in_edges_tensor generation:  0.00029587745666503906
mini_batch_src_global generation:  0.0006055831909179688
r_  generation:  0.004558563232421875
local_output_nid generation:  0.0004534721374511719
local_in_edges_tensor generation:  0.00028896331787109375
mini_batch_src_global generation:  0.0005466938018798828
r_  generation:  0.004491090774536133
local_output_nid generation:  0.00045180320739746094
local_in_edges_tensor generation:  0.00030875205993652344
mini_batch_src_global generation:  0.0005705356597900391
r_  generation:  0.004581928253173828
local_output_nid generation:  0.0004336833953857422
local_in_edges_tensor generation:  0.0002913475036621094
mini_batch_src_global generation:  0.0005474090576171875
r_  generation:  0.004775047302246094
local_output_nid generation:  0.0004987716674804688
local_in_edges_tensor generation:  0.00030350685119628906
mini_batch_src_global generation:  0.0005865097045898438
r_  generation:  0.004651069641113281
local_output_nid generation:  0.0004303455352783203
local_in_edges_tensor generation:  0.0002982616424560547
mini_batch_src_global generation:  0.0005764961242675781
r_  generation:  0.004538059234619141
local_output_nid generation:  0.00043463706970214844
local_in_edges_tensor generation:  0.00028896331787109375
mini_batch_src_global generation:  0.0005588531494140625
r_  generation:  0.004639863967895508
local_output_nid generation:  0.00042748451232910156
local_in_edges_tensor generation:  0.00029015541076660156
mini_batch_src_global generation:  0.0005593299865722656
r_  generation:  0.0046520233154296875
local_output_nid generation:  0.0004436969757080078
local_in_edges_tensor generation:  0.0002942085266113281
mini_batch_src_global generation:  0.0005791187286376953
r_  generation:  0.0044708251953125
local_output_nid generation:  0.0004298686981201172
local_in_edges_tensor generation:  0.0002894401550292969
mini_batch_src_global generation:  0.0005853176116943359
r_  generation:  0.004588603973388672
local_output_nid generation:  0.0004303455352783203
local_in_edges_tensor generation:  0.0002903938293457031
mini_batch_src_global generation:  0.0005583763122558594
r_  generation:  0.004610300064086914
local_output_nid generation:  0.00045013427734375
local_in_edges_tensor generation:  0.0003044605255126953
mini_batch_src_global generation:  0.0005745887756347656
r_  generation:  0.004544734954833984
local_output_nid generation:  0.00044798851013183594
local_in_edges_tensor generation:  0.0003044605255126953
mini_batch_src_global generation:  0.0005822181701660156
r_  generation:  0.004515409469604492
local_output_nid generation:  0.0004324913024902344
local_in_edges_tensor generation:  0.00029015541076660156
mini_batch_src_global generation:  0.0005593299865722656
r_  generation:  0.004602193832397461
local_output_nid generation:  0.00045490264892578125
local_in_edges_tensor generation:  0.0002963542938232422
mini_batch_src_global generation:  0.0005500316619873047
r_  generation:  0.004530429840087891
local_output_nid generation:  0.0004470348358154297
local_in_edges_tensor generation:  0.00031685829162597656
mini_batch_src_global generation:  0.000560760498046875
r_  generation:  0.004559993743896484
local_output_nid generation:  0.0004291534423828125
local_in_edges_tensor generation:  0.0003037452697753906
mini_batch_src_global generation:  0.0005590915679931641
r_  generation:  0.004631519317626953
local_output_nid generation:  0.00042700767517089844
local_in_edges_tensor generation:  0.0002868175506591797
mini_batch_src_global generation:  0.0005564689636230469
r_  generation:  0.004555940628051758
local_output_nid generation:  0.0004360675811767578
local_in_edges_tensor generation:  0.0002903938293457031
mini_batch_src_global generation:  0.0005533695220947266
r_  generation:  0.0045964717864990234
local_output_nid generation:  0.00043010711669921875
local_in_edges_tensor generation:  0.0002906322479248047
mini_batch_src_global generation:  0.0005600452423095703
r_  generation:  0.004606485366821289
local_output_nid generation:  0.0004284381866455078
local_in_edges_tensor generation:  0.0003132820129394531
mini_batch_src_global generation:  0.0005726814270019531
r_  generation:  0.0045375823974609375
local_output_nid generation:  0.00042557716369628906
local_in_edges_tensor generation:  0.0002925395965576172
mini_batch_src_global generation:  0.0005669593811035156
r_  generation:  0.0044748783111572266
local_output_nid generation:  0.00042629241943359375
local_in_edges_tensor generation:  0.0002884864807128906
mini_batch_src_global generation:  0.0005624294281005859
r_  generation:  0.0047070980072021484
local_output_nid generation:  0.0004291534423828125
local_in_edges_tensor generation:  0.0002911090850830078
mini_batch_src_global generation:  0.0005676746368408203
r_  generation:  0.004590272903442383
local_output_nid generation:  0.0004353523254394531
local_in_edges_tensor generation:  0.0003161430358886719
mini_batch_src_global generation:  0.0005886554718017578
r_  generation:  0.004545688629150391
local_output_nid generation:  0.0004291534423828125
local_in_edges_tensor generation:  0.00029349327087402344
mini_batch_src_global generation:  0.0005934238433837891
r_  generation:  0.0045413970947265625
local_output_nid generation:  0.00044155120849609375
local_in_edges_tensor generation:  0.0002849102020263672
mini_batch_src_global generation:  0.0005588531494140625
r_  generation:  0.004571199417114258
local_output_nid generation:  0.00045371055603027344
local_in_edges_tensor generation:  0.00028777122497558594
mini_batch_src_global generation:  0.0005724430084228516
r_  generation:  0.004548549652099609
local_output_nid generation:  0.0004353523254394531
local_in_edges_tensor generation:  0.0003020763397216797
mini_batch_src_global generation:  0.00058746337890625
r_  generation:  0.004537820816040039
local_output_nid generation:  0.00042629241943359375
local_in_edges_tensor generation:  0.0002834796905517578
mini_batch_src_global generation:  0.0005714893341064453
r_  generation:  0.004579305648803711
local_output_nid generation:  0.00042057037353515625
local_in_edges_tensor generation:  0.0002830028533935547
mini_batch_src_global generation:  0.0005664825439453125
r_  generation:  0.004518985748291016
local_output_nid generation:  0.00046181678771972656
local_in_edges_tensor generation:  0.00028824806213378906
mini_batch_src_global generation:  0.0005738735198974609
r_  generation:  0.004563808441162109
local_output_nid generation:  0.0004322528839111328
local_in_edges_tensor generation:  0.0002827644348144531
mini_batch_src_global generation:  0.0005779266357421875
r_  generation:  0.004735231399536133
local_output_nid generation:  0.0004322528839111328
local_in_edges_tensor generation:  0.0002887248992919922
mini_batch_src_global generation:  0.0005826950073242188
r_  generation:  0.0045316219329833984
local_output_nid generation:  0.0004305839538574219
local_in_edges_tensor generation:  0.00030350685119628906
mini_batch_src_global generation:  0.000606536865234375
r_  generation:  0.004500150680541992
local_output_nid generation:  0.0004258155822753906
local_in_edges_tensor generation:  0.00028634071350097656
mini_batch_src_global generation:  0.0005826950073242188
r_  generation:  0.004536867141723633
local_output_nid generation:  0.00043773651123046875
local_in_edges_tensor generation:  0.0002853870391845703
mini_batch_src_global generation:  0.0006134510040283203
r_  generation:  0.004717111587524414
local_output_nid generation:  0.0004334449768066406
local_in_edges_tensor generation:  0.0015184879302978516
mini_batch_src_global generation:  0.0006105899810791016
r_  generation:  0.004498004913330078
local_output_nid generation:  0.0004372596740722656
local_in_edges_tensor generation:  0.0002932548522949219
mini_batch_src_global generation:  0.0006039142608642578
r_  generation:  0.0045452117919921875
local_output_nid generation:  0.0004317760467529297
local_in_edges_tensor generation:  0.00029087066650390625
mini_batch_src_global generation:  0.0005991458892822266
r_  generation:  0.004757881164550781
local_output_nid generation:  0.00042748451232910156
local_in_edges_tensor generation:  0.0002880096435546875
mini_batch_src_global generation:  0.0005919933319091797
r_  generation:  0.00446009635925293
local_output_nid generation:  0.0003781318664550781
local_in_edges_tensor generation:  0.00028777122497558594
mini_batch_src_global generation:  0.0005478858947753906
r_  generation:  0.004127979278564453
----------------------check_connections_block total spend ----------------------------- 1.1112501621246338
generate_one_block  5.178443431854248
generate_one_block  0.00934600830078125
generate_one_block  0.009309768676757812
generate_one_block  0.0089874267578125
generate_one_block  0.009002685546875
generate_one_block  0.009651660919189453
generate_one_block  0.009012937545776367
generate_one_block  0.00924062728881836
generate_one_block  0.00897526741027832
generate_one_block  0.008986711502075195
generate_one_block  0.00896596908569336
generate_one_block  0.00902867317199707
generate_one_block  0.008923768997192383
generate_one_block  0.009018898010253906
generate_one_block  0.008900642395019531
generate_one_block  0.009074687957763672
generate_one_block  0.009209394454956055
generate_one_block  0.009016990661621094
generate_one_block  0.008971214294433594
generate_one_block  0.009153366088867188
generate_one_block  0.009047269821166992
generate_one_block  0.009315252304077148
generate_one_block  0.008959531784057617
generate_one_block  0.00923466682434082
generate_one_block  0.009088277816772461
generate_one_block  0.009575843811035156
generate_one_block  0.009157657623291016
generate_one_block  0.009083271026611328
generate_one_block  0.009430170059204102
generate_one_block  0.009090900421142578
generate_one_block  0.008983850479125977
generate_one_block  0.00915384292602539
generate_one_block  0.009068965911865234
generate_one_block  0.009196996688842773
generate_one_block  0.008919000625610352
generate_one_block  0.008924722671508789
generate_one_block  0.009372234344482422
generate_one_block  0.009203910827636719
generate_one_block  0.008881330490112305
generate_one_block  0.008937835693359375
generate_one_block  0.009491682052612305
generate_one_block  0.00897836685180664
generate_one_block  0.008856058120727539
generate_one_block  0.008882999420166016
generate_one_block  0.008991241455078125
generate_one_block  0.009363889694213867
generate_one_block  0.008826255798339844
generate_one_block  0.009027957916259766
generate_one_block  0.009362936019897461
generate_one_block  0.009021282196044922
generate_one_block  0.009150981903076172
generate_one_block  0.008971691131591797
generate_one_block  0.009124994277954102
generate_one_block  0.009608745574951172
generate_one_block  0.009110212326049805
generate_one_block  0.008996725082397461
generate_one_block  0.008919000625610352
generate_one_block  0.009010553359985352
generate_one_block  0.009177923202514648
generate_one_block  0.009323358535766602
generate_one_block  0.010843038558959961
generate_one_block  0.009383678436279297
generate_one_block  0.009156227111816406
generate_one_block  0.00895071029663086
generate_one_block  0.00910496711730957
generate_one_block  0.009334802627563477
generate_one_block  0.009051322937011719
generate_one_block  0.00886678695678711
generate_one_block  0.009358644485473633
generate_one_block  0.00906825065612793
generate_one_block  0.008856773376464844
generate_one_block  0.009081840515136719
generate_one_block  0.009375810623168945
generate_one_block  0.009094953536987305
generate_one_block  0.009063720703125
generate_one_block  0.009532690048217773
generate_one_block  0.008918285369873047
generate_one_block  0.009067773818969727
generate_one_block  0.009432315826416016
generate_one_block  0.00894021987915039
generate_one_block  0.009026527404785156
generate_one_block  0.00953984260559082
generate_one_block  0.009035348892211914
generate_one_block  0.008946895599365234
generate_one_block  0.009405136108398438
generate_one_block  0.008967399597167969
generate_one_block  0.008902549743652344
generate_one_block  0.009273767471313477
generate_one_block  0.01316690444946289
generate_one_block  0.009339332580566406
generate_one_block  0.009316682815551758
generate_one_block  0.009194374084472656
generate_one_block  0.009386539459228516
generate_one_block  0.009133338928222656
generate_one_block  0.009046316146850586
generate_one_block  0.009383440017700195
generate_one_block  0.009061336517333984
generate_one_block  0.009124994277954102
generate_one_block  0.009408712387084961
generate_one_block  0.008947134017944336
generate_one_block  0.009226083755493164
generate_one_block  0.009693145751953125
generate_one_block  0.008996725082397461
generate_one_block  0.009079456329345703
generate_one_block  0.009078502655029297
generate_one_block  0.009345769882202148
generate_one_block  0.009075403213500977
generate_one_block  0.009001731872558594
generate_one_block  0.00933527946472168
generate_one_block  0.009025812149047852
generate_one_block  0.009082794189453125
generate_one_block  0.009347915649414062
generate_one_block  0.00899505615234375
generate_one_block  0.009120464324951172
generate_one_block  0.009657144546508789
generate_one_block  0.009007930755615234
generate_one_block  0.009046316146850586
generate_one_block  0.009236812591552734
generate_one_block  0.009735584259033203
generate_one_block  0.009456157684326172
generate_one_block  0.009814023971557617
generate_one_block  0.009610414505004883
generate_one_block  0.009493350982666016
generate_one_block  0.009805440902709961
generate_one_block  0.009359598159790039
generate_one_block  0.009526968002319336
generate_one_block  0.010097980499267578
generate_one_block  0.008364439010620117
The real block id is  1
get_global_graph_edges_ids_block function  spend 1.0344293117523193
gen group dst list time:  0.06051015853881836
time for parepare:  0.4409911632537842
local_output_nid generation:  0.008486509323120117
local_in_edges_tensor generation:  0.06611275672912598
mini_batch_src_global generation:  0.013997793197631836
r_  generation:  0.15881919860839844
local_output_nid generation:  0.004825115203857422
local_in_edges_tensor generation:  0.009718894958496094
mini_batch_src_global generation:  0.016336679458618164
r_  generation:  0.1767873764038086
local_output_nid generation:  0.00487208366394043
local_in_edges_tensor generation:  0.005255460739135742
mini_batch_src_global generation:  0.011010408401489258
r_  generation:  0.18956923484802246
local_output_nid generation:  0.004872798919677734
local_in_edges_tensor generation:  0.005303621292114258
mini_batch_src_global generation:  0.012017250061035156
r_  generation:  0.20115971565246582
local_output_nid generation:  0.004827976226806641
local_in_edges_tensor generation:  0.005249500274658203
mini_batch_src_global generation:  0.01230001449584961
r_  generation:  0.20496559143066406
local_output_nid generation:  0.004809856414794922
local_in_edges_tensor generation:  0.017790555953979492
mini_batch_src_global generation:  0.015160799026489258
r_  generation:  0.21776461601257324
local_output_nid generation:  0.007985353469848633
local_in_edges_tensor generation:  0.012511968612670898
mini_batch_src_global generation:  0.019907712936401367
r_  generation:  0.22375893592834473
local_output_nid generation:  0.004992246627807617
local_in_edges_tensor generation:  0.009679555892944336
mini_batch_src_global generation:  0.016079187393188477
r_  generation:  0.22446155548095703
local_output_nid generation:  0.004988193511962891
local_in_edges_tensor generation:  0.008044958114624023
mini_batch_src_global generation:  0.016316652297973633
r_  generation:  0.2394545078277588
local_output_nid generation:  0.008564233779907227
local_in_edges_tensor generation:  0.0071218013763427734
mini_batch_src_global generation:  0.016863584518432617
r_  generation:  0.22219038009643555
local_output_nid generation:  0.011376380920410156
local_in_edges_tensor generation:  0.006967067718505859
mini_batch_src_global generation:  0.018168926239013672
r_  generation:  0.2348487377166748
local_output_nid generation:  0.004998683929443359
local_in_edges_tensor generation:  0.0064792633056640625
mini_batch_src_global generation:  0.017946481704711914
r_  generation:  0.23108506202697754
local_output_nid generation:  0.005013704299926758
local_in_edges_tensor generation:  0.006372213363647461
mini_batch_src_global generation:  0.018532991409301758
r_  generation:  0.23386764526367188
local_output_nid generation:  0.0050814151763916016
local_in_edges_tensor generation:  0.009001970291137695
mini_batch_src_global generation:  0.02216815948486328
r_  generation:  0.23265576362609863
local_output_nid generation:  0.005036830902099609
local_in_edges_tensor generation:  0.006428241729736328
mini_batch_src_global generation:  0.019276142120361328
r_  generation:  0.22666049003601074
local_output_nid generation:  0.0049703121185302734
local_in_edges_tensor generation:  0.006308794021606445
mini_batch_src_global generation:  0.01907968521118164
r_  generation:  0.2533261775970459
local_output_nid generation:  0.005032777786254883
local_in_edges_tensor generation:  0.0062255859375
mini_batch_src_global generation:  0.01945018768310547
r_  generation:  0.24008750915527344
local_output_nid generation:  0.008462190628051758
local_in_edges_tensor generation:  0.015900373458862305
mini_batch_src_global generation:  0.0197603702545166
r_  generation:  0.2446460723876953
local_output_nid generation:  0.010407686233520508
local_in_edges_tensor generation:  0.013231754302978516
mini_batch_src_global generation:  0.019916057586669922
r_  generation:  0.22904038429260254
local_output_nid generation:  0.005859851837158203
local_in_edges_tensor generation:  0.009594440460205078
mini_batch_src_global generation:  0.019861221313476562
r_  generation:  0.22853422164916992
local_output_nid generation:  0.005267143249511719
local_in_edges_tensor generation:  0.008553028106689453
mini_batch_src_global generation:  0.02017688751220703
r_  generation:  0.23997831344604492
local_output_nid generation:  0.005307197570800781
local_in_edges_tensor generation:  0.007691144943237305
mini_batch_src_global generation:  0.019856929779052734
r_  generation:  0.23169183731079102
local_output_nid generation:  0.005295991897583008
local_in_edges_tensor generation:  0.007188081741333008
mini_batch_src_global generation:  0.01998734474182129
r_  generation:  0.22519540786743164
local_output_nid generation:  0.005296230316162109
local_in_edges_tensor generation:  0.006975889205932617
mini_batch_src_global generation:  0.019790172576904297
r_  generation:  0.22954034805297852
local_output_nid generation:  0.005172014236450195
local_in_edges_tensor generation:  0.006829261779785156
mini_batch_src_global generation:  0.020605087280273438
r_  generation:  0.242081880569458
local_output_nid generation:  0.005255222320556641
local_in_edges_tensor generation:  0.009649276733398438
mini_batch_src_global generation:  0.020849943161010742
r_  generation:  0.24007034301757812
local_output_nid generation:  0.005257606506347656
local_in_edges_tensor generation:  0.007500648498535156
mini_batch_src_global generation:  0.019834280014038086
r_  generation:  0.22444725036621094
local_output_nid generation:  0.0052318572998046875
local_in_edges_tensor generation:  0.006969451904296875
mini_batch_src_global generation:  0.020126819610595703
r_  generation:  0.22391223907470703
local_output_nid generation:  0.005199909210205078
local_in_edges_tensor generation:  0.017194509506225586
mini_batch_src_global generation:  0.020305156707763672
r_  generation:  0.22639870643615723
local_output_nid generation:  0.008916378021240234
local_in_edges_tensor generation:  0.012566804885864258
mini_batch_src_global generation:  0.019933700561523438
r_  generation:  0.2362055778503418
local_output_nid generation:  0.011577606201171875
local_in_edges_tensor generation:  0.010164022445678711
mini_batch_src_global generation:  0.020073652267456055
r_  generation:  0.22772836685180664
local_output_nid generation:  0.006534099578857422
local_in_edges_tensor generation:  0.009132862091064453
mini_batch_src_global generation:  0.019977807998657227
r_  generation:  0.2269761562347412
local_output_nid generation:  0.005738496780395508
local_in_edges_tensor generation:  0.008160114288330078
mini_batch_src_global generation:  0.020195484161376953
r_  generation:  0.22644829750061035
local_output_nid generation:  0.005566120147705078
local_in_edges_tensor generation:  0.0075893402099609375
mini_batch_src_global generation:  0.02036428451538086
r_  generation:  0.22728705406188965
local_output_nid generation:  0.005428314208984375
local_in_edges_tensor generation:  0.007596492767333984
mini_batch_src_global generation:  0.020203590393066406
r_  generation:  0.2270674705505371
local_output_nid generation:  0.005400896072387695
local_in_edges_tensor generation:  0.007353782653808594
mini_batch_src_global generation:  0.01987290382385254
r_  generation:  0.22292351722717285
local_output_nid generation:  0.005418539047241211
local_in_edges_tensor generation:  0.007920265197753906
mini_batch_src_global generation:  0.01957249641418457
r_  generation:  0.2296915054321289
local_output_nid generation:  0.005329132080078125
local_in_edges_tensor generation:  0.007061481475830078
mini_batch_src_global generation:  0.019428730010986328
r_  generation:  0.23115205764770508
local_output_nid generation:  0.005333900451660156
local_in_edges_tensor generation:  0.007171154022216797
mini_batch_src_global generation:  0.021246910095214844
r_  generation:  0.22447824478149414
local_output_nid generation:  0.005361318588256836
local_in_edges_tensor generation:  0.006869316101074219
mini_batch_src_global generation:  0.019526004791259766
r_  generation:  0.2258925437927246
local_output_nid generation:  0.005433797836303711
local_in_edges_tensor generation:  0.0067560672760009766
mini_batch_src_global generation:  0.021402359008789062
r_  generation:  0.22707366943359375
local_output_nid generation:  0.005417346954345703
local_in_edges_tensor generation:  0.007753133773803711
mini_batch_src_global generation:  0.019779205322265625
r_  generation:  0.22609257698059082
local_output_nid generation:  0.005377292633056641
local_in_edges_tensor generation:  0.0067441463470458984
mini_batch_src_global generation:  0.01971721649169922
r_  generation:  0.23961281776428223
local_output_nid generation:  0.005421876907348633
local_in_edges_tensor generation:  0.008639812469482422
mini_batch_src_global generation:  0.020707130432128906
r_  generation:  0.2285759449005127
local_output_nid generation:  0.005414724349975586
local_in_edges_tensor generation:  0.007109642028808594
mini_batch_src_global generation:  0.019826889038085938
r_  generation:  0.22696328163146973
local_output_nid generation:  0.005508899688720703
local_in_edges_tensor generation:  0.00689244270324707
mini_batch_src_global generation:  0.020214557647705078
r_  generation:  0.22307276725769043
local_output_nid generation:  0.0054705142974853516
local_in_edges_tensor generation:  0.0067174434661865234
mini_batch_src_global generation:  0.019641399383544922
r_  generation:  0.22520208358764648
local_output_nid generation:  0.00554656982421875
local_in_edges_tensor generation:  0.0067844390869140625
mini_batch_src_global generation:  0.019572973251342773
r_  generation:  0.24030447006225586
local_output_nid generation:  0.009589672088623047
local_in_edges_tensor generation:  0.021617412567138672
mini_batch_src_global generation:  0.019804954528808594
r_  generation:  0.22629714012145996
local_output_nid generation:  0.005773782730102539
local_in_edges_tensor generation:  0.01630997657775879
mini_batch_src_global generation:  0.020192861557006836
r_  generation:  0.2262873649597168
local_output_nid generation:  0.005563020706176758
local_in_edges_tensor generation:  0.013145685195922852
mini_batch_src_global generation:  0.0200347900390625
r_  generation:  0.23259496688842773
local_output_nid generation:  0.013380289077758789
local_in_edges_tensor generation:  0.011057376861572266
mini_batch_src_global generation:  0.020061016082763672
r_  generation:  0.2239084243774414
local_output_nid generation:  0.007412910461425781
local_in_edges_tensor generation:  0.009923219680786133
mini_batch_src_global generation:  0.020665645599365234
r_  generation:  0.22995924949645996
local_output_nid generation:  0.0062181949615478516
local_in_edges_tensor generation:  0.009588479995727539
mini_batch_src_global generation:  0.01981639862060547
r_  generation:  0.22559332847595215
local_output_nid generation:  0.00579380989074707
local_in_edges_tensor generation:  0.008809566497802734
mini_batch_src_global generation:  0.020209074020385742
r_  generation:  0.2243027687072754
local_output_nid generation:  0.005753517150878906
local_in_edges_tensor generation:  0.008290290832519531
mini_batch_src_global generation:  0.019675731658935547
r_  generation:  0.22829532623291016
local_output_nid generation:  0.0057027339935302734
local_in_edges_tensor generation:  0.007994413375854492
mini_batch_src_global generation:  0.019927501678466797
r_  generation:  0.22252297401428223
local_output_nid generation:  0.00559544563293457
local_in_edges_tensor generation:  0.007992744445800781
mini_batch_src_global generation:  0.020327091217041016
r_  generation:  0.232818603515625
local_output_nid generation:  0.005574941635131836
local_in_edges_tensor generation:  0.007699489593505859
mini_batch_src_global generation:  0.02001953125
r_  generation:  0.22662711143493652
local_output_nid generation:  0.005652904510498047
local_in_edges_tensor generation:  0.0076329708099365234
mini_batch_src_global generation:  0.019771575927734375
r_  generation:  0.22471928596496582
local_output_nid generation:  0.005660295486450195
local_in_edges_tensor generation:  0.0075190067291259766
mini_batch_src_global generation:  0.020894289016723633
r_  generation:  0.22741460800170898
local_output_nid generation:  0.005596637725830078
local_in_edges_tensor generation:  0.00742030143737793
mini_batch_src_global generation:  0.01986861228942871
r_  generation:  0.232832670211792
local_output_nid generation:  0.005663156509399414
local_in_edges_tensor generation:  0.00739741325378418
mini_batch_src_global generation:  0.035483598709106445
r_  generation:  0.25111818313598633
local_output_nid generation:  0.0057108402252197266
local_in_edges_tensor generation:  0.0075604915618896484
mini_batch_src_global generation:  0.020355224609375
r_  generation:  0.22383427619934082
local_output_nid generation:  0.005707263946533203
local_in_edges_tensor generation:  0.007415771484375
mini_batch_src_global generation:  0.019620656967163086
r_  generation:  0.23790812492370605
local_output_nid generation:  0.005706310272216797
local_in_edges_tensor generation:  0.007390499114990234
mini_batch_src_global generation:  0.019511938095092773
r_  generation:  0.2529184818267822
local_output_nid generation:  0.005814313888549805
local_in_edges_tensor generation:  0.009764671325683594
mini_batch_src_global generation:  0.03948402404785156
r_  generation:  0.24258089065551758
local_output_nid generation:  0.0276491641998291
local_in_edges_tensor generation:  0.02507495880126953
mini_batch_src_global generation:  0.02727055549621582
r_  generation:  0.22745251655578613
local_output_nid generation:  0.008337974548339844
local_in_edges_tensor generation:  0.018137693405151367
mini_batch_src_global generation:  0.019956350326538086
r_  generation:  0.2363603115081787
local_output_nid generation:  0.006495952606201172
local_in_edges_tensor generation:  0.014660835266113281
mini_batch_src_global generation:  0.02039504051208496
r_  generation:  0.2261817455291748
local_output_nid generation:  0.006006002426147461
local_in_edges_tensor generation:  0.012589693069458008
mini_batch_src_global generation:  0.022032499313354492
r_  generation:  0.22562694549560547
local_output_nid generation:  0.0058917999267578125
local_in_edges_tensor generation:  0.012551307678222656
mini_batch_src_global generation:  0.03149867057800293
r_  generation:  0.23902606964111328
local_output_nid generation:  0.005868673324584961
local_in_edges_tensor generation:  0.01197957992553711
mini_batch_src_global generation:  0.02013683319091797
r_  generation:  0.2296583652496338
local_output_nid generation:  0.0057659149169921875
local_in_edges_tensor generation:  0.02311110496520996
mini_batch_src_global generation:  0.020267486572265625
r_  generation:  0.2381582260131836
local_output_nid generation:  0.010318756103515625
local_in_edges_tensor generation:  0.01727771759033203
mini_batch_src_global generation:  0.020451068878173828
r_  generation:  0.22740697860717773
local_output_nid generation:  0.010741472244262695
local_in_edges_tensor generation:  0.01461338996887207
mini_batch_src_global generation:  0.020000696182250977
r_  generation:  0.22671246528625488
local_output_nid generation:  0.007027387619018555
local_in_edges_tensor generation:  0.014177083969116211
mini_batch_src_global generation:  0.019997358322143555
r_  generation:  0.22661447525024414
local_output_nid generation:  0.0062694549560546875
local_in_edges_tensor generation:  0.011381864547729492
mini_batch_src_global generation:  0.019850730895996094
r_  generation:  0.2372758388519287
local_output_nid generation:  0.006038665771484375
local_in_edges_tensor generation:  0.010098695755004883
mini_batch_src_global generation:  0.01953911781311035
r_  generation:  0.22701358795166016
local_output_nid generation:  0.005875587463378906
local_in_edges_tensor generation:  0.009631633758544922
mini_batch_src_global generation:  0.019621610641479492
r_  generation:  0.22651410102844238
local_output_nid generation:  0.0058667659759521484
local_in_edges_tensor generation:  0.009083032608032227
mini_batch_src_global generation:  0.02152562141418457
r_  generation:  0.22654986381530762
local_output_nid generation:  0.005823373794555664
local_in_edges_tensor generation:  0.008695125579833984
mini_batch_src_global generation:  0.020017385482788086
r_  generation:  0.2285306453704834
local_output_nid generation:  0.005849123001098633
local_in_edges_tensor generation:  0.009405851364135742
mini_batch_src_global generation:  0.019802570343017578
r_  generation:  0.22957658767700195
local_output_nid generation:  0.005872011184692383
local_in_edges_tensor generation:  0.008300304412841797
mini_batch_src_global generation:  0.020577192306518555
r_  generation:  0.2384638786315918
local_output_nid generation:  0.005777120590209961
local_in_edges_tensor generation:  0.010122537612915039
mini_batch_src_global generation:  0.02197098731994629
r_  generation:  0.22913193702697754
local_output_nid generation:  0.005882978439331055
local_in_edges_tensor generation:  0.008384227752685547
mini_batch_src_global generation:  0.019721508026123047
r_  generation:  0.23076796531677246
local_output_nid generation:  0.005831241607666016
local_in_edges_tensor generation:  0.007896661758422852
mini_batch_src_global generation:  0.019888639450073242
r_  generation:  0.22327327728271484
local_output_nid generation:  0.0058858394622802734
local_in_edges_tensor generation:  0.02164173126220703
mini_batch_src_global generation:  0.01987004280090332
r_  generation:  0.23910140991210938
local_output_nid generation:  0.010526895523071289
local_in_edges_tensor generation:  0.017415523529052734
mini_batch_src_global generation:  0.01996898651123047
r_  generation:  0.24196958541870117
local_output_nid generation:  0.014609098434448242
local_in_edges_tensor generation:  0.0142364501953125
mini_batch_src_global generation:  0.020089387893676758
r_  generation:  0.22682976722717285
local_output_nid generation:  0.008012771606445312
local_in_edges_tensor generation:  0.012466907501220703
mini_batch_src_global generation:  0.020215511322021484
r_  generation:  0.22629141807556152
local_output_nid generation:  0.006659746170043945
local_in_edges_tensor generation:  0.011585235595703125
mini_batch_src_global generation:  0.01988673210144043
r_  generation:  0.2271406650543213
local_output_nid generation:  0.006196498870849609
local_in_edges_tensor generation:  0.01036834716796875
mini_batch_src_global generation:  0.020278453826904297
r_  generation:  0.22148895263671875
local_output_nid generation:  0.006120920181274414
local_in_edges_tensor generation:  0.009842872619628906
mini_batch_src_global generation:  0.02346968650817871
r_  generation:  0.22744178771972656
local_output_nid generation:  0.006056070327758789
local_in_edges_tensor generation:  0.009346485137939453
mini_batch_src_global generation:  0.020078659057617188
r_  generation:  0.2276477813720703
local_output_nid generation:  0.005875825881958008
local_in_edges_tensor generation:  0.008935689926147461
mini_batch_src_global generation:  0.01982712745666504
r_  generation:  0.22534537315368652
local_output_nid generation:  0.006000041961669922
local_in_edges_tensor generation:  0.008330821990966797
mini_batch_src_global generation:  0.019944190979003906
r_  generation:  0.22525334358215332
local_output_nid generation:  0.005912065505981445
local_in_edges_tensor generation:  0.008148908615112305
mini_batch_src_global generation:  0.021033287048339844
r_  generation:  0.22854995727539062
local_output_nid generation:  0.005989551544189453
local_in_edges_tensor generation:  0.009293079376220703
mini_batch_src_global generation:  0.02027153968811035
r_  generation:  0.22406911849975586
local_output_nid generation:  0.005933523178100586
local_in_edges_tensor generation:  0.007964134216308594
mini_batch_src_global generation:  0.020621776580810547
r_  generation:  0.22669243812561035
local_output_nid generation:  0.005882740020751953
local_in_edges_tensor generation:  0.00782155990600586
mini_batch_src_global generation:  0.019783496856689453
r_  generation:  0.2442793846130371
local_output_nid generation:  0.005926847457885742
local_in_edges_tensor generation:  0.00943446159362793
mini_batch_src_global generation:  0.021269798278808594
r_  generation:  0.22929048538208008
local_output_nid generation:  0.005935192108154297
local_in_edges_tensor generation:  0.007873773574829102
mini_batch_src_global generation:  0.01979827880859375
r_  generation:  0.22468805313110352
local_output_nid generation:  0.017765522003173828
local_in_edges_tensor generation:  0.007668733596801758
mini_batch_src_global generation:  0.02049732208251953
r_  generation:  0.22625303268432617
local_output_nid generation:  0.005986213684082031
local_in_edges_tensor generation:  0.007612466812133789
mini_batch_src_global generation:  0.02002573013305664
r_  generation:  0.224290132522583
local_output_nid generation:  0.005962848663330078
local_in_edges_tensor generation:  0.007565021514892578
mini_batch_src_global generation:  0.019837617874145508
r_  generation:  0.23857569694519043
local_output_nid generation:  0.00596928596496582
local_in_edges_tensor generation:  0.022001266479492188
mini_batch_src_global generation:  0.01964092254638672
r_  generation:  0.22920513153076172
local_output_nid generation:  0.00598454475402832
local_in_edges_tensor generation:  0.016590356826782227
mini_batch_src_global generation:  0.019929885864257812
r_  generation:  0.22528290748596191
local_output_nid generation:  0.0059468746185302734
local_in_edges_tensor generation:  0.013766050338745117
mini_batch_src_global generation:  0.020038843154907227
r_  generation:  0.22386765480041504
local_output_nid generation:  0.00603795051574707
local_in_edges_tensor generation:  0.013661861419677734
mini_batch_src_global generation:  0.02011847496032715
r_  generation:  0.23037123680114746
local_output_nid generation:  0.011363029479980469
local_in_edges_tensor generation:  0.012375593185424805
mini_batch_src_global generation:  0.026378393173217773
r_  generation:  0.23328208923339844
local_output_nid generation:  0.012527942657470703
local_in_edges_tensor generation:  0.011167764663696289
mini_batch_src_global generation:  0.02077770233154297
r_  generation:  0.2358229160308838
local_output_nid generation:  0.00787210464477539
local_in_edges_tensor generation:  0.010241031646728516
mini_batch_src_global generation:  0.020608186721801758
r_  generation:  0.22873330116271973
local_output_nid generation:  0.006748676300048828
local_in_edges_tensor generation:  0.009879827499389648
mini_batch_src_global generation:  0.020430564880371094
r_  generation:  0.24590539932250977
local_output_nid generation:  0.006341218948364258
local_in_edges_tensor generation:  0.009351730346679688
mini_batch_src_global generation:  0.020204782485961914
r_  generation:  0.2356884479522705
local_output_nid generation:  0.006228208541870117
local_in_edges_tensor generation:  0.008660316467285156
mini_batch_src_global generation:  0.03621315956115723
r_  generation:  0.2505357265472412
local_output_nid generation:  0.006446123123168945
local_in_edges_tensor generation:  0.009315967559814453
mini_batch_src_global generation:  0.03778529167175293
r_  generation:  0.3680543899536133
local_output_nid generation:  0.006501913070678711
local_in_edges_tensor generation:  0.009290218353271484
mini_batch_src_global generation:  0.05184674263000488
r_  generation:  0.30750393867492676
local_output_nid generation:  0.006139516830444336
local_in_edges_tensor generation:  0.008150100708007812
mini_batch_src_global generation:  0.038400888442993164
r_  generation:  0.23886609077453613
local_output_nid generation:  0.0059604644775390625
local_in_edges_tensor generation:  0.008129358291625977
mini_batch_src_global generation:  0.036498308181762695
r_  generation:  0.22856473922729492
local_output_nid generation:  0.005952596664428711
local_in_edges_tensor generation:  0.007954597473144531
mini_batch_src_global generation:  0.024834632873535156
r_  generation:  0.22516632080078125
local_output_nid generation:  0.005987882614135742
local_in_edges_tensor generation:  0.007943153381347656
mini_batch_src_global generation:  0.02317953109741211
r_  generation:  0.2269914150238037
local_output_nid generation:  0.0060613155364990234
local_in_edges_tensor generation:  0.007727622985839844
mini_batch_src_global generation:  0.022374868392944336
r_  generation:  0.22358202934265137
local_output_nid generation:  0.006086111068725586
local_in_edges_tensor generation:  0.007805347442626953
mini_batch_src_global generation:  0.022398710250854492
r_  generation:  0.2426745891571045
local_output_nid generation:  0.0060923099517822266
local_in_edges_tensor generation:  0.008980989456176758
mini_batch_src_global generation:  0.022869586944580078
r_  generation:  0.22507548332214355
local_output_nid generation:  0.00597381591796875
local_in_edges_tensor generation:  0.007596015930175781
mini_batch_src_global generation:  0.02213144302368164
r_  generation:  0.22778630256652832
local_output_nid generation:  0.005964040756225586
local_in_edges_tensor generation:  0.007614612579345703
mini_batch_src_global generation:  0.022536039352416992
r_  generation:  0.2258303165435791
local_output_nid generation:  0.005615711212158203
local_in_edges_tensor generation:  0.007287502288818359
mini_batch_src_global generation:  0.04103422164916992
r_  generation:  0.1988663673400879
----------------------check_connections_block total spend ----------------------------- 41.16857290267944
generate_one_block  0.629467248916626
generate_one_block  0.3191714286804199
generate_one_block  0.2945864200592041
generate_one_block  0.2528696060180664
generate_one_block  0.24506020545959473
generate_one_block  0.24616289138793945
generate_one_block  0.2816016674041748
generate_one_block  0.2497730255126953
generate_one_block  0.24152016639709473
generate_one_block  0.2414722442626953
generate_one_block  0.2453145980834961
generate_one_block  0.27289891242980957
generate_one_block  0.25361180305480957
generate_one_block  0.2476515769958496
generate_one_block  0.24857711791992188
generate_one_block  0.27591991424560547
generate_one_block  0.2560575008392334
generate_one_block  0.24843263626098633
generate_one_block  0.24298453330993652
generate_one_block  0.25153422355651855
generate_one_block  0.24660801887512207
generate_one_block  0.2445051670074463
generate_one_block  0.24108195304870605
generate_one_block  0.24634027481079102
generate_one_block  0.27948594093322754
generate_one_block  0.25079822540283203
generate_one_block  0.2526066303253174
generate_one_block  0.241926908493042
generate_one_block  0.28630542755126953
generate_one_block  0.2940521240234375
generate_one_block  0.29255056381225586
generate_one_block  0.26442480087280273
generate_one_block  0.2573554515838623
generate_one_block  0.2463233470916748
generate_one_block  0.24110794067382812
generate_one_block  0.24225568771362305
generate_one_block  0.26807403564453125
generate_one_block  0.24092578887939453
generate_one_block  0.24153590202331543
generate_one_block  0.24322867393493652
generate_one_block  0.24250459671020508
generate_one_block  0.24294090270996094
generate_one_block  0.23993301391601562
generate_one_block  0.2470409870147705
generate_one_block  0.2393965721130371
generate_one_block  0.2442641258239746
generate_one_block  0.2411971092224121
generate_one_block  0.24413132667541504
generate_one_block  0.24388718605041504
generate_one_block  0.23990249633789062
generate_one_block  0.23986172676086426
generate_one_block  0.24858665466308594
generate_one_block  0.25031590461730957
generate_one_block  0.24213528633117676
generate_one_block  0.2424793243408203
generate_one_block  0.240830659866333
generate_one_block  0.2432844638824463
generate_one_block  0.24313712120056152
generate_one_block  0.24859285354614258
generate_one_block  0.24165630340576172
generate_one_block  0.24633145332336426
generate_one_block  0.24341154098510742
generate_one_block  0.2422199249267578
generate_one_block  0.2461545467376709
generate_one_block  0.24540281295776367
generate_one_block  0.2733461856842041
generate_one_block  0.292003870010376
generate_one_block  0.2943136692047119
generate_one_block  0.29609131813049316
generate_one_block  0.26793694496154785
generate_one_block  0.292069673538208
generate_one_block  0.29299378395080566
generate_one_block  0.2560083866119385
generate_one_block  0.24491643905639648
generate_one_block  0.24886751174926758
generate_one_block  0.2821176052093506
generate_one_block  0.2867155075073242
generate_one_block  0.2534949779510498
generate_one_block  0.2557535171508789
generate_one_block  0.24689602851867676
generate_one_block  0.24456381797790527
generate_one_block  0.24094939231872559
generate_one_block  0.24245667457580566
generate_one_block  0.2473447322845459
generate_one_block  0.24552035331726074
generate_one_block  0.24457764625549316
generate_one_block  0.2446146011352539
generate_one_block  0.24270129203796387
generate_one_block  0.2467327117919922
generate_one_block  0.24690508842468262
generate_one_block  0.2454667091369629
generate_one_block  0.25177741050720215
generate_one_block  0.24530649185180664
generate_one_block  0.24442338943481445
generate_one_block  0.2499372959136963
generate_one_block  0.2468128204345703
generate_one_block  0.24534153938293457
generate_one_block  0.24544811248779297
generate_one_block  0.2432711124420166
generate_one_block  0.24672460556030273
generate_one_block  0.24246740341186523
generate_one_block  0.24320101737976074
generate_one_block  0.2511172294616699
generate_one_block  0.24676084518432617
generate_one_block  0.3328742980957031
generate_one_block  0.24394822120666504
generate_one_block  0.2471909523010254
generate_one_block  0.2603292465209961
generate_one_block  0.29555487632751465
generate_one_block  0.2888798713684082
generate_one_block  0.30178165435791016
generate_one_block  0.2811121940612793
generate_one_block  0.2943305969238281
generate_one_block  0.25471019744873047
generate_one_block  0.24445033073425293
generate_one_block  0.2474079132080078
generate_one_block  0.27887773513793945
generate_one_block  0.25501084327697754
generate_one_block  0.24664020538330078
generate_one_block  0.24695277214050293
generate_one_block  0.2777695655822754
generate_one_block  0.257692813873291
generate_one_block  0.2492222785949707
generate_one_block  0.24732160568237305
generate_one_block  0.2709050178527832
generate_one_block  0.25071287155151367
generate_one_block  0.2485506534576416
generate_one_block  0.22700285911560059
The real block id is  0
get_global_graph_edges_ids_block function  spend 1.0656402111053467
gen group dst list time:  1.0664305686950684
time for parepare:  0.4501516819000244
local_output_nid generation:  0.08997464179992676
local_in_edges_tensor generation:  0.20001697540283203
mini_batch_src_global generation:  0.0786290168762207
r_  generation:  1.255483865737915
local_output_nid generation:  0.09089493751525879
local_in_edges_tensor generation:  0.12680530548095703
mini_batch_src_global generation:  0.10168766975402832
r_  generation:  1.3445351123809814
local_output_nid generation:  0.08999443054199219
local_in_edges_tensor generation:  0.11942219734191895
mini_batch_src_global generation:  0.09111332893371582
r_  generation:  1.3930881023406982
local_output_nid generation:  0.09122419357299805
local_in_edges_tensor generation:  0.11031866073608398
mini_batch_src_global generation:  0.10178995132446289
r_  generation:  1.454148530960083
local_output_nid generation:  0.08965373039245605
local_in_edges_tensor generation:  0.10402631759643555
mini_batch_src_global generation:  0.11568999290466309
r_  generation:  1.5004792213439941
local_output_nid generation:  0.09678912162780762
local_in_edges_tensor generation:  0.11209225654602051
mini_batch_src_global generation:  0.11853265762329102
r_  generation:  1.5274276733398438
local_output_nid generation:  0.09143757820129395
local_in_edges_tensor generation:  0.10868191719055176
mini_batch_src_global generation:  0.12377262115478516
r_  generation:  1.559711217880249
local_output_nid generation:  0.09062981605529785
local_in_edges_tensor generation:  0.09987568855285645
mini_batch_src_global generation:  0.12179374694824219
r_  generation:  1.548203706741333
local_output_nid generation:  0.0911409854888916
local_in_edges_tensor generation:  0.12562036514282227
mini_batch_src_global generation:  0.1337413787841797
r_  generation:  1.560671091079712
local_output_nid generation:  0.09086871147155762
local_in_edges_tensor generation:  0.12019681930541992
mini_batch_src_global generation:  0.12332606315612793
r_  generation:  1.5459611415863037
local_output_nid generation:  0.09075617790222168
local_in_edges_tensor generation:  0.12700676918029785
mini_batch_src_global generation:  0.12440872192382812
r_  generation:  1.5521533489227295
local_output_nid generation:  0.0908968448638916
local_in_edges_tensor generation:  0.10654878616333008
mini_batch_src_global generation:  0.13197612762451172
r_  generation:  1.5511729717254639
local_output_nid generation:  0.09179019927978516
local_in_edges_tensor generation:  0.11404895782470703
mini_batch_src_global generation:  0.12828803062438965
r_  generation:  1.576716423034668
local_output_nid generation:  0.09357047080993652
local_in_edges_tensor generation:  0.1192779541015625
mini_batch_src_global generation:  0.12695837020874023
r_  generation:  1.55949068069458
local_output_nid generation:  0.10139942169189453
local_in_edges_tensor generation:  0.1007235050201416
mini_batch_src_global generation:  0.13140344619750977
r_  generation:  1.5533628463745117
local_output_nid generation:  0.09162735939025879
local_in_edges_tensor generation:  0.12857294082641602
mini_batch_src_global generation:  0.1255025863647461
r_  generation:  1.5941851139068604
local_output_nid generation:  0.10106444358825684
local_in_edges_tensor generation:  0.11553406715393066
mini_batch_src_global generation:  0.12786221504211426
r_  generation:  1.563539743423462
local_output_nid generation:  0.09229564666748047
local_in_edges_tensor generation:  0.12775516510009766
mini_batch_src_global generation:  0.12804079055786133
r_  generation:  1.6170721054077148
local_output_nid generation:  0.09257316589355469
local_in_edges_tensor generation:  0.10873055458068848
mini_batch_src_global generation:  0.12714147567749023
r_  generation:  1.5802454948425293
local_output_nid generation:  0.09218430519104004
local_in_edges_tensor generation:  0.10509824752807617
mini_batch_src_global generation:  0.1326768398284912
r_  generation:  1.582576036453247
local_output_nid generation:  0.10495877265930176
local_in_edges_tensor generation:  0.11643719673156738
mini_batch_src_global generation:  0.12618088722229004
r_  generation:  1.5689952373504639
local_output_nid generation:  0.09550285339355469
local_in_edges_tensor generation:  0.11545753479003906
mini_batch_src_global generation:  0.12813591957092285
r_  generation:  1.568007230758667
local_output_nid generation:  0.09381580352783203
local_in_edges_tensor generation:  0.11438870429992676
mini_batch_src_global generation:  0.12756109237670898
r_  generation:  1.5498716831207275
local_output_nid generation:  0.09412789344787598
local_in_edges_tensor generation:  0.10790443420410156
mini_batch_src_global generation:  0.12744593620300293
r_  generation:  1.5602967739105225
local_output_nid generation:  0.09567904472351074
local_in_edges_tensor generation:  0.10084342956542969
mini_batch_src_global generation:  0.12705183029174805
r_  generation:  1.5409166812896729
local_output_nid generation:  0.09394121170043945
local_in_edges_tensor generation:  0.11400842666625977
mini_batch_src_global generation:  0.12787342071533203
r_  generation:  1.545588493347168
local_output_nid generation:  0.09447288513183594
local_in_edges_tensor generation:  0.11613798141479492
mini_batch_src_global generation:  0.12978386878967285
r_  generation:  1.5565743446350098
local_output_nid generation:  0.09444618225097656
local_in_edges_tensor generation:  0.1040506362915039
mini_batch_src_global generation:  0.1266779899597168
r_  generation:  1.5589885711669922
local_output_nid generation:  0.09436678886413574
local_in_edges_tensor generation:  0.11973714828491211
mini_batch_src_global generation:  0.13976049423217773
r_  generation:  1.6044552326202393
local_output_nid generation:  0.09394359588623047
local_in_edges_tensor generation:  0.2016146183013916
mini_batch_src_global generation:  0.12770867347717285
r_  generation:  1.561119556427002
local_output_nid generation:  0.10695481300354004
local_in_edges_tensor generation:  0.10878419876098633
mini_batch_src_global generation:  0.13195466995239258
r_  generation:  1.5941648483276367
local_output_nid generation:  0.10370898246765137
local_in_edges_tensor generation:  0.09966135025024414
mini_batch_src_global generation:  0.13695549964904785
r_  generation:  1.557596206665039
local_output_nid generation:  0.10542821884155273
local_in_edges_tensor generation:  0.12211108207702637
mini_batch_src_global generation:  0.13309240341186523
r_  generation:  1.5740420818328857
local_output_nid generation:  0.09504127502441406
local_in_edges_tensor generation:  0.10037016868591309
mini_batch_src_global generation:  0.1261141300201416
r_  generation:  1.5653963088989258
local_output_nid generation:  0.09409332275390625
local_in_edges_tensor generation:  0.11377239227294922
mini_batch_src_global generation:  0.12834835052490234
r_  generation:  1.558166265487671
local_output_nid generation:  0.09562802314758301
local_in_edges_tensor generation:  0.10973262786865234
mini_batch_src_global generation:  0.1310579776763916
r_  generation:  1.560067892074585
local_output_nid generation:  0.09640693664550781
local_in_edges_tensor generation:  0.11439633369445801
mini_batch_src_global generation:  0.13072419166564941
r_  generation:  1.5660085678100586
local_output_nid generation:  0.09400701522827148
local_in_edges_tensor generation:  0.09946560859680176
mini_batch_src_global generation:  0.1269545555114746
r_  generation:  1.550168514251709
local_output_nid generation:  0.09485769271850586
local_in_edges_tensor generation:  0.11466050148010254
mini_batch_src_global generation:  0.12860107421875
r_  generation:  1.5723793506622314
local_output_nid generation:  0.09555220603942871
local_in_edges_tensor generation:  0.12850427627563477
mini_batch_src_global generation:  0.12683916091918945
r_  generation:  1.5451126098632812
local_output_nid generation:  0.09476089477539062
local_in_edges_tensor generation:  0.10696578025817871
mini_batch_src_global generation:  0.12630724906921387
r_  generation:  1.6058754920959473
local_output_nid generation:  0.09444308280944824
local_in_edges_tensor generation:  0.13856744766235352
mini_batch_src_global generation:  0.13390874862670898
r_  generation:  1.6055614948272705
local_output_nid generation:  0.10773658752441406
local_in_edges_tensor generation:  0.12886381149291992
mini_batch_src_global generation:  0.13298511505126953
r_  generation:  1.5708422660827637
local_output_nid generation:  0.10489201545715332
local_in_edges_tensor generation:  0.10979366302490234
mini_batch_src_global generation:  0.14158868789672852
r_  generation:  1.578399419784546
local_output_nid generation:  0.10544943809509277
local_in_edges_tensor generation:  0.11461997032165527
mini_batch_src_global generation:  0.12723231315612793
r_  generation:  1.5419647693634033
local_output_nid generation:  0.09675908088684082
local_in_edges_tensor generation:  0.1313457489013672
mini_batch_src_global generation:  0.12781000137329102
r_  generation:  1.5758569240570068
local_output_nid generation:  0.09454512596130371
local_in_edges_tensor generation:  0.10135960578918457
mini_batch_src_global generation:  0.1290745735168457
r_  generation:  1.5601298809051514
local_output_nid generation:  0.09539484977722168
local_in_edges_tensor generation:  0.1155846118927002
mini_batch_src_global generation:  0.17273211479187012
r_  generation:  1.6395127773284912
local_output_nid generation:  0.11075091361999512
local_in_edges_tensor generation:  0.18073821067810059
mini_batch_src_global generation:  0.18164873123168945
r_  generation:  1.6183233261108398
local_output_nid generation:  0.1166079044342041
local_in_edges_tensor generation:  0.12485146522521973
mini_batch_src_global generation:  0.13361573219299316
r_  generation:  1.6082231998443604
local_output_nid generation:  0.09627866744995117
local_in_edges_tensor generation:  0.10649895668029785
mini_batch_src_global generation:  0.1298515796661377
r_  generation:  1.652963638305664
local_output_nid generation:  0.11133956909179688
local_in_edges_tensor generation:  0.1642930507659912
mini_batch_src_global generation:  0.1404411792755127
r_  generation:  1.623441219329834
local_output_nid generation:  0.10731720924377441
local_in_edges_tensor generation:  0.13954448699951172
mini_batch_src_global generation:  0.13085365295410156
r_  generation:  1.5803658962249756
local_output_nid generation:  0.09732985496520996
local_in_edges_tensor generation:  0.10381865501403809
mini_batch_src_global generation:  0.13207149505615234
r_  generation:  1.591139793395996
local_output_nid generation:  0.09816884994506836
local_in_edges_tensor generation:  0.13374781608581543
mini_batch_src_global generation:  0.1301403045654297
r_  generation:  1.6186940670013428
local_output_nid generation:  0.09607195854187012
local_in_edges_tensor generation:  0.12035226821899414
mini_batch_src_global generation:  0.12978672981262207
r_  generation:  1.5658621788024902
local_output_nid generation:  0.10262823104858398
local_in_edges_tensor generation:  0.14115476608276367
mini_batch_src_global generation:  0.13917255401611328
r_  generation:  1.654022216796875
local_output_nid generation:  0.12397146224975586
local_in_edges_tensor generation:  0.1528005599975586
mini_batch_src_global generation:  0.13051748275756836
r_  generation:  1.6059644222259521
local_output_nid generation:  0.10816025733947754
local_in_edges_tensor generation:  0.10843491554260254
mini_batch_src_global generation:  0.13527917861938477
r_  generation:  1.580766201019287
local_output_nid generation:  0.09670495986938477
local_in_edges_tensor generation:  0.1177515983581543
mini_batch_src_global generation:  0.13483119010925293
r_  generation:  1.5881614685058594
local_output_nid generation:  0.09547257423400879
local_in_edges_tensor generation:  0.10085678100585938
mini_batch_src_global generation:  0.13212180137634277
r_  generation:  1.5945589542388916
local_output_nid generation:  0.09650945663452148
local_in_edges_tensor generation:  0.11000680923461914
mini_batch_src_global generation:  0.1366255283355713
r_  generation:  1.5728015899658203
local_output_nid generation:  0.09750676155090332
local_in_edges_tensor generation:  0.1154637336730957
mini_batch_src_global generation:  0.12903237342834473
r_  generation:  1.5840890407562256
local_output_nid generation:  0.09633898735046387
local_in_edges_tensor generation:  0.10352969169616699
mini_batch_src_global generation:  0.12858247756958008
r_  generation:  1.5823776721954346
local_output_nid generation:  0.09678888320922852
local_in_edges_tensor generation:  0.1285717487335205
mini_batch_src_global generation:  0.13695740699768066
r_  generation:  1.5905961990356445
local_output_nid generation:  0.09571027755737305
local_in_edges_tensor generation:  0.10167765617370605
mini_batch_src_global generation:  0.12936806678771973
r_  generation:  1.5787699222564697
local_output_nid generation:  0.09672117233276367
local_in_edges_tensor generation:  0.11881041526794434
mini_batch_src_global generation:  0.13515901565551758
r_  generation:  1.6199991703033447
local_output_nid generation:  0.09804844856262207
local_in_edges_tensor generation:  0.14431095123291016
mini_batch_src_global generation:  0.14396190643310547
r_  generation:  1.6249878406524658
local_output_nid generation:  0.09559488296508789
local_in_edges_tensor generation:  0.1485440731048584
mini_batch_src_global generation:  0.13937997817993164
r_  generation:  1.6102797985076904
local_output_nid generation:  0.12025904655456543
local_in_edges_tensor generation:  0.12493634223937988
mini_batch_src_global generation:  0.13737797737121582
r_  generation:  1.597034215927124
local_output_nid generation:  0.10709691047668457
local_in_edges_tensor generation:  0.11008667945861816
mini_batch_src_global generation:  0.1328139305114746
r_  generation:  1.5706126689910889
local_output_nid generation:  0.0958256721496582
local_in_edges_tensor generation:  0.11629962921142578
mini_batch_src_global generation:  0.13527846336364746
r_  generation:  1.5884130001068115
local_output_nid generation:  0.09551405906677246
local_in_edges_tensor generation:  0.10862183570861816
mini_batch_src_global generation:  0.13077425956726074
r_  generation:  1.5745186805725098
local_output_nid generation:  0.09636139869689941
local_in_edges_tensor generation:  1.287496566772461
mini_batch_src_global generation:  0.1324615478515625
r_  generation:  1.5762429237365723
local_output_nid generation:  0.09383749961853027
local_in_edges_tensor generation:  0.11696004867553711
mini_batch_src_global generation:  0.13323688507080078
r_  generation:  1.5821185111999512
local_output_nid generation:  0.09398603439331055
local_in_edges_tensor generation:  0.11617040634155273
mini_batch_src_global generation:  0.13094830513000488
r_  generation:  1.583460807800293
local_output_nid generation:  0.09502148628234863
local_in_edges_tensor generation:  0.12069559097290039
mini_batch_src_global generation:  0.1286945343017578
r_  generation:  1.5926570892333984
local_output_nid generation:  0.09449243545532227
local_in_edges_tensor generation:  0.11580276489257812
mini_batch_src_global generation:  0.13016176223754883
r_  generation:  1.6203947067260742
local_output_nid generation:  0.09648418426513672
local_in_edges_tensor generation:  0.12260985374450684
mini_batch_src_global generation:  0.14647197723388672
r_  generation:  1.75612473487854
local_output_nid generation:  0.09447288513183594
local_in_edges_tensor generation:  0.1292552947998047
mini_batch_src_global generation:  0.14281630516052246
r_  generation:  1.592867374420166
local_output_nid generation:  0.09400701522827148
local_in_edges_tensor generation:  0.14489483833312988
mini_batch_src_global generation:  0.12858247756958008
r_  generation:  1.579488754272461
local_output_nid generation:  0.1168069839477539
local_in_edges_tensor generation:  0.1117548942565918
mini_batch_src_global generation:  0.12819385528564453
r_  generation:  1.5847246646881104
local_output_nid generation:  0.09633159637451172
local_in_edges_tensor generation:  0.11752700805664062
mini_batch_src_global generation:  0.12809348106384277
r_  generation:  1.5816528797149658
local_output_nid generation:  0.10378336906433105
local_in_edges_tensor generation:  0.11537742614746094
mini_batch_src_global generation:  0.12853336334228516
r_  generation:  1.5739388465881348
local_output_nid generation:  0.10772585868835449
local_in_edges_tensor generation:  0.11828970909118652
mini_batch_src_global generation:  0.12777400016784668
r_  generation:  1.560173749923706
local_output_nid generation:  0.09665799140930176
local_in_edges_tensor generation:  0.10973000526428223
mini_batch_src_global generation:  0.1409468650817871
r_  generation:  1.5995497703552246
local_output_nid generation:  0.09633231163024902
local_in_edges_tensor generation:  0.11780095100402832
mini_batch_src_global generation:  0.13066673278808594
r_  generation:  1.5929150581359863
local_output_nid generation:  0.09538578987121582
local_in_edges_tensor generation:  0.10879874229431152
mini_batch_src_global generation:  0.1291055679321289
r_  generation:  1.5810940265655518
local_output_nid generation:  0.09591436386108398
local_in_edges_tensor generation:  0.1168360710144043
mini_batch_src_global generation:  0.1272752285003662
r_  generation:  1.5666768550872803
local_output_nid generation:  0.09620118141174316
local_in_edges_tensor generation:  0.10817456245422363
mini_batch_src_global generation:  0.1280345916748047
r_  generation:  1.5842692852020264
local_output_nid generation:  0.09596443176269531
local_in_edges_tensor generation:  0.11996817588806152
mini_batch_src_global generation:  0.12714672088623047
r_  generation:  1.5643465518951416
local_output_nid generation:  0.09589266777038574
local_in_edges_tensor generation:  0.11536765098571777
mini_batch_src_global generation:  0.1297905445098877
r_  generation:  1.5734269618988037
local_output_nid generation:  0.09695601463317871
local_in_edges_tensor generation:  0.11088061332702637
mini_batch_src_global generation:  0.12902355194091797
r_  generation:  1.583812952041626
local_output_nid generation:  0.09538078308105469
local_in_edges_tensor generation:  0.11851072311401367
mini_batch_src_global generation:  0.1314694881439209
r_  generation:  1.5872492790222168
local_output_nid generation:  0.0963749885559082
local_in_edges_tensor generation:  0.12247323989868164
mini_batch_src_global generation:  0.143280029296875
r_  generation:  1.6098301410675049
local_output_nid generation:  0.09534502029418945
local_in_edges_tensor generation:  0.15848231315612793
mini_batch_src_global generation:  0.13327646255493164
r_  generation:  1.5870540142059326
local_output_nid generation:  0.11847543716430664
local_in_edges_tensor generation:  0.1195383071899414
mini_batch_src_global generation:  0.13200974464416504
r_  generation:  1.586592197418213
local_output_nid generation:  0.09594440460205078
local_in_edges_tensor generation:  0.10914969444274902
mini_batch_src_global generation:  0.13889074325561523
r_  generation:  1.5807740688323975
local_output_nid generation:  0.10746026039123535
local_in_edges_tensor generation:  0.11790728569030762
mini_batch_src_global generation:  0.13361239433288574
r_  generation:  1.5847842693328857
local_output_nid generation:  0.09691929817199707
local_in_edges_tensor generation:  0.11959576606750488
mini_batch_src_global generation:  0.13248252868652344
r_  generation:  1.5730655193328857
local_output_nid generation:  0.09574365615844727
local_in_edges_tensor generation:  0.10872721672058105
mini_batch_src_global generation:  0.1365375518798828
r_  generation:  1.5824511051177979
local_output_nid generation:  0.09537792205810547
local_in_edges_tensor generation:  0.1080179214477539
mini_batch_src_global generation:  0.12752914428710938
r_  generation:  1.5754156112670898
local_output_nid generation:  0.09547138214111328
local_in_edges_tensor generation:  0.1162574291229248
mini_batch_src_global generation:  0.12996482849121094
r_  generation:  1.579993486404419
local_output_nid generation:  0.09654045104980469
local_in_edges_tensor generation:  0.11951065063476562
mini_batch_src_global generation:  0.12859654426574707
r_  generation:  1.587202548980713
local_output_nid generation:  0.0958254337310791
local_in_edges_tensor generation:  0.10861873626708984
mini_batch_src_global generation:  0.12774014472961426
r_  generation:  1.584484577178955
local_output_nid generation:  0.09493350982666016
local_in_edges_tensor generation:  0.11856532096862793
mini_batch_src_global generation:  0.12969350814819336
r_  generation:  1.5705397129058838
local_output_nid generation:  0.09709858894348145
local_in_edges_tensor generation:  0.11876845359802246
mini_batch_src_global generation:  0.13208270072937012
r_  generation:  1.5807733535766602
local_output_nid generation:  0.09679770469665527
local_in_edges_tensor generation:  0.11667394638061523
mini_batch_src_global generation:  0.13098907470703125
r_  generation:  1.5827572345733643
local_output_nid generation:  0.09592247009277344
local_in_edges_tensor generation:  0.13120055198669434
mini_batch_src_global generation:  0.12758564949035645
r_  generation:  1.596815586090088
local_output_nid generation:  0.09698629379272461
local_in_edges_tensor generation:  0.1513843536376953
mini_batch_src_global generation:  0.12812495231628418
r_  generation:  1.5881774425506592
local_output_nid generation:  0.11944127082824707
local_in_edges_tensor generation:  0.12021112442016602
mini_batch_src_global generation:  0.13101720809936523
r_  generation:  1.5936686992645264
local_output_nid generation:  0.0974569320678711
local_in_edges_tensor generation:  0.11743831634521484
mini_batch_src_global generation:  0.12877941131591797
r_  generation:  1.5906143188476562
local_output_nid generation:  0.1074225902557373
local_in_edges_tensor generation:  0.10976219177246094
mini_batch_src_global generation:  0.12767624855041504
r_  generation:  1.577357292175293
local_output_nid generation:  0.09741449356079102
local_in_edges_tensor generation:  0.10975337028503418
mini_batch_src_global generation:  0.1290576457977295
r_  generation:  1.579421043395996
local_output_nid generation:  0.09599423408508301
local_in_edges_tensor generation:  0.1094205379486084
mini_batch_src_global generation:  0.13063979148864746
r_  generation:  1.568084716796875
local_output_nid generation:  0.09667754173278809
local_in_edges_tensor generation:  0.11681509017944336
mini_batch_src_global generation:  0.13866400718688965
r_  generation:  1.5867729187011719
local_output_nid generation:  0.09689712524414062
local_in_edges_tensor generation:  0.10267972946166992
mini_batch_src_global generation:  0.13091087341308594
r_  generation:  1.5807373523712158
local_output_nid generation:  0.0954890251159668
local_in_edges_tensor generation:  0.11770462989807129
mini_batch_src_global generation:  0.12954068183898926
r_  generation:  1.5704479217529297
local_output_nid generation:  0.09653353691101074
local_in_edges_tensor generation:  0.11852121353149414
mini_batch_src_global generation:  0.12843728065490723
r_  generation:  1.6015195846557617
local_output_nid generation:  0.09604978561401367
local_in_edges_tensor generation:  0.11776471138000488
mini_batch_src_global generation:  0.13062763214111328
r_  generation:  1.576566219329834
local_output_nid generation:  0.09598326683044434
local_in_edges_tensor generation:  0.11900877952575684
mini_batch_src_global generation:  0.13461041450500488
r_  generation:  1.577582836151123
local_output_nid generation:  0.09833359718322754
local_in_edges_tensor generation:  0.12178730964660645
mini_batch_src_global generation:  0.1280829906463623
r_  generation:  1.5738554000854492
local_output_nid generation:  0.09758448600769043
local_in_edges_tensor generation:  0.12209343910217285
mini_batch_src_global generation:  0.12827634811401367
r_  generation:  1.5830233097076416
local_output_nid generation:  0.09542274475097656
local_in_edges_tensor generation:  0.15352416038513184
mini_batch_src_global generation:  0.13076257705688477
r_  generation:  1.5685229301452637
local_output_nid generation:  0.11000752449035645
local_in_edges_tensor generation:  0.12086796760559082
mini_batch_src_global generation:  0.1271955966949463
r_  generation:  1.6046850681304932
local_output_nid generation:  0.09646749496459961
local_in_edges_tensor generation:  0.11194443702697754
mini_batch_src_global generation:  0.12964725494384766
r_  generation:  1.5768139362335205
local_output_nid generation:  0.10886049270629883
local_in_edges_tensor generation:  0.11920738220214844
mini_batch_src_global generation:  0.13381004333496094
r_  generation:  1.5755493640899658
local_output_nid generation:  0.08890199661254883
local_in_edges_tensor generation:  0.09517168998718262
mini_batch_src_global generation:  0.12221789360046387
r_  generation:  1.4754564762115479
----------------------check_connections_block total spend ----------------------------- 289.84661865234375
generate_one_block  2.101600408554077
generate_one_block  1.719942331314087
generate_one_block  1.7115287780761719
generate_one_block  1.707718849182129
generate_one_block  1.735893964767456
generate_one_block  2.0097124576568604
generate_one_block  1.7667980194091797
generate_one_block  1.750248670578003
generate_one_block  2.1139299869537354
generate_one_block  1.7102162837982178
generate_one_block  1.705409049987793
generate_one_block  1.7224183082580566
generate_one_block  1.8780791759490967
generate_one_block  1.766237497329712
generate_one_block  1.741875410079956
generate_one_block  1.8701095581054688
generate_one_block  1.7452201843261719
generate_one_block  1.7526535987854004
generate_one_block  1.6933071613311768
generate_one_block  1.7299678325653076
generate_one_block  1.7439055442810059
generate_one_block  1.753934383392334
generate_one_block  1.7147772312164307
generate_one_block  1.712559461593628
generate_one_block  1.7087535858154297
generate_one_block  1.7179896831512451
generate_one_block  1.740889549255371
generate_one_block  1.715311050415039
generate_one_block  1.7241308689117432
generate_one_block  1.7238249778747559
generate_one_block  1.7256410121917725
generate_one_block  1.7163925170898438
generate_one_block  1.7340731620788574
generate_one_block  1.7342374324798584
generate_one_block  1.8143336772918701
generate_one_block  1.85746169090271
generate_one_block  1.7820868492126465
generate_one_block  1.8845164775848389
generate_one_block  1.7899861335754395
generate_one_block  1.7285752296447754
generate_one_block  1.743119716644287
generate_one_block  1.7197072505950928
generate_one_block  1.7151906490325928
generate_one_block  1.7375380992889404
generate_one_block  1.7125320434570312
generate_one_block  1.7306792736053467
generate_one_block  1.7266123294830322
generate_one_block  1.750243902206421
generate_one_block  1.7574501037597656
generate_one_block  1.7315177917480469
generate_one_block  1.7577183246612549
generate_one_block  1.7351362705230713
generate_one_block  1.7248401641845703
generate_one_block  1.7452819347381592
generate_one_block  1.7491791248321533
generate_one_block  1.7253758907318115
generate_one_block  1.7362966537475586
generate_one_block  1.9006876945495605
generate_one_block  1.780259370803833
generate_one_block  1.8748722076416016
generate_one_block  1.8660056591033936
generate_one_block  1.7525489330291748
generate_one_block  1.754103183746338
generate_one_block  1.7337849140167236
generate_one_block  1.7715644836425781
generate_one_block  1.7240219116210938
generate_one_block  1.7600998878479004
generate_one_block  1.7167367935180664
generate_one_block  1.7168478965759277
generate_one_block  1.759174108505249
generate_one_block  1.7307074069976807
generate_one_block  1.7355878353118896
generate_one_block  1.7169349193572998
generate_one_block  1.7786693572998047
generate_one_block  1.7355549335479736
generate_one_block  1.7548890113830566
generate_one_block  1.7709190845489502
generate_one_block  1.7260470390319824
generate_one_block  1.7350094318389893
generate_one_block  1.7440452575683594
generate_one_block  1.9158966541290283
generate_one_block  1.8176288604736328
generate_one_block  1.9331576824188232
generate_one_block  1.7490806579589844
generate_one_block  1.7557756900787354
generate_one_block  1.7571790218353271
generate_one_block  1.7923533916473389
generate_one_block  1.7332513332366943
generate_one_block  1.740764856338501
generate_one_block  1.7333705425262451
generate_one_block  1.7290468215942383
generate_one_block  1.743116855621338
generate_one_block  1.7359867095947266
generate_one_block  1.7324206829071045
generate_one_block  1.7613990306854248
generate_one_block  1.7132773399353027
generate_one_block  1.7376353740692139
generate_one_block  1.7222328186035156
generate_one_block  1.751859188079834
generate_one_block  1.7835133075714111
generate_one_block  1.7649259567260742
generate_one_block  1.7372941970825195
generate_one_block  1.7405710220336914
generate_one_block  1.8877887725830078
generate_one_block  1.8524630069732666
generate_one_block  1.8792192935943604
generate_one_block  1.8438894748687744
generate_one_block  1.7673943042755127
generate_one_block  1.7564091682434082
generate_one_block  1.7767536640167236
generate_one_block  1.75303053855896
generate_one_block  1.7459542751312256
generate_one_block  1.7820451259613037
generate_one_block  1.8504283428192139
generate_one_block  1.784715175628662
generate_one_block  1.8363640308380127
generate_one_block  2.2074155807495117
generate_one_block  1.7463781833648682
generate_one_block  1.7666866779327393
generate_one_block  1.8260371685028076
generate_one_block  1.7488203048706055
generate_one_block  1.7737138271331787
generate_one_block  1.7524003982543945
generate_one_block  1.7538723945617676
generate_one_block  1.9481086730957031
generate_one_block  3.5905773639678955
generate_one_block  1.7589869499206543
generate_one_block  1.5537652969360352
-----------------------------------------after block dataloader generation 
 Nvidia-smi: 11.7830810546875 GB
    Memory Allocated: 0.0006527900695800781  GigaBytes
Max Memory Allocated: 0.0006527900695800781  GigaBytes

connection checking time:  331.0151915550232
block generation total time  261.60163164138794
average batch blocks generation time:  2.0437627471983433
----------------------------------------before batch_pred = model(blocks, batch_inputs) 
 Nvidia-smi: 12.2225341796875 GB
    Memory Allocated: 0.3757781982421875  GigaBytes
Max Memory Allocated: 0.3757781982421875  GigaBytes

