main start at this time 1647784726.1621
#nodes: 2449029
#edges: 123718024
#classes: 47
success----------------------------------------
196571
39255
2164782
# Nodes: 2400608
# Edges: 123718024
# Train: 196571
# Val: 39255
# Test: 2164782
# Classes: 47

in feats:  100
----------------------------------------before generate_dataloader_block 
 Nvidia-smi: 3.0311279296875 GB
    Memory Allocated: 0.0006527900695800781  GigaBytes
Max Memory Allocated: 0.0006527900695800781  GigaBytes

The real block id is  2
get_global_graph_edges_ids_block function  spend 0.3907778263092041
range selection method range initialization spend 0.029657602310180664
time for parepare:  0.2753634452819824
local_output_nid generation:  0.0005030632019042969
local_in_edges_tensor generation:  0.020854949951171875
mini_batch_src_global generation:  0.001920938491821289
r_  generation:  0.023404598236083984
local_output_nid generation:  0.0005140304565429688
local_in_edges_tensor generation:  0.0005815029144287109
mini_batch_src_global generation:  0.002110719680786133
r_  generation:  0.020307540893554688
local_output_nid generation:  0.0005004405975341797
local_in_edges_tensor generation:  0.0005829334259033203
mini_batch_src_global generation:  0.001264333724975586
r_  generation:  0.019835472106933594
local_output_nid generation:  0.0005390644073486328
local_in_edges_tensor generation:  0.0005726814270019531
mini_batch_src_global generation:  0.0012519359588623047
r_  generation:  0.02002573013305664
local_output_nid generation:  0.0004911422729492188
local_in_edges_tensor generation:  0.0005700588226318359
mini_batch_src_global generation:  0.0012707710266113281
r_  generation:  0.019814491271972656
local_output_nid generation:  0.0005159378051757812
local_in_edges_tensor generation:  0.0005731582641601562
mini_batch_src_global generation:  0.0012352466583251953
r_  generation:  0.019921302795410156
local_output_nid generation:  0.0004889965057373047
local_in_edges_tensor generation:  0.0006058216094970703
mini_batch_src_global generation:  0.0012788772583007812
r_  generation:  0.020331382751464844
local_output_nid generation:  0.0005280971527099609
local_in_edges_tensor generation:  0.0005719661712646484
mini_batch_src_global generation:  0.0012273788452148438
r_  generation:  0.019994020462036133
local_output_nid generation:  0.0005221366882324219
local_in_edges_tensor generation:  0.0005807876586914062
mini_batch_src_global generation:  0.001302480697631836
r_  generation:  0.0204927921295166
local_output_nid generation:  0.0005066394805908203
local_in_edges_tensor generation:  0.0005764961242675781
mini_batch_src_global generation:  0.0012857913970947266
r_  generation:  0.020435094833374023
local_output_nid generation:  0.0004916191101074219
local_in_edges_tensor generation:  0.0005588531494140625
mini_batch_src_global generation:  0.0012650489807128906
r_  generation:  0.02049994468688965
local_output_nid generation:  0.0005080699920654297
local_in_edges_tensor generation:  0.0005855560302734375
mini_batch_src_global generation:  0.0012977123260498047
r_  generation:  0.02035069465637207
local_output_nid generation:  0.0004949569702148438
local_in_edges_tensor generation:  0.0005552768707275391
mini_batch_src_global generation:  0.0012941360473632812
r_  generation:  0.02089381217956543
local_output_nid generation:  0.0004937648773193359
local_in_edges_tensor generation:  0.0005574226379394531
mini_batch_src_global generation:  0.0013072490692138672
r_  generation:  0.0208437442779541
local_output_nid generation:  0.0004856586456298828
local_in_edges_tensor generation:  0.0006084442138671875
mini_batch_src_global generation:  0.0013186931610107422
r_  generation:  0.020183563232421875
local_output_nid generation:  0.0004951953887939453
local_in_edges_tensor generation:  0.0005602836608886719
mini_batch_src_global generation:  0.0013453960418701172
r_  generation:  0.020558834075927734
local_output_nid generation:  0.0004878044128417969
local_in_edges_tensor generation:  0.0005750656127929688
mini_batch_src_global generation:  0.0013034343719482422
r_  generation:  0.021162033081054688
local_output_nid generation:  0.0005042552947998047
local_in_edges_tensor generation:  0.0006060600280761719
mini_batch_src_global generation:  0.0013833045959472656
r_  generation:  0.020359516143798828
local_output_nid generation:  0.0004916191101074219
local_in_edges_tensor generation:  0.0005662441253662109
mini_batch_src_global generation:  0.0013587474822998047
r_  generation:  0.021163225173950195
local_output_nid generation:  0.00048828125
local_in_edges_tensor generation:  0.0005819797515869141
mini_batch_src_global generation:  0.0013813972473144531
r_  generation:  0.02113175392150879
local_output_nid generation:  0.00047898292541503906
local_in_edges_tensor generation:  0.0005934238433837891
mini_batch_src_global generation:  0.001361846923828125
r_  generation:  0.02098989486694336
local_output_nid generation:  0.0005006790161132812
local_in_edges_tensor generation:  0.0005583763122558594
mini_batch_src_global generation:  0.0013883113861083984
r_  generation:  0.02157282829284668
local_output_nid generation:  0.0004885196685791016
local_in_edges_tensor generation:  0.0005643367767333984
mini_batch_src_global generation:  0.001405954360961914
r_  generation:  0.020871877670288086
local_output_nid generation:  0.0005066394805908203
local_in_edges_tensor generation:  0.0005671977996826172
mini_batch_src_global generation:  0.0013835430145263672
r_  generation:  0.027269601821899414
local_output_nid generation:  0.0005230903625488281
local_in_edges_tensor generation:  0.01794743537902832
mini_batch_src_global generation:  0.0015058517456054688
r_  generation:  0.023120641708374023
local_output_nid generation:  0.0004992485046386719
local_in_edges_tensor generation:  0.0005526542663574219
mini_batch_src_global generation:  0.001399993896484375
r_  generation:  0.02286386489868164
local_output_nid generation:  0.0004892349243164062
local_in_edges_tensor generation:  0.0006742477416992188
mini_batch_src_global generation:  0.0014510154724121094
r_  generation:  0.021238088607788086
local_output_nid generation:  0.0004889965057373047
local_in_edges_tensor generation:  0.0006670951843261719
mini_batch_src_global generation:  0.0014393329620361328
r_  generation:  0.0212252140045166
local_output_nid generation:  0.0005011558532714844
local_in_edges_tensor generation:  0.0005662441253662109
mini_batch_src_global generation:  0.0014328956604003906
r_  generation:  0.021387577056884766
local_output_nid generation:  0.0005323886871337891
local_in_edges_tensor generation:  0.0005605220794677734
mini_batch_src_global generation:  0.0014729499816894531
r_  generation:  0.021643638610839844
local_output_nid generation:  0.0004999637603759766
local_in_edges_tensor generation:  0.0005667209625244141
mini_batch_src_global generation:  0.0014469623565673828
r_  generation:  0.02109503746032715
local_output_nid generation:  0.0004923343658447266
local_in_edges_tensor generation:  0.0005581378936767578
mini_batch_src_global generation:  0.0014295578002929688
r_  generation:  0.021530866622924805
local_output_nid generation:  0.000499725341796875
local_in_edges_tensor generation:  0.0005762577056884766
mini_batch_src_global generation:  0.0014679431915283203
r_  generation:  0.0215606689453125
local_output_nid generation:  0.0004954338073730469
local_in_edges_tensor generation:  0.0005919933319091797
mini_batch_src_global generation:  0.0014700889587402344
r_  generation:  0.021373987197875977
local_output_nid generation:  0.0005002021789550781
local_in_edges_tensor generation:  0.0005571842193603516
mini_batch_src_global generation:  0.0014348030090332031
r_  generation:  0.021806001663208008
local_output_nid generation:  0.0004975795745849609
local_in_edges_tensor generation:  0.0005733966827392578
mini_batch_src_global generation:  0.0014770030975341797
r_  generation:  0.0212247371673584
local_output_nid generation:  0.0004990100860595703
local_in_edges_tensor generation:  0.0005710124969482422
mini_batch_src_global generation:  0.0014963150024414062
r_  generation:  0.021559953689575195
local_output_nid generation:  0.0005013942718505859
local_in_edges_tensor generation:  0.0005819797515869141
mini_batch_src_global generation:  0.0014972686767578125
r_  generation:  0.022127389907836914
local_output_nid generation:  0.0004947185516357422
local_in_edges_tensor generation:  0.0005877017974853516
mini_batch_src_global generation:  0.0015003681182861328
r_  generation:  0.021773576736450195
local_output_nid generation:  0.0004947185516357422
local_in_edges_tensor generation:  0.0005662441253662109
mini_batch_src_global generation:  0.0014984607696533203
r_  generation:  0.021532297134399414
local_output_nid generation:  0.0004980564117431641
local_in_edges_tensor generation:  0.0005843639373779297
mini_batch_src_global generation:  0.0014901161193847656
r_  generation:  0.022107362747192383
local_output_nid generation:  0.0004966259002685547
local_in_edges_tensor generation:  0.0006043910980224609
mini_batch_src_global generation:  0.0014955997467041016
r_  generation:  0.02157306671142578
local_output_nid generation:  0.0004994869232177734
local_in_edges_tensor generation:  0.0006017684936523438
mini_batch_src_global generation:  0.0014891624450683594
r_  generation:  0.021207809448242188
local_output_nid generation:  0.0004973411560058594
local_in_edges_tensor generation:  0.0005943775177001953
mini_batch_src_global generation:  0.0014896392822265625
r_  generation:  0.021584510803222656
local_output_nid generation:  0.0005071163177490234
local_in_edges_tensor generation:  0.0005877017974853516
mini_batch_src_global generation:  0.001489400863647461
r_  generation:  0.022305727005004883
local_output_nid generation:  0.0004999637603759766
local_in_edges_tensor generation:  0.0005893707275390625
mini_batch_src_global generation:  0.0014872550964355469
r_  generation:  0.02220773696899414
local_output_nid generation:  0.0005192756652832031
local_in_edges_tensor generation:  0.0006194114685058594
mini_batch_src_global generation:  0.0015034675598144531
r_  generation:  0.02173614501953125
local_output_nid generation:  0.000499725341796875
local_in_edges_tensor generation:  0.0005888938903808594
mini_batch_src_global generation:  0.0015244483947753906
r_  generation:  0.02221965789794922
local_output_nid generation:  0.0005018711090087891
local_in_edges_tensor generation:  0.0005421638488769531
mini_batch_src_global generation:  0.0014998912811279297
r_  generation:  0.021461009979248047
local_output_nid generation:  0.0004868507385253906
local_in_edges_tensor generation:  0.0005645751953125
mini_batch_src_global generation:  0.0015079975128173828
r_  generation:  0.02197098731994629
local_output_nid generation:  0.0005066394805908203
local_in_edges_tensor generation:  0.0005757808685302734
mini_batch_src_global generation:  0.0015115737915039062
r_  generation:  0.023182392120361328
local_output_nid generation:  0.0005114078521728516
local_in_edges_tensor generation:  0.0005712509155273438
mini_batch_src_global generation:  0.001514434814453125
r_  generation:  0.021576404571533203
local_output_nid generation:  0.0005011558532714844
local_in_edges_tensor generation:  0.0006041526794433594
mini_batch_src_global generation:  0.0015196800231933594
r_  generation:  0.021759986877441406
local_output_nid generation:  0.0005006790161132812
local_in_edges_tensor generation:  0.0005767345428466797
mini_batch_src_global generation:  0.0015208721160888672
r_  generation:  0.022165298461914062
local_output_nid generation:  0.0004990100860595703
local_in_edges_tensor generation:  0.0006084442138671875
mini_batch_src_global generation:  0.001547098159790039
r_  generation:  0.021676301956176758
local_output_nid generation:  0.0005006790161132812
local_in_edges_tensor generation:  0.0005834102630615234
mini_batch_src_global generation:  0.001539468765258789
r_  generation:  0.022174596786499023
local_output_nid generation:  0.0004925727844238281
local_in_edges_tensor generation:  0.0005548000335693359
mini_batch_src_global generation:  0.0014808177947998047
r_  generation:  0.021489858627319336
local_output_nid generation:  0.0005140304565429688
local_in_edges_tensor generation:  0.0005815029144287109
mini_batch_src_global generation:  0.0015137195587158203
r_  generation:  0.021950960159301758
local_output_nid generation:  0.0005335807800292969
local_in_edges_tensor generation:  0.0005712509155273438
mini_batch_src_global generation:  0.0015158653259277344
r_  generation:  0.02140641212463379
local_output_nid generation:  0.0004925727844238281
local_in_edges_tensor generation:  0.0005812644958496094
mini_batch_src_global generation:  0.0015201568603515625
r_  generation:  0.021482467651367188
local_output_nid generation:  0.0004954338073730469
local_in_edges_tensor generation:  0.0005486011505126953
mini_batch_src_global generation:  0.0015299320220947266
r_  generation:  0.021652936935424805
local_output_nid generation:  0.0004928112030029297
local_in_edges_tensor generation:  0.0005905628204345703
mini_batch_src_global generation:  0.001499176025390625
r_  generation:  0.02149033546447754
local_output_nid generation:  0.0004999637603759766
local_in_edges_tensor generation:  0.0005619525909423828
mini_batch_src_global generation:  0.0015189647674560547
r_  generation:  0.02203822135925293
local_output_nid generation:  0.0005118846893310547
local_in_edges_tensor generation:  0.000583648681640625
mini_batch_src_global generation:  0.0015192031860351562
r_  generation:  0.02158665657043457
local_output_nid generation:  0.0004911422729492188
local_in_edges_tensor generation:  0.0005774497985839844
mini_batch_src_global generation:  0.0015523433685302734
r_  generation:  0.02141094207763672
local_output_nid generation:  0.0004963874816894531
local_in_edges_tensor generation:  0.0005574226379394531
mini_batch_src_global generation:  0.0015172958374023438
r_  generation:  0.021798372268676758
local_output_nid generation:  0.0004932880401611328
local_in_edges_tensor generation:  0.0005731582641601562
mini_batch_src_global generation:  0.0015308856964111328
r_  generation:  0.021489381790161133
local_output_nid generation:  0.00049591064453125
local_in_edges_tensor generation:  0.0005726814270019531
mini_batch_src_global generation:  0.001544952392578125
r_  generation:  0.021837234497070312
local_output_nid generation:  0.0005099773406982422
local_in_edges_tensor generation:  0.0005662441253662109
mini_batch_src_global generation:  0.0015134811401367188
r_  generation:  0.021655797958374023
local_output_nid generation:  0.0004923343658447266
local_in_edges_tensor generation:  0.0005347728729248047
mini_batch_src_global generation:  0.0015273094177246094
r_  generation:  0.021833419799804688
local_output_nid generation:  0.0004928112030029297
local_in_edges_tensor generation:  0.0005815029144287109
mini_batch_src_global generation:  0.0015492439270019531
r_  generation:  0.023304224014282227
local_output_nid generation:  0.0005404949188232422
local_in_edges_tensor generation:  0.0007441043853759766
mini_batch_src_global generation:  0.0021212100982666016
r_  generation:  0.022815227508544922
local_output_nid generation:  0.0005278587341308594
local_in_edges_tensor generation:  0.0006778240203857422
mini_batch_src_global generation:  0.0015821456909179688
r_  generation:  0.0219271183013916
local_output_nid generation:  0.0005006790161132812
local_in_edges_tensor generation:  0.0005793571472167969
mini_batch_src_global generation:  0.001560211181640625
r_  generation:  0.021754741668701172
local_output_nid generation:  0.0005090236663818359
local_in_edges_tensor generation:  0.003597259521484375
mini_batch_src_global generation:  0.0015633106231689453
r_  generation:  0.02153182029724121
local_output_nid generation:  0.0004937648773193359
local_in_edges_tensor generation:  0.0005772113800048828
mini_batch_src_global generation:  0.001554250717163086
r_  generation:  0.022094249725341797
local_output_nid generation:  0.0004971027374267578
local_in_edges_tensor generation:  0.0005540847778320312
mini_batch_src_global generation:  0.0015153884887695312
r_  generation:  0.022291183471679688
local_output_nid generation:  0.0005161762237548828
local_in_edges_tensor generation:  0.0005931854248046875
mini_batch_src_global generation:  0.0015218257904052734
r_  generation:  0.021660566329956055
local_output_nid generation:  0.0004940032958984375
local_in_edges_tensor generation:  0.0005948543548583984
mini_batch_src_global generation:  0.0015363693237304688
r_  generation:  0.02211785316467285
local_output_nid generation:  0.0004954338073730469
local_in_edges_tensor generation:  0.0005691051483154297
mini_batch_src_global generation:  0.00153350830078125
r_  generation:  0.022835254669189453
local_output_nid generation:  0.0005002021789550781
local_in_edges_tensor generation:  0.0005826950073242188
mini_batch_src_global generation:  0.001535177230834961
r_  generation:  0.021630525588989258
local_output_nid generation:  0.0004942417144775391
local_in_edges_tensor generation:  0.0005936622619628906
mini_batch_src_global generation:  0.0015349388122558594
r_  generation:  0.02186870574951172
local_output_nid generation:  0.0005092620849609375
local_in_edges_tensor generation:  0.0006072521209716797
mini_batch_src_global generation:  0.00153350830078125
r_  generation:  0.022374629974365234
local_output_nid generation:  0.0004942417144775391
local_in_edges_tensor generation:  0.0006818771362304688
mini_batch_src_global generation:  0.0015358924865722656
r_  generation:  0.022710800170898438
local_output_nid generation:  0.0005328655242919922
local_in_edges_tensor generation:  0.0006301403045654297
mini_batch_src_global generation:  0.0016322135925292969
r_  generation:  0.02184748649597168
local_output_nid generation:  0.0005044937133789062
local_in_edges_tensor generation:  0.0005753040313720703
mini_batch_src_global generation:  0.0015702247619628906
r_  generation:  0.022955656051635742
local_output_nid generation:  0.0004930496215820312
local_in_edges_tensor generation:  0.0006239414215087891
mini_batch_src_global generation:  0.0015609264373779297
r_  generation:  0.02198004722595215
local_output_nid generation:  0.0005459785461425781
local_in_edges_tensor generation:  0.0006043910980224609
mini_batch_src_global generation:  0.0015788078308105469
r_  generation:  0.022228002548217773
local_output_nid generation:  0.0005140304565429688
local_in_edges_tensor generation:  0.0005638599395751953
mini_batch_src_global generation:  0.0015292167663574219
r_  generation:  0.021642684936523438
local_output_nid generation:  0.0005028247833251953
local_in_edges_tensor generation:  0.0005750656127929688
mini_batch_src_global generation:  0.00152587890625
r_  generation:  0.022576332092285156
local_output_nid generation:  0.0004954338073730469
local_in_edges_tensor generation:  0.0005955696105957031
mini_batch_src_global generation:  0.001575469970703125
r_  generation:  0.028768062591552734
local_output_nid generation:  0.0006814002990722656
local_in_edges_tensor generation:  0.0008435249328613281
mini_batch_src_global generation:  0.022209882736206055
r_  generation:  0.02552509307861328
local_output_nid generation:  0.0007047653198242188
local_in_edges_tensor generation:  0.0013310909271240234
mini_batch_src_global generation:  0.009915590286254883
r_  generation:  0.02688884735107422
local_output_nid generation:  0.0005419254302978516
local_in_edges_tensor generation:  0.0007035732269287109
mini_batch_src_global generation:  0.0019426345825195312
r_  generation:  0.02272963523864746
local_output_nid generation:  0.0005335807800292969
local_in_edges_tensor generation:  0.0005717277526855469
mini_batch_src_global generation:  0.0015652179718017578
r_  generation:  0.02258467674255371
local_output_nid generation:  0.0005235671997070312
local_in_edges_tensor generation:  0.0005600452423095703
mini_batch_src_global generation:  0.0015630722045898438
r_  generation:  0.02303457260131836
local_output_nid generation:  0.0005173683166503906
local_in_edges_tensor generation:  0.0006210803985595703
mini_batch_src_global generation:  0.0015745162963867188
r_  generation:  0.021676301956176758
local_output_nid generation:  0.0005178451538085938
local_in_edges_tensor generation:  0.0006265640258789062
mini_batch_src_global generation:  0.001585245132446289
r_  generation:  0.021884679794311523
local_output_nid generation:  0.0005204677581787109
local_in_edges_tensor generation:  0.0005974769592285156
mini_batch_src_global generation:  0.0015990734100341797
r_  generation:  0.04434037208557129
local_output_nid generation:  0.0006630420684814453
local_in_edges_tensor generation:  0.0013017654418945312
mini_batch_src_global generation:  0.005697011947631836
r_  generation:  0.026131868362426758
local_output_nid generation:  0.0005555152893066406
local_in_edges_tensor generation:  0.0006449222564697266
mini_batch_src_global generation:  0.001565694808959961
r_  generation:  0.022684812545776367
local_output_nid generation:  0.0005223751068115234
local_in_edges_tensor generation:  0.000598907470703125
mini_batch_src_global generation:  0.0015721321105957031
r_  generation:  0.02273702621459961
local_output_nid generation:  0.0005230903625488281
local_in_edges_tensor generation:  0.0005788803100585938
mini_batch_src_global generation:  0.0015952587127685547
r_  generation:  0.021526813507080078
local_output_nid generation:  0.0005209445953369141
local_in_edges_tensor generation:  0.0005700588226318359
mini_batch_src_global generation:  0.0015735626220703125
r_  generation:  0.022496461868286133
local_output_nid generation:  0.0005147457122802734
local_in_edges_tensor generation:  0.0005719661712646484
mini_batch_src_global generation:  0.0015516281127929688
r_  generation:  0.022583484649658203
local_output_nid generation:  0.0005095005035400391
local_in_edges_tensor generation:  0.0005526542663574219
mini_batch_src_global generation:  0.0015556812286376953
r_  generation:  0.02213263511657715
local_output_nid generation:  0.0005092620849609375
local_in_edges_tensor generation:  0.0005714893341064453
mini_batch_src_global generation:  0.001585245132446289
r_  generation:  0.02246546745300293
local_output_nid generation:  0.0005140304565429688
local_in_edges_tensor generation:  0.0005981922149658203
mini_batch_src_global generation:  0.0015292167663574219
r_  generation:  0.02171015739440918
local_output_nid generation:  0.00052642822265625
local_in_edges_tensor generation:  0.000640869140625
mini_batch_src_global generation:  0.0015931129455566406
r_  generation:  0.025231599807739258
local_output_nid generation:  0.0005137920379638672
local_in_edges_tensor generation:  0.0006010532379150391
mini_batch_src_global generation:  0.001535177230834961
r_  generation:  0.021994829177856445
local_output_nid generation:  0.0005230903625488281
local_in_edges_tensor generation:  0.0006072521209716797
mini_batch_src_global generation:  0.0015826225280761719
r_  generation:  0.021819114685058594
local_output_nid generation:  0.0004963874816894531
local_in_edges_tensor generation:  0.0005893707275390625
mini_batch_src_global generation:  0.001580953598022461
r_  generation:  0.022783517837524414
local_output_nid generation:  0.0005102157592773438
local_in_edges_tensor generation:  0.0005609989166259766
mini_batch_src_global generation:  0.0015587806701660156
r_  generation:  0.022851943969726562
local_output_nid generation:  0.0004987716674804688
local_in_edges_tensor generation:  0.0005769729614257812
mini_batch_src_global generation:  0.0015668869018554688
r_  generation:  0.02193760871887207
local_output_nid generation:  0.0005235671997070312
local_in_edges_tensor generation:  0.0005712509155273438
mini_batch_src_global generation:  0.0015687942504882812
r_  generation:  0.022177696228027344
local_output_nid generation:  0.0004918575286865234
local_in_edges_tensor generation:  0.0005993843078613281
mini_batch_src_global generation:  0.0015766620635986328
r_  generation:  0.022808313369750977
local_output_nid generation:  0.0005059242248535156
local_in_edges_tensor generation:  0.000579833984375
mini_batch_src_global generation:  0.0015833377838134766
r_  generation:  0.036321401596069336
local_output_nid generation:  0.0006649494171142578
local_in_edges_tensor generation:  0.0012450218200683594
mini_batch_src_global generation:  0.005599021911621094
r_  generation:  0.02575397491455078
local_output_nid generation:  0.0005278587341308594
local_in_edges_tensor generation:  0.0006415843963623047
mini_batch_src_global generation:  0.0015931129455566406
r_  generation:  0.022780895233154297
local_output_nid generation:  0.0005123615264892578
local_in_edges_tensor generation:  0.0005898475646972656
mini_batch_src_global generation:  0.001550436019897461
r_  generation:  0.022125244140625
local_output_nid generation:  0.0005135536193847656
local_in_edges_tensor generation:  0.0006077289581298828
mini_batch_src_global generation:  0.0015659332275390625
r_  generation:  0.021686553955078125
local_output_nid generation:  0.0005495548248291016
local_in_edges_tensor generation:  0.0006043910980224609
mini_batch_src_global generation:  0.0015454292297363281
r_  generation:  0.02272319793701172
local_output_nid generation:  0.0005047321319580078
local_in_edges_tensor generation:  0.0005931854248046875
mini_batch_src_global generation:  0.0015592575073242188
r_  generation:  0.021729707717895508
local_output_nid generation:  0.0005035400390625
local_in_edges_tensor generation:  0.0035948753356933594
mini_batch_src_global generation:  0.0015718936920166016
r_  generation:  0.021984577178955078
local_output_nid generation:  0.0004978179931640625
local_in_edges_tensor generation:  0.0005767345428466797
mini_batch_src_global generation:  0.0015842914581298828
r_  generation:  0.023810148239135742
local_output_nid generation:  0.0005078315734863281
local_in_edges_tensor generation:  0.0005781650543212891
mini_batch_src_global generation:  0.0015637874603271484
r_  generation:  0.03839468955993652
local_output_nid generation:  0.0006623268127441406
local_in_edges_tensor generation:  0.001123666763305664
mini_batch_src_global generation:  0.0058574676513671875
r_  generation:  0.025347471237182617
local_output_nid generation:  0.0004794597625732422
local_in_edges_tensor generation:  0.0006113052368164062
mini_batch_src_global generation:  0.0014472007751464844
r_  generation:  0.020218372344970703
----------------------check_connections_block total spend ----------------------------- 4.147908449172974
generate_one_block  6.1325342655181885
generate_one_block  0.0348057746887207
generate_one_block  0.033513784408569336
generate_one_block  0.03712201118469238
generate_one_block  0.0340421199798584
generate_one_block  0.03363680839538574
generate_one_block  0.034427642822265625
generate_one_block  0.03386235237121582
generate_one_block  0.03740382194519043
generate_one_block  0.03399062156677246
generate_one_block  0.03423285484313965
generate_one_block  0.0336761474609375
generate_one_block  0.033788442611694336
generate_one_block  0.05747699737548828
generate_one_block  0.03570747375488281
generate_one_block  0.03436541557312012
generate_one_block  0.03774595260620117
generate_one_block  0.03447127342224121
generate_one_block  0.03376579284667969
generate_one_block  0.038141489028930664
generate_one_block  0.03419756889343262
generate_one_block  0.05310344696044922
generate_one_block  0.037099599838256836
generate_one_block  0.03466963768005371
generate_one_block  0.033536434173583984
generate_one_block  0.045624494552612305
generate_one_block  0.03427553176879883
generate_one_block  0.03599405288696289
generate_one_block  0.033957719802856445
generate_one_block  0.0342099666595459
generate_one_block  0.03513360023498535
generate_one_block  0.0359804630279541
generate_one_block  0.03414797782897949
generate_one_block  0.03409075736999512
generate_one_block  0.033811092376708984
generate_one_block  0.0343630313873291
generate_one_block  0.03424382209777832
generate_one_block  0.03417181968688965
generate_one_block  0.034494876861572266
generate_one_block  0.04842829704284668
generate_one_block  0.04554605484008789
generate_one_block  0.046356201171875
generate_one_block  0.03815150260925293
generate_one_block  0.0360417366027832
generate_one_block  0.036036014556884766
generate_one_block  0.03593635559082031
generate_one_block  0.03617596626281738
generate_one_block  0.0360414981842041
generate_one_block  0.03588533401489258
generate_one_block  0.03453493118286133
generate_one_block  0.03252696990966797
generate_one_block  0.033950090408325195
generate_one_block  0.03413820266723633
generate_one_block  0.034235239028930664
generate_one_block  0.03453803062438965
generate_one_block  0.03372693061828613
generate_one_block  0.047673940658569336
generate_one_block  0.04509139060974121
generate_one_block  0.05427980422973633
generate_one_block  0.04159402847290039
generate_one_block  0.03619194030761719
generate_one_block  0.035666704177856445
generate_one_block  0.0366365909576416
generate_one_block  0.03587627410888672
generate_one_block  0.03522658348083496
generate_one_block  0.03380107879638672
generate_one_block  0.03404355049133301
generate_one_block  0.033751487731933594
generate_one_block  0.05182528495788574
generate_one_block  0.03299903869628906
generate_one_block  0.03410530090332031
generate_one_block  0.033715009689331055
generate_one_block  0.05568742752075195
generate_one_block  0.03726005554199219
generate_one_block  0.033414602279663086
generate_one_block  0.03458833694458008
generate_one_block  0.03587985038757324
generate_one_block  0.041147708892822266
generate_one_block  0.0383608341217041
generate_one_block  0.040648698806762695
generate_one_block  0.04775285720825195
generate_one_block  0.043453216552734375
generate_one_block  0.05013298988342285
generate_one_block  0.060333967208862305
generate_one_block  0.056032419204711914
generate_one_block  0.042661190032958984
generate_one_block  0.04015040397644043
generate_one_block  0.039754390716552734
generate_one_block  0.04671597480773926
generate_one_block  0.04649090766906738
generate_one_block  0.043897151947021484
generate_one_block  0.042006492614746094
generate_one_block  0.056302547454833984
generate_one_block  0.05023932456970215
generate_one_block  0.05735588073730469
generate_one_block  0.050872802734375
generate_one_block  0.04584097862243652
generate_one_block  0.04396677017211914
generate_one_block  0.04208540916442871
generate_one_block  0.04057574272155762
generate_one_block  0.04904627799987793
generate_one_block  0.04745364189147949
generate_one_block  0.0471649169921875
generate_one_block  0.04945206642150879
generate_one_block  0.04671597480773926
generate_one_block  0.04385995864868164
generate_one_block  0.04333758354187012
generate_one_block  0.040567636489868164
generate_one_block  0.04047226905822754
generate_one_block  0.03943276405334473
generate_one_block  0.03922867774963379
generate_one_block  0.03765439987182617
generate_one_block  0.03710198402404785
generate_one_block  0.036232948303222656
generate_one_block  0.03677058219909668
generate_one_block  0.03578591346740723
generate_one_block  0.035538434982299805
generate_one_block  0.03447127342224121
generate_one_block  0.034311771392822266
generate_one_block  0.03490853309631348
generate_one_block  0.0343778133392334
generate_one_block  0.03421926498413086
generate_one_block  0.0351259708404541
generate_one_block  0.03713250160217285
generate_one_block  0.03477191925048828
generate_one_block  0.03425097465515137
generate_one_block  0.034183502197265625
generate_one_block  0.03215146064758301
The real block id is  1
get_global_graph_edges_ids_block function  spend 2.1243176460266113
gen group dst list time:  0.23026371002197266
time for parepare:  0.4679386615753174
local_output_nid generation:  0.013897418975830078
local_in_edges_tensor generation:  0.13498854637145996
mini_batch_src_global generation:  0.05724048614501953
r_  generation:  0.7376775741577148
local_output_nid generation:  0.015345335006713867
local_in_edges_tensor generation:  0.039469242095947266
mini_batch_src_global generation:  0.07973814010620117
r_  generation:  0.826603889465332
local_output_nid generation:  0.022814512252807617
local_in_edges_tensor generation:  0.04451322555541992
mini_batch_src_global generation:  0.058706045150756836
r_  generation:  0.7902932167053223
local_output_nid generation:  0.016004085540771484
local_in_edges_tensor generation:  0.03384518623352051
mini_batch_src_global generation:  0.06522941589355469
r_  generation:  0.8579881191253662
local_output_nid generation:  0.016675949096679688
local_in_edges_tensor generation:  0.0322117805480957
mini_batch_src_global generation:  0.07299423217773438
r_  generation:  0.9041752815246582
local_output_nid generation:  0.01689457893371582
local_in_edges_tensor generation:  0.05826735496520996
mini_batch_src_global generation:  0.08002185821533203
r_  generation:  0.9558565616607666
local_output_nid generation:  0.039710044860839844
local_in_edges_tensor generation:  0.047698020935058594
mini_batch_src_global generation:  0.08111691474914551
r_  generation:  0.9034895896911621
local_output_nid generation:  0.016973495483398438
local_in_edges_tensor generation:  0.03306245803833008
mini_batch_src_global generation:  0.08223581314086914
r_  generation:  0.9147660732269287
local_output_nid generation:  0.017420291900634766
local_in_edges_tensor generation:  0.030556201934814453
mini_batch_src_global generation:  0.08503270149230957
r_  generation:  0.9309146404266357
local_output_nid generation:  0.017657756805419922
local_in_edges_tensor generation:  0.025426626205444336
mini_batch_src_global generation:  0.0867164134979248
r_  generation:  0.9357259273529053
local_output_nid generation:  0.017453908920288086
local_in_edges_tensor generation:  0.050168514251708984
mini_batch_src_global generation:  0.0878136157989502
r_  generation:  0.9558475017547607
local_output_nid generation:  0.01745009422302246
local_in_edges_tensor generation:  0.03319096565246582
mini_batch_src_global generation:  0.08877682685852051
r_  generation:  0.9635815620422363
local_output_nid generation:  0.025430917739868164
local_in_edges_tensor generation:  0.05793285369873047
mini_batch_src_global generation:  0.10134029388427734
r_  generation:  0.9682648181915283
local_output_nid generation:  0.02129650115966797
local_in_edges_tensor generation:  0.03742051124572754
mini_batch_src_global generation:  0.08953046798706055
r_  generation:  0.9216086864471436
local_output_nid generation:  0.01780104637145996
local_in_edges_tensor generation:  0.03672385215759277
mini_batch_src_global generation:  0.09003615379333496
r_  generation:  0.9356133937835693
local_output_nid generation:  0.01839733123779297
local_in_edges_tensor generation:  0.03106069564819336
mini_batch_src_global generation:  0.09215784072875977
r_  generation:  0.9398715496063232
local_output_nid generation:  0.01857304573059082
local_in_edges_tensor generation:  0.03087592124938965
mini_batch_src_global generation:  0.0933523178100586
r_  generation:  0.9499187469482422
local_output_nid generation:  0.018280029296875
local_in_edges_tensor generation:  0.030892372131347656
mini_batch_src_global generation:  0.09723615646362305
r_  generation:  0.9493958950042725
local_output_nid generation:  0.018331527709960938
local_in_edges_tensor generation:  0.038129329681396484
mini_batch_src_global generation:  0.09836983680725098
r_  generation:  0.9610133171081543
local_output_nid generation:  0.018503189086914062
local_in_edges_tensor generation:  0.048825979232788086
mini_batch_src_global generation:  0.09190869331359863
r_  generation:  0.9576821327209473
local_output_nid generation:  0.018616914749145508
local_in_edges_tensor generation:  0.0393218994140625
mini_batch_src_global generation:  0.09161138534545898
r_  generation:  0.973487377166748
local_output_nid generation:  0.018619537353515625
local_in_edges_tensor generation:  0.02841472625732422
mini_batch_src_global generation:  0.09234404563903809
r_  generation:  0.9804449081420898
local_output_nid generation:  0.023644447326660156
local_in_edges_tensor generation:  0.05034017562866211
mini_batch_src_global generation:  0.09146952629089355
r_  generation:  0.9428794384002686
local_output_nid generation:  0.03461313247680664
local_in_edges_tensor generation:  0.04346942901611328
mini_batch_src_global generation:  0.09393668174743652
r_  generation:  0.9592349529266357
local_output_nid generation:  0.019080400466918945
local_in_edges_tensor generation:  0.03380703926086426
mini_batch_src_global generation:  0.09110426902770996
r_  generation:  0.9399087429046631
local_output_nid generation:  0.018893003463745117
local_in_edges_tensor generation:  0.0326995849609375
mini_batch_src_global generation:  0.09417080879211426
r_  generation:  0.9440138339996338
local_output_nid generation:  0.019047021865844727
local_in_edges_tensor generation:  0.03805804252624512
mini_batch_src_global generation:  0.10643935203552246
r_  generation:  0.9562027454376221
local_output_nid generation:  0.0189361572265625
local_in_edges_tensor generation:  0.02643585205078125
mini_batch_src_global generation:  0.09369850158691406
r_  generation:  0.9481024742126465
local_output_nid generation:  0.019051313400268555
local_in_edges_tensor generation:  0.04119610786437988
mini_batch_src_global generation:  0.09348559379577637
r_  generation:  0.9407250881195068
local_output_nid generation:  0.019060134887695312
local_in_edges_tensor generation:  0.025873184204101562
mini_batch_src_global generation:  0.09598088264465332
r_  generation:  0.9478168487548828
local_output_nid generation:  0.019513368606567383
local_in_edges_tensor generation:  0.032243967056274414
mini_batch_src_global generation:  0.09293937683105469
r_  generation:  0.9539041519165039
local_output_nid generation:  0.019330263137817383
local_in_edges_tensor generation:  0.03817391395568848
mini_batch_src_global generation:  0.09699654579162598
r_  generation:  0.9764273166656494
local_output_nid generation:  0.019341468811035156
local_in_edges_tensor generation:  0.0530393123626709
mini_batch_src_global generation:  0.09490513801574707
r_  generation:  0.953399658203125
local_output_nid generation:  0.01943683624267578
local_in_edges_tensor generation:  0.04856371879577637
mini_batch_src_global generation:  0.09407997131347656
r_  generation:  0.9555563926696777
local_output_nid generation:  0.01938629150390625
local_in_edges_tensor generation:  0.03597545623779297
mini_batch_src_global generation:  0.09136080741882324
r_  generation:  0.9592509269714355
local_output_nid generation:  0.019394636154174805
local_in_edges_tensor generation:  0.03254961967468262
mini_batch_src_global generation:  0.09737825393676758
r_  generation:  0.9834640026092529
local_output_nid generation:  0.026458024978637695
local_in_edges_tensor generation:  0.05724930763244629
mini_batch_src_global generation:  0.09245920181274414
r_  generation:  0.9449009895324707
local_output_nid generation:  0.024166345596313477
local_in_edges_tensor generation:  0.044240474700927734
mini_batch_src_global generation:  0.09324884414672852
r_  generation:  0.9381635189056396
local_output_nid generation:  0.025206327438354492
local_in_edges_tensor generation:  0.039362192153930664
mini_batch_src_global generation:  0.11186385154724121
r_  generation:  0.965444803237915
local_output_nid generation:  0.020166397094726562
local_in_edges_tensor generation:  0.037787675857543945
mini_batch_src_global generation:  0.09712672233581543
r_  generation:  0.9478399753570557
local_output_nid generation:  0.019533395767211914
local_in_edges_tensor generation:  0.031240224838256836
mini_batch_src_global generation:  0.09404444694519043
r_  generation:  0.943993330001831
local_output_nid generation:  0.01973247528076172
local_in_edges_tensor generation:  0.036159515380859375
mini_batch_src_global generation:  0.09511184692382812
r_  generation:  0.9615302085876465
local_output_nid generation:  0.019553184509277344
local_in_edges_tensor generation:  0.039609432220458984
mini_batch_src_global generation:  0.09225916862487793
r_  generation:  0.9436588287353516
local_output_nid generation:  0.01991891860961914
local_in_edges_tensor generation:  0.04006552696228027
mini_batch_src_global generation:  0.09915447235107422
r_  generation:  0.9428813457489014
local_output_nid generation:  0.020115137100219727
local_in_edges_tensor generation:  0.02936530113220215
mini_batch_src_global generation:  0.09505176544189453
r_  generation:  0.9551513195037842
local_output_nid generation:  0.0197906494140625
local_in_edges_tensor generation:  0.03685188293457031
mini_batch_src_global generation:  0.09529423713684082
r_  generation:  0.9543395042419434
local_output_nid generation:  0.019988298416137695
local_in_edges_tensor generation:  0.026787281036376953
mini_batch_src_global generation:  0.09447884559631348
r_  generation:  0.9567341804504395
local_output_nid generation:  0.0199429988861084
local_in_edges_tensor generation:  0.032141923904418945
mini_batch_src_global generation:  0.0973823070526123
r_  generation:  0.9627077579498291
local_output_nid generation:  0.019995689392089844
local_in_edges_tensor generation:  0.04666781425476074
mini_batch_src_global generation:  0.09537744522094727
r_  generation:  0.9535295963287354
local_output_nid generation:  0.019838333129882812
local_in_edges_tensor generation:  0.050369977951049805
mini_batch_src_global generation:  0.09738540649414062
r_  generation:  0.9540219306945801
local_output_nid generation:  0.020061969757080078
local_in_edges_tensor generation:  0.04001283645629883
mini_batch_src_global generation:  0.09203553199768066
r_  generation:  0.9590601921081543
local_output_nid generation:  0.020074129104614258
local_in_edges_tensor generation:  0.047186851501464844
mini_batch_src_global generation:  0.09385061264038086
r_  generation:  0.9772579669952393
local_output_nid generation:  0.02854442596435547
local_in_edges_tensor generation:  0.05314183235168457
mini_batch_src_global generation:  0.09784626960754395
r_  generation:  0.9506735801696777
local_output_nid generation:  0.02500462532043457
local_in_edges_tensor generation:  0.04401397705078125
mini_batch_src_global generation:  0.09442305564880371
r_  generation:  0.953742504119873
local_output_nid generation:  0.026819229125976562
local_in_edges_tensor generation:  0.03904604911804199
mini_batch_src_global generation:  0.11420965194702148
r_  generation:  0.9779961109161377
local_output_nid generation:  0.020350933074951172
local_in_edges_tensor generation:  0.0307614803314209
mini_batch_src_global generation:  0.09467244148254395
r_  generation:  0.9503366947174072
local_output_nid generation:  0.019949674606323242
local_in_edges_tensor generation:  0.030048131942749023
mini_batch_src_global generation:  0.09274673461914062
r_  generation:  0.9593429565429688
local_output_nid generation:  0.020132064819335938
local_in_edges_tensor generation:  0.038613319396972656
mini_batch_src_global generation:  0.09858512878417969
r_  generation:  0.9562427997589111
local_output_nid generation:  0.020125865936279297
local_in_edges_tensor generation:  0.03291726112365723
mini_batch_src_global generation:  0.0923163890838623
r_  generation:  0.9559779167175293
local_output_nid generation:  0.020096302032470703
local_in_edges_tensor generation:  0.03249526023864746
mini_batch_src_global generation:  0.09608697891235352
r_  generation:  0.9582693576812744
local_output_nid generation:  0.020241737365722656
local_in_edges_tensor generation:  0.034365177154541016
mini_batch_src_global generation:  0.09586215019226074
r_  generation:  0.9511938095092773
local_output_nid generation:  0.02037501335144043
local_in_edges_tensor generation:  0.032410621643066406
mini_batch_src_global generation:  0.09773373603820801
r_  generation:  0.9564032554626465
local_output_nid generation:  0.020873069763183594
local_in_edges_tensor generation:  0.0279386043548584
mini_batch_src_global generation:  0.09487748146057129
r_  generation:  0.969454288482666
local_output_nid generation:  0.020386934280395508
local_in_edges_tensor generation:  0.032319068908691406
mini_batch_src_global generation:  0.09389185905456543
r_  generation:  0.9726369380950928
local_output_nid generation:  0.020236968994140625
local_in_edges_tensor generation:  0.0385289192199707
mini_batch_src_global generation:  0.10078263282775879
r_  generation:  0.9704692363739014
local_output_nid generation:  0.02045440673828125
local_in_edges_tensor generation:  0.05669856071472168
mini_batch_src_global generation:  0.0932314395904541
r_  generation:  0.9700629711151123
local_output_nid generation:  0.020418167114257812
local_in_edges_tensor generation:  0.044646263122558594
mini_batch_src_global generation:  0.09775686264038086
r_  generation:  0.9733612537384033
local_output_nid generation:  0.02031397819519043
local_in_edges_tensor generation:  0.033144235610961914
mini_batch_src_global generation:  0.09541201591491699
r_  generation:  0.9495556354522705
local_output_nid generation:  0.02042675018310547
local_in_edges_tensor generation:  0.055296897888183594
mini_batch_src_global generation:  0.09299802780151367
r_  generation:  0.9694690704345703
local_output_nid generation:  0.032822370529174805
local_in_edges_tensor generation:  0.05069255828857422
mini_batch_src_global generation:  0.09574198722839355
r_  generation:  0.9536571502685547
local_output_nid generation:  0.022494077682495117
local_in_edges_tensor generation:  0.04456758499145508
mini_batch_src_global generation:  0.09477972984313965
r_  generation:  0.9605724811553955
local_output_nid generation:  0.027551889419555664
local_in_edges_tensor generation:  0.04231381416320801
mini_batch_src_global generation:  0.10950803756713867
r_  generation:  0.9681403636932373
local_output_nid generation:  0.020850181579589844
local_in_edges_tensor generation:  0.04074573516845703
mini_batch_src_global generation:  0.0939478874206543
r_  generation:  0.9659509658813477
local_output_nid generation:  0.020353317260742188
local_in_edges_tensor generation:  0.02951526641845703
mini_batch_src_global generation:  0.09505176544189453
r_  generation:  0.9577393531799316
local_output_nid generation:  0.0203402042388916
local_in_edges_tensor generation:  0.028432369232177734
mini_batch_src_global generation:  0.09450483322143555
r_  generation:  0.9621615409851074
local_output_nid generation:  0.020513534545898438
local_in_edges_tensor generation:  0.0411686897277832
mini_batch_src_global generation:  0.09706735610961914
r_  generation:  0.9488027095794678
local_output_nid generation:  0.0204927921295166
local_in_edges_tensor generation:  0.03242015838623047
mini_batch_src_global generation:  0.09529709815979004
r_  generation:  0.9505071640014648
local_output_nid generation:  0.02043294906616211
local_in_edges_tensor generation:  0.032517433166503906
mini_batch_src_global generation:  0.09867453575134277
r_  generation:  0.9579071998596191
local_output_nid generation:  0.02168440818786621
local_in_edges_tensor generation:  0.02913832664489746
mini_batch_src_global generation:  0.09385466575622559
r_  generation:  0.953892707824707
local_output_nid generation:  0.020441532135009766
local_in_edges_tensor generation:  0.03005361557006836
mini_batch_src_global generation:  0.09760904312133789
r_  generation:  0.9570460319519043
local_output_nid generation:  0.020644187927246094
local_in_edges_tensor generation:  0.04253554344177246
mini_batch_src_global generation:  0.09536361694335938
r_  generation:  0.9527616500854492
local_output_nid generation:  0.020636796951293945
local_in_edges_tensor generation:  0.03209114074707031
mini_batch_src_global generation:  0.09360766410827637
r_  generation:  0.9597625732421875
local_output_nid generation:  0.020542383193969727
local_in_edges_tensor generation:  0.032025814056396484
mini_batch_src_global generation:  0.09429454803466797
r_  generation:  0.9648749828338623
local_output_nid generation:  0.020680665969848633
local_in_edges_tensor generation:  0.0633237361907959
mini_batch_src_global generation:  0.09748554229736328
r_  generation:  0.9589431285858154
local_output_nid generation:  0.02070450782775879
local_in_edges_tensor generation:  0.04448437690734863
mini_batch_src_global generation:  0.095855712890625
r_  generation:  0.9775862693786621
local_output_nid generation:  0.020710468292236328
local_in_edges_tensor generation:  0.040403127670288086
mini_batch_src_global generation:  0.09435510635375977
r_  generation:  0.9729213714599609
local_output_nid generation:  0.020634889602661133
local_in_edges_tensor generation:  0.05515909194946289
mini_batch_src_global generation:  0.09409046173095703
r_  generation:  0.9947774410247803
local_output_nid generation:  0.0316309928894043
local_in_edges_tensor generation:  0.044963836669921875
mini_batch_src_global generation:  0.09392285346984863
r_  generation:  0.9675216674804688
local_output_nid generation:  0.026575565338134766
local_in_edges_tensor generation:  0.042978525161743164
mini_batch_src_global generation:  0.09354805946350098
r_  generation:  0.9731588363647461
local_output_nid generation:  0.028069496154785156
local_in_edges_tensor generation:  0.03394651412963867
mini_batch_src_global generation:  0.09422659873962402
r_  generation:  0.9854109287261963
local_output_nid generation:  0.021342754364013672
local_in_edges_tensor generation:  0.04271221160888672
mini_batch_src_global generation:  0.09681177139282227
r_  generation:  0.9630427360534668
local_output_nid generation:  0.02064204216003418
local_in_edges_tensor generation:  0.03134608268737793
mini_batch_src_global generation:  0.09169816970825195
r_  generation:  0.9569675922393799
local_output_nid generation:  0.02072453498840332
local_in_edges_tensor generation:  0.030092954635620117
mini_batch_src_global generation:  0.097198486328125
r_  generation:  0.9701800346374512
local_output_nid generation:  0.025645732879638672
local_in_edges_tensor generation:  0.03479456901550293
mini_batch_src_global generation:  0.09877610206604004
r_  generation:  0.9793844223022461
local_output_nid generation:  0.020938396453857422
local_in_edges_tensor generation:  0.034188032150268555
mini_batch_src_global generation:  0.09911584854125977
r_  generation:  0.9595150947570801
local_output_nid generation:  0.02045750617980957
local_in_edges_tensor generation:  0.032526254653930664
mini_batch_src_global generation:  0.09194350242614746
r_  generation:  0.9508447647094727
local_output_nid generation:  0.020669937133789062
local_in_edges_tensor generation:  0.03348898887634277
mini_batch_src_global generation:  0.09685850143432617
r_  generation:  0.9643049240112305
local_output_nid generation:  0.02064681053161621
local_in_edges_tensor generation:  0.028758764266967773
mini_batch_src_global generation:  0.09545135498046875
r_  generation:  0.9525091648101807
local_output_nid generation:  0.02066636085510254
local_in_edges_tensor generation:  0.03125166893005371
mini_batch_src_global generation:  0.09125185012817383
r_  generation:  0.9727523326873779
local_output_nid generation:  0.02090144157409668
local_in_edges_tensor generation:  0.03860950469970703
mini_batch_src_global generation:  0.09506964683532715
r_  generation:  0.9678502082824707
local_output_nid generation:  0.020891189575195312
local_in_edges_tensor generation:  0.03386282920837402
mini_batch_src_global generation:  0.09349250793457031
r_  generation:  0.9714736938476562
local_output_nid generation:  0.021091222763061523
local_in_edges_tensor generation:  0.039151668548583984
mini_batch_src_global generation:  0.09813189506530762
r_  generation:  0.9897410869598389
local_output_nid generation:  0.0206146240234375
local_in_edges_tensor generation:  0.060511112213134766
mini_batch_src_global generation:  0.09158968925476074
r_  generation:  0.9559943675994873
local_output_nid generation:  0.02088618278503418
local_in_edges_tensor generation:  0.05657768249511719
mini_batch_src_global generation:  0.09488463401794434
r_  generation:  0.9694235324859619
local_output_nid generation:  0.020845651626586914
local_in_edges_tensor generation:  0.04058408737182617
mini_batch_src_global generation:  0.09181618690490723
r_  generation:  0.9749641418457031
local_output_nid generation:  0.02077651023864746
local_in_edges_tensor generation:  0.06585407257080078
mini_batch_src_global generation:  0.09439563751220703
r_  generation:  0.9801054000854492
local_output_nid generation:  0.03229784965515137
local_in_edges_tensor generation:  0.04813504219055176
mini_batch_src_global generation:  0.09216976165771484
r_  generation:  0.9682385921478271
local_output_nid generation:  0.026658296585083008
local_in_edges_tensor generation:  0.04084014892578125
mini_batch_src_global generation:  0.09240484237670898
r_  generation:  0.9759669303894043
local_output_nid generation:  0.028365373611450195
local_in_edges_tensor generation:  0.043829917907714844
mini_batch_src_global generation:  0.10216403007507324
r_  generation:  0.9598488807678223
local_output_nid generation:  0.021612167358398438
local_in_edges_tensor generation:  0.04243874549865723
mini_batch_src_global generation:  0.09486603736877441
r_  generation:  0.958676815032959
local_output_nid generation:  0.021340370178222656
local_in_edges_tensor generation:  0.04147815704345703
mini_batch_src_global generation:  0.09388542175292969
r_  generation:  0.9653000831604004
local_output_nid generation:  0.021033525466918945
local_in_edges_tensor generation:  0.03464317321777344
mini_batch_src_global generation:  0.10720276832580566
r_  generation:  0.9610342979431152
local_output_nid generation:  0.021146059036254883
local_in_edges_tensor generation:  0.03435707092285156
mini_batch_src_global generation:  0.09444236755371094
r_  generation:  0.959789514541626
local_output_nid generation:  0.021232128143310547
local_in_edges_tensor generation:  0.03895735740661621
mini_batch_src_global generation:  0.09772586822509766
r_  generation:  0.9701762199401855
local_output_nid generation:  0.021242141723632812
local_in_edges_tensor generation:  0.03545641899108887
mini_batch_src_global generation:  0.09439969062805176
r_  generation:  0.9598238468170166
local_output_nid generation:  0.0215604305267334
local_in_edges_tensor generation:  0.03523826599121094
mini_batch_src_global generation:  0.0925142765045166
r_  generation:  0.9618241786956787
local_output_nid generation:  0.020859241485595703
local_in_edges_tensor generation:  0.03788161277770996
mini_batch_src_global generation:  0.09363245964050293
r_  generation:  0.9627282619476318
local_output_nid generation:  0.0221097469329834
local_in_edges_tensor generation:  0.03252601623535156
mini_batch_src_global generation:  0.09135270118713379
r_  generation:  0.9541599750518799
local_output_nid generation:  0.02102947235107422
local_in_edges_tensor generation:  0.037988901138305664
mini_batch_src_global generation:  0.09200716018676758
r_  generation:  0.957165002822876
local_output_nid generation:  0.022808313369750977
local_in_edges_tensor generation:  0.03284597396850586
mini_batch_src_global generation:  0.09282326698303223
r_  generation:  0.9582083225250244
local_output_nid generation:  0.02093505859375
local_in_edges_tensor generation:  0.03240180015563965
mini_batch_src_global generation:  0.09626913070678711
r_  generation:  0.9698383808135986
local_output_nid generation:  0.021246910095214844
local_in_edges_tensor generation:  0.07235479354858398
mini_batch_src_global generation:  0.09522247314453125
r_  generation:  0.9752051830291748
local_output_nid generation:  0.020943641662597656
local_in_edges_tensor generation:  0.04821920394897461
mini_batch_src_global generation:  0.09215927124023438
r_  generation:  0.9946563243865967
local_output_nid generation:  0.020920753479003906
local_in_edges_tensor generation:  0.03966259956359863
mini_batch_src_global generation:  0.09410452842712402
r_  generation:  0.9565556049346924
local_output_nid generation:  0.021056175231933594
local_in_edges_tensor generation:  0.06117701530456543
mini_batch_src_global generation:  0.09583139419555664
r_  generation:  0.9889779090881348
local_output_nid generation:  0.03271603584289551
local_in_edges_tensor generation:  0.04750370979309082
mini_batch_src_global generation:  0.09281659126281738
r_  generation:  0.9585049152374268
local_output_nid generation:  0.027263879776000977
local_in_edges_tensor generation:  0.04769730567932129
mini_batch_src_global generation:  0.09211373329162598
r_  generation:  0.9908344745635986
local_output_nid generation:  0.02629399299621582
local_in_edges_tensor generation:  0.03076338768005371
mini_batch_src_global generation:  0.08847308158874512
r_  generation:  0.893700122833252
----------------------check_connections_block total spend ----------------------------- 167.31637001037598
generate_one_block  1.7030842304229736
generate_one_block  1.075730800628662
generate_one_block  1.0463125705718994
generate_one_block  1.0321722030639648
generate_one_block  1.0484120845794678
generate_one_block  1.0473458766937256
generate_one_block  1.0464856624603271
generate_one_block  1.0212888717651367
generate_one_block  1.0391566753387451
generate_one_block  1.0396344661712646
generate_one_block  1.0369393825531006
generate_one_block  1.0356884002685547
generate_one_block  1.0504200458526611
generate_one_block  1.0535364151000977
generate_one_block  1.0466084480285645
generate_one_block  1.0497939586639404
generate_one_block  1.0324041843414307
generate_one_block  1.0334603786468506
generate_one_block  1.0339140892028809
generate_one_block  1.053837537765503
generate_one_block  1.144016981124878
generate_one_block  1.0914430618286133
generate_one_block  1.0960288047790527
generate_one_block  1.1432404518127441
generate_one_block  1.07578444480896
generate_one_block  1.0765385627746582
generate_one_block  1.0690433979034424
generate_one_block  1.0339303016662598
generate_one_block  1.0396485328674316
generate_one_block  1.0469789505004883
generate_one_block  1.0216708183288574
generate_one_block  1.039306402206421
generate_one_block  1.0416014194488525
generate_one_block  1.0296947956085205
generate_one_block  1.036421298980713
generate_one_block  1.037700891494751
generate_one_block  1.03519868850708
generate_one_block  1.0358507633209229
generate_one_block  1.0313055515289307
generate_one_block  1.073396921157837
generate_one_block  1.0312285423278809
generate_one_block  1.0306181907653809
generate_one_block  1.0188186168670654
generate_one_block  1.0268645286560059
generate_one_block  1.0292203426361084
generate_one_block  1.0344579219818115
generate_one_block  1.0308828353881836
generate_one_block  1.0527093410491943
generate_one_block  1.0513334274291992
generate_one_block  1.037003517150879
generate_one_block  1.0430541038513184
generate_one_block  1.1266391277313232
generate_one_block  1.1173956394195557
generate_one_block  1.1489551067352295
generate_one_block  1.108933448791504
generate_one_block  1.0951402187347412
generate_one_block  1.0774712562561035
generate_one_block  1.0575413703918457
generate_one_block  1.0749342441558838
generate_one_block  1.028301477432251
generate_one_block  1.0345568656921387
generate_one_block  1.046828031539917
generate_one_block  1.0432555675506592
generate_one_block  1.0465424060821533
generate_one_block  1.0464131832122803
generate_one_block  1.0650684833526611
generate_one_block  1.0548999309539795
generate_one_block  1.0461690425872803
generate_one_block  1.0389864444732666
generate_one_block  1.0420293807983398
generate_one_block  1.039053201675415
generate_one_block  1.0446696281433105
generate_one_block  1.045875072479248
generate_one_block  1.037332534790039
generate_one_block  1.0276098251342773
generate_one_block  1.0562660694122314
generate_one_block  1.0432779788970947
generate_one_block  1.0544941425323486
generate_one_block  1.0625574588775635
generate_one_block  1.0398623943328857
generate_one_block  1.05759596824646
generate_one_block  1.051826000213623
generate_one_block  1.0426735877990723
generate_one_block  1.1382365226745605
generate_one_block  1.095534086227417
generate_one_block  1.1608760356903076
generate_one_block  1.0969038009643555
generate_one_block  1.1459734439849854
generate_one_block  1.0532829761505127
generate_one_block  1.0550799369812012
generate_one_block  1.0584888458251953
generate_one_block  1.0586507320404053
generate_one_block  1.0422847270965576
generate_one_block  1.0598905086517334
generate_one_block  1.0605311393737793
generate_one_block  1.0354053974151611
generate_one_block  1.040999174118042
generate_one_block  1.0336954593658447
generate_one_block  1.043532133102417
generate_one_block  1.052497386932373
generate_one_block  1.037097454071045
generate_one_block  1.0591614246368408
generate_one_block  1.0308799743652344
generate_one_block  1.0477728843688965
generate_one_block  1.3539111614227295
generate_one_block  1.0408902168273926
generate_one_block  1.0631129741668701
generate_one_block  1.0502219200134277
generate_one_block  1.0462782382965088
generate_one_block  1.0610988140106201
generate_one_block  1.058739185333252
generate_one_block  1.0576210021972656
generate_one_block  1.0531408786773682
generate_one_block  1.0527842044830322
generate_one_block  1.0627472400665283
generate_one_block  1.0465247631072998
generate_one_block  1.0536189079284668
generate_one_block  1.1362755298614502
generate_one_block  1.107865810394287
generate_one_block  1.1532166004180908
generate_one_block  1.1519668102264404
generate_one_block  1.1056513786315918
generate_one_block  1.0682592391967773
generate_one_block  1.0608851909637451
generate_one_block  1.0479543209075928
generate_one_block  1.0465073585510254
generate_one_block  1.067063331604004
generate_one_block  0.959359884262085
The real block id is  0
get_global_graph_edges_ids_block function  spend 1.9991002082824707
gen group dst list time:  2.8949403762817383
time for parepare:  0.47281813621520996
local_output_nid generation:  0.2393038272857666
local_in_edges_tensor generation:  0.5906784534454346
mini_batch_src_global generation:  0.5029115676879883
r_  generation:  6.403918981552124
local_output_nid generation:  0.2651360034942627
local_in_edges_tensor generation:  0.4621424674987793
mini_batch_src_global generation:  0.7213938236236572
r_  generation:  6.5435051918029785
local_output_nid generation:  0.2742640972137451
local_in_edges_tensor generation:  0.6164684295654297
mini_batch_src_global generation:  0.616201639175415
r_  generation:  6.542534589767456
local_output_nid generation:  0.23218274116516113
local_in_edges_tensor generation:  0.46230530738830566
mini_batch_src_global generation:  0.6439850330352783
r_  generation:  6.910292387008667
local_output_nid generation:  0.2506687641143799
local_in_edges_tensor generation:  0.5710482597351074
mini_batch_src_global generation:  0.6536731719970703
r_  generation:  6.769916772842407
local_output_nid generation:  0.23742389678955078
local_in_edges_tensor generation:  0.4692814350128174
mini_batch_src_global generation:  0.6747226715087891
r_  generation:  6.774340391159058
local_output_nid generation:  0.2489314079284668
local_in_edges_tensor generation:  0.471210241317749
mini_batch_src_global generation:  0.6681697368621826
r_  generation:  6.914761304855347
local_output_nid generation:  0.2387704849243164
local_in_edges_tensor generation:  0.4681074619293213
mini_batch_src_global generation:  0.7493720054626465
r_  generation:  6.7139811515808105
local_output_nid generation:  0.2490377426147461
local_in_edges_tensor generation:  0.5824925899505615
mini_batch_src_global generation:  0.6681554317474365
r_  generation:  6.8193864822387695
local_output_nid generation:  0.23583698272705078
local_in_edges_tensor generation:  0.47437214851379395
mini_batch_src_global generation:  0.669297456741333
r_  generation:  6.762052059173584
local_output_nid generation:  0.2604999542236328
local_in_edges_tensor generation:  0.4730861186981201
mini_batch_src_global generation:  0.6650271415710449
r_  generation:  6.835686445236206
local_output_nid generation:  0.2419600486755371
local_in_edges_tensor generation:  0.4720327854156494
mini_batch_src_global generation:  0.7199108600616455
r_  generation:  6.871422529220581
local_output_nid generation:  0.2512092590332031
local_in_edges_tensor generation:  0.5858221054077148
mini_batch_src_global generation:  0.6737930774688721
r_  generation:  6.862133264541626
local_output_nid generation:  0.24918007850646973
local_in_edges_tensor generation:  0.4722621440887451
mini_batch_src_global generation:  0.668644905090332
r_  generation:  6.775011301040649
local_output_nid generation:  0.26516199111938477
local_in_edges_tensor generation:  0.4730076789855957
mini_batch_src_global generation:  0.7751455307006836
r_  generation:  7.729736804962158
local_output_nid generation:  0.27504825592041016
local_in_edges_tensor generation:  0.5854153633117676
mini_batch_src_global generation:  0.6713306903839111
r_  generation:  7.1211466789245605
local_output_nid generation:  0.249891996383667
local_in_edges_tensor generation:  0.585761547088623
mini_batch_src_global generation:  0.6731390953063965
r_  generation:  6.871408700942993
local_output_nid generation:  0.2673182487487793
local_in_edges_tensor generation:  0.48019909858703613
mini_batch_src_global generation:  0.6694693565368652
r_  generation:  7.020475387573242
local_output_nid generation:  0.2426471710205078
local_in_edges_tensor generation:  0.4740574359893799
mini_batch_src_global generation:  0.7491443157196045
r_  generation:  6.842940330505371
local_output_nid generation:  0.2525184154510498
local_in_edges_tensor generation:  0.5903184413909912
mini_batch_src_global generation:  0.6704444885253906
r_  generation:  6.9464216232299805
local_output_nid generation:  0.2715034484863281
local_in_edges_tensor generation:  0.4804103374481201
mini_batch_src_global generation:  0.6768560409545898
r_  generation:  6.8058483600616455
local_output_nid generation:  0.24315094947814941
local_in_edges_tensor generation:  0.47618818283081055
mini_batch_src_global generation:  0.7178311347961426
r_  generation:  7.068272590637207
local_output_nid generation:  0.25118160247802734
local_in_edges_tensor generation:  0.5847725868225098
mini_batch_src_global generation:  0.66925048828125
r_  generation:  6.7304933071136475
local_output_nid generation:  0.2422347068786621
local_in_edges_tensor generation:  0.475247859954834
mini_batch_src_global generation:  0.6699960231781006
r_  generation:  6.848394870758057
local_output_nid generation:  0.2661890983581543
local_in_edges_tensor generation:  0.46959376335144043
mini_batch_src_global generation:  0.6736950874328613
r_  generation:  6.717781066894531
local_output_nid generation:  0.23961663246154785
local_in_edges_tensor generation:  0.4782443046569824
mini_batch_src_global generation:  0.6982548236846924
r_  generation:  7.053295135498047
local_output_nid generation:  0.25359535217285156
local_in_edges_tensor generation:  0.5897965431213379
mini_batch_src_global generation:  0.6788315773010254
r_  generation:  6.8139214515686035
local_output_nid generation:  0.23997998237609863
local_in_edges_tensor generation:  0.4733908176422119
mini_batch_src_global generation:  0.6671390533447266
r_  generation:  6.879159450531006
local_output_nid generation:  0.2693450450897217
local_in_edges_tensor generation:  0.4736349582672119
mini_batch_src_global generation:  0.6711122989654541
r_  generation:  6.804413795471191
local_output_nid generation:  0.24045395851135254
local_in_edges_tensor generation:  0.47727298736572266
mini_batch_src_global generation:  0.7029075622558594
r_  generation:  7.04488205909729
local_output_nid generation:  0.25008463859558105
local_in_edges_tensor generation:  0.5871853828430176
mini_batch_src_global generation:  0.670400857925415
r_  generation:  6.78666877746582
local_output_nid generation:  0.2439899444580078
local_in_edges_tensor generation:  0.4773988723754883
mini_batch_src_global generation:  0.671161413192749
r_  generation:  6.994105815887451
local_output_nid generation:  0.2708415985107422
local_in_edges_tensor generation:  0.4805939197540283
mini_batch_src_global generation:  0.6765520572662354
r_  generation:  6.834425449371338
local_output_nid generation:  0.24782776832580566
local_in_edges_tensor generation:  0.47646188735961914
mini_batch_src_global generation:  0.703449010848999
r_  generation:  7.112726926803589
local_output_nid generation:  0.25250673294067383
local_in_edges_tensor generation:  0.5908465385437012
mini_batch_src_global generation:  0.6751174926757812
r_  generation:  6.812013387680054
local_output_nid generation:  0.24332141876220703
local_in_edges_tensor generation:  0.4799520969390869
mini_batch_src_global generation:  0.6833512783050537
r_  generation:  6.985811233520508
local_output_nid generation:  0.2679734230041504
local_in_edges_tensor generation:  0.47792482376098633
mini_batch_src_global generation:  0.6706311702728271
r_  generation:  6.816602468490601
local_output_nid generation:  0.2399766445159912
local_in_edges_tensor generation:  0.4721517562866211
mini_batch_src_global generation:  0.6937994956970215
r_  generation:  6.935648679733276
local_output_nid generation:  0.25415992736816406
local_in_edges_tensor generation:  0.5894267559051514
mini_batch_src_global generation:  0.673952579498291
r_  generation:  6.816217422485352
local_output_nid generation:  0.24795126914978027
local_in_edges_tensor generation:  0.4795811176300049
mini_batch_src_global generation:  0.6702933311462402
r_  generation:  6.850383281707764
local_output_nid generation:  0.26937437057495117
local_in_edges_tensor generation:  0.47785043716430664
mini_batch_src_global generation:  0.6710488796234131
r_  generation:  6.855618953704834
local_output_nid generation:  0.2406926155090332
local_in_edges_tensor generation:  0.4783189296722412
mini_batch_src_global generation:  0.6999924182891846
r_  generation:  7.034291982650757
local_output_nid generation:  0.24991798400878906
local_in_edges_tensor generation:  0.5869364738464355
mini_batch_src_global generation:  0.6645376682281494
r_  generation:  6.6995368003845215
local_output_nid generation:  0.25362491607666016
local_in_edges_tensor generation:  0.4805793762207031
mini_batch_src_global generation:  0.6685514450073242
r_  generation:  6.8414576053619385
local_output_nid generation:  0.269092321395874
local_in_edges_tensor generation:  0.48119163513183594
mini_batch_src_global generation:  0.6707735061645508
r_  generation:  6.841620683670044
local_output_nid generation:  0.24025201797485352
local_in_edges_tensor generation:  0.47481608390808105
mini_batch_src_global generation:  0.6946930885314941
r_  generation:  6.941949129104614
local_output_nid generation:  0.2521066665649414
local_in_edges_tensor generation:  0.5879976749420166
mini_batch_src_global generation:  0.6664266586303711
r_  generation:  6.745664596557617
local_output_nid generation:  0.24111413955688477
local_in_edges_tensor generation:  0.4747192859649658
mini_batch_src_global generation:  0.6791150569915771
r_  generation:  6.790810823440552
local_output_nid generation:  0.2702763080596924
local_in_edges_tensor generation:  0.47655630111694336
mini_batch_src_global generation:  0.6667890548706055
r_  generation:  6.8297364711761475
local_output_nid generation:  0.24203109741210938
local_in_edges_tensor generation:  0.48336005210876465
mini_batch_src_global generation:  0.6868903636932373
r_  generation:  6.989790439605713
local_output_nid generation:  0.25426626205444336
local_in_edges_tensor generation:  0.5937404632568359
mini_batch_src_global generation:  0.6745753288269043
r_  generation:  6.831562042236328
local_output_nid generation:  0.2423713207244873
local_in_edges_tensor generation:  0.4881722927093506
mini_batch_src_global generation:  0.6772098541259766
r_  generation:  6.839413404464722
local_output_nid generation:  0.26636576652526855
local_in_edges_tensor generation:  0.4799611568450928
mini_batch_src_global generation:  0.6692023277282715
r_  generation:  6.9101197719573975
local_output_nid generation:  0.2490994930267334
local_in_edges_tensor generation:  0.47856926918029785
mini_batch_src_global generation:  0.6827585697174072
r_  generation:  7.080756425857544
local_output_nid generation:  0.25644421577453613
local_in_edges_tensor generation:  0.5955848693847656
mini_batch_src_global generation:  0.6721665859222412
r_  generation:  6.870278596878052
local_output_nid generation:  0.2456207275390625
local_in_edges_tensor generation:  0.4763803482055664
mini_batch_src_global generation:  0.6837542057037354
r_  generation:  6.804250240325928
local_output_nid generation:  0.2578740119934082
local_in_edges_tensor generation:  0.47602057456970215
mini_batch_src_global generation:  0.6667301654815674
r_  generation:  6.8809123039245605
local_output_nid generation:  0.24207568168640137
local_in_edges_tensor generation:  0.4824841022491455
mini_batch_src_global generation:  0.6708877086639404
r_  generation:  7.0310564041137695
local_output_nid generation:  0.255535364151001
local_in_edges_tensor generation:  0.5961966514587402
mini_batch_src_global generation:  0.6731257438659668
r_  generation:  6.891082525253296
local_output_nid generation:  0.25835323333740234
local_in_edges_tensor generation:  0.4895188808441162
mini_batch_src_global generation:  0.6669445037841797
r_  generation:  6.812160968780518
local_output_nid generation:  0.2513918876647949
local_in_edges_tensor generation:  0.47765135765075684
mini_batch_src_global generation:  0.6700131893157959
r_  generation:  6.8849358558654785
local_output_nid generation:  0.2438662052154541
local_in_edges_tensor generation:  0.47919321060180664
mini_batch_src_global generation:  0.7145566940307617
r_  generation:  6.829860210418701
local_output_nid generation:  0.2531416416168213
local_in_edges_tensor generation:  0.5900135040283203
mini_batch_src_global generation:  0.6703672409057617
r_  generation:  6.8323657512664795
local_output_nid generation:  0.27276611328125
local_in_edges_tensor generation:  0.4902803897857666
mini_batch_src_global generation:  0.6736602783203125
r_  generation:  6.821018218994141
local_output_nid generation:  0.2534596920013428
local_in_edges_tensor generation:  0.4878084659576416
mini_batch_src_global generation:  0.7138102054595947
r_  generation:  7.054862976074219
local_output_nid generation:  0.24841690063476562
local_in_edges_tensor generation:  0.5103306770324707
mini_batch_src_global generation:  0.7169926166534424
r_  generation:  6.854146957397461
local_output_nid generation:  0.26096463203430176
local_in_edges_tensor generation:  0.5720393657684326
mini_batch_src_global generation:  0.6792168617248535
r_  generation:  6.942655324935913
local_output_nid generation:  0.2707183361053467
local_in_edges_tensor generation:  0.4802861213684082
mini_batch_src_global generation:  0.6699168682098389
r_  generation:  6.800979375839233
local_output_nid generation:  0.24236321449279785
local_in_edges_tensor generation:  0.4796278476715088
mini_batch_src_global generation:  0.6927855014801025
r_  generation:  6.975825071334839
local_output_nid generation:  0.24918389320373535
local_in_edges_tensor generation:  0.5925264358520508
mini_batch_src_global generation:  0.6714565753936768
r_  generation:  6.798413038253784
local_output_nid generation:  0.251636266708374
local_in_edges_tensor generation:  0.48212337493896484
mini_batch_src_global generation:  0.6797568798065186
r_  generation:  6.872443675994873
local_output_nid generation:  0.2716050148010254
local_in_edges_tensor generation:  0.4823732376098633
mini_batch_src_global generation:  0.6694822311401367
r_  generation:  6.924563646316528
local_output_nid generation:  0.24819254875183105
local_in_edges_tensor generation:  0.4807779788970947
mini_batch_src_global generation:  0.6866588592529297
r_  generation:  6.992687463760376
local_output_nid generation:  0.25293612480163574
local_in_edges_tensor generation:  3.7270305156707764
mini_batch_src_global generation:  0.6737909317016602
r_  generation:  6.781987905502319
local_output_nid generation:  0.24161314964294434
local_in_edges_tensor generation:  0.48770952224731445
mini_batch_src_global generation:  0.6954870223999023
r_  generation:  6.7824547290802
local_output_nid generation:  0.25235843658447266
local_in_edges_tensor generation:  0.48723435401916504
mini_batch_src_global generation:  0.6762285232543945
r_  generation:  6.952260255813599
local_output_nid generation:  0.24173378944396973
local_in_edges_tensor generation:  0.4816279411315918
mini_batch_src_global generation:  0.6766624450683594
r_  generation:  6.99599027633667
local_output_nid generation:  0.25646495819091797
local_in_edges_tensor generation:  0.5952377319335938
mini_batch_src_global generation:  0.6724767684936523
r_  generation:  6.88565993309021
local_output_nid generation:  0.27102065086364746
local_in_edges_tensor generation:  0.4770619869232178
mini_batch_src_global generation:  0.6778120994567871
r_  generation:  6.7376158237457275
local_output_nid generation:  0.24282598495483398
local_in_edges_tensor generation:  0.4850161075592041
mini_batch_src_global generation:  0.7161481380462646
r_  generation:  6.895987033843994
local_output_nid generation:  0.24362540245056152
local_in_edges_tensor generation:  0.4839658737182617
mini_batch_src_global generation:  0.6873681545257568
r_  generation:  6.984884023666382
local_output_nid generation:  0.2547025680541992
local_in_edges_tensor generation:  0.5951390266418457
mini_batch_src_global generation:  0.6734364032745361
r_  generation:  6.885481119155884
local_output_nid generation:  0.275998592376709
local_in_edges_tensor generation:  0.4929332733154297
mini_batch_src_global generation:  0.6768519878387451
r_  generation:  6.749650239944458
local_output_nid generation:  0.2424013614654541
local_in_edges_tensor generation:  0.487109899520874
mini_batch_src_global generation:  0.7068078517913818
r_  generation:  6.869601249694824
local_output_nid generation:  0.24411654472351074
local_in_edges_tensor generation:  0.4785642623901367
mini_batch_src_global generation:  0.770463228225708
r_  generation:  6.811069965362549
local_output_nid generation:  0.25484323501586914
local_in_edges_tensor generation:  0.5920810699462891
mini_batch_src_global generation:  0.672137975692749
r_  generation:  6.861054420471191
local_output_nid generation:  0.2722749710083008
local_in_edges_tensor generation:  0.48087620735168457
mini_batch_src_global generation:  0.6728777885437012
r_  generation:  6.819778680801392
local_output_nid generation:  0.2415006160736084
local_in_edges_tensor generation:  0.4792821407318115
mini_batch_src_global generation:  0.6918003559112549
r_  generation:  6.903102397918701
local_output_nid generation:  0.24436092376708984
local_in_edges_tensor generation:  0.5230710506439209
mini_batch_src_global generation:  0.7097370624542236
r_  generation:  6.788340330123901
local_output_nid generation:  0.2616701126098633
local_in_edges_tensor generation:  0.5546596050262451
mini_batch_src_global generation:  0.676213264465332
r_  generation:  6.91211199760437
local_output_nid generation:  0.2727236747741699
local_in_edges_tensor generation:  0.4830183982849121
mini_batch_src_global generation:  0.669015645980835
r_  generation:  6.893509387969971
local_output_nid generation:  0.24651074409484863
local_in_edges_tensor generation:  0.47867441177368164
mini_batch_src_global generation:  0.6763944625854492
r_  generation:  7.028890609741211
local_output_nid generation:  0.25377464294433594
local_in_edges_tensor generation:  0.5898036956787109
mini_batch_src_global generation:  0.6681487560272217
r_  generation:  6.744198799133301
local_output_nid generation:  0.2424323558807373
local_in_edges_tensor generation:  0.4836592674255371
mini_batch_src_global generation:  0.6806600093841553
r_  generation:  6.867822647094727
local_output_nid generation:  0.2740466594696045
local_in_edges_tensor generation:  0.48706793785095215
mini_batch_src_global generation:  0.6782476902008057
r_  generation:  6.906112194061279
local_output_nid generation:  0.24277472496032715
local_in_edges_tensor generation:  0.47998857498168945
mini_batch_src_global generation:  0.6771655082702637
r_  generation:  6.974329948425293
local_output_nid generation:  0.2542233467102051
local_in_edges_tensor generation:  0.5920848846435547
mini_batch_src_global generation:  0.6746761798858643
r_  generation:  6.759047508239746
local_output_nid generation:  0.24172425270080566
local_in_edges_tensor generation:  0.4869346618652344
mini_batch_src_global generation:  0.6752078533172607
r_  generation:  6.769076108932495
local_output_nid generation:  0.2596759796142578
local_in_edges_tensor generation:  0.4835522174835205
mini_batch_src_global generation:  0.6743390560150146
r_  generation:  6.914394378662109
local_output_nid generation:  0.24804306030273438
local_in_edges_tensor generation:  0.48010778427124023
mini_batch_src_global generation:  0.6840858459472656
r_  generation:  7.0698933601379395
local_output_nid generation:  0.2582669258117676
local_in_edges_tensor generation:  0.6007022857666016
mini_batch_src_global generation:  0.6748597621917725
r_  generation:  6.948582887649536
local_output_nid generation:  0.27446556091308594
local_in_edges_tensor generation:  0.4919877052307129
mini_batch_src_global generation:  0.6751580238342285
r_  generation:  6.838990211486816
local_output_nid generation:  0.25777769088745117
local_in_edges_tensor generation:  0.4796562194824219
mini_batch_src_global generation:  0.699535608291626
r_  generation:  6.856997489929199
local_output_nid generation:  0.2464303970336914
local_in_edges_tensor generation:  0.4779040813446045
mini_batch_src_global generation:  0.6673622131347656
r_  generation:  6.9825732707977295
local_output_nid generation:  0.25570058822631836
local_in_edges_tensor generation:  0.5974090099334717
mini_batch_src_global generation:  0.6714339256286621
r_  generation:  6.966693639755249
local_output_nid generation:  0.2742884159088135
local_in_edges_tensor generation:  0.47783470153808594
mini_batch_src_global generation:  0.6683928966522217
r_  generation:  6.781630516052246
local_output_nid generation:  0.24596691131591797
local_in_edges_tensor generation:  0.4995133876800537
mini_batch_src_global generation:  0.7045352458953857
r_  generation:  6.910175800323486
local_output_nid generation:  0.244659423828125
local_in_edges_tensor generation:  0.4766242504119873
mini_batch_src_global generation:  0.7522358894348145
r_  generation:  6.894619703292847
local_output_nid generation:  0.2561209201812744
local_in_edges_tensor generation:  0.5979280471801758
mini_batch_src_global generation:  0.6706993579864502
r_  generation:  6.858232498168945
local_output_nid generation:  0.2764773368835449
local_in_edges_tensor generation:  0.48751282691955566
mini_batch_src_global generation:  0.6752822399139404
r_  generation:  6.905905246734619
local_output_nid generation:  0.2508361339569092
local_in_edges_tensor generation:  0.4811897277832031
mini_batch_src_global generation:  0.6865251064300537
r_  generation:  7.041335582733154
local_output_nid generation:  0.25471973419189453
local_in_edges_tensor generation:  0.6017427444458008
mini_batch_src_global generation:  0.6783773899078369
r_  generation:  6.8441996574401855
local_output_nid generation:  0.24557852745056152
local_in_edges_tensor generation:  0.47913026809692383
mini_batch_src_global generation:  0.6827614307403564
r_  generation:  6.861417770385742
local_output_nid generation:  0.27048683166503906
local_in_edges_tensor generation:  0.48494768142700195
mini_batch_src_global generation:  0.6748337745666504
r_  generation:  6.918411493301392
local_output_nid generation:  0.24928832054138184
local_in_edges_tensor generation:  0.4799020290374756
mini_batch_src_global generation:  0.6778528690338135
r_  generation:  7.06903076171875
local_output_nid generation:  0.2577850818634033
local_in_edges_tensor generation:  0.6012160778045654
mini_batch_src_global generation:  0.6815497875213623
r_  generation:  6.881525754928589
local_output_nid generation:  0.25556111335754395
local_in_edges_tensor generation:  0.509558916091919
mini_batch_src_global generation:  0.6821050643920898
r_  generation:  6.867799758911133
local_output_nid generation:  0.2603738307952881
local_in_edges_tensor generation:  0.48238253593444824
mini_batch_src_global generation:  0.7017097473144531
r_  generation:  6.84227442741394
local_output_nid generation:  0.24639272689819336
local_in_edges_tensor generation:  0.48782968521118164
mini_batch_src_global generation:  0.6790552139282227
r_  generation:  7.102702856063843
local_output_nid generation:  0.25736522674560547
local_in_edges_tensor generation:  0.5980427265167236
mini_batch_src_global generation:  0.6711540222167969
r_  generation:  6.873601913452148
local_output_nid generation:  0.2758922576904297
local_in_edges_tensor generation:  0.4802522659301758
mini_batch_src_global generation:  0.6683850288391113
r_  generation:  6.901655435562134
local_output_nid generation:  0.2508878707885742
local_in_edges_tensor generation:  0.49076414108276367
mini_batch_src_global generation:  0.6931519508361816
r_  generation:  6.879334926605225
local_output_nid generation:  0.24577069282531738
local_in_edges_tensor generation:  0.4788985252380371
mini_batch_src_global generation:  0.7309811115264893
r_  generation:  6.955350875854492
local_output_nid generation:  0.25484609603881836
local_in_edges_tensor generation:  0.5926611423492432
mini_batch_src_global generation:  0.6638453006744385
r_  generation:  6.820226669311523
local_output_nid generation:  0.27198004722595215
local_in_edges_tensor generation:  0.47948741912841797
mini_batch_src_global generation:  0.6679403781890869
r_  generation:  6.855566024780273
local_output_nid generation:  0.24847126007080078
local_in_edges_tensor generation:  0.4843254089355469
mini_batch_src_global generation:  0.6793172359466553
r_  generation:  6.9656736850738525
local_output_nid generation:  0.24878311157226562
local_in_edges_tensor generation:  0.5823593139648438
mini_batch_src_global generation:  0.6868534088134766
r_  generation:  6.871964931488037
local_output_nid generation:  0.2431321144104004
local_in_edges_tensor generation:  0.4792773723602295
mini_batch_src_global generation:  0.6566298007965088
r_  generation:  6.513106346130371
----------------------check_connections_block total spend ----------------------------- 1224.9269375801086
generate_one_block  9.254679918289185
generate_one_block  8.928435802459717
generate_one_block  8.813009262084961
generate_one_block  9.188843488693237
generate_one_block  8.973496198654175
generate_one_block  9.03275990486145
generate_one_block  8.87105655670166
generate_one_block  9.192912340164185
generate_one_block  10.136817455291748
generate_one_block  8.820393323898315
generate_one_block  8.774591445922852
generate_one_block  9.20303225517273
generate_one_block  8.997889757156372
generate_one_block  8.899404287338257
generate_one_block  8.861824035644531
generate_one_block  9.233739852905273
generate_one_block  8.846753597259521
generate_one_block  8.938019275665283
generate_one_block  8.827576637268066
generate_one_block  9.258543729782104
generate_one_block  8.980265855789185
generate_one_block  9.070162296295166
generate_one_block  8.806233406066895
generate_one_block  9.255404233932495
generate_one_block  8.759498357772827
generate_one_block  8.896811485290527
generate_one_block  8.911971807479858
generate_one_block  9.220817565917969
generate_one_block  8.801138401031494
generate_one_block  8.776335000991821
generate_one_block  8.852581262588501
generate_one_block  9.31225299835205
generate_one_block  8.908701181411743
generate_one_block  8.796663999557495
generate_one_block  9.409868478775024
generate_one_block  8.933286428451538
generate_one_block  8.896990537643433
generate_one_block  8.7374587059021
generate_one_block  9.277838468551636
generate_one_block  8.836021184921265
generate_one_block  8.774266719818115
generate_one_block  8.82631778717041
generate_one_block  9.167762279510498
generate_one_block  8.899948596954346
generate_one_block  8.779976844787598
generate_one_block  9.17286229133606
generate_one_block  8.822145938873291
generate_one_block  8.95907473564148
generate_one_block  8.80936050415039
generate_one_block  9.209587812423706
generate_one_block  8.853582859039307
generate_one_block  8.762791156768799
generate_one_block  9.319739818572998
generate_one_block  8.995139360427856
generate_one_block  8.992485284805298
generate_one_block  8.884553670883179
generate_one_block  9.231134414672852
generate_one_block  8.970778465270996
generate_one_block  8.884352922439575
generate_one_block  9.303527593612671
generate_one_block  9.016580820083618
generate_one_block  8.97014856338501
generate_one_block  8.935219526290894
generate_one_block  9.253843545913696
generate_one_block  9.041474103927612
generate_one_block  8.949609518051147
generate_one_block  9.35353708267212
generate_one_block  8.976135492324829
generate_one_block  8.919246673583984
generate_one_block  8.930222034454346
generate_one_block  9.317237854003906
generate_one_block  9.004404544830322
generate_one_block  8.850788116455078
generate_one_block  9.55721402168274
generate_one_block  8.858855247497559
generate_one_block  9.060929775238037
generate_one_block  9.046599388122559
generate_one_block  9.317259550094604
generate_one_block  8.892144680023193
generate_one_block  8.976651668548584
generate_one_block  9.443044900894165
generate_one_block  8.907092094421387
generate_one_block  8.927796363830566
generate_one_block  8.988152027130127
generate_one_block  9.321948289871216
generate_one_block  8.969830989837646
generate_one_block  9.06793475151062
generate_one_block  9.343050241470337
generate_one_block  8.982617139816284
generate_one_block  8.934987545013428
generate_one_block  9.376014709472656
generate_one_block  8.842851400375366
generate_one_block  8.89102816581726
generate_one_block  8.976319313049316
generate_one_block  9.765659809112549
generate_one_block  9.343827724456787
generate_one_block  9.08884048461914
generate_one_block  9.744484663009644
generate_one_block  9.387086153030396
generate_one_block  9.754631280899048
generate_one_block  9.521608114242554
generate_one_block  9.071408987045288
generate_one_block  8.918958187103271
generate_one_block  9.001954078674316
generate_one_block  9.388321876525879
generate_one_block  8.92570185661316
generate_one_block  9.048667669296265
generate_one_block  9.299633979797363
generate_one_block  8.881160736083984
generate_one_block  8.962055921554565
generate_one_block  9.73832082748413
generate_one_block  8.843552350997925
generate_one_block  9.033949613571167
generate_one_block  8.877899646759033
generate_one_block  9.23886513710022
generate_one_block  8.980001211166382
generate_one_block  8.80920696258545
generate_one_block  9.192942142486572
generate_one_block  8.836265087127686
generate_one_block  8.776915311813354
generate_one_block  9.740225791931152
generate_one_block  8.86191201210022
generate_one_block  8.894771814346313
generate_one_block  8.801202774047852
generate_one_block  9.200747966766357
generate_one_block  12.954909324645996
generate_one_block  8.948249578475952
generate_one_block  8.719468593597412
-----------------------------------------after block dataloader generation 
 Nvidia-smi: 3.0311279296875 GB
    Memory Allocated: 0.0006527900695800781  GigaBytes
Max Memory Allocated: 0.0006527900695800781  GigaBytes

connection checking time:  1392.2433075904846
block generation total time  1299.1944904327393
average batch blocks generation time:  10.149956956505775
----------------------------------------before batch_pred = model(blocks, batch_inputs) 
 Nvidia-smi: 3.8865966796875 GB
    Memory Allocated: 0.7835531234741211  GigaBytes
Max Memory Allocated: 0.7835531234741211  GigaBytes

