main start at this time 1647803397.5260303
#nodes: 2449029
#edges: 123718024
#classes: 47
success----------------------------------------
196571
39255
2164782
# Nodes: 2400608
# Edges: 123718024
# Train: 196571
# Val: 39255
# Test: 2164782
# Classes: 47

in feats:  100
----------------------------------------before generate_dataloader_block 
 Nvidia-smi: 10.1600341796875 GB
    Memory Allocated: 0.0006527900695800781  GigaBytes
Max Memory Allocated: 0.0006527900695800781  GigaBytes

The real block id is  2
get_global_graph_edges_ids_block function  spend 1.0398783683776855
range selection method range initialization spend 0.02826094627380371
time for parepare:  0.3911757469177246
local_output_nid generation:  0.000537872314453125
local_in_edges_tensor generation:  0.04208946228027344
mini_batch_src_global generation:  0.005553483963012695
r_  generation:  0.06411910057067871
local_output_nid generation:  0.0005156993865966797
local_in_edges_tensor generation:  0.001992940902709961
mini_batch_src_global generation:  0.006630420684814453
r_  generation:  0.06810808181762695
local_output_nid generation:  0.0005166530609130859
local_in_edges_tensor generation:  0.0012798309326171875
mini_batch_src_global generation:  0.004055976867675781
r_  generation:  0.07028961181640625
local_output_nid generation:  0.0005156993865966797
local_in_edges_tensor generation:  0.001260995864868164
mini_batch_src_global generation:  0.0040471553802490234
r_  generation:  0.07074189186096191
local_output_nid generation:  0.0005116462707519531
local_in_edges_tensor generation:  0.0012564659118652344
mini_batch_src_global generation:  0.004242897033691406
r_  generation:  0.0722498893737793
local_output_nid generation:  0.0005197525024414062
local_in_edges_tensor generation:  0.0012445449829101562
mini_batch_src_global generation:  0.004315376281738281
r_  generation:  0.07527637481689453
local_output_nid generation:  0.0005381107330322266
local_in_edges_tensor generation:  0.0013353824615478516
mini_batch_src_global generation:  0.007128238677978516
r_  generation:  0.07810378074645996
local_output_nid generation:  0.0005030632019042969
local_in_edges_tensor generation:  0.0013129711151123047
mini_batch_src_global generation:  0.004446744918823242
r_  generation:  0.07509756088256836
local_output_nid generation:  0.0005085468292236328
local_in_edges_tensor generation:  0.0012669563293457031
mini_batch_src_global generation:  0.004906892776489258
r_  generation:  0.0766594409942627
local_output_nid generation:  0.000514984130859375
local_in_edges_tensor generation:  0.0012769699096679688
mini_batch_src_global generation:  0.005141258239746094
r_  generation:  0.0788109302520752
local_output_nid generation:  0.0005135536193847656
local_in_edges_tensor generation:  0.0013127326965332031
mini_batch_src_global generation:  0.0053522586822509766
r_  generation:  0.07887506484985352
local_output_nid generation:  0.0005085468292236328
local_in_edges_tensor generation:  0.0013349056243896484
mini_batch_src_global generation:  0.005236625671386719
r_  generation:  0.07738327980041504
local_output_nid generation:  0.0005536079406738281
local_in_edges_tensor generation:  0.00142669677734375
mini_batch_src_global generation:  0.0055408477783203125
r_  generation:  0.08171796798706055
local_output_nid generation:  0.0005137920379638672
local_in_edges_tensor generation:  0.0013625621795654297
mini_batch_src_global generation:  0.00588226318359375
r_  generation:  0.08202743530273438
local_output_nid generation:  0.0005216598510742188
local_in_edges_tensor generation:  0.0013349056243896484
mini_batch_src_global generation:  0.005693912506103516
r_  generation:  0.08135986328125
local_output_nid generation:  0.0005044937133789062
local_in_edges_tensor generation:  0.0013799667358398438
mini_batch_src_global generation:  0.005972862243652344
r_  generation:  0.08262085914611816
local_output_nid generation:  0.0005106925964355469
local_in_edges_tensor generation:  0.0012629032135009766
mini_batch_src_global generation:  0.006132841110229492
r_  generation:  0.08241415023803711
local_output_nid generation:  0.0005252361297607422
local_in_edges_tensor generation:  0.0012814998626708984
mini_batch_src_global generation:  0.006122112274169922
r_  generation:  0.08271312713623047
local_output_nid generation:  0.0005214214324951172
local_in_edges_tensor generation:  0.0013270378112792969
mini_batch_src_global generation:  0.006360292434692383
r_  generation:  0.0930180549621582
local_output_nid generation:  0.0005240440368652344
local_in_edges_tensor generation:  0.0015864372253417969
mini_batch_src_global generation:  0.006236553192138672
r_  generation:  0.08486175537109375
local_output_nid generation:  0.0005486011505126953
local_in_edges_tensor generation:  0.0016384124755859375
mini_batch_src_global generation:  0.006438493728637695
r_  generation:  0.08495664596557617
local_output_nid generation:  0.0005066394805908203
local_in_edges_tensor generation:  0.0015714168548583984
mini_batch_src_global generation:  0.006566047668457031
r_  generation:  0.08553194999694824
local_output_nid generation:  0.0005114078521728516
local_in_edges_tensor generation:  0.0015366077423095703
mini_batch_src_global generation:  0.006325244903564453
r_  generation:  0.08835601806640625
local_output_nid generation:  0.0005199909210205078
local_in_edges_tensor generation:  0.0015611648559570312
mini_batch_src_global generation:  0.006734132766723633
r_  generation:  0.08800697326660156
local_output_nid generation:  0.0005199909210205078
local_in_edges_tensor generation:  0.02920246124267578
mini_batch_src_global generation:  0.005959272384643555
r_  generation:  0.08687925338745117
local_output_nid generation:  0.000518798828125
local_in_edges_tensor generation:  0.00156402587890625
mini_batch_src_global generation:  0.006496429443359375
r_  generation:  0.08704781532287598
local_output_nid generation:  0.0005159378051757812
local_in_edges_tensor generation:  0.0021140575408935547
mini_batch_src_global generation:  0.006780862808227539
r_  generation:  0.08805704116821289
local_output_nid generation:  0.0005083084106445312
local_in_edges_tensor generation:  0.002750396728515625
mini_batch_src_global generation:  0.0065326690673828125
r_  generation:  0.08867764472961426
local_output_nid generation:  0.0005145072937011719
local_in_edges_tensor generation:  0.0027375221252441406
mini_batch_src_global generation:  0.00690007209777832
r_  generation:  0.08650875091552734
local_output_nid generation:  0.0005152225494384766
local_in_edges_tensor generation:  0.0027556419372558594
mini_batch_src_global generation:  0.00678253173828125
r_  generation:  0.0901334285736084
local_output_nid generation:  0.0005125999450683594
local_in_edges_tensor generation:  0.002669811248779297
mini_batch_src_global generation:  0.006662845611572266
r_  generation:  0.0846867561340332
local_output_nid generation:  0.0005059242248535156
local_in_edges_tensor generation:  0.0027709007263183594
mini_batch_src_global generation:  0.007192850112915039
r_  generation:  0.09027671813964844
local_output_nid generation:  0.0005152225494384766
local_in_edges_tensor generation:  0.0026700496673583984
mini_batch_src_global generation:  0.006711483001708984
r_  generation:  0.08789253234863281
local_output_nid generation:  0.0005097389221191406
local_in_edges_tensor generation:  0.0026421546936035156
mini_batch_src_global generation:  0.00708317756652832
r_  generation:  0.0874788761138916
local_output_nid generation:  0.0005085468292236328
local_in_edges_tensor generation:  0.002699136734008789
mini_batch_src_global generation:  0.006855487823486328
r_  generation:  0.09097003936767578
local_output_nid generation:  0.0005140304565429688
local_in_edges_tensor generation:  0.0026912689208984375
mini_batch_src_global generation:  0.006549358367919922
r_  generation:  0.08714413642883301
local_output_nid generation:  0.0005106925964355469
local_in_edges_tensor generation:  0.0027146339416503906
mini_batch_src_global generation:  0.007009983062744141
r_  generation:  0.0875692367553711
local_output_nid generation:  0.0005350112915039062
local_in_edges_tensor generation:  0.002036571502685547
mini_batch_src_global generation:  0.0067958831787109375
r_  generation:  0.08856654167175293
local_output_nid generation:  0.0005066394805908203
local_in_edges_tensor generation:  0.0015611648559570312
mini_batch_src_global generation:  0.00694727897644043
r_  generation:  0.0906059741973877
local_output_nid generation:  0.0005178451538085938
local_in_edges_tensor generation:  0.0016274452209472656
mini_batch_src_global generation:  0.006951093673706055
r_  generation:  0.09151411056518555
local_output_nid generation:  0.0005140304565429688
local_in_edges_tensor generation:  0.0015490055084228516
mini_batch_src_global generation:  0.00677037239074707
r_  generation:  0.09003114700317383
local_output_nid generation:  0.0005512237548828125
local_in_edges_tensor generation:  0.0015611648559570312
mini_batch_src_global generation:  0.007054805755615234
r_  generation:  0.08890604972839355
local_output_nid generation:  0.0005183219909667969
local_in_edges_tensor generation:  0.0024607181549072266
mini_batch_src_global generation:  0.006859779357910156
r_  generation:  0.08978796005249023
local_output_nid generation:  0.0006816387176513672
local_in_edges_tensor generation:  0.0037796497344970703
mini_batch_src_global generation:  0.007158994674682617
r_  generation:  0.09058570861816406
local_output_nid generation:  0.0005350112915039062
local_in_edges_tensor generation:  0.0036902427673339844
mini_batch_src_global generation:  0.0073244571685791016
r_  generation:  0.08995985984802246
local_output_nid generation:  0.0005238056182861328
local_in_edges_tensor generation:  0.003753185272216797
mini_batch_src_global generation:  0.006939411163330078
r_  generation:  0.08811759948730469
local_output_nid generation:  0.0005285739898681641
local_in_edges_tensor generation:  0.003681659698486328
mini_batch_src_global generation:  0.007061004638671875
r_  generation:  0.08719873428344727
local_output_nid generation:  0.0005242824554443359
local_in_edges_tensor generation:  0.003795623779296875
mini_batch_src_global generation:  0.007197380065917969
r_  generation:  0.09676980972290039
local_output_nid generation:  0.0005297660827636719
local_in_edges_tensor generation:  0.001852273941040039
mini_batch_src_global generation:  0.006964206695556641
r_  generation:  0.09179949760437012
local_output_nid generation:  0.0005288124084472656
local_in_edges_tensor generation:  0.0017728805541992188
mini_batch_src_global generation:  0.007120847702026367
r_  generation:  0.08838582038879395
local_output_nid generation:  0.0005316734313964844
local_in_edges_tensor generation:  0.0018270015716552734
mini_batch_src_global generation:  0.006829977035522461
r_  generation:  0.08894515037536621
local_output_nid generation:  0.0005235671997070312
local_in_edges_tensor generation:  0.0017299652099609375
mini_batch_src_global generation:  0.0068264007568359375
r_  generation:  0.08907079696655273
local_output_nid generation:  0.0005261898040771484
local_in_edges_tensor generation:  0.0017709732055664062
mini_batch_src_global generation:  0.006977081298828125
r_  generation:  0.09086322784423828
local_output_nid generation:  0.0005273818969726562
local_in_edges_tensor generation:  0.0017707347869873047
mini_batch_src_global generation:  0.006986856460571289
r_  generation:  0.09008336067199707
local_output_nid generation:  0.0005276203155517578
local_in_edges_tensor generation:  0.0018200874328613281
mini_batch_src_global generation:  0.007250547409057617
r_  generation:  0.09134101867675781
local_output_nid generation:  0.0005331039428710938
local_in_edges_tensor generation:  0.0017974376678466797
mini_batch_src_global generation:  0.0067937374114990234
r_  generation:  0.09145784378051758
local_output_nid generation:  0.0005276203155517578
local_in_edges_tensor generation:  0.0017960071563720703
mini_batch_src_global generation:  0.0070018768310546875
r_  generation:  0.08912181854248047
local_output_nid generation:  0.0005261898040771484
local_in_edges_tensor generation:  0.0017628669738769531
mini_batch_src_global generation:  0.0070798397064208984
r_  generation:  0.08847928047180176
local_output_nid generation:  0.0005283355712890625
local_in_edges_tensor generation:  0.0017781257629394531
mini_batch_src_global generation:  0.006865262985229492
r_  generation:  0.09048986434936523
local_output_nid generation:  0.0005502700805664062
local_in_edges_tensor generation:  0.0018069744110107422
mini_batch_src_global generation:  0.007070064544677734
r_  generation:  0.08615541458129883
local_output_nid generation:  0.0005249977111816406
local_in_edges_tensor generation:  0.0017743110656738281
mini_batch_src_global generation:  0.006841421127319336
r_  generation:  0.08964395523071289
local_output_nid generation:  0.0005452632904052734
local_in_edges_tensor generation:  0.0017774105072021484
mini_batch_src_global generation:  0.007112026214599609
r_  generation:  0.09453940391540527
local_output_nid generation:  0.0005221366882324219
local_in_edges_tensor generation:  0.0018086433410644531
mini_batch_src_global generation:  0.00717616081237793
r_  generation:  0.09113407135009766
local_output_nid generation:  0.0005283355712890625
local_in_edges_tensor generation:  0.0017592906951904297
mini_batch_src_global generation:  0.006879568099975586
r_  generation:  0.08954215049743652
local_output_nid generation:  0.0005345344543457031
local_in_edges_tensor generation:  0.0017633438110351562
mini_batch_src_global generation:  0.007062196731567383
r_  generation:  0.08858489990234375
local_output_nid generation:  0.0005259513854980469
local_in_edges_tensor generation:  0.0017626285552978516
mini_batch_src_global generation:  0.0069942474365234375
r_  generation:  0.09131264686584473
local_output_nid generation:  0.0005283355712890625
local_in_edges_tensor generation:  0.0017993450164794922
mini_batch_src_global generation:  0.0070154666900634766
r_  generation:  0.08902192115783691
local_output_nid generation:  0.0005333423614501953
local_in_edges_tensor generation:  0.0017633438110351562
mini_batch_src_global generation:  0.007050991058349609
r_  generation:  0.09077787399291992
local_output_nid generation:  0.0005316734313964844
local_in_edges_tensor generation:  0.001800537109375
mini_batch_src_global generation:  0.0069561004638671875
r_  generation:  0.0891106128692627
local_output_nid generation:  0.0005352497100830078
local_in_edges_tensor generation:  0.0018138885498046875
mini_batch_src_global generation:  0.006860256195068359
r_  generation:  0.08849358558654785
local_output_nid generation:  0.000522613525390625
local_in_edges_tensor generation:  0.0017440319061279297
mini_batch_src_global generation:  0.007043123245239258
r_  generation:  0.08920621871948242
local_output_nid generation:  0.0005242824554443359
local_in_edges_tensor generation:  0.0018074512481689453
mini_batch_src_global generation:  0.007048368453979492
r_  generation:  0.08878302574157715
local_output_nid generation:  0.0005385875701904297
local_in_edges_tensor generation:  0.0017812252044677734
mini_batch_src_global generation:  0.007176876068115234
r_  generation:  0.09103536605834961
local_output_nid generation:  0.0005328655242919922
local_in_edges_tensor generation:  0.0017676353454589844
mini_batch_src_global generation:  0.006865739822387695
r_  generation:  0.09086942672729492
local_output_nid generation:  0.0005395412445068359
local_in_edges_tensor generation:  0.015052318572998047
mini_batch_src_global generation:  0.0064547061920166016
r_  generation:  0.09062409400939941
local_output_nid generation:  0.0005257129669189453
local_in_edges_tensor generation:  0.0037801265716552734
mini_batch_src_global generation:  0.00738215446472168
r_  generation:  0.09576821327209473
local_output_nid generation:  0.0005390644073486328
local_in_edges_tensor generation:  0.003565073013305664
mini_batch_src_global generation:  0.0069751739501953125
r_  generation:  0.08959031105041504
local_output_nid generation:  0.0005233287811279297
local_in_edges_tensor generation:  0.0037856101989746094
mini_batch_src_global generation:  0.007477760314941406
r_  generation:  0.09134221076965332
local_output_nid generation:  0.0005445480346679688
local_in_edges_tensor generation:  0.003717660903930664
mini_batch_src_global generation:  0.0073909759521484375
r_  generation:  0.09121179580688477
local_output_nid generation:  0.0005311965942382812
local_in_edges_tensor generation:  0.003635406494140625
mini_batch_src_global generation:  0.00704193115234375
r_  generation:  0.0896921157836914
local_output_nid generation:  0.0005235671997070312
local_in_edges_tensor generation:  0.0037794113159179688
mini_batch_src_global generation:  0.007638692855834961
r_  generation:  0.08963298797607422
local_output_nid generation:  0.0005249977111816406
local_in_edges_tensor generation:  0.0037856101989746094
mini_batch_src_global generation:  0.007166624069213867
r_  generation:  0.0925297737121582
local_output_nid generation:  0.0005311965942382812
local_in_edges_tensor generation:  0.0037429332733154297
mini_batch_src_global generation:  0.007447004318237305
r_  generation:  0.09317445755004883
local_output_nid generation:  0.0005261898040771484
local_in_edges_tensor generation:  0.003790140151977539
mini_batch_src_global generation:  0.007350921630859375
r_  generation:  0.08843660354614258
local_output_nid generation:  0.0005350112915039062
local_in_edges_tensor generation:  0.0037374496459960938
mini_batch_src_global generation:  0.007324695587158203
r_  generation:  0.09307384490966797
local_output_nid generation:  0.0005252361297607422
local_in_edges_tensor generation:  0.003763914108276367
mini_batch_src_global generation:  0.00754547119140625
r_  generation:  0.08984923362731934
local_output_nid generation:  0.0005271434783935547
local_in_edges_tensor generation:  0.0037529468536376953
mini_batch_src_global generation:  0.0070781707763671875
r_  generation:  0.09120512008666992
local_output_nid generation:  0.0005233287811279297
local_in_edges_tensor generation:  0.0037975311279296875
mini_batch_src_global generation:  0.007646322250366211
r_  generation:  0.09451842308044434
local_output_nid generation:  0.0005280971527099609
local_in_edges_tensor generation:  0.0037221908569335938
mini_batch_src_global generation:  0.007235050201416016
r_  generation:  0.09226465225219727
local_output_nid generation:  0.0005371570587158203
local_in_edges_tensor generation:  0.003545522689819336
mini_batch_src_global generation:  0.007176637649536133
r_  generation:  0.09058833122253418
local_output_nid generation:  0.0005249977111816406
local_in_edges_tensor generation:  0.0030088424682617188
mini_batch_src_global generation:  0.007395744323730469
r_  generation:  0.09129667282104492
local_output_nid generation:  0.0005290508270263672
local_in_edges_tensor generation:  0.0017745494842529297
mini_batch_src_global generation:  0.006819725036621094
r_  generation:  0.08785843849182129
local_output_nid generation:  0.0005233287811279297
local_in_edges_tensor generation:  0.0017447471618652344
mini_batch_src_global generation:  0.007021427154541016
r_  generation:  0.09263253211975098
local_output_nid generation:  0.0005240440368652344
local_in_edges_tensor generation:  0.0017948150634765625
mini_batch_src_global generation:  0.007951498031616211
r_  generation:  0.08925676345825195
local_output_nid generation:  0.0005307197570800781
local_in_edges_tensor generation:  0.001965761184692383
mini_batch_src_global generation:  0.006914377212524414
r_  generation:  0.09179210662841797
local_output_nid generation:  0.0005211830139160156
local_in_edges_tensor generation:  0.0017621517181396484
mini_batch_src_global generation:  0.007217884063720703
r_  generation:  0.08749747276306152
local_output_nid generation:  0.0005207061767578125
local_in_edges_tensor generation:  0.0018696784973144531
mini_batch_src_global generation:  0.007082462310791016
r_  generation:  0.09139156341552734
local_output_nid generation:  0.0005273818969726562
local_in_edges_tensor generation:  0.0017685890197753906
mini_batch_src_global generation:  0.0068433284759521484
r_  generation:  0.08747577667236328
local_output_nid generation:  0.0005192756652832031
local_in_edges_tensor generation:  0.0019092559814453125
mini_batch_src_global generation:  0.007079362869262695
r_  generation:  0.08877134323120117
local_output_nid generation:  0.0005280971527099609
local_in_edges_tensor generation:  0.0018129348754882812
mini_batch_src_global generation:  0.007054328918457031
r_  generation:  0.0928201675415039
local_output_nid generation:  0.0005247592926025391
local_in_edges_tensor generation:  0.0017781257629394531
mini_batch_src_global generation:  0.007078409194946289
r_  generation:  0.08818721771240234
local_output_nid generation:  0.0005185604095458984
local_in_edges_tensor generation:  0.0018191337585449219
mini_batch_src_global generation:  0.007197380065917969
r_  generation:  0.0921623706817627
local_output_nid generation:  0.0005197525024414062
local_in_edges_tensor generation:  0.0017962455749511719
mini_batch_src_global generation:  0.006990909576416016
r_  generation:  0.09171748161315918
local_output_nid generation:  0.0005238056182861328
local_in_edges_tensor generation:  0.0017833709716796875
mini_batch_src_global generation:  0.007340908050537109
r_  generation:  0.08948516845703125
local_output_nid generation:  0.0005249977111816406
local_in_edges_tensor generation:  0.0017976760864257812
mini_batch_src_global generation:  0.006788015365600586
r_  generation:  0.09182310104370117
local_output_nid generation:  0.0005311965942382812
local_in_edges_tensor generation:  0.001767873764038086
mini_batch_src_global generation:  0.007009267807006836
r_  generation:  0.08906793594360352
local_output_nid generation:  0.0005238056182861328
local_in_edges_tensor generation:  0.001832723617553711
mini_batch_src_global generation:  0.0071773529052734375
r_  generation:  0.09218549728393555
local_output_nid generation:  0.0005283355712890625
local_in_edges_tensor generation:  0.0017590522766113281
mini_batch_src_global generation:  0.006716728210449219
r_  generation:  0.08727216720581055
local_output_nid generation:  0.0005235671997070312
local_in_edges_tensor generation:  0.0017845630645751953
mini_batch_src_global generation:  0.007124423980712891
r_  generation:  0.09046769142150879
local_output_nid generation:  0.0005352497100830078
local_in_edges_tensor generation:  0.0017750263214111328
mini_batch_src_global generation:  0.006920814514160156
r_  generation:  0.09102582931518555
local_output_nid generation:  0.0005345344543457031
local_in_edges_tensor generation:  0.001791238784790039
mini_batch_src_global generation:  0.00714111328125
r_  generation:  0.0924069881439209
local_output_nid generation:  0.0005183219909667969
local_in_edges_tensor generation:  0.0017931461334228516
mini_batch_src_global generation:  0.007218360900878906
r_  generation:  0.09138679504394531
local_output_nid generation:  0.000514984130859375
local_in_edges_tensor generation:  0.0017740726470947266
mini_batch_src_global generation:  0.006667375564575195
r_  generation:  0.08904767036437988
local_output_nid generation:  0.0005216598510742188
local_in_edges_tensor generation:  0.0017743110656738281
mini_batch_src_global generation:  0.007151126861572266
r_  generation:  0.0915377140045166
local_output_nid generation:  0.0005278587341308594
local_in_edges_tensor generation:  0.0017812252044677734
mini_batch_src_global generation:  0.006956815719604492
r_  generation:  0.0917060375213623
local_output_nid generation:  0.0005412101745605469
local_in_edges_tensor generation:  0.0017867088317871094
mini_batch_src_global generation:  0.00727391242980957
r_  generation:  0.09004020690917969
local_output_nid generation:  0.0005288124084472656
local_in_edges_tensor generation:  0.001735687255859375
mini_batch_src_global generation:  0.007228851318359375
r_  generation:  0.09649324417114258
local_output_nid generation:  0.0005221366882324219
local_in_edges_tensor generation:  0.001771688461303711
mini_batch_src_global generation:  0.006930112838745117
r_  generation:  0.09029722213745117
local_output_nid generation:  0.0005235671997070312
local_in_edges_tensor generation:  0.0017518997192382812
mini_batch_src_global generation:  0.007170438766479492
r_  generation:  0.08909249305725098
local_output_nid generation:  0.0005328655242919922
local_in_edges_tensor generation:  0.001817941665649414
mini_batch_src_global generation:  0.0068912506103515625
r_  generation:  0.08952498435974121
local_output_nid generation:  0.0005307197570800781
local_in_edges_tensor generation:  0.0017733573913574219
mini_batch_src_global generation:  0.0070798397064208984
r_  generation:  0.09182190895080566
local_output_nid generation:  0.0005340576171875
local_in_edges_tensor generation:  0.0018434524536132812
mini_batch_src_global generation:  0.007127285003662109
r_  generation:  0.09118223190307617
local_output_nid generation:  0.0005159378051757812
local_in_edges_tensor generation:  0.002727031707763672
mini_batch_src_global generation:  0.0068280696868896484
r_  generation:  0.08895421028137207
local_output_nid generation:  0.0005292892456054688
local_in_edges_tensor generation:  0.01657867431640625
mini_batch_src_global generation:  0.006576061248779297
r_  generation:  0.08656620979309082
local_output_nid generation:  0.0005295276641845703
local_in_edges_tensor generation:  0.003838777542114258
mini_batch_src_global generation:  0.007447719573974609
r_  generation:  0.09275531768798828
local_output_nid generation:  0.0005192756652832031
local_in_edges_tensor generation:  0.003751516342163086
mini_batch_src_global generation:  0.007097482681274414
r_  generation:  0.08974051475524902
local_output_nid generation:  0.0005307197570800781
local_in_edges_tensor generation:  0.0038602352142333984
mini_batch_src_global generation:  0.007681608200073242
r_  generation:  0.09282088279724121
local_output_nid generation:  0.00047135353088378906
local_in_edges_tensor generation:  0.003325223922729492
mini_batch_src_global generation:  0.00652623176574707
r_  generation:  0.07902121543884277
----------------------check_connections_block total spend ----------------------------- 15.128981113433838
generate_one_block  5.635777473449707
generate_one_block  0.1088569164276123
generate_one_block  0.11192607879638672
generate_one_block  0.1102757453918457
generate_one_block  0.11561703681945801
generate_one_block  0.11088204383850098
generate_one_block  0.11335229873657227
generate_one_block  0.1104116439819336
generate_one_block  0.11506867408752441
generate_one_block  0.11115622520446777
generate_one_block  0.111114501953125
generate_one_block  0.10923480987548828
generate_one_block  0.12402844429016113
generate_one_block  0.10997629165649414
generate_one_block  0.11052823066711426
generate_one_block  0.11411571502685547
generate_one_block  0.10986638069152832
generate_one_block  0.10951066017150879
generate_one_block  0.11345076560974121
generate_one_block  0.11152267456054688
generate_one_block  0.11786293983459473
generate_one_block  0.11350297927856445
generate_one_block  0.11027646064758301
generate_one_block  0.11437845230102539
generate_one_block  0.10838103294372559
generate_one_block  0.11378931999206543
generate_one_block  0.1110079288482666
generate_one_block  0.11106467247009277
generate_one_block  0.11099958419799805
generate_one_block  0.11506772041320801
generate_one_block  0.11118578910827637
generate_one_block  0.11347675323486328
generate_one_block  0.11410355567932129
generate_one_block  0.11271142959594727
generate_one_block  0.1109321117401123
generate_one_block  0.10792899131774902
generate_one_block  0.11494088172912598
generate_one_block  0.1132662296295166
generate_one_block  0.11256647109985352
generate_one_block  0.11337161064147949
generate_one_block  0.1109466552734375
generate_one_block  0.11130881309509277
generate_one_block  0.10908293724060059
generate_one_block  0.11269927024841309
generate_one_block  0.11240029335021973
generate_one_block  0.11106991767883301
generate_one_block  0.1132056713104248
generate_one_block  0.11368846893310547
generate_one_block  0.11176013946533203
generate_one_block  0.11255860328674316
generate_one_block  0.11342883110046387
generate_one_block  0.1097571849822998
generate_one_block  0.11244082450866699
generate_one_block  0.1114797592163086
generate_one_block  0.13051962852478027
generate_one_block  0.11299347877502441
generate_one_block  0.11277461051940918
generate_one_block  0.11033105850219727
generate_one_block  0.11155080795288086
generate_one_block  0.10870051383972168
generate_one_block  0.11197566986083984
generate_one_block  0.1108856201171875
generate_one_block  0.11970925331115723
generate_one_block  0.14300966262817383
generate_one_block  0.12140369415283203
generate_one_block  0.11568093299865723
generate_one_block  0.11352181434631348
generate_one_block  0.11289715766906738
generate_one_block  0.11101627349853516
generate_one_block  0.11040449142456055
generate_one_block  0.11449742317199707
generate_one_block  0.1385486125946045
generate_one_block  0.12476420402526855
generate_one_block  0.11915302276611328
generate_one_block  0.11218142509460449
generate_one_block  0.11563897132873535
generate_one_block  0.11045432090759277
generate_one_block  0.11399483680725098
generate_one_block  0.11529779434204102
generate_one_block  0.134429931640625
generate_one_block  0.12539267539978027
generate_one_block  0.12000679969787598
generate_one_block  0.11643552780151367
generate_one_block  0.11360669136047363
generate_one_block  0.11412763595581055
generate_one_block  0.11432218551635742
generate_one_block  0.11574339866638184
generate_one_block  0.14290690422058105
generate_one_block  0.1333928108215332
generate_one_block  0.11630821228027344
generate_one_block  0.11538243293762207
generate_one_block  0.1124868392944336
generate_one_block  0.11257410049438477
generate_one_block  0.11412858963012695
generate_one_block  0.11855435371398926
generate_one_block  0.14065313339233398
generate_one_block  0.12442374229431152
generate_one_block  0.11634302139282227
generate_one_block  0.11066627502441406
generate_one_block  0.11707019805908203
generate_one_block  0.1102759838104248
generate_one_block  0.1165306568145752
generate_one_block  0.11458969116210938
generate_one_block  0.13783788681030273
generate_one_block  0.12509703636169434
generate_one_block  0.11774992942810059
generate_one_block  0.11758685111999512
generate_one_block  0.11019611358642578
generate_one_block  0.11543464660644531
generate_one_block  0.11414456367492676
generate_one_block  0.11694025993347168
generate_one_block  0.13913846015930176
generate_one_block  0.12165617942810059
generate_one_block  0.12053465843200684
generate_one_block  0.11863112449645996
generate_one_block  0.11599040031433105
generate_one_block  0.11181354522705078
generate_one_block  0.11096358299255371
generate_one_block  0.11600923538208008
generate_one_block  0.12377119064331055
generate_one_block  0.11783289909362793
generate_one_block  0.11426448822021484
generate_one_block  0.11232399940490723
generate_one_block  0.10920405387878418
generate_one_block  0.11691403388977051
generate_one_block  0.11184954643249512
generate_one_block  0.11600160598754883
generate_one_block  0.10323858261108398
The real block id is  1
get_global_graph_edges_ids_block function  spend 3.9793543815612793
gen group dst list time:  0.5921003818511963
time for parepare:  0.4677555561065674
local_output_nid generation:  0.03613591194152832
local_in_edges_tensor generation:  0.4032430648803711
mini_batch_src_global generation:  0.3657846450805664
r_  generation:  3.862891435623169
local_output_nid generation:  0.04269862174987793
local_in_edges_tensor generation:  0.22257471084594727
mini_batch_src_global generation:  0.45690274238586426
r_  generation:  4.001124382019043
local_output_nid generation:  0.04514169692993164
local_in_edges_tensor generation:  0.23249101638793945
mini_batch_src_global generation:  0.44885921478271484
r_  generation:  4.148788213729858
local_output_nid generation:  0.04612994194030762
local_in_edges_tensor generation:  0.31591224670410156
mini_batch_src_global generation:  0.46103715896606445
r_  generation:  4.0867815017700195
local_output_nid generation:  0.04699873924255371
local_in_edges_tensor generation:  0.292510986328125
mini_batch_src_global generation:  0.46319150924682617
r_  generation:  4.161353349685669
local_output_nid generation:  0.04845833778381348
local_in_edges_tensor generation:  0.31617116928100586
mini_batch_src_global generation:  0.47239089012145996
r_  generation:  4.286320924758911
local_output_nid generation:  0.0499880313873291
local_in_edges_tensor generation:  0.3044261932373047
mini_batch_src_global generation:  0.4937913417816162
r_  generation:  4.3172056674957275
local_output_nid generation:  0.05135536193847656
local_in_edges_tensor generation:  0.27647948265075684
mini_batch_src_global generation:  0.529618501663208
r_  generation:  4.180838108062744
local_output_nid generation:  0.07727551460266113
local_in_edges_tensor generation:  0.27728867530822754
mini_batch_src_global generation:  0.4883732795715332
r_  generation:  4.3173816204071045
local_output_nid generation:  0.05205559730529785
local_in_edges_tensor generation:  0.2687509059906006
mini_batch_src_global generation:  0.48500752449035645
r_  generation:  4.2672340869903564
local_output_nid generation:  0.054741859436035156
local_in_edges_tensor generation:  0.3289299011230469
mini_batch_src_global generation:  0.5070896148681641
r_  generation:  4.374897003173828
local_output_nid generation:  0.05137372016906738
local_in_edges_tensor generation:  0.33388376235961914
mini_batch_src_global generation:  0.5123636722564697
r_  generation:  4.301698207855225
local_output_nid generation:  0.07120299339294434
local_in_edges_tensor generation:  0.291750431060791
mini_batch_src_global generation:  0.49376511573791504
r_  generation:  4.3469460010528564
local_output_nid generation:  0.05371904373168945
local_in_edges_tensor generation:  0.26270294189453125
mini_batch_src_global generation:  0.49390554428100586
r_  generation:  4.317845344543457
local_output_nid generation:  0.05343437194824219
local_in_edges_tensor generation:  0.3191680908203125
mini_batch_src_global generation:  0.4940187931060791
r_  generation:  4.408983945846558
local_output_nid generation:  0.05407428741455078
local_in_edges_tensor generation:  0.334686279296875
mini_batch_src_global generation:  0.5376009941101074
r_  generation:  4.445627927780151
local_output_nid generation:  0.0741267204284668
local_in_edges_tensor generation:  0.28307151794433594
mini_batch_src_global generation:  0.4967348575592041
r_  generation:  4.317501068115234
local_output_nid generation:  0.05429339408874512
local_in_edges_tensor generation:  0.26544976234436035
mini_batch_src_global generation:  0.49831533432006836
r_  generation:  4.403036117553711
local_output_nid generation:  0.05503344535827637
local_in_edges_tensor generation:  0.3300046920776367
mini_batch_src_global generation:  0.5047628879547119
r_  generation:  4.523403167724609
local_output_nid generation:  0.054938554763793945
local_in_edges_tensor generation:  0.3391568660736084
mini_batch_src_global generation:  0.5360476970672607
r_  generation:  4.427329778671265
local_output_nid generation:  0.07787060737609863
local_in_edges_tensor generation:  0.2913501262664795
mini_batch_src_global generation:  0.5042645931243896
r_  generation:  4.41602087020874
local_output_nid generation:  0.05608701705932617
local_in_edges_tensor generation:  0.2773888111114502
mini_batch_src_global generation:  0.5072212219238281
r_  generation:  4.433953762054443
local_output_nid generation:  0.0549159049987793
local_in_edges_tensor generation:  0.3317227363586426
mini_batch_src_global generation:  0.5000405311584473
r_  generation:  4.469884634017944
local_output_nid generation:  0.056372880935668945
local_in_edges_tensor generation:  0.36345744132995605
mini_batch_src_global generation:  0.5378153324127197
r_  generation:  4.461830139160156
local_output_nid generation:  0.07838201522827148
local_in_edges_tensor generation:  0.28806471824645996
mini_batch_src_global generation:  0.5034699440002441
r_  generation:  4.3194544315338135
local_output_nid generation:  0.05711770057678223
local_in_edges_tensor generation:  0.28079986572265625
mini_batch_src_global generation:  0.5315191745758057
r_  generation:  4.460292816162109
local_output_nid generation:  0.059328556060791016
local_in_edges_tensor generation:  0.38934850692749023
mini_batch_src_global generation:  0.511000394821167
r_  generation:  4.600287675857544
local_output_nid generation:  0.06262731552124023
local_in_edges_tensor generation:  0.3067774772644043
mini_batch_src_global generation:  0.5212090015411377
r_  generation:  4.314957141876221
local_output_nid generation:  0.06397533416748047
local_in_edges_tensor generation:  0.2808222770690918
mini_batch_src_global generation:  0.500267744064331
r_  generation:  4.33022665977478
local_output_nid generation:  0.05591154098510742
local_in_edges_tensor generation:  0.27651071548461914
mini_batch_src_global generation:  0.5224888324737549
r_  generation:  4.407777547836304
local_output_nid generation:  0.0566403865814209
local_in_edges_tensor generation:  0.3832871913909912
mini_batch_src_global generation:  0.5033450126647949
r_  generation:  4.407644987106323
local_output_nid generation:  0.08061432838439941
local_in_edges_tensor generation:  0.32257699966430664
mini_batch_src_global generation:  0.5072188377380371
r_  generation:  4.414218902587891
local_output_nid generation:  0.056275129318237305
local_in_edges_tensor generation:  0.27544403076171875
mini_batch_src_global generation:  0.4994196891784668
r_  generation:  4.384984016418457
local_output_nid generation:  0.05771231651306152
local_in_edges_tensor generation:  0.3226344585418701
mini_batch_src_global generation:  0.5210902690887451
r_  generation:  4.404021501541138
local_output_nid generation:  0.05641746520996094
local_in_edges_tensor generation:  0.3721935749053955
mini_batch_src_global generation:  0.5409653186798096
r_  generation:  4.453805446624756
local_output_nid generation:  0.08487367630004883
local_in_edges_tensor generation:  0.2901482582092285
mini_batch_src_global generation:  0.4984323978424072
r_  generation:  4.308480262756348
local_output_nid generation:  0.05692005157470703
local_in_edges_tensor generation:  0.27423787117004395
mini_batch_src_global generation:  0.5060920715332031
r_  generation:  4.406308174133301
local_output_nid generation:  0.05571699142456055
local_in_edges_tensor generation:  0.33031678199768066
mini_batch_src_global generation:  0.5068860054016113
r_  generation:  4.2974817752838135
local_output_nid generation:  0.05718398094177246
local_in_edges_tensor generation:  0.3618299961090088
mini_batch_src_global generation:  0.5171692371368408
r_  generation:  4.580694913864136
local_output_nid generation:  0.0824885368347168
local_in_edges_tensor generation:  0.2938387393951416
mini_batch_src_global generation:  0.5086386203765869
r_  generation:  4.3944385051727295
local_output_nid generation:  0.0578312873840332
local_in_edges_tensor generation:  0.27623414993286133
mini_batch_src_global generation:  0.5757150650024414
r_  generation:  4.591029167175293
local_output_nid generation:  0.056401729583740234
local_in_edges_tensor generation:  0.3379538059234619
mini_batch_src_global generation:  0.5273244380950928
r_  generation:  4.432363033294678
local_output_nid generation:  0.06966924667358398
local_in_edges_tensor generation:  0.3434009552001953
mini_batch_src_global generation:  0.555361270904541
r_  generation:  4.34367823600769
local_output_nid generation:  0.09643721580505371
local_in_edges_tensor generation:  0.2947525978088379
mini_batch_src_global generation:  0.5071325302124023
r_  generation:  4.354962110519409
local_output_nid generation:  0.05923199653625488
local_in_edges_tensor generation:  0.27509069442749023
mini_batch_src_global generation:  0.5098080635070801
r_  generation:  4.4934587478637695
local_output_nid generation:  0.05626702308654785
local_in_edges_tensor generation:  0.33144664764404297
mini_batch_src_global generation:  0.5068278312683105
r_  generation:  4.391802787780762
local_output_nid generation:  0.056077003479003906
local_in_edges_tensor generation:  0.3461642265319824
mini_batch_src_global generation:  0.5279383659362793
r_  generation:  4.358505725860596
local_output_nid generation:  0.08443522453308105
local_in_edges_tensor generation:  0.29852843284606934
mini_batch_src_global generation:  0.5064742565155029
r_  generation:  4.438135385513306
local_output_nid generation:  0.05761122703552246
local_in_edges_tensor generation:  0.27642107009887695
mini_batch_src_global generation:  0.524918794631958
r_  generation:  4.428179025650024
local_output_nid generation:  0.05617785453796387
local_in_edges_tensor generation:  0.33371496200561523
mini_batch_src_global generation:  0.5038347244262695
r_  generation:  4.397852659225464
local_output_nid generation:  0.05727338790893555
local_in_edges_tensor generation:  0.3635847568511963
mini_batch_src_global generation:  0.525017261505127
r_  generation:  4.436431884765625
local_output_nid generation:  0.0886697769165039
local_in_edges_tensor generation:  0.28777050971984863
mini_batch_src_global generation:  0.5019137859344482
r_  generation:  4.292811393737793
local_output_nid generation:  0.05821037292480469
local_in_edges_tensor generation:  0.2790532112121582
mini_batch_src_global generation:  0.5095348358154297
r_  generation:  4.436755180358887
local_output_nid generation:  0.05712556838989258
local_in_edges_tensor generation:  0.3370692729949951
mini_batch_src_global generation:  0.5084109306335449
r_  generation:  4.507166862487793
local_output_nid generation:  0.05847954750061035
local_in_edges_tensor generation:  0.3639504909515381
mini_batch_src_global generation:  0.5260844230651855
r_  generation:  4.49662446975708
local_output_nid generation:  0.07489442825317383
local_in_edges_tensor generation:  0.29197049140930176
mini_batch_src_global generation:  0.5099108219146729
r_  generation:  4.32236909866333
local_output_nid generation:  0.05781888961791992
local_in_edges_tensor generation:  0.28287172317504883
mini_batch_src_global generation:  0.5274679660797119
r_  generation:  4.482043981552124
local_output_nid generation:  0.05637979507446289
local_in_edges_tensor generation:  0.32856059074401855
mini_batch_src_global generation:  0.5097694396972656
r_  generation:  4.40411639213562
local_output_nid generation:  0.057566165924072266
local_in_edges_tensor generation:  0.36040592193603516
mini_batch_src_global generation:  0.5287137031555176
r_  generation:  4.454668760299683
local_output_nid generation:  0.07420921325683594
local_in_edges_tensor generation:  0.292726993560791
mini_batch_src_global generation:  0.5043385028839111
r_  generation:  4.3017895221710205
local_output_nid generation:  0.05721426010131836
local_in_edges_tensor generation:  0.27390027046203613
mini_batch_src_global generation:  0.5305271148681641
r_  generation:  4.342286109924316
local_output_nid generation:  0.06056022644042969
local_in_edges_tensor generation:  0.38971662521362305
mini_batch_src_global generation:  0.5093481540679932
r_  generation:  4.498440265655518
local_output_nid generation:  0.08552050590515137
local_in_edges_tensor generation:  0.3131752014160156
mini_batch_src_global generation:  0.5188436508178711
r_  generation:  4.388422250747681
local_output_nid generation:  0.05895686149597168
local_in_edges_tensor generation:  0.2837831974029541
mini_batch_src_global generation:  0.5038588047027588
r_  generation:  4.383723735809326
local_output_nid generation:  0.05732321739196777
local_in_edges_tensor generation:  0.2778611183166504
mini_batch_src_global generation:  0.5318102836608887
r_  generation:  4.413260459899902
local_output_nid generation:  0.05762600898742676
local_in_edges_tensor generation:  0.3971881866455078
mini_batch_src_global generation:  0.5226662158966064
r_  generation:  4.485067129135132
local_output_nid generation:  0.0856027603149414
local_in_edges_tensor generation:  0.3087167739868164
mini_batch_src_global generation:  0.5088002681732178
r_  generation:  4.3975396156311035
local_output_nid generation:  0.05802798271179199
local_in_edges_tensor generation:  0.28172755241394043
mini_batch_src_global generation:  0.5069746971130371
r_  generation:  4.44346022605896
local_output_nid generation:  0.05768084526062012
local_in_edges_tensor generation:  0.32088160514831543
mini_batch_src_global generation:  0.5075361728668213
r_  generation:  4.411946535110474
local_output_nid generation:  0.056249380111694336
local_in_edges_tensor generation:  0.35558605194091797
mini_batch_src_global generation:  0.5131964683532715
r_  generation:  4.326489210128784
local_output_nid generation:  0.08664321899414062
local_in_edges_tensor generation:  0.30369997024536133
mini_batch_src_global generation:  0.4938061237335205
r_  generation:  4.3168652057647705
local_output_nid generation:  0.058277130126953125
local_in_edges_tensor generation:  0.28029894828796387
mini_batch_src_global generation:  0.4995565414428711
r_  generation:  4.4386913776397705
local_output_nid generation:  0.058083295822143555
local_in_edges_tensor generation:  0.3333258628845215
mini_batch_src_global generation:  0.5099184513092041
r_  generation:  4.457966566085815
local_output_nid generation:  0.05905461311340332
local_in_edges_tensor generation:  0.35968971252441406
mini_batch_src_global generation:  0.544933557510376
r_  generation:  4.389531373977661
local_output_nid generation:  0.0851902961730957
local_in_edges_tensor generation:  0.29326868057250977
mini_batch_src_global generation:  0.5010402202606201
r_  generation:  4.3026440143585205
local_output_nid generation:  0.05891585350036621
local_in_edges_tensor generation:  0.2993505001068115
mini_batch_src_global generation:  0.5208215713500977
r_  generation:  4.485439777374268
local_output_nid generation:  0.05719804763793945
local_in_edges_tensor generation:  0.3366048336029053
mini_batch_src_global generation:  0.5066859722137451
r_  generation:  4.489050388336182
local_output_nid generation:  0.058011531829833984
local_in_edges_tensor generation:  0.36519789695739746
mini_batch_src_global generation:  0.523651123046875
r_  generation:  4.40725040435791
local_output_nid generation:  0.07620573043823242
local_in_edges_tensor generation:  0.294907808303833
mini_batch_src_global generation:  0.5057933330535889
r_  generation:  4.3479883670806885
local_output_nid generation:  0.05648326873779297
local_in_edges_tensor generation:  0.2756783962249756
mini_batch_src_global generation:  0.5268402099609375
r_  generation:  4.322059154510498
local_output_nid generation:  0.0591130256652832
local_in_edges_tensor generation:  0.34142541885375977
mini_batch_src_global generation:  0.5110712051391602
r_  generation:  4.573748588562012
local_output_nid generation:  0.06770443916320801
local_in_edges_tensor generation:  0.36022162437438965
mini_batch_src_global generation:  0.5253582000732422
r_  generation:  4.3769214153289795
local_output_nid generation:  0.06789469718933105
local_in_edges_tensor generation:  0.3003525733947754
mini_batch_src_global generation:  0.5127592086791992
r_  generation:  4.436052560806274
local_output_nid generation:  0.05786609649658203
local_in_edges_tensor generation:  0.27960968017578125
mini_batch_src_global generation:  0.53448486328125
r_  generation:  4.384485244750977
local_output_nid generation:  0.06770014762878418
local_in_edges_tensor generation:  0.3987150192260742
mini_batch_src_global generation:  0.5273139476776123
r_  generation:  4.535582065582275
local_output_nid generation:  0.08807778358459473
local_in_edges_tensor generation:  0.31079983711242676
mini_batch_src_global generation:  0.5098421573638916
r_  generation:  4.408301591873169
local_output_nid generation:  0.058589935302734375
local_in_edges_tensor generation:  0.2849304676055908
mini_batch_src_global generation:  0.5151832103729248
r_  generation:  4.499342679977417
local_output_nid generation:  0.06214570999145508
local_in_edges_tensor generation:  0.3412132263183594
mini_batch_src_global generation:  0.5098650455474854
r_  generation:  4.496430397033691
local_output_nid generation:  0.05701470375061035
local_in_edges_tensor generation:  0.3523259162902832
mini_batch_src_global generation:  0.5179638862609863
r_  generation:  4.368671178817749
local_output_nid generation:  0.07795119285583496
local_in_edges_tensor generation:  0.29551172256469727
mini_batch_src_global generation:  0.5025479793548584
r_  generation:  4.35601806640625
local_output_nid generation:  0.05778145790100098
local_in_edges_tensor generation:  0.2816741466522217
mini_batch_src_global generation:  0.5337619781494141
r_  generation:  4.3893890380859375
local_output_nid generation:  0.057071685791015625
local_in_edges_tensor generation:  0.3872995376586914
mini_batch_src_global generation:  0.5014224052429199
r_  generation:  4.484558820724487
local_output_nid generation:  0.09904766082763672
local_in_edges_tensor generation:  0.3120231628417969
mini_batch_src_global generation:  0.5000114440917969
r_  generation:  4.300942659378052
local_output_nid generation:  0.06003308296203613
local_in_edges_tensor generation:  0.2861824035644531
mini_batch_src_global generation:  0.5034346580505371
r_  generation:  4.452793598175049
local_output_nid generation:  0.058614492416381836
local_in_edges_tensor generation:  0.2814657688140869
mini_batch_src_global generation:  0.5255348682403564
r_  generation:  4.479153394699097
local_output_nid generation:  0.057401180267333984
local_in_edges_tensor generation:  0.4212634563446045
mini_batch_src_global generation:  0.5520055294036865
r_  generation:  4.4568703174591064
local_output_nid generation:  0.08783245086669922
local_in_edges_tensor generation:  0.31085848808288574
mini_batch_src_global generation:  0.5074570178985596
r_  generation:  4.357017993927002
local_output_nid generation:  0.059282779693603516
local_in_edges_tensor generation:  0.2821013927459717
mini_batch_src_global generation:  0.5099442005157471
r_  generation:  4.4281229972839355
local_output_nid generation:  0.05647087097167969
local_in_edges_tensor generation:  0.33345651626586914
mini_batch_src_global generation:  0.5020079612731934
r_  generation:  4.517595052719116
local_output_nid generation:  0.0677793025970459
local_in_edges_tensor generation:  0.3659543991088867
mini_batch_src_global generation:  0.5321874618530273
r_  generation:  4.4371116161346436
local_output_nid generation:  0.06737279891967773
local_in_edges_tensor generation:  0.29232025146484375
mini_batch_src_global generation:  0.5045616626739502
r_  generation:  4.397451877593994
local_output_nid generation:  0.0592341423034668
local_in_edges_tensor generation:  0.2892897129058838
mini_batch_src_global generation:  0.5206871032714844
r_  generation:  4.488468647003174
local_output_nid generation:  0.056143760681152344
local_in_edges_tensor generation:  0.39939260482788086
mini_batch_src_global generation:  0.5280051231384277
r_  generation:  4.309750318527222
local_output_nid generation:  0.08787083625793457
local_in_edges_tensor generation:  0.3134031295776367
mini_batch_src_global generation:  0.506946325302124
r_  generation:  4.376623868942261
local_output_nid generation:  0.05893111228942871
local_in_edges_tensor generation:  0.28568172454833984
mini_batch_src_global generation:  0.5560762882232666
r_  generation:  4.511294841766357
local_output_nid generation:  0.05719470977783203
local_in_edges_tensor generation:  0.34186267852783203
mini_batch_src_global generation:  0.5193521976470947
r_  generation:  4.4646923542022705
local_output_nid generation:  0.08784866333007812
local_in_edges_tensor generation:  0.3736231327056885
mini_batch_src_global generation:  0.5183753967285156
r_  generation:  4.426192760467529
local_output_nid generation:  0.05758237838745117
local_in_edges_tensor generation:  0.2904846668243408
mini_batch_src_global generation:  0.5016367435455322
r_  generation:  4.336615800857544
local_output_nid generation:  0.059021711349487305
local_in_edges_tensor generation:  0.30535268783569336
mini_batch_src_global generation:  0.5388200283050537
r_  generation:  4.439949035644531
local_output_nid generation:  0.05838346481323242
local_in_edges_tensor generation:  0.4184601306915283
mini_batch_src_global generation:  0.5625486373901367
r_  generation:  4.478847503662109
local_output_nid generation:  0.08992433547973633
local_in_edges_tensor generation:  0.31961655616760254
mini_batch_src_global generation:  0.513695478439331
r_  generation:  4.474848031997681
local_output_nid generation:  0.05941486358642578
local_in_edges_tensor generation:  0.29553723335266113
mini_batch_src_global generation:  0.5313446521759033
r_  generation:  4.554924726486206
local_output_nid generation:  0.06020021438598633
local_in_edges_tensor generation:  0.3352048397064209
mini_batch_src_global generation:  0.5093352794647217
r_  generation:  4.474987745285034
local_output_nid generation:  0.0693049430847168
local_in_edges_tensor generation:  0.3626706600189209
mini_batch_src_global generation:  0.5224275588989258
r_  generation:  4.441883325576782
local_output_nid generation:  0.07188200950622559
local_in_edges_tensor generation:  0.299591064453125
mini_batch_src_global generation:  0.5118541717529297
r_  generation:  4.363336563110352
local_output_nid generation:  0.07579803466796875
local_in_edges_tensor generation:  0.2857546806335449
mini_batch_src_global generation:  0.5408205986022949
r_  generation:  4.433082818984985
local_output_nid generation:  0.057358503341674805
local_in_edges_tensor generation:  0.4084324836730957
mini_batch_src_global generation:  0.5167570114135742
r_  generation:  4.5303733348846436
local_output_nid generation:  0.08707213401794434
local_in_edges_tensor generation:  0.3050098419189453
mini_batch_src_global generation:  0.5066971778869629
r_  generation:  4.27292537689209
local_output_nid generation:  0.05904030799865723
local_in_edges_tensor generation:  0.28519606590270996
mini_batch_src_global generation:  0.5063478946685791
r_  generation:  4.470595598220825
local_output_nid generation:  0.0583951473236084
local_in_edges_tensor generation:  0.3161911964416504
mini_batch_src_global generation:  0.5078623294830322
r_  generation:  4.474865674972534
local_output_nid generation:  0.05767416954040527
local_in_edges_tensor generation:  0.3851127624511719
mini_batch_src_global generation:  0.536541223526001
r_  generation:  4.422313213348389
local_output_nid generation:  0.07891201972961426
local_in_edges_tensor generation:  0.3104581832885742
mini_batch_src_global generation:  0.5136208534240723
r_  generation:  4.433185815811157
local_output_nid generation:  0.058088064193725586
local_in_edges_tensor generation:  0.28308725357055664
mini_batch_src_global generation:  0.5364596843719482
r_  generation:  4.43592643737793
local_output_nid generation:  0.05991363525390625
local_in_edges_tensor generation:  0.3853592872619629
mini_batch_src_global generation:  0.5016448497772217
r_  generation:  4.478948354721069
local_output_nid generation:  0.08957338333129883
local_in_edges_tensor generation:  0.32334017753601074
mini_batch_src_global generation:  0.5153169631958008
r_  generation:  4.4259631633758545
local_output_nid generation:  0.0586395263671875
local_in_edges_tensor generation:  0.2846202850341797
mini_batch_src_global generation:  0.5083615779876709
r_  generation:  4.472579002380371
local_output_nid generation:  0.059206485748291016
local_in_edges_tensor generation:  0.31858396530151367
mini_batch_src_global generation:  0.5185487270355225
r_  generation:  4.593970775604248
local_output_nid generation:  0.052246809005737305
local_in_edges_tensor generation:  0.35210418701171875
mini_batch_src_global generation:  0.504403829574585
r_  generation:  4.006146430969238
----------------------check_connections_block total spend ----------------------------- 779.2339065074921
generate_one_block  7.289952993392944
generate_one_block  5.94330358505249
generate_one_block  6.384984016418457
generate_one_block  5.950119495391846
generate_one_block  6.014696359634399
generate_one_block  6.080576658248901
generate_one_block  6.378649950027466
generate_one_block  5.833238840103149
generate_one_block  6.011324167251587
generate_one_block  6.23942494392395
generate_one_block  5.994348764419556
generate_one_block  5.927631616592407
generate_one_block  6.384396314620972
generate_one_block  5.876615285873413
generate_one_block  5.96638035774231
generate_one_block  6.283620595932007
generate_one_block  5.9968836307525635
generate_one_block  5.959295988082886
generate_one_block  6.062619924545288
generate_one_block  6.269882440567017
generate_one_block  6.090927362442017
generate_one_block  6.036739826202393
generate_one_block  6.281732797622681
generate_one_block  6.038475751876831
generate_one_block  5.928696155548096
generate_one_block  6.375715255737305
generate_one_block  6.076021194458008
generate_one_block  5.929847002029419
generate_one_block  6.236770153045654
generate_one_block  5.951788425445557
generate_one_block  5.902573585510254
generate_one_block  6.314240455627441
generate_one_block  5.8857102394104
generate_one_block  6.113079786300659
generate_one_block  6.136008024215698
generate_one_block  6.027727127075195
generate_one_block  5.944363594055176
generate_one_block  5.836867809295654
generate_one_block  6.32337212562561
generate_one_block  6.071657657623291
generate_one_block  6.00950026512146
generate_one_block  6.303647994995117
generate_one_block  5.800446033477783
generate_one_block  6.025302410125732
generate_one_block  6.290348768234253
generate_one_block  5.870068550109863
generate_one_block  5.927725076675415
generate_one_block  6.358067512512207
generate_one_block  5.864861488342285
generate_one_block  5.969463109970093
generate_one_block  6.364085912704468
generate_one_block  5.800375461578369
generate_one_block  6.160255193710327
generate_one_block  6.296375036239624
generate_one_block  6.136141777038574
generate_one_block  6.118551254272461
generate_one_block  6.397268533706665
generate_one_block  5.952037811279297
generate_one_block  6.1767661571502686
generate_one_block  6.259105920791626
generate_one_block  6.0232322216033936
generate_one_block  6.103351831436157
generate_one_block  6.294657468795776
generate_one_block  6.341677904129028
generate_one_block  6.0779149532318115
generate_one_block  6.275664806365967
generate_one_block  6.225346326828003
generate_one_block  5.960540056228638
generate_one_block  5.9944539070129395
generate_one_block  6.241783142089844
generate_one_block  5.869736909866333
generate_one_block  6.000114679336548
generate_one_block  6.334199905395508
generate_one_block  5.91723108291626
generate_one_block  5.908016681671143
generate_one_block  6.098227262496948
generate_one_block  6.254633188247681
generate_one_block  5.997097969055176
generate_one_block  6.109220266342163
generate_one_block  6.211200714111328
generate_one_block  6.007216691970825
generate_one_block  6.0348429679870605
generate_one_block  6.374274969100952
generate_one_block  5.995440244674683
generate_one_block  6.013763427734375
generate_one_block  6.139513254165649
generate_one_block  6.274879217147827
generate_one_block  5.966245651245117
generate_one_block  5.927261829376221
generate_one_block  6.298259019851685
generate_one_block  5.871808767318726
generate_one_block  5.977068901062012
generate_one_block  5.836783409118652
generate_one_block  6.312360525131226
generate_one_block  6.01352071762085
generate_one_block  5.890116214752197
generate_one_block  6.311295747756958
generate_one_block  5.826347351074219
generate_one_block  5.826002836227417
generate_one_block  6.130426406860352
generate_one_block  6.200479507446289
generate_one_block  6.023208379745483
generate_one_block  5.85710883140564
generate_one_block  6.296998977661133
generate_one_block  7.011937379837036
generate_one_block  5.86409592628479
generate_one_block  6.10084867477417
generate_one_block  6.254512071609497
generate_one_block  6.011961936950684
generate_one_block  5.991465091705322
generate_one_block  6.118852138519287
generate_one_block  6.4062299728393555
generate_one_block  5.904144048690796
generate_one_block  6.05280065536499
generate_one_block  5.985471487045288
generate_one_block  6.3880157470703125
generate_one_block  5.910069465637207
generate_one_block  5.970540761947632
generate_one_block  5.977186918258667
generate_one_block  6.366316556930542
generate_one_block  5.925244331359863
generate_one_block  6.017948150634766
generate_one_block  5.968008041381836
generate_one_block  6.175041437149048
generate_one_block  6.017554521560669
generate_one_block  5.950385808944702
generate_one_block  6.194839954376221
generate_one_block  5.8048200607299805
The real block id is  0
get_global_graph_edges_ids_block function  spend 3.0268197059631348
gen group dst list time:  5.9164628982543945
time for parepare:  0.47113466262817383
local_output_nid generation:  0.4444608688354492
local_in_edges_tensor generation:  1.6004657745361328
mini_batch_src_global generation:  1.5589473247528076
r_  generation:  17.90593910217285
local_output_nid generation:  0.4618213176727295
local_in_edges_tensor generation:  1.5155906677246094
mini_batch_src_global generation:  2.0031566619873047
r_  generation:  18.51828360557556
local_output_nid generation:  0.4849870204925537
local_in_edges_tensor generation:  1.4206879138946533
mini_batch_src_global generation:  2.043872594833374
r_  generation:  18.72778034210205
local_output_nid generation:  0.4861323833465576
local_in_edges_tensor generation:  1.4254875183105469
mini_batch_src_global generation:  2.0833232402801514
r_  generation:  18.83396577835083
local_output_nid generation:  0.5079057216644287
local_in_edges_tensor generation:  1.4428167343139648
mini_batch_src_global generation:  2.082998037338257
r_  generation:  19.047404050827026
local_output_nid generation:  0.49439096450805664
local_in_edges_tensor generation:  1.4548518657684326
mini_batch_src_global generation:  2.1155591011047363
r_  generation:  19.190359592437744
local_output_nid generation:  0.4983253479003906
local_in_edges_tensor generation:  1.4595668315887451
mini_batch_src_global generation:  2.1141409873962402
r_  generation:  19.194904327392578
local_output_nid generation:  0.5012576580047607
local_in_edges_tensor generation:  1.4438040256500244
mini_batch_src_global generation:  2.0933544635772705
r_  generation:  18.96310806274414
local_output_nid generation:  0.5054075717926025
local_in_edges_tensor generation:  1.471323013305664
mini_batch_src_global generation:  2.114323139190674
r_  generation:  19.357125520706177
local_output_nid generation:  0.5053963661193848
local_in_edges_tensor generation:  1.4539637565612793
mini_batch_src_global generation:  2.1038384437561035
r_  generation:  19.1413631439209
local_output_nid generation:  0.5003557205200195
local_in_edges_tensor generation:  1.4656786918640137
mini_batch_src_global generation:  2.0974934101104736
r_  generation:  19.03029727935791
local_output_nid generation:  0.5077745914459229
local_in_edges_tensor generation:  1.4546401500701904
mini_batch_src_global generation:  2.105102062225342
r_  generation:  19.01793622970581
local_output_nid generation:  0.5050668716430664
local_in_edges_tensor generation:  1.4636671543121338
mini_batch_src_global generation:  2.118056535720825
r_  generation:  19.1762375831604
local_output_nid generation:  0.5078141689300537
local_in_edges_tensor generation:  1.470700979232788
mini_batch_src_global generation:  2.1245150566101074
r_  generation:  19.14542865753174
local_output_nid generation:  0.5053064823150635
local_in_edges_tensor generation:  1.462754726409912
mini_batch_src_global generation:  2.113184928894043
r_  generation:  19.073873281478882
local_output_nid generation:  0.5116136074066162
local_in_edges_tensor generation:  1.4734814167022705
mini_batch_src_global generation:  2.1527607440948486
r_  generation:  19.31117606163025
local_output_nid generation:  0.5071640014648438
local_in_edges_tensor generation:  1.4594354629516602
mini_batch_src_global generation:  2.2353060245513916
r_  generation:  19.548925638198853
local_output_nid generation:  0.50895094871521
local_in_edges_tensor generation:  1.4591953754425049
mini_batch_src_global generation:  2.3845503330230713
r_  generation:  19.91984987258911
local_output_nid generation:  0.5069973468780518
local_in_edges_tensor generation:  1.489736795425415
mini_batch_src_global generation:  2.448664665222168
r_  generation:  20.34333300590515
local_output_nid generation:  0.5123965740203857
local_in_edges_tensor generation:  1.506805181503296
mini_batch_src_global generation:  2.622826337814331
r_  generation:  19.90866184234619
local_output_nid generation:  0.5043346881866455
local_in_edges_tensor generation:  1.5751535892486572
mini_batch_src_global generation:  2.4569931030273438
r_  generation:  19.921184301376343
local_output_nid generation:  0.5088057518005371
local_in_edges_tensor generation:  1.6407580375671387
mini_batch_src_global generation:  2.482008218765259
r_  generation:  20.077563047409058
local_output_nid generation:  0.47783827781677246
local_in_edges_tensor generation:  1.613469123840332
mini_batch_src_global generation:  2.441089630126953
r_  generation:  19.796436309814453
local_output_nid generation:  0.5127322673797607
local_in_edges_tensor generation:  1.6589467525482178
mini_batch_src_global generation:  2.506535291671753
r_  generation:  20.339709520339966
local_output_nid generation:  0.51045823097229
local_in_edges_tensor generation:  1.665959358215332
mini_batch_src_global generation:  2.4433395862579346
r_  generation:  20.133729457855225
local_output_nid generation:  0.5137622356414795
local_in_edges_tensor generation:  1.6791515350341797
mini_batch_src_global generation:  2.420696973800659
r_  generation:  22.076792240142822
local_output_nid generation:  0.5095691680908203
local_in_edges_tensor generation:  1.724757194519043
mini_batch_src_global generation:  2.8708550930023193
r_  generation:  19.621753215789795
local_output_nid generation:  0.5293741226196289
local_in_edges_tensor generation:  1.7114202976226807
mini_batch_src_global generation:  2.929058074951172
r_  generation:  20.92167901992798
local_output_nid generation:  0.5044844150543213
local_in_edges_tensor generation:  1.7105910778045654
mini_batch_src_global generation:  2.73923659324646
r_  generation:  21.94347834587097
local_output_nid generation:  0.5075633525848389
local_in_edges_tensor generation:  1.7255513668060303
mini_batch_src_global generation:  2.826565980911255
r_  generation:  22.70496964454651
local_output_nid generation:  0.48552751541137695
local_in_edges_tensor generation:  1.7687273025512695
mini_batch_src_global generation:  2.5797536373138428
r_  generation:  22.071858882904053
local_output_nid generation:  0.6235787868499756
local_in_edges_tensor generation:  1.7774603366851807
mini_batch_src_global generation:  2.7715790271759033
r_  generation:  24.20266103744507
local_output_nid generation:  0.5240230560302734
local_in_edges_tensor generation:  1.772047996520996
mini_batch_src_global generation:  2.7472100257873535
r_  generation:  20.75893783569336
local_output_nid generation:  0.5562272071838379
local_in_edges_tensor generation:  1.890594482421875
mini_batch_src_global generation:  2.72165584564209
r_  generation:  22.297438621520996
local_output_nid generation:  0.502936840057373
local_in_edges_tensor generation:  1.8486361503601074
mini_batch_src_global generation:  2.721083641052246
r_  generation:  23.284974336624146
local_output_nid generation:  0.5395147800445557
local_in_edges_tensor generation:  1.8319296836853027
mini_batch_src_global generation:  2.7003328800201416
r_  generation:  21.57284188270569
local_output_nid generation:  0.5164361000061035
local_in_edges_tensor generation:  1.7615118026733398
mini_batch_src_global generation:  3.4028263092041016
r_  generation:  21.910069465637207
local_output_nid generation:  0.5107691287994385
local_in_edges_tensor generation:  1.8312675952911377
mini_batch_src_global generation:  2.5178260803222656
r_  generation:  21.516606092453003
local_output_nid generation:  0.5238685607910156
local_in_edges_tensor generation:  1.8189833164215088
mini_batch_src_global generation:  3.366227149963379
r_  generation:  20.58346462249756
local_output_nid generation:  0.5413713455200195
local_in_edges_tensor generation:  1.635606050491333
mini_batch_src_global generation:  2.267106294631958
r_  generation:  19.854841947555542
local_output_nid generation:  0.5086414813995361
local_in_edges_tensor generation:  1.5269591808319092
mini_batch_src_global generation:  2.152765989303589
r_  generation:  19.725972890853882
local_output_nid generation:  0.5175967216491699
local_in_edges_tensor generation:  1.5375330448150635
mini_batch_src_global generation:  2.155864953994751
r_  generation:  19.77669048309326
local_output_nid generation:  0.532416820526123
local_in_edges_tensor generation:  1.4845311641693115
mini_batch_src_global generation:  2.1372342109680176
r_  generation:  19.448651552200317
local_output_nid generation:  0.5150547027587891
local_in_edges_tensor generation:  1.527383804321289
mini_batch_src_global generation:  2.238995313644409
r_  generation:  20.038531064987183
local_output_nid generation:  0.5155825614929199
local_in_edges_tensor generation:  1.5075204372406006
mini_batch_src_global generation:  2.324920892715454
r_  generation:  20.261610746383667
local_output_nid generation:  0.5084030628204346
local_in_edges_tensor generation:  1.511960744857788
mini_batch_src_global generation:  2.384714126586914
r_  generation:  20.035067319869995
local_output_nid generation:  0.4858827590942383
local_in_edges_tensor generation:  1.6119389533996582
mini_batch_src_global generation:  2.330036163330078
r_  generation:  20.182263135910034
local_output_nid generation:  0.5292692184448242
local_in_edges_tensor generation:  1.5782897472381592
mini_batch_src_global generation:  2.442183256149292
r_  generation:  20.069196462631226
local_output_nid generation:  0.5058495998382568
local_in_edges_tensor generation:  1.5711445808410645
mini_batch_src_global generation:  2.36273455619812
r_  generation:  19.877869367599487
local_output_nid generation:  0.5054454803466797
local_in_edges_tensor generation:  1.64426589012146
mini_batch_src_global generation:  2.4096508026123047
r_  generation:  21.1138014793396
local_output_nid generation:  0.5121726989746094
local_in_edges_tensor generation:  1.6173884868621826
mini_batch_src_global generation:  2.8680412769317627
r_  generation:  19.735181093215942
local_output_nid generation:  0.5598049163818359
local_in_edges_tensor generation:  1.6849641799926758
mini_batch_src_global generation:  2.997877359390259
r_  generation:  20.06477189064026
local_output_nid generation:  0.5177152156829834
local_in_edges_tensor generation:  1.661010980606079
mini_batch_src_global generation:  2.7497823238372803
r_  generation:  20.17056441307068
local_output_nid generation:  0.5084149837493896
local_in_edges_tensor generation:  1.7086129188537598
mini_batch_src_global generation:  2.683192491531372
r_  generation:  20.350194215774536
local_output_nid generation:  0.5093505382537842
local_in_edges_tensor generation:  1.794010877609253
mini_batch_src_global generation:  2.69905424118042
r_  generation:  22.574734687805176
local_output_nid generation:  0.5062775611877441
local_in_edges_tensor generation:  1.738170862197876
mini_batch_src_global generation:  2.6221401691436768
r_  generation:  22.732921600341797
local_output_nid generation:  0.5211780071258545
local_in_edges_tensor generation:  1.7933158874511719
mini_batch_src_global generation:  2.992079973220825
r_  generation:  23.20497751235962
local_output_nid generation:  0.5273730754852295
local_in_edges_tensor generation:  1.811025857925415
mini_batch_src_global generation:  2.8994808197021484
r_  generation:  22.900449991226196
local_output_nid generation:  0.5141034126281738
local_in_edges_tensor generation:  1.9376845359802246
mini_batch_src_global generation:  2.731252908706665
r_  generation:  23.863536834716797
local_output_nid generation:  0.5257792472839355
local_in_edges_tensor generation:  1.8214125633239746
mini_batch_src_global generation:  2.7673966884613037
r_  generation:  22.55994486808777
local_output_nid generation:  0.5142033100128174
local_in_edges_tensor generation:  1.9023551940917969
mini_batch_src_global generation:  2.748685359954834
r_  generation:  22.4407217502594
local_output_nid generation:  0.5363786220550537
local_in_edges_tensor generation:  1.810640573501587
mini_batch_src_global generation:  2.7785868644714355
r_  generation:  22.26751732826233
local_output_nid generation:  0.5195109844207764
local_in_edges_tensor generation:  1.8133282661437988
mini_batch_src_global generation:  2.737590789794922
r_  generation:  23.0178542137146