main start at this time 1647801242.3098404
#nodes: 2449029
#edges: 123718024
#classes: 47
success----------------------------------------
196571
39255
2164782
# Nodes: 2400608
# Edges: 123718024
# Train: 196571
# Val: 39255
# Test: 2164782
# Classes: 47

in feats:  100
----------------------------------------before generate_dataloader_block 
 Nvidia-smi: 3.0311279296875 GB
    Memory Allocated: 0.00010251998901367188  GigaBytes
Max Memory Allocated: 0.00010251998901367188  GigaBytes

The real block id is  2
get_global_graph_edges_ids_block function  spend 0.6337795257568359
random selection method range initialization spend 0.016572952270507812
time for parepare:  0.3726201057434082
local_output_nid generation:  0.003591775894165039
local_in_edges_tensor generation:  0.033728837966918945
mini_batch_src_global generation:  0.01397848129272461
r_  generation:  0.1616816520690918
local_output_nid generation:  0.0037064552307128906
local_in_edges_tensor generation:  0.007477998733520508
mini_batch_src_global generation:  0.016974687576293945
r_  generation:  0.17965388298034668
local_output_nid generation:  0.0036461353302001953
local_in_edges_tensor generation:  0.006214618682861328
mini_batch_src_global generation:  0.011185407638549805
r_  generation:  0.19070696830749512
local_output_nid generation:  0.0036535263061523438
local_in_edges_tensor generation:  0.0051097869873046875
mini_batch_src_global generation:  0.011406183242797852
r_  generation:  0.20180940628051758
local_output_nid generation:  0.00360870361328125
local_in_edges_tensor generation:  0.005082130432128906
mini_batch_src_global generation:  0.012558698654174805
r_  generation:  0.20801210403442383
local_output_nid generation:  0.0036542415618896484
local_in_edges_tensor generation:  0.006156444549560547
mini_batch_src_global generation:  0.01911139488220215
r_  generation:  0.21211504936218262
local_output_nid generation:  0.0036058425903320312
local_in_edges_tensor generation:  0.004960298538208008
mini_batch_src_global generation:  0.01420903205871582
r_  generation:  0.22238469123840332
local_output_nid generation:  0.0036547183990478516
local_in_edges_tensor generation:  0.004929065704345703
mini_batch_src_global generation:  0.014467000961303711
r_  generation:  0.23100876808166504
local_output_nid generation:  0.003614664077758789
local_in_edges_tensor generation:  0.00491023063659668
mini_batch_src_global generation:  0.014948844909667969
r_  generation:  0.22400522232055664
local_output_nid generation:  0.0036649703979492188
local_in_edges_tensor generation:  0.005094766616821289
mini_batch_src_global generation:  0.016136884689331055
r_  generation:  0.2314434051513672
local_output_nid generation:  0.0036211013793945312
local_in_edges_tensor generation:  0.005006551742553711
mini_batch_src_global generation:  0.02276325225830078
r_  generation:  0.23965740203857422
local_output_nid generation:  0.0036025047302246094
local_in_edges_tensor generation:  0.004956722259521484
mini_batch_src_global generation:  0.017334699630737305
r_  generation:  0.23720622062683105
local_output_nid generation:  0.0036203861236572266
local_in_edges_tensor generation:  0.004996776580810547
mini_batch_src_global generation:  0.01778888702392578
r_  generation:  0.2376234531402588
local_output_nid generation:  0.003623485565185547
local_in_edges_tensor generation:  0.004975795745849609
mini_batch_src_global generation:  0.018211841583251953
r_  generation:  0.24066162109375
local_output_nid generation:  0.0036292076110839844
local_in_edges_tensor generation:  0.0049479007720947266
mini_batch_src_global generation:  0.018742799758911133
r_  generation:  0.24054837226867676
local_output_nid generation:  0.0035965442657470703
local_in_edges_tensor generation:  0.0049991607666015625
mini_batch_src_global generation:  0.019053220748901367
r_  generation:  0.24218130111694336
local_output_nid generation:  0.0036211013793945312
local_in_edges_tensor generation:  0.004929304122924805
mini_batch_src_global generation:  0.019092559814453125
r_  generation:  0.24554848670959473
local_output_nid generation:  0.0036470890045166016
local_in_edges_tensor generation:  0.0049512386322021484
mini_batch_src_global generation:  0.01958918571472168
r_  generation:  0.24434876441955566
local_output_nid generation:  0.0036149024963378906
local_in_edges_tensor generation:  0.005115509033203125
mini_batch_src_global generation:  0.018944740295410156
r_  generation:  0.2468395233154297
local_output_nid generation:  0.0036525726318359375
local_in_edges_tensor generation:  0.004988193511962891
mini_batch_src_global generation:  0.01988697052001953
r_  generation:  0.24069786071777344
local_output_nid generation:  0.0037183761596679688
local_in_edges_tensor generation:  0.004938364028930664
mini_batch_src_global generation:  0.019272327423095703
r_  generation:  0.25008654594421387
local_output_nid generation:  0.003665447235107422
local_in_edges_tensor generation:  0.005089998245239258
mini_batch_src_global generation:  0.01964402198791504
r_  generation:  0.24208903312683105
local_output_nid generation:  0.0036177635192871094
local_in_edges_tensor generation:  0.005034685134887695
mini_batch_src_global generation:  0.019822359085083008
r_  generation:  0.24783062934875488
local_output_nid generation:  0.0036475658416748047
local_in_edges_tensor generation:  0.0048062801361083984
mini_batch_src_global generation:  0.0198972225189209
r_  generation:  0.24689388275146484
local_output_nid generation:  0.0036063194274902344
local_in_edges_tensor generation:  0.004948139190673828
mini_batch_src_global generation:  0.019615888595581055
r_  generation:  0.24837636947631836
local_output_nid generation:  0.0036640167236328125
local_in_edges_tensor generation:  0.00501704216003418
mini_batch_src_global generation:  0.01975536346435547
r_  generation:  0.24394488334655762
local_output_nid generation:  0.003612518310546875
local_in_edges_tensor generation:  0.00476384162902832
mini_batch_src_global generation:  0.020519256591796875
r_  generation:  0.24765467643737793
local_output_nid generation:  0.003651857376098633
local_in_edges_tensor generation:  0.005041360855102539
mini_batch_src_global generation:  0.019926786422729492
r_  generation:  0.2514951229095459
local_output_nid generation:  0.0036039352416992188
local_in_edges_tensor generation:  0.0049130916595458984
mini_batch_src_global generation:  0.020592927932739258
r_  generation:  0.24687623977661133
local_output_nid generation:  0.003645658493041992
local_in_edges_tensor generation:  0.005977153778076172
mini_batch_src_global generation:  0.01985025405883789
r_  generation:  0.24803447723388672
local_output_nid generation:  0.004777193069458008
local_in_edges_tensor generation:  0.019410133361816406
mini_batch_src_global generation:  0.021258115768432617
r_  generation:  0.24576854705810547
local_output_nid generation:  0.0036363601684570312
local_in_edges_tensor generation:  0.08894538879394531
mini_batch_src_global generation:  0.019628524780273438
r_  generation:  0.23968815803527832
----------------------check_connections_block total spend ----------------------------- 10.272587299346924
generate_one_block  5.556917905807495
generate_one_block  0.24666333198547363
generate_one_block  0.2509794235229492
generate_one_block  0.25274658203125
generate_one_block  0.2549593448638916
generate_one_block  0.2513458728790283
generate_one_block  0.25467896461486816
generate_one_block  0.24877142906188965
generate_one_block  0.250352144241333
generate_one_block  0.25421643257141113
generate_one_block  0.2517566680908203
generate_one_block  0.26128101348876953
generate_one_block  0.24998140335083008
generate_one_block  0.25128173828125
generate_one_block  0.2507011890411377
generate_one_block  0.25391125679016113
generate_one_block  0.2502453327178955
generate_one_block  0.2517414093017578
generate_one_block  0.25872254371643066
generate_one_block  0.2517261505126953
generate_one_block  0.2526130676269531
generate_one_block  0.2567331790924072
generate_one_block  0.2561957836151123
generate_one_block  0.2479541301727295
generate_one_block  0.2532527446746826
generate_one_block  0.26388978958129883
generate_one_block  0.2542123794555664
generate_one_block  0.2546241283416748
generate_one_block  0.2525160312652588
generate_one_block  0.2543973922729492
generate_one_block  0.2534787654876709
generate_one_block  0.2561986446380615
The real block id is  1
get_global_graph_edges_ids_block function  spend 2.5613913536071777
gen group dst list time:  0.3092381954193115
time for parepare:  0.45597028732299805
local_output_nid generation:  0.10298466682434082
local_in_edges_tensor generation:  0.34834957122802734
mini_batch_src_global generation:  0.3165922164916992
r_  generation:  3.9621639251708984
local_output_nid generation:  0.10261845588684082
local_in_edges_tensor generation:  0.2726738452911377
mini_batch_src_global generation:  0.40874552726745605
r_  generation:  4.185429811477661
local_output_nid generation:  0.10319972038269043
local_in_edges_tensor generation:  0.6523044109344482
mini_batch_src_global generation:  0.3937962055206299
r_  generation:  4.2472429275512695
local_output_nid generation:  0.1021125316619873
local_in_edges_tensor generation:  0.2872176170349121
mini_batch_src_global generation:  0.41579771041870117
r_  generation:  4.385599136352539
local_output_nid generation:  0.10241341590881348
local_in_edges_tensor generation:  0.27286601066589355
mini_batch_src_global generation:  0.4306986331939697
r_  generation:  4.411917686462402
local_output_nid generation:  0.10309290885925293
local_in_edges_tensor generation:  0.3304617404937744
mini_batch_src_global generation:  0.45403313636779785
r_  generation:  4.442364454269409
local_output_nid generation:  0.11091279983520508
local_in_edges_tensor generation:  0.2751786708831787
mini_batch_src_global generation:  0.4448056221008301
r_  generation:  4.391008138656616
local_output_nid generation:  0.11326074600219727
local_in_edges_tensor generation:  0.2716257572174072
mini_batch_src_global generation:  0.4345827102661133
r_  generation:  4.422250032424927
local_output_nid generation:  0.10550427436828613
local_in_edges_tensor generation:  0.2728707790374756
mini_batch_src_global generation:  0.4410359859466553
r_  generation:  4.511186361312866
local_output_nid generation:  0.10523009300231934
local_in_edges_tensor generation:  0.2775557041168213
mini_batch_src_global generation:  0.4399423599243164
r_  generation:  4.514880657196045
local_output_nid generation:  0.1051185131072998
local_in_edges_tensor generation:  0.5112030506134033
mini_batch_src_global generation:  0.44286680221557617
r_  generation:  4.512879371643066
local_output_nid generation:  0.13519501686096191
local_in_edges_tensor generation:  0.30387449264526367
mini_batch_src_global generation:  0.4434669017791748
r_  generation:  4.511914014816284
local_output_nid generation:  0.10570430755615234
local_in_edges_tensor generation:  0.277313232421875
mini_batch_src_global generation:  0.44907569885253906
r_  generation:  4.542269229888916
local_output_nid generation:  0.10550212860107422
local_in_edges_tensor generation:  0.2740333080291748
mini_batch_src_global generation:  0.4442617893218994
r_  generation:  4.566082000732422
local_output_nid generation:  0.10533928871154785
local_in_edges_tensor generation:  0.330416202545166
mini_batch_src_global generation:  0.45292210578918457
r_  generation:  4.558203935623169
local_output_nid generation:  0.13566327095031738
local_in_edges_tensor generation:  0.32517075538635254
mini_batch_src_global generation:  0.45082712173461914
r_  generation:  4.495908260345459
local_output_nid generation:  0.10807061195373535
local_in_edges_tensor generation:  0.27594876289367676
mini_batch_src_global generation:  0.45076560974121094
r_  generation:  4.540004730224609
local_output_nid generation:  0.10537576675415039
local_in_edges_tensor generation:  0.27294182777404785
mini_batch_src_global generation:  0.46469855308532715
r_  generation:  4.576844215393066
local_output_nid generation:  0.10613632202148438
local_in_edges_tensor generation:  0.3344893455505371
mini_batch_src_global generation:  0.47303080558776855
r_  generation:  4.584451913833618
local_output_nid generation:  0.13645720481872559
local_in_edges_tensor generation:  0.3285481929779053
mini_batch_src_global generation:  0.45203542709350586
r_  generation:  4.511429309844971
local_output_nid generation:  0.10865473747253418
local_in_edges_tensor generation:  0.2764418125152588
mini_batch_src_global generation:  0.4559965133666992
r_  generation:  4.550045967102051
local_output_nid generation:  0.10670852661132812
local_in_edges_tensor generation:  0.2773573398590088
mini_batch_src_global generation:  0.46288418769836426
r_  generation:  4.616888046264648
local_output_nid generation:  0.10646700859069824
local_in_edges_tensor generation:  0.32932472229003906
mini_batch_src_global generation:  0.46904826164245605
r_  generation:  4.619241714477539
local_output_nid generation:  0.11408448219299316
local_in_edges_tensor generation:  0.32837748527526855
mini_batch_src_global generation:  0.4657554626464844
r_  generation:  4.485037803649902
local_output_nid generation:  0.11583185195922852
local_in_edges_tensor generation:  0.27841806411743164
mini_batch_src_global generation:  0.45116734504699707
r_  generation:  4.469639301300049
local_output_nid generation:  0.1065983772277832
local_in_edges_tensor generation:  0.27234435081481934
mini_batch_src_global generation:  0.5018484592437744
r_  generation:  4.588306427001953
local_output_nid generation:  0.10566329956054688
local_in_edges_tensor generation:  0.3133053779602051
mini_batch_src_global generation:  0.4514961242675781
r_  generation:  4.611433744430542
local_output_nid generation:  0.10565018653869629
local_in_edges_tensor generation:  0.33931398391723633
mini_batch_src_global generation:  0.4584157466888428
r_  generation:  4.53791069984436
local_output_nid generation:  0.13621139526367188
local_in_edges_tensor generation:  0.27730417251586914
mini_batch_src_global generation:  0.4522056579589844
r_  generation:  4.515923738479614
local_output_nid generation:  0.10715174674987793
local_in_edges_tensor generation:  0.27193307876586914
mini_batch_src_global generation:  0.47435808181762695
r_  generation:  4.5882298946380615
local_output_nid generation:  0.10619783401489258
local_in_edges_tensor generation:  0.26790809631347656
mini_batch_src_global generation:  0.47943854331970215
r_  generation:  4.588962078094482
local_output_nid generation:  0.10488700866699219
local_in_edges_tensor generation:  0.37158918380737305
mini_batch_src_global generation:  0.4527559280395508
r_  generation:  4.580740690231323
----------------------check_connections_block total spend ----------------------------- 196.7125883102417
generate_one_block  6.0782880783081055
generate_one_block  5.661225080490112
generate_one_block  5.60000205039978
generate_one_block  6.447502613067627
generate_one_block  5.618587017059326
generate_one_block  5.664593458175659
generate_one_block  5.6386213302612305
generate_one_block  5.884212493896484
generate_one_block  5.758867979049683
generate_one_block  5.660617351531982
generate_one_block  5.670446157455444
generate_one_block  5.608139991760254
generate_one_block  6.1797075271606445
generate_one_block  5.6409523487091064
generate_one_block  5.635127067565918
generate_one_block  5.644085168838501
generate_one_block  6.116938591003418
generate_one_block  5.631929874420166
generate_one_block  5.695361852645874
generate_one_block  5.635263442993164
generate_one_block  6.0998780727386475
generate_one_block  5.670245170593262
generate_one_block  5.739884376525879
generate_one_block  5.714951992034912
generate_one_block  5.918763875961304
generate_one_block  5.733737945556641
generate_one_block  5.641406536102295
generate_one_block  5.6677634716033936
generate_one_block  6.09396767616272
generate_one_block  5.604018211364746
generate_one_block  5.670012712478638
generate_one_block  5.620630502700806
The real block id is  0
get_global_graph_edges_ids_block function  spend 2.0923168659210205
gen group dst list time:  1.685276746749878
time for parepare:  0.4684164524078369
local_output_nid generation:  0.5082182884216309
local_in_edges_tensor generation:  1.2329986095428467
mini_batch_src_global generation:  0.9868836402893066
r_  generation:  13.148743867874146
local_output_nid generation:  0.5511927604675293
local_in_edges_tensor generation:  1.1388983726501465
mini_batch_src_global generation:  1.2482590675354004
r_  generation:  13.195617437362671
local_output_nid generation:  0.5427296161651611
local_in_edges_tensor generation:  1.2578089237213135
mini_batch_src_global generation:  1.2433018684387207
r_  generation:  13.205697774887085
local_output_nid generation:  0.5023221969604492
local_in_edges_tensor generation:  1.0885117053985596
mini_batch_src_global generation:  1.2912185192108154
r_  generation:  13.150855302810669
local_output_nid generation:  0.5497703552246094
local_in_edges_tensor generation:  0.9857356548309326
mini_batch_src_global generation:  1.2738797664642334
r_  generation:  13.393208265304565
local_output_nid generation:  0.5203735828399658
local_in_edges_tensor generation:  1.1031537055969238
mini_batch_src_global generation:  1.3449597358703613
r_  generation:  13.356100797653198
local_output_nid generation:  0.5099918842315674
local_in_edges_tensor generation:  1.037764549255371
mini_batch_src_global generation:  1.3279902935028076
r_  generation:  13.29328465461731
local_output_nid generation:  0.5413210391998291
local_in_edges_tensor generation:  1.0194849967956543
mini_batch_src_global generation:  1.2678992748260498
r_  generation:  13.435081481933594
local_output_nid generation:  0.5221998691558838
local_in_edges_tensor generation:  1.108658790588379
mini_batch_src_global generation:  1.2887492179870605
r_  generation:  13.257456541061401
local_output_nid generation:  0.522923469543457
local_in_edges_tensor generation:  1.0243096351623535
mini_batch_src_global generation:  1.3423354625701904
r_  generation:  13.282144784927368
local_output_nid generation:  0.5538620948791504
local_in_edges_tensor generation:  1.040135145187378
mini_batch_src_global generation:  1.2829103469848633
r_  generation:  13.413947582244873
local_output_nid generation:  0.5088415145874023
local_in_edges_tensor generation:  1.1025519371032715
mini_batch_src_global generation:  1.3649272918701172
r_  generation:  13.232585191726685
local_output_nid generation:  0.5408608913421631
local_in_edges_tensor generation:  0.9684219360351562
mini_batch_src_global generation:  1.4056830406188965
r_  generation:  13.381244421005249
local_output_nid generation:  0.5501835346221924
local_in_edges_tensor generation:  1.097505807876587
mini_batch_src_global generation:  1.285127878189087
r_  generation:  13.41841435432434
local_output_nid generation:  0.517195463180542
local_in_edges_tensor generation:  1.1045846939086914
mini_batch_src_global generation:  1.3404910564422607
r_  generation:  13.319217443466187
local_output_nid generation:  0.5388195514678955
local_in_edges_tensor generation:  0.9921960830688477
mini_batch_src_global generation:  1.3715600967407227
r_  generation:  13.257603406906128
local_output_nid generation:  0.5498387813568115
local_in_edges_tensor generation:  1.071976900100708
mini_batch_src_global generation:  1.2758076190948486
r_  generation:  13.394241571426392
local_output_nid generation:  0.5015301704406738
local_in_edges_tensor generation:  1.0965855121612549
mini_batch_src_global generation:  1.3707473278045654
r_  generation:  13.270198345184326
local_output_nid generation:  0.558260440826416
local_in_edges_tensor generation:  0.9720346927642822
mini_batch_src_global generation:  1.4067299365997314
r_  generation:  13.51266074180603
local_output_nid generation:  0.5479588508605957
local_in_edges_tensor generation:  1.1166431903839111
mini_batch_src_global generation:  1.2968201637268066
r_  generation:  13.50258207321167
local_output_nid generation:  0.5140426158905029
local_in_edges_tensor generation:  1.1043896675109863
mini_batch_src_global generation:  1.3439955711364746
r_  generation:  13.339556217193604
local_output_nid generation:  0.5373570919036865
local_in_edges_tensor generation:  1.0189571380615234
mini_batch_src_global generation:  1.3604979515075684
r_  generation:  13.294669389724731
local_output_nid generation:  0.5543529987335205
local_in_edges_tensor generation:  1.0871741771697998
mini_batch_src_global generation:  1.3006556034088135
r_  generation:  13.567871809005737
local_output_nid generation:  0.49966883659362793
local_in_edges_tensor generation:  1.109656810760498
mini_batch_src_global generation:  1.4165408611297607
r_  generation:  13.198835849761963
local_output_nid generation:  0.53778076171875
local_in_edges_tensor generation:  0.9771192073822021
mini_batch_src_global generation:  1.495218276977539
r_  generation:  13.55004072189331
local_output_nid generation:  0.5579996109008789
local_in_edges_tensor generation:  1.0952575206756592
mini_batch_src_global generation:  1.3027737140655518
r_  generation:  13.61310338973999
local_output_nid generation:  0.5240905284881592
local_in_edges_tensor generation:  1.1334030628204346
mini_batch_src_global generation:  1.360306739807129
r_  generation:  13.475349187850952
local_output_nid generation:  0.5271973609924316
local_in_edges_tensor generation:  1.0682766437530518
mini_batch_src_global generation:  1.3992984294891357
r_  generation:  13.402034521102905
local_output_nid generation:  0.5654351711273193
local_in_edges_tensor generation:  1.0805284976959229
mini_batch_src_global generation:  1.3256287574768066
r_  generation:  13.698631286621094
local_output_nid generation:  0.515164852142334
local_in_edges_tensor generation:  1.1242752075195312
mini_batch_src_global generation:  1.3916473388671875
r_  generation:  13.256682634353638
local_output_nid generation:  0.5368270874023438
local_in_edges_tensor generation:  0.9929723739624023
mini_batch_src_global generation:  1.513829231262207
r_  generation:  13.584446430206299
local_output_nid generation:  0.5531013011932373
local_in_edges_tensor generation:  1.1150596141815186
mini_batch_src_global generation:  1.3143479824066162
r_  generation:  13.841185569763184
----------------------check_connections_block total spend ----------------------------- 599.8045434951782
generate_one_block  18.448253393173218
generate_one_block  18.113059520721436
generate_one_block  18.37203884124756
generate_one_block  18.545281648635864
generate_one_block  18.229042291641235
generate_one_block  20.936408281326294
generate_one_block  18.269530057907104
generate_one_block  18.298177003860474
generate_one_block  18.131601572036743
generate_one_block  18.917108058929443
generate_one_block  19.032976388931274
generate_one_block  18.350868940353394
generate_one_block  18.303592920303345
generate_one_block  17.777672290802002
generate_one_block  18.382235288619995
generate_one_block  18.277601718902588
generate_one_block  18.35203504562378
generate_one_block  18.315349578857422
generate_one_block  18.798279523849487
generate_one_block  18.390806198120117
generate_one_block  19.285288333892822
generate_one_block  18.680989742279053
generate_one_block  18.491389751434326
generate_one_block  18.32916021347046
generate_one_block  18.352301597595215
generate_one_block  19.036235809326172
generate_one_block  18.46065592765808
generate_one_block  18.563342094421387
generate_one_block  18.294597387313843
generate_one_block  18.67855930328369
generate_one_block  18.54340696334839
generate_one_block  21.15366506576538
-----------------------------------------after block dataloader generation 
 Nvidia-smi: 3.0311279296875 GB
    Memory Allocated: 0.00010251998901367188  GigaBytes
Max Memory Allocated: 0.00010251998901367188  GigaBytes

connection checking time:  796.5171318054199
block generation total time  780.7572407722473
average batch blocks generation time:  24.39866377413273
----------------------------------------before batch_pred = model(blocks, batch_inputs) 
 Nvidia-smi: 4.2186279296875 GB
    Memory Allocated: 1.106821060180664  GigaBytes
Max Memory Allocated: 1.106821060180664  GigaBytes

-----------------------------------------batch_pred = model(blocks, batch_inputs) 
 Nvidia-smi: 7.4881591796875 GB
    Memory Allocated: 2.477132797241211  GigaBytes
Max Memory Allocated: 2.9167585372924805  GigaBytes

----------------------------------------before batch_pred = model(blocks, batch_inputs) 
 Nvidia-smi: 9.3729248046875 GB
    Memory Allocated: 1.10270357131958  GigaBytes
Max Memory Allocated: 3.205977439880371  GigaBytes

-----------------------------------------batch_pred = model(blocks, batch_inputs) 
 Nvidia-smi: 9.3729248046875 GB
    Memory Allocated: 2.4669189453125  GigaBytes
Max Memory Allocated: 3.205977439880371  GigaBytes

----------------------------------------before batch_pred = model(blocks, batch_inputs) 
 Nvidia-smi: 9.3729248046875 GB
    Memory Allocated: 1.104299545288086  GigaBytes
Max Memory Allocated: 3.205977439880371  GigaBytes

-----------------------------------------batch_pred = model(blocks, batch_inputs) 
 Nvidia-smi: 9.3729248046875 GB
    Memory Allocated: 2.469590187072754  GigaBytes
Max Memory Allocated: 3.205977439880371  GigaBytes

----------------------------------------before batch_pred = model(blocks, batch_inputs) 
 Nvidia-smi: 9.3729248046875 GB
    Memory Allocated: 1.106360912322998  GigaBytes
Max Memory Allocated: 3.205977439880371  GigaBytes

-----------------------------------------batch_pred = model(blocks, batch_inputs) 
 Nvidia-smi: 9.3729248046875 GB
    Memory Allocated: 2.4760923385620117  GigaBytes
Max Memory Allocated: 3.205977439880371  GigaBytes

----------------------------------------before batch_pred = model(blocks, batch_inputs) 
 Nvidia-smi: 9.3729248046875 GB
    Memory Allocated: 1.1029815673828125  GigaBytes
Max Memory Allocated: 3.205977439880371  GigaBytes

-----------------------------------------batch_pred = model(blocks, batch_inputs) 
 Nvidia-smi: 9.3729248046875 GB
    Memory Allocated: 2.465306282043457  GigaBytes
Max Memory Allocated: 3.205977439880371  GigaBytes

----------------------------------------before batch_pred = model(blocks, batch_inputs) 
 Nvidia-smi: 9.3729248046875 GB
    Memory Allocated: 1.1035070419311523  GigaBytes
Max Memory Allocated: 3.205977439880371  GigaBytes

-----------------------------------------batch_pred = model(blocks, batch_inputs) 
 Nvidia-smi: 9.3729248046875 GB
    Memory Allocated: 2.4708237648010254  GigaBytes
Max Memory Allocated: 3.205977439880371  GigaBytes

----------------------------------------before batch_pred = model(blocks, batch_inputs) 
 Nvidia-smi: 9.3729248046875 GB
    Memory Allocated: 1.0988106727600098  GigaBytes
Max Memory Allocated: 3.205977439880371  GigaBytes

-----------------------------------------batch_pred = model(blocks, batch_inputs) 
 Nvidia-smi: 9.3729248046875 GB
    Memory Allocated: 2.4562015533447266  GigaBytes
Max Memory Allocated: 3.205977439880371  GigaBytes

----------------------------------------before batch_pred = model(blocks, batch_inputs) 
 Nvidia-smi: 9.3729248046875 GB
    Memory Allocated: 1.098371982574463  GigaBytes
Max Memory Allocated: 3.205977439880371  GigaBytes

-----------------------------------------batch_pred = model(blocks, batch_inputs) 
 Nvidia-smi: 9.3729248046875 GB
    Memory Allocated: 2.4514999389648438  GigaBytes
Max Memory Allocated: 3.205977439880371  GigaBytes

----------------------------------------before batch_pred = model(blocks, batch_inputs) 
 Nvidia-smi: 9.3729248046875 GB
    Memory Allocated: 1.0964317321777344  GigaBytes
Max Memory Allocated: 3.205977439880371  GigaBytes

-----------------------------------------batch_pred = model(blocks, batch_inputs) 
 Nvidia-smi: 9.3729248046875 GB
    Memory Allocated: 2.449673652648926  GigaBytes
Max Memory Allocated: 3.205977439880371  GigaBytes

----------------------------------------before batch_pred = model(blocks, batch_inputs) 
 Nvidia-smi: 9.3729248046875 GB
    Memory Allocated: 1.1052355766296387  GigaBytes
Max Memory Allocated: 3.205977439880371  GigaBytes

-----------------------------------------batch_pred = model(blocks, batch_inputs) 
 Nvidia-smi: 9.3729248046875 GB
    Memory Allocated: 2.471799850463867  GigaBytes
Max Memory Allocated: 3.205977439880371  GigaBytes

----------------------------------------before batch_pred = model(blocks, batch_inputs) 
 Nvidia-smi: 9.3729248046875 GB
    Memory Allocated: 1.1051135063171387  GigaBytes
Max Memory Allocated: 3.205977439880371  GigaBytes

-----------------------------------------batch_pred = model(blocks, batch_inputs) 
 Nvidia-smi: 9.3729248046875 GB
    Memory Allocated: 2.473691463470459  GigaBytes
Max Memory Allocated: 3.205977439880371  GigaBytes

----------------------------------------before batch_pred = model(blocks, batch_inputs) 
 Nvidia-smi: 9.3729248046875 GB
    Memory Allocated: 1.1060638427734375  GigaBytes
Max Memory Allocated: 3.205977439880371  GigaBytes

-----------------------------------------batch_pred = model(blocks, batch_inputs) 
 Nvidia-smi: 9.3729248046875 GB
    Memory Allocated: 2.474672317504883  GigaBytes
Max Memory Allocated: 3.205977439880371  GigaBytes

----------------------------------------before batch_pred = model(blocks, batch_inputs) 
 Nvidia-smi: 9.3729248046875 GB
    Memory Allocated: 1.104844093322754  GigaBytes
Max Memory Allocated: 3.205977439880371  GigaBytes

-----------------------------------------batch_pred = model(blocks, batch_inputs) 
 Nvidia-smi: 9.3729248046875 GB
    Memory Allocated: 2.471165657043457  GigaBytes
Max Memory Allocated: 3.205977439880371  GigaBytes

----------------------------------------before batch_pred = model(blocks, batch_inputs) 
 Nvidia-smi: 10.1600341796875 GB
    Memory Allocated: 1.1080150604248047  GigaBytes
Max Memory Allocated: 3.205977439880371  GigaBytes

-----------------------------------------batch_pred = model(blocks, batch_inputs) 
 Nvidia-smi: 10.1600341796875 GB
    Memory Allocated: 2.4769058227539062  GigaBytes
Max Memory Allocated: 3.205977439880371  GigaBytes

----------------------------------------before batch_pred = model(blocks, batch_inputs) 
 Nvidia-smi: 10.1600341796875 GB
    Memory Allocated: 1.1048603057861328  GigaBytes
Max Memory Allocated: 3.2068166732788086  GigaBytes

-----------------------------------------batch_pred = model(blocks, batch_inputs) 
 Nvidia-smi: 10.1600341796875 GB
    Memory Allocated: 2.4732017517089844  GigaBytes
Max Memory Allocated: 3.2068166732788086  GigaBytes

----------------------------------------before batch_pred = model(blocks, batch_inputs) 
 Nvidia-smi: 10.1600341796875 GB
    Memory Allocated: 1.104240894317627  GigaBytes
Max Memory Allocated: 3.2068166732788086  GigaBytes

-----------------------------------------batch_pred = model(blocks, batch_inputs) 
 Nvidia-smi: 10.1600341796875 GB
    Memory Allocated: 2.4689855575561523  GigaBytes
Max Memory Allocated: 3.2068166732788086  GigaBytes

----------------------------------------before batch_pred = model(blocks, batch_inputs) 
 Nvidia-smi: 10.1600341796875 GB
    Memory Allocated: 1.1006855964660645  GigaBytes
Max Memory Allocated: 3.2068166732788086  GigaBytes

-----------------------------------------batch_pred = model(blocks, batch_inputs) 
 Nvidia-smi: 10.1600341796875 GB
    Memory Allocated: 2.462009906768799  GigaBytes
Max Memory Allocated: 3.2068166732788086  GigaBytes

----------------------------------------before batch_pred = model(blocks, batch_inputs) 
 Nvidia-smi: 10.1600341796875 GB
    Memory Allocated: 1.1046509742736816  GigaBytes
Max Memory Allocated: 3.2068166732788086  GigaBytes

-----------------------------------------batch_pred = model(blocks, batch_inputs) 
 Nvidia-smi: 10.1600341796875 GB
    Memory Allocated: 2.4717626571655273  GigaBytes
Max Memory Allocated: 3.2068166732788086  GigaBytes

----------------------------------------before batch_pred = model(blocks, batch_inputs) 
 Nvidia-smi: 10.1600341796875 GB
    Memory Allocated: 1.1081962585449219  GigaBytes
Max Memory Allocated: 3.2068166732788086  GigaBytes

-----------------------------------------batch_pred = model(blocks, batch_inputs) 
 Nvidia-smi: 10.1600341796875 GB
    Memory Allocated: 2.481759548187256  GigaBytes
Max Memory Allocated: 3.2068166732788086  GigaBytes

----------------------------------------before batch_pred = model(blocks, batch_inputs) 
 Nvidia-smi: 10.1600341796875 GB
    Memory Allocated: 1.1044182777404785  GigaBytes
Max Memory Allocated: 3.2116942405700684  GigaBytes

-----------------------------------------batch_pred = model(blocks, batch_inputs) 
 Nvidia-smi: 10.1600341796875 GB
    Memory Allocated: 2.470330238342285  GigaBytes
Max Memory Allocated: 3.2116942405700684  GigaBytes

----------------------------------------before batch_pred = model(blocks, batch_inputs) 
 Nvidia-smi: 10.1600341796875 GB
    Memory Allocated: 1.1068134307861328  GigaBytes
Max Memory Allocated: 3.2116942405700684  GigaBytes

-----------------------------------------batch_pred = model(blocks, batch_inputs) 
 Nvidia-smi: 10.1600341796875 GB
    Memory Allocated: 2.4796242713928223  GigaBytes
Max Memory Allocated: 3.2116942405700684  GigaBytes

----------------------------------------before batch_pred = model(blocks, batch_inputs) 
 Nvidia-smi: 10.1600341796875 GB
    Memory Allocated: 1.1021604537963867  GigaBytes
Max Memory Allocated: 3.2116942405700684  GigaBytes

-----------------------------------------batch_pred = model(blocks, batch_inputs) 
 Nvidia-smi: 10.1600341796875 GB
    Memory Allocated: 2.465575695037842  GigaBytes
Max Memory Allocated: 3.2116942405700684  GigaBytes

----------------------------------------before batch_pred = model(blocks, batch_inputs) 
 Nvidia-smi: 10.1600341796875 GB
    Memory Allocated: 1.106520652770996  GigaBytes
Max Memory Allocated: 3.2116942405700684  GigaBytes

-----------------------------------------batch_pred = model(blocks, batch_inputs) 
 Nvidia-smi: 10.1600341796875 GB
    Memory Allocated: 2.4797439575195312  GigaBytes
Max Memory Allocated: 3.2116942405700684  GigaBytes

----------------------------------------before batch_pred = model(blocks, batch_inputs) 
 Nvidia-smi: 10.1600341796875 GB
    Memory Allocated: 1.0988574028015137  GigaBytes
Max Memory Allocated: 3.2116942405700684  GigaBytes

-----------------------------------------batch_pred = model(blocks, batch_inputs) 
 Nvidia-smi: 10.1600341796875 GB
    Memory Allocated: 2.456517219543457  GigaBytes
Max Memory Allocated: 3.2116942405700684  GigaBytes

----------------------------------------before batch_pred = model(blocks, batch_inputs) 
 Nvidia-smi: 10.1600341796875 GB
    Memory Allocated: 1.1041674613952637  GigaBytes
Max Memory Allocated: 3.2116942405700684  GigaBytes

-----------------------------------------batch_pred = model(blocks, batch_inputs) 
 Nvidia-smi: 10.1600341796875 GB
    Memory Allocated: 2.4677324295043945  GigaBytes
Max Memory Allocated: 3.2116942405700684  GigaBytes

----------------------------------------before batch_pred = model(blocks, batch_inputs) 
 Nvidia-smi: 10.1600341796875 GB
    Memory Allocated: 1.1051626205444336  GigaBytes
Max Memory Allocated: 3.2116942405700684  GigaBytes

-----------------------------------------batch_pred = model(blocks, batch_inputs) 
 Nvidia-smi: 10.1600341796875 GB
    Memory Allocated: 2.4734268188476562  GigaBytes
Max Memory Allocated: 3.2116942405700684  GigaBytes

----------------------------------------before batch_pred = model(blocks, batch_inputs) 
 Nvidia-smi: 10.1600341796875 GB
    Memory Allocated: 1.1047239303588867  GigaBytes
Max Memory Allocated: 3.2116942405700684  GigaBytes

-----------------------------------------batch_pred = model(blocks, batch_inputs) 
 Nvidia-smi: 10.1600341796875 GB
    Memory Allocated: 2.468691825866699  GigaBytes
Max Memory Allocated: 3.2116942405700684  GigaBytes

----------------------------------------before batch_pred = model(blocks, batch_inputs) 
 Nvidia-smi: 10.1600341796875 GB
    Memory Allocated: 1.104079246520996  GigaBytes
Max Memory Allocated: 3.2116942405700684  GigaBytes

-----------------------------------------batch_pred = model(blocks, batch_inputs) 
 Nvidia-smi: 10.1600341796875 GB
    Memory Allocated: 2.4701337814331055  GigaBytes
Max Memory Allocated: 3.2116942405700684  GigaBytes

----------------------------------------before batch_pred = model(blocks, batch_inputs) 
 Nvidia-smi: 10.1600341796875 GB
    Memory Allocated: 1.105414867401123  GigaBytes
Max Memory Allocated: 3.2116942405700684  GigaBytes

-----------------------------------------batch_pred = model(blocks, batch_inputs) 
 Nvidia-smi: 10.1600341796875 GB
    Memory Allocated: 2.4745054244995117  GigaBytes
Max Memory Allocated: 3.2116942405700684  GigaBytes

----------------------------------------before batch_pred = model(blocks, batch_inputs) 
 Nvidia-smi: 10.1600341796875 GB
    Memory Allocated: 1.098783016204834  GigaBytes
Max Memory Allocated: 3.2116942405700684  GigaBytes

-----------------------------------------batch_pred = model(blocks, batch_inputs) 
 Nvidia-smi: 10.1600341796875 GB
    Memory Allocated: 2.457864761352539  GigaBytes
Max Memory Allocated: 3.2116942405700684  GigaBytes

----------------------------------------before batch_pred = model(blocks, batch_inputs) 
 Nvidia-smi: 10.1600341796875 GB
    Memory Allocated: 1.1066303253173828  GigaBytes
Max Memory Allocated: 3.2116942405700684  GigaBytes

-----------------------------------------batch_pred = model(blocks, batch_inputs) 
 Nvidia-smi: 10.1600341796875 GB
    Memory Allocated: 2.475924491882324  GigaBytes
Max Memory Allocated: 3.2116942405700684  GigaBytes

----------------------------------------before batch_pred = model(blocks, batch_inputs) 
 Nvidia-smi: 10.1600341796875 GB
    Memory Allocated: 1.1041545867919922  GigaBytes
Max Memory Allocated: 3.2116942405700684  GigaBytes

-----------------------------------------batch_pred = model(blocks, batch_inputs) 
 Nvidia-smi: 10.1600341796875 GB
    Memory Allocated: 2.4685444831848145  GigaBytes
Max Memory Allocated: 3.2116942405700684  GigaBytes

times | data loading | block to device | model prediction | loss calculation | loss backward |  optimizer step |
      |0.32150132209062576 |0.296062134206295 |0.027195259928703308 |0.0001553669571876526 |0.008714474737644196 |0.002020597457885742 |
----------------------------------------------------------pseudo_mini_loss sum 8.777371406555176
 Run 0| Epoch 0 |
Number of nodes for computation during this epoch:  124525648
Number of first layer input nodes during this epoch:  67376479
----------------------------------------before generate_dataloader_block 
 Nvidia-smi: 10.1600341796875 GB
    Memory Allocated: 1.7597370147705078  GigaBytes
Max Memory Allocated: 3.2116942405700684  GigaBytes

The real block id is  2
get_global_graph_edges_ids_block function  spend 0.6384761333465576
random selection method range initialization spend 0.012892007827758789
time for parepare:  0.3495304584503174
local_output_nid generation:  0.00356292724609375
local_in_edges_tensor generation:  0.03165793418884277
mini_batch_src_global generation:  0.016209125518798828
r_  generation:  0.16761445999145508
local_output_nid generation:  0.0037047863006591797
local_in_edges_tensor generation:  0.004665851593017578
mini_batch_src_global generation:  0.019046306610107422
r_  generation:  0.18792986869812012
local_output_nid generation:  0.0036792755126953125
local_in_edges_tensor generation:  0.005075216293334961
mini_batch_src_global generation:  0.013176202774047852
r_  generation:  0.19915437698364258
local_output_nid generation:  0.0037147998809814453
local_in_edges_tensor generation:  0.004809379577636719
mini_batch_src_global generation:  0.013843536376953125
r_  generation:  0.2013235092163086
local_output_nid generation:  0.003665924072265625
local_in_edges_tensor generation:  0.004720211029052734
mini_batch_src_global generation:  0.014115571975708008
r_  generation:  0.21335124969482422
local_output_nid generation:  0.003720998764038086
local_in_edges_tensor generation:  0.00474238395690918
mini_batch_src_global generation:  0.015956878662109375
r_  generation:  0.22637152671813965
local_output_nid generation:  0.003693819046020508
local_in_edges_tensor generation:  0.004814624786376953
mini_batch_src_global generation:  0.01687455177307129
r_  generation:  0.2294142246246338
local_output_nid generation:  0.003696441650390625
local_in_edges_tensor generation:  0.004694938659667969
mini_batch_src_global generation:  0.017230510711669922
r_  generation:  0.233567476272583
local_output_nid generation:  0.0036940574645996094
local_in_edges_tensor generation:  0.004776954650878906
mini_batch_src_global generation:  0.01763606071472168
r_  generation:  0.23517537117004395
local_output_nid generation:  0.006605625152587891
local_in_edges_tensor generation:  0.004735708236694336
mini_batch_src_global generation:  0.01850271224975586
r_  generation:  0.23781919479370117
local_output_nid generation:  0.0036852359771728516
local_in_edges_tensor generation:  0.004662990570068359
mini_batch_src_global generation:  0.023608684539794922
r_  generation:  0.2407083511352539
local_output_nid generation:  0.003689289093017578
local_in_edges_tensor generation:  0.004645109176635742
mini_batch_src_global generation:  0.019971609115600586
r_  generation:  0.24465131759643555
local_output_nid generation:  0.0036728382110595703
local_in_edges_tensor generation:  0.004762172698974609
mini_batch_src_global generation:  0.02039623260498047
r_  generation:  0.23931074142456055
local_output_nid generation:  0.0036928653717041016
local_in_edges_tensor generation:  0.00478816032409668
mini_batch_src_global generation:  0.020860910415649414
r_  generation:  0.24169349670410156
local_output_nid generation:  0.0037488937377929688
local_in_edges_tensor generation:  0.004671573638916016
mini_batch_src_global generation:  0.021338939666748047
r_  generation:  0.24332714080810547
local_output_nid generation:  0.003690958023071289
local_in_edges_tensor generation:  0.004632711410522461
mini_batch_src_global generation:  0.018958568572998047
r_  generation:  0.2438509464263916
local_output_nid generation:  0.003676176071166992
local_in_edges_tensor generation:  0.004663228988647461
mini_batch_src_global generation:  0.019556045532226562
r_  generation:  0.24520587921142578
local_output_nid generation:  0.003702878952026367
local_in_edges_tensor generation:  0.004703521728515625
mini_batch_src_global generation:  0.019901514053344727
r_  generation:  0.25119972229003906
local_output_nid generation:  0.003692626953125
local_in_edges_tensor generation:  0.004659414291381836
mini_batch_src_global generation:  0.019819259643554688
r_  generation:  0.25211286544799805
local_output_nid generation:  0.0037107467651367188
local_in_edges_tensor generation:  0.00469207763671875
mini_batch_src_global generation:  0.019622325897216797
r_  generation:  0.2709641456604004
local_output_nid generation:  0.0036954879760742188
local_in_edges_tensor generation:  0.004704713821411133
mini_batch_src_global generation:  0.020060062408447266
r_  generation:  0.2488241195678711
local_output_nid generation:  0.0037169456481933594
local_in_edges_tensor generation:  0.0046405792236328125
mini_batch_src_global generation:  0.02035832405090332
r_  generation:  0.2463085651397705
local_output_nid generation:  0.0036773681640625
local_in_edges_tensor generation:  0.005223751068115234
mini_batch_src_global generation:  0.019902706146240234
r_  generation:  0.24706363677978516
local_output_nid generation:  0.003706216812133789
local_in_edges_tensor generation:  0.004733562469482422
mini_batch_src_global generation:  0.020332813262939453
r_  generation:  0.24727892875671387
local_output_nid generation:  0.0040302276611328125
local_in_edges_tensor generation:  0.004664182662963867
mini_batch_src_global generation:  0.019887447357177734
r_  generation:  0.27300357818603516
local_output_nid generation:  0.003736734390258789
local_in_edges_tensor generation:  0.00475764274597168
mini_batch_src_global generation:  0.019883394241333008
r_  generation:  0.2559804916381836
local_output_nid generation:  0.0037317276000976562
local_in_edges_tensor generation:  0.004727602005004883
mini_batch_src_global generation:  0.02034783363342285
r_  generation:  0.25403594970703125
local_output_nid generation:  0.003751993179321289
local_in_edges_tensor generation:  0.004629611968994141
mini_batch_src_global generation:  0.019940614700317383
r_  generation:  0.24756789207458496
local_output_nid generation:  0.003745555877685547
local_in_edges_tensor generation:  0.004694223403930664
mini_batch_src_global generation:  0.020781993865966797
r_  generation:  0.2500622272491455
local_output_nid generation:  0.003757476806640625
local_in_edges_tensor generation:  0.004695415496826172
mini_batch_src_global generation:  0.020308256149291992
r_  generation:  0.2501261234283447
local_output_nid generation:  0.003736734390258789
local_in_edges_tensor generation:  0.00468897819519043
mini_batch_src_global generation:  0.020379304885864258
r_  generation:  0.25798702239990234
local_output_nid generation:  0.0037560462951660156
local_in_edges_tensor generation:  0.004809141159057617
mini_batch_src_global generation:  0.019930362701416016
r_  generation:  0.26631951332092285
----------------------check_connections_block total spend ----------------------------- 10.367095708847046
generate_one_block  0.5739684104919434
generate_one_block  0.38176584243774414
generate_one_block  0.47015929222106934
generate_one_block  0.3752720355987549
generate_one_block  0.2846107482910156
generate_one_block  0.25955986976623535
generate_one_block  0.2607717514038086
generate_one_block  0.26737117767333984
generate_one_block  0.26436567306518555
generate_one_block  0.26239490509033203
generate_one_block  0.26888585090637207
generate_one_block  0.2616384029388428
generate_one_block  0.25658750534057617
generate_one_block  0.26318955421447754
generate_one_block  0.26567983627319336
generate_one_block  0.26125407218933105
generate_one_block  0.2601470947265625
generate_one_block  0.2660646438598633
generate_one_block  0.265061616897583
generate_one_block  0.25970458984375
generate_one_block  0.26731109619140625
generate_one_block  0.2571749687194824
generate_one_block  0.26068902015686035
generate_one_block  0.2652270793914795
generate_one_block  0.2666501998901367
generate_one_block  0.26664257049560547
generate_one_block  0.27813148498535156
generate_one_block  0.2678952217102051
generate_one_block  0.2661721706390381
generate_one_block  0.26387691497802734
generate_one_block  0.26116180419921875
generate_one_block  0.26109981536865234
The real block id is  1
get_global_graph_edges_ids_block function  spend 2.2706398963928223
gen group dst list time:  0.3190300464630127
time for parepare:  0.4808793067932129
local_output_nid generation:  0.10659074783325195
local_in_edges_tensor generation:  0.4400968551635742
mini_batch_src_global generation:  0.3611021041870117
r_  generation:  4.2414515018463135
local_output_nid generation:  0.14252781867980957
local_in_edges_tensor generation:  0.3657827377319336
mini_batch_src_global generation:  0.4249749183654785
r_  generation:  4.235648155212402
local_output_nid generation:  0.11612081527709961
local_in_edges_tensor generation:  0.3764209747314453
mini_batch_src_global generation:  0.4425849914550781
r_  generation:  4.386891603469849
local_output_nid generation:  0.11116600036621094
local_in_edges_tensor generation:  0.33995532989501953
mini_batch_src_global generation:  0.42221689224243164
r_  generation:  4.496009111404419
local_output_nid generation:  0.14050722122192383
local_in_edges_tensor generation:  0.29278039932250977
mini_batch_src_global generation:  0.4307591915130615
r_  generation:  4.527378797531128
local_output_nid generation:  0.10932517051696777
local_in_edges_tensor generation:  0.3723945617675781
mini_batch_src_global generation:  0.45456957817077637
r_  generation:  4.576684474945068
local_output_nid generation:  0.10774111747741699
local_in_edges_tensor generation:  0.35831236839294434
mini_batch_src_global generation:  0.45549559593200684
r_  generation:  4.576433181762695
local_output_nid generation:  0.13327741622924805
local_in_edges_tensor generation:  0.28844690322875977
mini_batch_src_global generation:  0.4543941020965576
r_  generation:  4.566232681274414
local_output_nid generation:  0.10885453224182129
local_in_edges_tensor generation:  0.3421933650970459
mini_batch_src_global generation:  0.4638092517852783
r_  generation:  4.6197590827941895
local_output_nid generation:  0.10918879508972168
local_in_edges_tensor generation:  0.33307623863220215
mini_batch_src_global generation:  0.44920802116394043
r_  generation:  4.613103151321411
local_output_nid generation:  0.14127182960510254
local_in_edges_tensor generation:  0.28185486793518066
mini_batch_src_global generation:  0.45134592056274414
r_  generation:  4.631885290145874
local_output_nid generation:  0.10759925842285156
local_in_edges_tensor generation:  0.9230141639709473
mini_batch_src_global generation:  0.4701673984527588
r_  generation:  4.63036847114563
local_output_nid generation:  0.10458087921142578
local_in_edges_tensor generation:  0.30577778816223145
mini_batch_src_global generation:  0.48158955574035645
r_  generation:  4.659301996231079
local_output_nid generation:  0.14140105247497559
local_in_edges_tensor generation:  0.3254244327545166
mini_batch_src_global generation:  0.46081113815307617
r_  generation:  4.563365459442139
local_output_nid generation:  0.10904550552368164
local_in_edges_tensor generation:  0.28113865852355957
mini_batch_src_global generation:  0.48085498809814453
r_  generation:  4.665391206741333
local_output_nid generation:  0.12228226661682129
local_in_edges_tensor generation:  0.33416080474853516
mini_batch_src_global generation:  0.47888708114624023
r_  generation:  4.662097692489624
local_output_nid generation:  0.11723160743713379
local_in_edges_tensor generation:  0.3750877380371094
mini_batch_src_global generation:  0.481520414352417
r_  generation:  4.569145441055298
local_output_nid generation:  0.11688709259033203
local_in_edges_tensor generation:  0.28571176528930664
mini_batch_src_global generation:  0.47419261932373047
r_  generation:  4.626771450042725
local_output_nid generation:  0.11851096153259277
local_in_edges_tensor generation:  0.3376588821411133
mini_batch_src_global generation:  0.4828352928161621
r_  generation:  4.688790321350098
local_output_nid generation:  0.10917520523071289
local_in_edges_tensor generation:  0.3366272449493408
mini_batch_src_global generation:  0.46055150032043457
r_  generation:  4.644826650619507
local_output_nid generation:  0.1434309482574463
local_in_edges_tensor generation:  0.2845735549926758
mini_batch_src_global generation:  0.4547841548919678
r_  generation:  4.663525819778442
local_output_nid generation:  0.10764718055725098
local_in_edges_tensor generation:  0.3408527374267578
mini_batch_src_global generation:  0.4640045166015625
r_  generation:  4.754735708236694
local_output_nid generation:  0.11348819732666016
local_in_edges_tensor generation:  0.32981157302856445
mini_batch_src_global generation:  0.48011279106140137
r_  generation:  4.639875888824463
local_output_nid generation:  0.15465450286865234
local_in_edges_tensor generation:  0.3043217658996582
mini_batch_src_global generation:  0.46045708656311035
r_  generation:  4.613796710968018
local_output_nid generation:  0.1092681884765625
local_in_edges_tensor generation:  0.2915165424346924
mini_batch_src_global generation:  0.48067355155944824
r_  generation:  4.6179234981536865
local_output_nid generation:  0.10759472846984863
local_in_edges_tensor generation:  0.33918285369873047
mini_batch_src_global generation:  0.4678473472595215
r_  generation:  4.628688097000122
local_output_nid generation:  0.13051438331604004
local_in_edges_tensor generation:  0.33983421325683594
mini_batch_src_global generation:  0.48826026916503906
r_  generation:  4.577164888381958
local_output_nid generation:  0.1218709945678711
local_in_edges_tensor generation:  0.27925562858581543
mini_batch_src_global generation:  0.4671032428741455
r_  generation:  4.645524024963379
local_output_nid generation:  0.11071538925170898
local_in_edges_tensor generation:  0.34262943267822266
mini_batch_src_global generation:  0.4684000015258789
r_  generation:  4.608452558517456
local_output_nid generation:  0.11382770538330078
local_in_edges_tensor generation:  0.33441638946533203
mini_batch_src_global generation:  0.46013832092285156
r_  generation:  4.707934617996216
local_output_nid generation:  0.13784050941467285
local_in_edges_tensor generation:  0.28003382682800293
mini_batch_src_global generation:  0.456279993057251
r_  generation:  4.571182012557983
local_output_nid generation:  0.1066431999206543
local_in_edges_tensor generation:  0.3294026851654053
mini_batch_src_global generation:  0.4633798599243164
r_  generation:  4.623719215393066
----------------------check_connections_block total spend ----------------------------- 202.03964471817017
generate_one_block  6.236151695251465
generate_one_block  6.238119840621948
generate_one_block  5.766639709472656
generate_one_block  5.798733949661255
generate_one_block  6.177428722381592
generate_one_block  5.938345193862915
generate_one_block  5.818682432174683
generate_one_block  6.4968039989471436
generate_one_block  5.911810874938965
generate_one_block  6.18548846244812
generate_one_block  5.720865249633789
generate_one_block  6.161684989929199
generate_one_block  5.824095249176025
generate_one_block  5.728615999221802
generate_one_block  6.2331383228302
generate_one_block  5.882449388504028
generate_one_block  5.746439456939697
generate_one_block  6.167614936828613
generate_one_block  5.902261257171631
generate_one_block  5.747945785522461
generate_one_block  6.271518230438232
generate_one_block  5.681550979614258
generate_one_block  5.755320072174072
generate_one_block  5.754173278808594
generate_one_block  6.21427583694458
generate_one_block  5.7650041580200195
generate_one_block  5.843121767044067
generate_one_block  6.219169616699219
generate_one_block  5.857316732406616
generate_one_block  5.964065074920654
generate_one_block  6.008063793182373
generate_one_block  5.938809394836426
The real block id is  0
get_global_graph_edges_ids_block function  spend 2.1823716163635254
gen group dst list time:  1.804337978363037
time for parepare:  0.5000877380371094
local_output_nid generation:  0.5181751251220703
local_in_edges_tensor generation:  1.7579684257507324
mini_batch_src_global generation:  1.0997095108032227
r_  generation:  13.638939142227173
local_output_nid generation:  0.5931718349456787
local_in_edges_tensor generation:  1.3067121505737305
mini_batch_src_global generation:  1.3866877555847168
r_  generation:  13.45791244506836
local_output_nid generation:  0.5643248558044434
local_in_edges_tensor generation:  1.1490416526794434
mini_batch_src_global generation:  1.3645403385162354
r_  generation:  13.485227584838867
local_output_nid generation:  0.5656163692474365
local_in_edges_tensor generation:  1.118696928024292
mini_batch_src_global generation:  1.3702197074890137
r_  generation:  13.512530088424683
local_output_nid generation:  0.5639467239379883
local_in_edges_tensor generation:  1.1288297176361084
mini_batch_src_global generation:  1.5622193813323975
r_  generation:  13.775701761245728
local_output_nid generation:  0.5743734836578369
local_in_edges_tensor generation:  1.1237668991088867
mini_batch_src_global generation:  1.5440425872802734
r_  generation:  13.530097007751465
local_output_nid generation:  0.5709593296051025
local_in_edges_tensor generation:  1.0435216426849365
mini_batch_src_global generation:  1.6690142154693604
r_  generation:  13.586735010147095
local_output_nid generation:  0.5693528652191162
local_in_edges_tensor generation:  1.1351547241210938
mini_batch_src_global generation:  1.379992961883545
r_  generation:  13.67644715309143
local_output_nid generation:  0.5828595161437988
local_in_edges_tensor generation:  1.1372981071472168
mini_batch_src_global generation:  1.3079028129577637
r_  generation:  13.849792242050171
local_output_nid generation:  0.585491418838501
local_in_edges_tensor generation:  1.099846363067627
mini_batch_src_global generation:  1.3378801345825195
r_  generation:  13.658126592636108
local_output_nid generation:  0.5594346523284912
local_in_edges_tensor generation:  1.130723237991333
mini_batch_src_global generation:  1.3575010299682617
r_  generation:  13.809880018234253
local_output_nid generation:  0.5626909732818604
local_in_edges_tensor generation:  1.1177752017974854
mini_batch_src_global generation:  1.338996171951294
r_  generation:  13.686954021453857
local_output_nid generation:  0.5590307712554932
local_in_edges_tensor generation:  1.1153852939605713
mini_batch_src_global generation:  1.3438045978546143
r_  generation:  13.949889659881592
local_output_nid generation:  0.5796740055084229
local_in_edges_tensor generation:  1.1353180408477783
mini_batch_src_global generation:  1.3579981327056885
r_  generation:  13.917754173278809
local_output_nid generation:  0.5880086421966553
local_in_edges_tensor generation:  1.1328954696655273
mini_batch_src_global generation:  1.3661205768585205
r_  generation:  13.99788212776184
local_output_nid generation:  0.5837280750274658
local_in_edges_tensor generation:  1.1272714138031006
mini_batch_src_global generation:  1.38092041015625
r_  generation:  13.97465991973877
local_output_nid generation:  0.5722527503967285
local_in_edges_tensor generation:  1.1160640716552734
mini_batch_src_global generation:  1.3776843547821045
r_  generation:  13.916099548339844
local_output_nid generation:  0.5605030059814453
local_in_edges_tensor generation:  1.1094086170196533
mini_batch_src_global generation:  1.4423556327819824
r_  generation:  13.597465753555298
local_output_nid generation:  0.5834546089172363
local_in_edges_tensor generation:  1.0744349956512451
mini_batch_src_global generation:  1.520833969116211
r_  generation:  13.690432071685791
local_output_nid generation:  0.6019022464752197
local_in_edges_tensor generation:  1.0917913913726807
mini_batch_src_global generation:  1.5271713733673096
r_  generation:  13.650352716445923
local_output_nid generation:  0.6037712097167969
local_in_edges_tensor generation:  1.1123666763305664
mini_batch_src_global generation:  1.5400772094726562
r_  generation:  13.903029680252075
local_output_nid generation:  0.5782730579376221
local_in_edges_tensor generation:  1.1428322792053223
mini_batch_src_global generation:  1.4112627506256104
r_  generation:  13.73131513595581
local_output_nid generation:  0.577765941619873
local_in_edges_tensor generation:  1.1238584518432617
mini_batch_src_global generation:  1.3925037384033203
r_  generation:  13.86018180847168
local_output_nid generation:  0.5787098407745361
local_in_edges_tensor generation:  1.1427855491638184
mini_batch_src_global generation:  1.3643746376037598
r_  generation:  13.990303754806519
local_output_nid generation:  0.5810325145721436
local_in_edges_tensor generation:  1.1408898830413818
mini_batch_src_global generation:  1.3162751197814941
r_  generation:  14.008489608764648
local_output_nid generation:  0.5628316402435303
local_in_edges_tensor generation:  1.1488285064697266
mini_batch_src_global generation:  1.355316162109375
r_  generation:  13.891373872756958
local_output_nid generation:  0.5793683528900146
local_in_edges_tensor generation:  1.1381635665893555
mini_batch_src_global generation:  1.343930959701538
r_  generation:  13.929717540740967
local_output_nid generation:  0.5742809772491455
local_in_edges_tensor generation:  1.159172534942627
mini_batch_src_global generation:  1.3671987056732178
r_  generation:  13.904596328735352
local_output_nid generation:  0.6375038623809814
local_in_edges_tensor generation:  1.1134424209594727
mini_batch_src_global generation:  1.363581895828247
r_  generation:  13.95864224433899
local_output_nid generation:  0.634136438369751
local_in_edges_tensor generation:  1.127014398574829
mini_batch_src_global generation:  1.3604071140289307
r_  generation:  14.050141096115112
local_output_nid generation:  0.5868675708770752
local_in_edges_tensor generation:  1.1140148639678955
mini_batch_src_global generation:  1.362450122833252
r_  generation:  14.018061399459839
local_output_nid generation:  0.5640015602111816
local_in_edges_tensor generation:  1.1101062297821045
mini_batch_src_global generation:  1.4409635066986084
r_  generation:  13.680391073226929
----------------------check_connections_block total spend ----------------------------- 621.2344031333923
generate_one_block  18.64641237258911
generate_one_block  18.652309894561768
generate_one_block  18.39413070678711
generate_one_block  18.601796865463257
generate_one_block  18.474533319473267
generate_one_block  18.55521297454834
generate_one_block  18.564628839492798
generate_one_block  21.103468656539917
generate_one_block  18.4081130027771
generate_one_block  18.211567163467407
generate_one_block  18.693867444992065
generate_one_block  18.644953966140747
generate_one_block  18.720348358154297
generate_one_block  18.712048530578613
generate_one_block  18.85477900505066
generate_one_block  18.935225009918213
generate_one_block  18.641924619674683
generate_one_block  18.61671471595764
generate_one_block  18.655960083007812
generate_one_block  18.68561053276062
generate_one_block  19.091572284698486
generate_one_block  18.620070934295654
generate_one_block  18.79662275314331
generate_one_block  19.395217418670654
generate_one_block  19.513522624969482
generate_one_block  19.07635998725891
generate_one_block  19.388839721679688
generate_one_block  19.434875965118408
generate_one_block  19.441408395767212
generate_one_block  19.639549255371094
generate_one_block  19.718141555786133
generate_one_block  19.714267253875732
-----------------------------------------after block dataloader generation 
 Nvidia-smi: 10.1600341796875 GB
    Memory Allocated: 1.7597370147705078  GigaBytes
Max Memory Allocated: 3.2116942405700684  GigaBytes

connection checking time:  823.2740478515625
block generation total time  797.5597586631775
average batch blocks generation time:  24.923742458224297
----------------------------------------before batch_pred = model(blocks, batch_inputs) 
 Nvidia-smi: 10.1600341796875 GB
    Memory Allocated: 1.1034941673278809  GigaBytes
Max Memory Allocated: 3.2116942405700684  GigaBytes

-----------------------------------------batch_pred = model(blocks, batch_inputs) 
 Nvidia-smi: 10.1600341796875 GB
    Memory Allocated: 2.465738296508789  GigaBytes
Max Memory Allocated: 3.2116942405700684  GigaBytes

----------------------------------------before batch_pred = model(blocks, batch_inputs) 
 Nvidia-smi: 10.1600341796875 GB
    Memory Allocated: 1.1047987937927246  GigaBytes
Max Memory Allocated: 3.2116942405700684  GigaBytes

-----------------------------------------batch_pred = model(blocks, batch_inputs) 
 Nvidia-smi: 10.1600341796875 GB
    Memory Allocated: 2.473449230194092  GigaBytes
Max Memory Allocated: 3.2116942405700684  GigaBytes

----------------------------------------before batch_pred = model(blocks, batch_inputs) 
 Nvidia-smi: 10.1600341796875 GB
    Memory Allocated: 1.0997557640075684  GigaBytes
Max Memory Allocated: 3.2116942405700684  GigaBytes

-----------------------------------------batch_pred = model(blocks, batch_inputs) 
 Nvidia-smi: 10.1600341796875 GB
    Memory Allocated: 2.4568891525268555  GigaBytes
Max Memory Allocated: 3.2116942405700684  GigaBytes

----------------------------------------before batch_pred = model(blocks, batch_inputs) 
 Nvidia-smi: 10.1600341796875 GB
    Memory Allocated: 1.1068792343139648  GigaBytes
Max Memory Allocated: 3.2116942405700684  GigaBytes

-----------------------------------------batch_pred = model(blocks, batch_inputs) 
 Nvidia-smi: 10.1600341796875 GB
    Memory Allocated: 2.4765729904174805  GigaBytes
Max Memory Allocated: 3.2116942405700684  GigaBytes

----------------------------------------before batch_pred = model(blocks, batch_inputs) 
 Nvidia-smi: 10.1600341796875 GB
    Memory Allocated: 1.102644443511963  GigaBytes
Max Memory Allocated: 3.2116942405700684  GigaBytes

-----------------------------------------batch_pred = model(blocks, batch_inputs) 
 Nvidia-smi: 10.1600341796875 GB
    Memory Allocated: 2.46712589263916  GigaBytes
Max Memory Allocated: 3.2116942405700684  GigaBytes

----------------------------------------before batch_pred = model(blocks, batch_inputs) 
 Nvidia-smi: 10.1600341796875 GB
    Memory Allocated: 1.1045207977294922  GigaBytes
Max Memory Allocated: 3.2116942405700684  GigaBytes

-----------------------------------------batch_pred = model(blocks, batch_inputs) 
 Nvidia-smi: 10.1600341796875 GB
    Memory Allocated: 2.4697980880737305  GigaBytes
Max Memory Allocated: 3.2116942405700684  GigaBytes

----------------------------------------before batch_pred = model(blocks, batch_inputs) 
 Nvidia-smi: 10.1600341796875 GB
    Memory Allocated: 1.1039338111877441  GigaBytes
Max Memory Allocated: 3.2116942405700684  GigaBytes

-----------------------------------------batch_pred = model(blocks, batch_inputs) 
 Nvidia-smi: 10.1600341796875 GB
    Memory Allocated: 2.4725265502929688  GigaBytes
Max Memory Allocated: 3.2116942405700684  GigaBytes

----------------------------------------before batch_pred = model(blocks, batch_inputs) 
 Nvidia-smi: 10.1600341796875 GB
    Memory Allocated: 1.105644702911377  GigaBytes
Max Memory Allocated: 3.2116942405700684  GigaBytes

-----------------------------------------batch_pred = model(blocks, batch_inputs) 
 Nvidia-smi: 10.1600341796875 GB
    Memory Allocated: 2.474109172821045  GigaBytes
Max Memory Allocated: 3.2116942405700684  GigaBytes

----------------------------------------before batch_pred = model(blocks, batch_inputs) 
 Nvidia-smi: 10.1600341796875 GB
    Memory Allocated: 1.1062660217285156  GigaBytes
Max Memory Allocated: 3.2116942405700684  GigaBytes

-----------------------------------------batch_pred = model(blocks, batch_inputs) 
 Nvidia-smi: 10.1600341796875 GB
    Memory Allocated: 2.4772443771362305  GigaBytes
Max Memory Allocated: 3.2116942405700684  GigaBytes

----------------------------------------before batch_pred = model(blocks, batch_inputs) 
 Nvidia-smi: 10.1600341796875 GB
    Memory Allocated: 1.0977740287780762  GigaBytes
Max Memory Allocated: 3.2116942405700684  GigaBytes

-----------------------------------------batch_pred = model(blocks, batch_inputs) 
 Nvidia-smi: 10.1600341796875 GB
    Memory Allocated: 2.4535350799560547  GigaBytes
Max Memory Allocated: 3.2116942405700684  GigaBytes

----------------------------------------before batch_pred = model(blocks, batch_inputs) 
 Nvidia-smi: 10.1600341796875 GB
    Memory Allocated: 1.105278491973877  GigaBytes
Max Memory Allocated: 3.2116942405700684  GigaBytes

-----------------------------------------batch_pred = model(blocks, batch_inputs) 
 Nvidia-smi: 10.1600341796875 GB
    Memory Allocated: 2.473224639892578  GigaBytes
Max Memory Allocated: 3.2116942405700684  GigaBytes

----------------------------------------before batch_pred = model(blocks, batch_inputs) 
 Nvidia-smi: 10.1600341796875 GB
    Memory Allocated: 1.1026325225830078  GigaBytes
Max Memory Allocated: 3.2116942405700684  GigaBytes

-----------------------------------------batch_pred = model(blocks, batch_inputs) 
 Nvidia-smi: 10.1600341796875 GB
    Memory Allocated: 2.4668240547180176  GigaBytes
Max Memory Allocated: 3.2116942405700684  GigaBytes

----------------------------------------before batch_pred = model(blocks, batch_inputs) 
 Nvidia-smi: 10.1600341796875 GB
    Memory Allocated: 1.1051411628723145  GigaBytes
Max Memory Allocated: 3.2116942405700684  GigaBytes

-----------------------------------------batch_pred = model(blocks, batch_inputs) 
 Nvidia-smi: 10.1600341796875 GB
    Memory Allocated: 2.47219181060791  GigaBytes
Max Memory Allocated: 3.2116942405700684  GigaBytes

----------------------------------------before batch_pred = model(blocks, batch_inputs) 
 Nvidia-smi: 10.1600341796875 GB
    Memory Allocated: 1.1037721633911133  GigaBytes
Max Memory Allocated: 3.2116942405700684  GigaBytes

-----------------------------------------batch_pred = model(blocks, batch_inputs) 
 Nvidia-smi: 10.1600341796875 GB
    Memory Allocated: 2.4670920372009277  GigaBytes
Max Memory Allocated: 3.2116942405700684  GigaBytes

----------------------------------------before batch_pred = model(blocks, batch_inputs) 
 Nvidia-smi: 10.1600341796875 GB
    Memory Allocated: 1.1068115234375  GigaBytes
Max Memory Allocated: 3.2116942405700684  GigaBytes

-----------------------------------------batch_pred = model(blocks, batch_inputs) 
 Nvidia-smi: 10.1600341796875 GB
    Memory Allocated: 2.479480743408203  GigaBytes
Max Memory Allocated: 3.2116942405700684  GigaBytes

----------------------------------------before batch_pred = model(blocks, batch_inputs) 
 Nvidia-smi: 10.1600341796875 GB
    Memory Allocated: 1.1070141792297363  GigaBytes
Max Memory Allocated: 3.2116942405700684  GigaBytes

-----------------------------------------batch_pred = model(blocks, batch_inputs) 
 Nvidia-smi: 10.1600341796875 GB
    Memory Allocated: 2.480213165283203  GigaBytes
Max Memory Allocated: 3.2116942405700684  GigaBytes

----------------------------------------before batch_pred = model(blocks, batch_inputs) 
 Nvidia-smi: 10.1600341796875 GB
    Memory Allocated: 1.100599765777588  GigaBytes
Max Memory Allocated: 3.2116942405700684  GigaBytes

-----------------------------------------batch_pred = model(blocks, batch_inputs) 
 Nvidia-smi: 10.1600341796875 GB
    Memory Allocated: 2.46217679977417  GigaBytes
Max Memory Allocated: 3.2116942405700684  GigaBytes

----------------------------------------before batch_pred = model(blocks, batch_inputs) 
 Nvidia-smi: 10.1600341796875 GB
    Memory Allocated: 1.1014008522033691  GigaBytes
Max Memory Allocated: 3.2116942405700684  GigaBytes

-----------------------------------------batch_pred = model(blocks, batch_inputs) 
 Nvidia-smi: 10.1600341796875 GB
    Memory Allocated: 2.461733341217041  GigaBytes
Max Memory Allocated: 3.2116942405700684  GigaBytes

----------------------------------------before batch_pred = model(blocks, batch_inputs) 
 Nvidia-smi: 10.1600341796875 GB
    Memory Allocated: 1.1041760444641113  GigaBytes
Max Memory Allocated: 3.2116942405700684  GigaBytes

-----------------------------------------batch_pred = model(blocks, batch_inputs) 
 Nvidia-smi: 10.1600341796875 GB
    Memory Allocated: 2.472367286682129  GigaBytes
Max Memory Allocated: 3.2116942405700684  GigaBytes

----------------------------------------before batch_pred = model(blocks, batch_inputs) 
 Nvidia-smi: 10.1600341796875 GB
    Memory Allocated: 1.104288101196289  GigaBytes
Max Memory Allocated: 3.2116942405700684  GigaBytes

-----------------------------------------batch_pred = model(blocks, batch_inputs) 
 Nvidia-smi: 10.1600341796875 GB
    Memory Allocated: 2.4710779190063477  GigaBytes
Max Memory Allocated: 3.2116942405700684  GigaBytes

----------------------------------------before batch_pred = model(blocks, batch_inputs) 
 Nvidia-smi: 10.1600341796875 GB
    Memory Allocated: 1.1074919700622559  GigaBytes
Max Memory Allocated: 3.2116942405700684  GigaBytes

-----------------------------------------batch_pred = model(blocks, batch_inputs) 
 Nvidia-smi: 10.1600341796875 GB
    Memory Allocated: 2.4807372093200684  GigaBytes
Max Memory Allocated: 3.2116942405700684  GigaBytes

----------------------------------------before batch_pred = model(blocks, batch_inputs) 
 Nvidia-smi: 10.1600341796875 GB
    Memory Allocated: 1.1005301475524902  GigaBytes
Max Memory Allocated: 3.2116942405700684  GigaBytes

-----------------------------------------batch_pred = model(blocks, batch_inputs) 
 Nvidia-smi: 10.1600341796875 GB
    Memory Allocated: 2.4611611366271973  GigaBytes
Max Memory Allocated: 3.2116942405700684  GigaBytes

----------------------------------------before batch_pred = model(blocks, batch_inputs) 
 Nvidia-smi: 10.1600341796875 GB
    Memory Allocated: 1.1046037673950195  GigaBytes
Max Memory Allocated: 3.2116942405700684  GigaBytes

-----------------------------------------batch_pred = model(blocks, batch_inputs) 
 Nvidia-smi: 10.1600341796875 GB
    Memory Allocated: 2.469510555267334  GigaBytes
Max Memory Allocated: 3.2116942405700684  GigaBytes

----------------------------------------before batch_pred = model(blocks, batch_inputs) 
 Nvidia-smi: 10.1600341796875 GB
    Memory Allocated: 1.1062583923339844  GigaBytes
Max Memory Allocated: 3.2116942405700684  GigaBytes

-----------------------------------------batch_pred = model(blocks, batch_inputs) 
 Nvidia-smi: 10.1600341796875 GB
    Memory Allocated: 2.473555564880371  GigaBytes
Max Memory Allocated: 3.2116942405700684  GigaBytes

----------------------------------------before batch_pred = model(blocks, batch_inputs) 
 Nvidia-smi: 10.1600341796875 GB
    Memory Allocated: 1.1058268547058105  GigaBytes
Max Memory Allocated: 3.2116942405700684  GigaBytes

-----------------------------------------batch_pred = model(blocks, batch_inputs) 
 Nvidia-smi: 10.1600341796875 GB
    Memory Allocated: 2.474038600921631  GigaBytes
Max Memory Allocated: 3.2116942405700684  GigaBytes

----------------------------------------before batch_pred = model(blocks, batch_inputs) 
 Nvidia-smi: 10.1600341796875 GB
    Memory Allocated: 1.1026177406311035  GigaBytes
Max Memory Allocated: 3.2116942405700684  GigaBytes

-----------------------------------------batch_pred = model(blocks, batch_inputs) 
 Nvidia-smi: 10.1600341796875 GB
    Memory Allocated: 2.4643778800964355  GigaBytes
Max Memory Allocated: 3.2116942405700684  GigaBytes

----------------------------------------before batch_pred = model(blocks, batch_inputs) 
 Nvidia-smi: 10.1600341796875 GB
    Memory Allocated: 1.1029820442199707  GigaBytes
Max Memory Allocated: 3.2116942405700684  GigaBytes

-----------------------------------------batch_pred = model(blocks, batch_inputs) 
 Nvidia-smi: 10.1600341796875 GB
    Memory Allocated: 2.467900276184082  GigaBytes
Max Memory Allocated: 3.2116942405700684  GigaBytes

----------------------------------------before batch_pred = model(blocks, batch_inputs) 
 Nvidia-smi: 10.1600341796875 GB
    Memory Allocated: 1.1008000373840332  GigaBytes
Max Memory Allocated: 3.2116942405700684  GigaBytes

-----------------------------------------batch_pred = model(blocks, batch_inputs) 
 Nvidia-smi: 10.1600341796875 GB
    Memory Allocated: 2.462296962738037  GigaBytes
Max Memory Allocated: 3.2116942405700684  GigaBytes

----------------------------------------before batch_pred = model(blocks, batch_inputs) 
 Nvidia-smi: 10.1600341796875 GB
    Memory Allocated: 1.098006248474121  GigaBytes
Max Memory Allocated: 3.2116942405700684  GigaBytes

-----------------------------------------batch_pred = model(blocks, batch_inputs) 
 Nvidia-smi: 10.1600341796875 GB
    Memory Allocated: 2.456059455871582  GigaBytes
Max Memory Allocated: 3.2116942405700684  GigaBytes

----------------------------------------before batch_pred = model(blocks, batch_inputs) 
 Nvidia-smi: 10.1600341796875 GB
    Memory Allocated: 1.1048812866210938  GigaBytes
Max Memory Allocated: 3.2116942405700684  GigaBytes

-----------------------------------------batch_pred = model(blocks, batch_inputs) 
 Nvidia-smi: 10.1600341796875 GB
    Memory Allocated: 2.475548267364502  GigaBytes
Max Memory Allocated: 3.2116942405700684  GigaBytes

----------------------------------------before batch_pred = model(blocks, batch_inputs) 
 Nvidia-smi: 10.1600341796875 GB
    Memory Allocated: 1.0998153686523438  GigaBytes
Max Memory Allocated: 3.2116942405700684  GigaBytes

-----------------------------------------batch_pred = model(blocks, batch_inputs) 
 Nvidia-smi: 10.1600341796875 GB
    Memory Allocated: 2.457765579223633  GigaBytes
Max Memory Allocated: 3.2116942405700684  GigaBytes

----------------------------------------before batch_pred = model(blocks, batch_inputs) 
 Nvidia-smi: 10.1600341796875 GB
    Memory Allocated: 1.098656177520752  GigaBytes
Max Memory Allocated: 3.2116942405700684  GigaBytes

-----------------------------------------batch_pred = model(blocks, batch_inputs) 
 Nvidia-smi: 10.1600341796875 GB
    Memory Allocated: 2.454606533050537  GigaBytes
Max Memory Allocated: 3.2116942405700684  GigaBytes

times | data loading | block to device | model prediction | loss calculation | loss backward |  optimizer step |
      |0.3189114183187485 |0.29095010459423065 |0.004926785826683044 |0.00026398152112960815 |0.0039049535989761353 |0.005961179733276367 |
----------------------------------------------------------pseudo_mini_loss sum 5.106630802154541
 Run 0| Epoch 1 |
Number of nodes for computation during this epoch:  124501832
Number of first layer input nodes during this epoch:  67361105
----------------------------------------before generate_dataloader_block 
 Nvidia-smi: 10.1600341796875 GB
    Memory Allocated: 1.7493391036987305  GigaBytes
Max Memory Allocated: 3.2116942405700684  GigaBytes

The real block id is  2
get_global_graph_edges_ids_block function  spend 0.6317598819732666
random selection method range initialization spend 0.015374898910522461
time for parepare:  0.3581550121307373
local_output_nid generation:  0.003697633743286133
local_in_edges_tensor generation:  0.023822546005249023
mini_batch_src_global generation:  0.01898050308227539
r_  generation:  0.171142578125
local_output_nid generation:  0.003767728805541992
local_in_edges_tensor generation:  0.0070416927337646484
mini_batch_src_global generation:  0.01992630958557129
r_  generation:  0.19219183921813965
local_output_nid generation:  0.0040361881256103516
local_in_edges_tensor generation:  0.005269050598144531
mini_batch_src_global generation:  0.013845205307006836
r_  generation:  0.19897103309631348
local_output_nid generation:  0.0037512779235839844
local_in_edges_tensor generation:  0.0059125423431396484
mini_batch_src_global generation:  0.013822793960571289
r_  generation:  0.21014022827148438
local_output_nid generation:  0.0037224292755126953
local_in_edges_tensor generation:  0.00480198860168457
mini_batch_src_global generation:  0.014021873474121094
r_  generation:  0.2170553207397461
local_output_nid generation:  0.0037620067596435547
local_in_edges_tensor generation:  0.005341053009033203
mini_batch_src_global generation:  0.016648054122924805
r_  generation:  0.22061920166015625
local_output_nid generation:  0.0036902427673339844
local_in_edges_tensor generation:  0.005295753479003906
mini_batch_src_global generation:  0.0168149471282959
r_  generation:  0.23560094833374023
local_output_nid generation:  0.0037441253662109375
local_in_edges_tensor generation:  0.00480961799621582
mini_batch_src_global generation:  0.017296791076660156
r_  generation:  0.23613691329956055
local_output_nid generation:  0.0036857128143310547
local_in_edges_tensor generation:  0.0048024654388427734
mini_batch_src_global generation:  0.018373966217041016
r_  generation:  0.23810625076293945
local_output_nid generation:  0.003723621368408203
local_in_edges_tensor generation:  0.005983829498291016
mini_batch_src_global generation:  0.01861858367919922
r_  generation:  0.23770451545715332
local_output_nid generation:  0.0036787986755371094
local_in_edges_tensor generation:  0.004820823669433594
mini_batch_src_global generation:  0.019627094268798828
r_  generation:  0.24235224723815918
local_output_nid generation:  0.003681659698486328
local_in_edges_tensor generation:  0.0049533843994140625
mini_batch_src_global generation:  0.020000457763671875
r_  generation:  0.24431586265563965
local_output_nid generation:  0.0037047863006591797
local_in_edges_tensor generation:  0.004866361618041992
mini_batch_src_global generation:  0.027152061462402344
r_  generation:  0.24831700325012207
local_output_nid generation:  0.0036902427673339844
local_in_edges_tensor generation:  0.0054552555084228516
mini_batch_src_global generation:  0.019917964935302734
r_  generation:  0.24778127670288086
local_output_nid generation:  0.003698587417602539
local_in_edges_tensor generation:  0.0055675506591796875
mini_batch_src_global generation:  0.0194399356842041
r_  generation:  0.24784016609191895
local_output_nid generation:  0.003706693649291992
local_in_edges_tensor generation:  0.005350828170776367
mini_batch_src_global generation:  0.01932215690612793
r_  generation:  0.2519655227661133
local_output_nid generation:  0.003683805465698242
local_in_edges_tensor generation:  0.0055522918701171875
mini_batch_src_global generation:  0.0198976993560791
r_  generation:  0.2554018497467041
local_output_nid generation:  0.003859996795654297
local_in_edges_tensor generation:  0.006058454513549805
mini_batch_src_global generation:  0.01981496810913086
r_  generation:  0.2541046142578125
local_output_nid generation:  0.003820657730102539
local_in_edges_tensor generation:  0.005530834197998047
mini_batch_src_global generation:  0.019447803497314453
r_  generation:  0.26155972480773926
local_output_nid generation:  0.004221439361572266
local_in_edges_tensor generation:  0.005555868148803711
mini_batch_src_global generation:  0.019988536834716797
r_  generation:  0.2615218162536621
local_output_nid generation:  0.003760814666748047
local_in_edges_tensor generation:  0.004827260971069336
mini_batch_src_global generation:  0.0193941593170166
r_  generation:  0.24850726127624512
local_output_nid generation:  0.003736734390258789
local_in_edges_tensor generation:  0.005477428436279297
mini_batch_src_global generation:  0.023411035537719727
r_  generation:  0.2572007179260254
local_output_nid generation:  0.0037965774536132812
local_in_edges_tensor generation:  0.005557537078857422
mini_batch_src_global generation:  0.02017998695373535
r_  generation:  0.2634751796722412
local_output_nid generation:  0.0038650035858154297
local_in_edges_tensor generation:  0.005533933639526367
mini_batch_src_global generation:  0.019896507263183594
r_  generation:  0.27174854278564453
local_output_nid generation:  0.0037381649017333984
local_in_edges_tensor generation:  0.00554656982421875
mini_batch_src_global generation:  0.019908666610717773
r_  generation:  0.25931620597839355
local_output_nid generation:  0.003690958023071289
local_in_edges_tensor generation:  0.005431175231933594
mini_batch_src_global generation:  0.019959211349487305
r_  generation:  0.27005434036254883
local_output_nid generation:  0.003866910934448242
local_in_edges_tensor generation:  0.005588054656982422
mini_batch_src_global generation:  0.020093202590942383
r_  generation:  0.2639789581298828
local_output_nid generation:  0.0037584304809570312
local_in_edges_tensor generation:  0.005539655685424805
mini_batch_src_global generation:  0.020679712295532227
r_  generation:  0.26059889793395996
local_output_nid generation:  0.0037436485290527344
local_in_edges_tensor generation:  0.005472898483276367
mini_batch_src_global generation:  0.020232200622558594
r_  generation:  0.25167036056518555
local_output_nid generation:  0.003737211227416992
local_in_edges_tensor generation:  0.01032710075378418
mini_batch_src_global generation:  0.02053070068359375
r_  generation:  0.26472997665405273
local_output_nid generation:  0.0038423538208007812
local_in_edges_tensor generation:  0.005478382110595703
mini_batch_src_global generation:  0.020318269729614258
r_  generation:  0.2588002681732178
local_output_nid generation:  0.0051727294921875
local_in_edges_tensor generation:  0.005671262741088867
mini_batch_src_global generation:  0.02034902572631836
r_  generation:  0.24958252906799316
----------------------check_connections_block total spend ----------------------------- 10.64919137954712
generate_one_block  0.5702290534973145
generate_one_block  0.3247356414794922
generate_one_block  0.2736051082611084
generate_one_block  0.264728307723999
generate_one_block  0.25933003425598145
generate_one_block  0.26081252098083496
generate_one_block  0.2679922580718994
generate_one_block  0.25975751876831055
generate_one_block  0.26440906524658203
generate_one_block  0.2705674171447754
generate_one_block  0.2651252746582031
generate_one_block  0.26302480697631836
generate_one_block  0.26247310638427734
generate_one_block  0.2587883472442627
generate_one_block  0.2620279788970947
generate_one_block  0.2625410556793213
generate_one_block  0.2641890048980713
generate_one_block  0.2654123306274414
generate_one_block  0.26401686668395996
generate_one_block  0.26212358474731445
generate_one_block  0.26027917861938477
generate_one_block  0.2635045051574707
generate_one_block  0.26630187034606934
generate_one_block  0.26251745223999023
generate_one_block  0.26192784309387207
generate_one_block  0.26738429069519043
generate_one_block  0.2645432949066162
generate_one_block  0.25971412658691406
generate_one_block  0.26006221771240234
generate_one_block  0.26244568824768066
generate_one_block  0.26601481437683105
generate_one_block  0.2603914737701416
The real block id is  1
get_global_graph_edges_ids_block function  spend 2.240126848220825
gen group dst list time:  0.3065071105957031
time for parepare:  0.4556999206542969
local_output_nid generation:  0.1131899356842041
local_in_edges_tensor generation:  0.32113146781921387
mini_batch_src_global generation:  0.31897640228271484
r_  generation:  4.0532448291778564
local_output_nid generation:  0.11397957801818848
local_in_edges_tensor generation:  0.2960982322692871
mini_batch_src_global generation:  0.4154083728790283
r_  generation:  4.3369340896606445
local_output_nid generation:  0.1341543197631836
local_in_edges_tensor generation:  0.4376840591430664
mini_batch_src_global generation:  0.4102439880371094
r_  generation:  4.300811767578125
local_output_nid generation:  0.11816954612731934
local_in_edges_tensor generation:  0.301802396774292
mini_batch_src_global generation:  0.417461633682251
r_  generation:  4.345142841339111
local_output_nid generation:  0.10834980010986328
local_in_edges_tensor generation:  0.2858765125274658
mini_batch_src_global generation:  0.42917490005493164
r_  generation:  4.644424676895142
local_output_nid generation:  0.13081598281860352
local_in_edges_tensor generation:  0.36957788467407227
mini_batch_src_global generation:  0.44565558433532715
r_  generation:  4.427956581115723
local_output_nid generation:  0.10959362983703613
local_in_edges_tensor generation:  0.2937197685241699
mini_batch_src_global generation:  0.45720791816711426
r_  generation:  4.460304260253906
local_output_nid generation:  0.12087368965148926
local_in_edges_tensor generation:  0.28307247161865234
mini_batch_src_global generation:  0.44874095916748047
r_  generation:  4.411560297012329
local_output_nid generation:  0.10939645767211914
local_in_edges_tensor generation:  0.2782127857208252
mini_batch_src_global generation:  0.45685625076293945
r_  generation:  4.65642237663269
local_output_nid generation:  0.12177801132202148
local_in_edges_tensor generation:  0.3998587131500244
mini_batch_src_global generation:  0.4780149459838867
r_  generation:  4.519941806793213
local_output_nid generation:  0.1186366081237793
local_in_edges_tensor generation:  0.2906172275543213
mini_batch_src_global generation:  0.4581944942474365
r_  generation:  4.534192800521851
local_output_nid generation:  0.1234745979309082
local_in_edges_tensor generation:  0.8388338088989258
mini_batch_src_global generation:  0.4762907028198242
r_  generation:  4.531652927398682
local_output_nid generation:  0.10622262954711914
local_in_edges_tensor generation:  0.27626490592956543
mini_batch_src_global generation:  0.46550917625427246
r_  generation:  4.64070200920105
local_output_nid generation:  0.10420536994934082
local_in_edges_tensor generation:  0.3981175422668457
mini_batch_src_global generation:  0.5075430870056152
r_  generation:  4.488701343536377
local_output_nid generation:  0.12114262580871582
local_in_edges_tensor generation:  0.2931368350982666
mini_batch_src_global generation:  0.46209120750427246
r_  generation:  4.549056768417358
local_output_nid generation:  0.11997056007385254
local_in_edges_tensor generation:  0.2886836528778076
mini_batch_src_global generation:  0.465984582901001
r_  generation:  4.530733108520508
local_output_nid generation:  0.1137542724609375
local_in_edges_tensor generation:  0.2794032096862793
mini_batch_src_global generation:  0.46802496910095215
r_  generation:  4.623340129852295
local_output_nid generation:  0.10812568664550781
local_in_edges_tensor generation:  0.3411824703216553
mini_batch_src_global generation:  0.5012373924255371
r_  generation:  4.571024656295776
local_output_nid generation:  0.13187503814697266
local_in_edges_tensor generation:  0.3407773971557617
mini_batch_src_global generation:  0.46356940269470215
r_  generation:  4.549322128295898
local_output_nid generation:  0.11897754669189453
local_in_edges_tensor generation:  0.28161025047302246
mini_batch_src_global generation:  0.46236467361450195
r_  generation:  4.54518985748291
local_output_nid generation:  0.10980629920959473
local_in_edges_tensor generation:  0.27617526054382324
mini_batch_src_global generation:  0.46366095542907715
r_  generation:  4.557811498641968
local_output_nid generation:  0.1180882453918457
local_in_edges_tensor generation:  0.30716490745544434
mini_batch_src_global generation:  0.49762678146362305
r_  generation:  4.604409456253052
local_output_nid generation:  0.13206028938293457
local_in_edges_tensor generation:  0.3645150661468506
mini_batch_src_global generation:  0.4636270999908447
r_  generation:  4.550039052963257
local_output_nid generation:  0.1174156665802002
local_in_edges_tensor generation:  0.28874826431274414
mini_batch_src_global generation:  0.4629244804382324
r_  generation:  4.537383794784546
local_output_nid generation:  0.10988378524780273
local_in_edges_tensor generation:  0.28237080574035645
mini_batch_src_global generation:  0.4671611785888672
r_  generation:  4.560900926589966
local_output_nid generation:  0.11114358901977539
local_in_edges_tensor generation:  0.278653621673584
mini_batch_src_global generation:  0.5095179080963135
r_  generation:  4.645612716674805
local_output_nid generation:  0.13341999053955078
local_in_edges_tensor generation:  0.39536261558532715
mini_batch_src_global generation:  0.4695143699645996
r_  generation:  4.604354619979858
local_output_nid generation:  0.12130022048950195
local_in_edges_tensor generation:  0.29376220703125
mini_batch_src_global generation:  0.47103118896484375
r_  generation:  4.59440279006958
local_output_nid generation:  0.11032986640930176
local_in_edges_tensor generation:  0.2792646884918213
mini_batch_src_global generation:  0.4735281467437744
r_  generation:  4.571679353713989
local_output_nid generation:  0.10736608505249023
local_in_edges_tensor generation:  0.27901458740234375
mini_batch_src_global generation:  0.5203499794006348
r_  generation:  4.730673789978027
local_output_nid generation:  0.14420628547668457
local_in_edges_tensor generation:  0.39722228050231934
mini_batch_src_global generation:  0.46739697456359863
r_  generation:  4.584811210632324
local_output_nid generation:  0.11746072769165039
local_in_edges_tensor generation:  0.2905547618865967
mini_batch_src_global generation:  0.46809887886047363
r_  generation:  4.552605628967285
----------------------check_connections_block total spend ----------------------------- 199.4561150074005
generate_one_block  6.148788928985596
generate_one_block  5.7807111740112305
generate_one_block  6.125440359115601
generate_one_block  5.747020244598389
generate_one_block  5.667443037033081
generate_one_block  5.95613956451416
generate_one_block  6.1449103355407715
generate_one_block  5.699117422103882
generate_one_block  5.744430065155029
generate_one_block  5.826122999191284
generate_one_block  5.737112522125244
generate_one_block  6.0656962394714355
generate_one_block  5.707484483718872
generate_one_block  5.6178343296051025
generate_one_block  5.817887783050537
generate_one_block  6.637932300567627
generate_one_block  5.755615711212158
generate_one_block  5.690636157989502
generate_one_block  5.822180986404419
generate_one_block  6.113225221633911
generate_one_block  5.7232725620269775
generate_one_block  5.697267532348633
generate_one_block  5.8300461769104
generate_one_block  5.992435693740845
generate_one_block  5.725843191146851
generate_one_block  5.710756540298462
generate_one_block  5.8449249267578125
generate_one_block  5.828860759735107
generate_one_block  6.194069147109985
generate_one_block  5.784233093261719
generate_one_block  5.789098262786865
generate_one_block  5.743911027908325
The real block id is  0
get_global_graph_edges_ids_block function  spend 2.1099042892456055
gen group dst list time:  1.662987470626831
time for parepare:  0.4779198169708252
local_output_nid generation:  0.5012974739074707
local_in_edges_tensor generation:  1.1408109664916992
mini_batch_src_global generation:  1.0169141292572021
r_  generation:  13.135034084320068
local_output_nid generation:  0.4984912872314453
local_in_edges_tensor generation:  1.216923475265503
mini_batch_src_global generation:  1.4574854373931885
r_  generation:  13.014983892440796
local_output_nid generation:  0.5486769676208496
local_in_edges_tensor generation:  1.0138018131256104
mini_batch_src_global generation:  1.2868483066558838
r_  generation:  13.627501964569092
local_output_nid generation:  0.5489544868469238
local_in_edges_tensor generation:  1.1091244220733643
mini_batch_src_global generation:  1.3089454174041748
r_  generation:  13.20413589477539
local_output_nid generation:  0.5067403316497803
local_in_edges_tensor generation:  1.060211181640625
mini_batch_src_global generation:  1.4775056838989258
r_  generation:  13.545005321502686
local_output_nid generation:  0.5578920841217041
local_in_edges_tensor generation:  1.055206298828125
mini_batch_src_global generation:  1.2961370944976807
r_  generation:  13.583995342254639
local_output_nid generation:  0.5598032474517822
local_in_edges_tensor generation:  1.1036982536315918
mini_batch_src_global generation:  1.3372857570648193
r_  generation:  13.318421602249146
local_output_nid generation:  0.5204932689666748
local_in_edges_tensor generation:  1.118957281112671
mini_batch_src_global generation:  1.3682217597961426
r_  generation:  13.312874555587769
local_output_nid generation:  0.5643260478973389
local_in_edges_tensor generation:  0.9963061809539795
mini_batch_src_global generation:  1.319366693496704
r_  generation:  13.744402647018433
local_output_nid generation:  0.5475964546203613
local_in_edges_tensor generation:  1.1192450523376465
mini_batch_src_global generation:  1.316300868988037
r_  generation:  13.393180131912231
local_output_nid generation:  0.508293628692627
local_in_edges_tensor generation:  1.1096465587615967
mini_batch_src_global generation:  1.479985237121582
r_  generation:  13.524049043655396
local_output_nid generation:  0.5452461242675781
local_in_edges_tensor generation:  0.9963600635528564
mini_batch_src_global generation:  1.3029775619506836
r_  generation:  13.791127920150757
local_output_nid generation:  0.5479514598846436
local_in_edges_tensor generation:  1.121748685836792
mini_batch_src_global generation:  1.306337833404541
r_  generation:  13.37379240989685
local_output_nid generation:  0.5132684707641602
local_in_edges_tensor generation:  1.1141350269317627
mini_batch_src_global generation:  1.4212267398834229
r_  generation:  13.437935829162598
local_output_nid generation:  0.5560071468353271
local_in_edges_tensor generation:  0.9883809089660645
mini_batch_src_global generation:  1.3067893981933594
r_  generation:  13.740182638168335
local_output_nid generation:  0.5473389625549316
local_in_edges_tensor generation:  1.1154308319091797
mini_batch_src_global generation:  1.3172459602355957
r_  generation:  13.595763921737671
local_output_nid generation:  0.5148565769195557
local_in_edges_tensor generation:  1.1463119983673096
mini_batch_src_global generation:  1.4135332107543945
r_  generation:  13.303592443466187
local_output_nid generation:  0.5323050022125244
local_in_edges_tensor generation:  0.9817342758178711
mini_batch_src_global generation:  1.4185569286346436
r_  generation:  13.63578486442566
local_output_nid generation:  0.5622246265411377
local_in_edges_tensor generation:  1.134185552597046
mini_batch_src_global generation:  1.3077638149261475
r_  generation:  13.482810020446777
local_output_nid generation:  0.5157577991485596
local_in_edges_tensor generation:  1.121762752532959
mini_batch_src_global generation:  1.4440371990203857
r_  generation:  13.233511924743652
local_output_nid generation:  0.529280424118042
local_in_edges_tensor generation:  1.006302833557129
mini_batch_src_global generation:  1.431696891784668
r_  generation:  13.518227577209473
local_output_nid generation:  0.5590872764587402
local_in_edges_tensor generation:  1.12493896484375
mini_batch_src_global generation:  1.338118314743042
r_  generation:  13.746941328048706
local_output_nid generation:  0.5317413806915283
local_in_edges_tensor generation:  1.1359353065490723
mini_batch_src_global generation:  1.3610875606536865
r_  generation:  13.419354677200317
local_output_nid generation:  0.5419507026672363
local_in_edges_tensor generation:  1.1401278972625732
mini_batch_src_global generation:  1.3868799209594727
r_  generation:  13.466431379318237
local_output_nid generation:  0.5490448474884033
local_in_edges_tensor generation:  0.9811861515045166
mini_batch_src_global generation:  1.2974534034729004
r_  generation:  13.755733251571655
local_output_nid generation:  0.5514180660247803
local_in_edges_tensor generation:  1.1253540515899658
mini_batch_src_global generation:  1.310288429260254